18.4s 1 Collecting torchdiffeq
18.4s 2 Downloading torchdiffeq-0.2.4-py3-none-any.whl.metadata (440 bytes)
18.4s 3 Requirement already satisfied: torch>=1.5.0 in /opt/conda/lib/python3.10/site-packages (from torchdiffeq) (2.4.0)
18.4s 4 Requirement already satisfied: scipy>=1.4.0 in /opt/conda/lib/python3.10/site-packages (from torchdiffeq) (1.14.0)
18.5s 5 Requirement already satisfied: numpy<2.3,>=1.23.5 in /opt/conda/lib/python3.10/site-packages (from scipy>=1.4.0->torchdiffeq) (1.26.4)
18.5s 6 Requirement already satisfied: filelock in /opt/conda/lib/python3.10/site-packages (from torch>=1.5.0->torchdiffeq) (3.15.1)
18.5s 7 Requirement already satisfied: typing-extensions>=4.8.0 in /opt/conda/lib/python3.10/site-packages (from torch>=1.5.0->torchdiffeq) (4.12.2)
18.5s 8 Requirement already satisfied: sympy in /opt/conda/lib/python3.10/site-packages (from torch>=1.5.0->torchdiffeq) (1.13.2)
18.5s 9 Requirement already satisfied: networkx in /opt/conda/lib/python3.10/site-packages (from torch>=1.5.0->torchdiffeq) (3.3)
18.5s 10 Requirement already satisfied: jinja2 in /opt/conda/lib/python3.10/site-packages (from torch>=1.5.0->torchdiffeq) (3.1.4)
18.5s 11 Requirement already satisfied: fsspec in /opt/conda/lib/python3.10/site-packages (from torch>=1.5.0->torchdiffeq) (2024.6.1)
18.7s 12 Requirement already satisfied: MarkupSafe>=2.0 in /opt/conda/lib/python3.10/site-packages (from jinja2->torch>=1.5.0->torchdiffeq) (2.1.5)
18.7s 13 Requirement already satisfied: mpmath<1.4,>=1.1.0 in /opt/conda/lib/python3.10/site-packages (from sympy->torch>=1.5.0->torchdiffeq) (1.3.0)
18.7s 14 Downloading torchdiffeq-0.2.4-py3-none-any.whl (32 kB)
29.0s 15 Installing collected packages: torchdiffeq
29.2s 16 Successfully installed torchdiffeq-0.2.4
31.5s 17 Collecting TorchDiffEqPack
31.5s 18 Downloading TorchDiffEqPack-1.0.1-py3-none-any.whl.metadata (718 bytes)
31.6s 19 Requirement already satisfied: torch in /opt/conda/lib/python3.10/site-packages (from TorchDiffEqPack) (2.4.0)
31.6s 20 Requirement already satisfied: filelock in /opt/conda/lib/python3.10/site-packages (from torch->TorchDiffEqPack) (3.15.1)
31.6s 21 Requirement already satisfied: typing-extensions>=4.8.0 in /opt/conda/lib/python3.10/site-packages (from torch->TorchDiffEqPack) (4.12.2)
31.6s 22 Requirement already satisfied: sympy in /opt/conda/lib/python3.10/site-packages (from torch->TorchDiffEqPack) (1.13.2)
31.6s 23 Requirement already satisfied: networkx in /opt/conda/lib/python3.10/site-packages (from torch->TorchDiffEqPack) (3.3)
31.6s 24 Requirement already satisfied: jinja2 in /opt/conda/lib/python3.10/site-packages (from torch->TorchDiffEqPack) (3.1.4)
31.6s 25 Requirement already satisfied: fsspec in /opt/conda/lib/python3.10/site-packages (from torch->TorchDiffEqPack) (2024.6.1)
31.7s 26 Requirement already satisfied: MarkupSafe>=2.0 in /opt/conda/lib/python3.10/site-packages (from jinja2->torch->TorchDiffEqPack) (2.1.5)
31.8s 27 Requirement already satisfied: mpmath<1.4,>=1.1.0 in /opt/conda/lib/python3.10/site-packages (from sympy->torch->TorchDiffEqPack) (1.3.0)
31.8s 28 Downloading TorchDiffEqPack-1.0.1-py3-none-any.whl (33 kB)
42.2s 29 Installing collected packages: TorchDiffEqPack
42.5s 30 Successfully installed TorchDiffEqPack-1.0.1
42.9s 31 /kaggle/input/amp-c-train/Amp_C_train.txt
43.4s 32 CUDA is available!
43.4s 33 Device name: Tesla P100-PCIE-16GB
43.4s 34 CUDA capability: (6, 0)
43.4s 35 Driver version: 12.3
43.4s 36 Device count: 1
43.4s 37 Current device: 0
51.0s 38 Model architecture: NeuralODEModel(
51.0s 39 (input_layer): Linear(in_features=2, out_features=1024, bias=True)
51.0s 40 (hidden_layers): ModuleList(
51.0s 41 (0): Linear(in_features=1024, out_features=4096, bias=True)
51.0s 42 (1): Linear(in_features=4096, out_features=16384, bias=True)
51.0s 43 (2): Linear(in_features=16384, out_features=16384, bias=True)
51.0s 44 (3): Linear(in_features=16384, out_features=4096, bias=True)
51.0s 45 (4): Linear(in_features=4096, out_features=4096, bias=True)
51.0s 46 (5): Linear(in_features=4096, out_features=1024, bias=True)
51.0s 47 )
51.0s 48 (residual_connections): ModuleList(
51.0s 49 (0): Linear(in_features=1024, out_features=4096, bias=True)
51.0s 50 (1): Linear(in_features=4096, out_features=16384, bias=True)
51.0s 51 (2): Identity()
51.0s 52 (3): Linear(in_features=16384, out_features=4096, bias=True)
51.0s 53 (4): Identity()
51.0s 54 (5): Linear(in_features=4096, out_features=1024, bias=True)
51.0s 55 )
51.0s 56 (ode_func): ODEFunc(
51.0s 57 (fc1): Linear(in_features=1024, out_features=1024, bias=True)
51.0s 58 (fc2): Linear(in_features=1024, out_features=1024, bias=True)
51.0s 59 (relu): ReLU()
51.0s 60 (norm): LayerNorm((1024,), eps=1e-05, elementwise_affine=True)
51.0s 61 )
51.0s 62 (output_layer): Linear(in_features=1024, out_features=2, bias=True)
51.0s 63 (dropout): Dropout(p=0.5, inplace=False)
51.0s 64 )
51.0s 65 --------------------------------------------------
51.0s 66 Parameter name: input_layer.weight
51.0s 67 Parameter shape: torch.Size([1024, 2])
51.0s 68 Parameter count: 2048
51.0s 69 ------------------------------
51.0s 70 Parameter name: input_layer.bias
51.0s 71 Parameter shape: torch.Size([1024])
51.0s 72 Parameter count: 1024
51.0s 73 ------------------------------
51.0s 74 Parameter name: hidden_layers.0.weight
51.0s 75 Parameter shape: torch.Size([4096, 1024])
51.0s 76 Parameter count: 4194304
51.0s 77 ------------------------------
51.0s 78 Parameter name: hidden_layers.0.bias
51.0s 79 Parameter shape: torch.Size([4096])
51.0s 80 Parameter count: 4096
51.0s 81 ------------------------------
51.0s 82 Parameter name: hidden_layers.1.weight
51.0s 83 Parameter shape: torch.Size([16384, 4096])
51.0s 84 Parameter count: 67108864
51.0s 85 ------------------------------
51.0s 86 Parameter name: hidden_layers.1.bias
51.0s 87 Parameter shape: torch.Size([16384])
51.0s 88 Parameter count: 16384
51.0s 89 ------------------------------
51.0s 90 Parameter name: hidden_layers.2.weight
51.0s 91 Parameter shape: torch.Size([16384, 16384])
51.0s 92 Parameter count: 268435456
51.0s 93 ------------------------------
51.0s 94 Parameter name: hidden_layers.2.bias
51.0s 95 Parameter shape: torch.Size([16384])
51.0s 96 Parameter count: 16384
51.0s 97 ------------------------------
51.0s 98 Parameter name: hidden_layers.3.weight
51.0s 99 Parameter shape: torch.Size([4096, 16384])
51.0s 100 Parameter count: 67108864
51.0s 101 ------------------------------
51.0s 102 Parameter name: hidden_layers.3.bias
51.0s 103 Parameter shape: torch.Size([4096])
51.0s 104 Parameter count: 4096
51.0s 105 ------------------------------
51.0s 106 Parameter name: hidden_layers.4.weight
51.0s 107 Parameter shape: torch.Size([4096, 4096])
51.0s 108 Parameter count: 16777216
51.0s 109 ------------------------------
51.0s 110 Parameter name: hidden_layers.4.bias
51.0s 111 Parameter shape: torch.Size([4096])
51.0s 112 Parameter count: 4096
51.0s 113 ------------------------------
51.0s 114 Parameter name: hidden_layers.5.weight
51.0s 115 Parameter shape: torch.Size([1024, 4096])
51.0s 116 Parameter count: 4194304
51.0s 117 ------------------------------
51.0s 118 Parameter name: hidden_layers.5.bias
51.0s 119 Parameter shape: torch.Size([1024])
51.0s 120 Parameter count: 1024
51.0s 121 ------------------------------
51.0s 122 Parameter name: residual_connections.0.weight
51.0s 123 Parameter shape: torch.Size([4096, 1024])
51.0s 124 Parameter count: 4194304
51.0s 125 ------------------------------
51.0s 126 Parameter name: residual_connections.0.bias
51.0s 127 Parameter shape: torch.Size([4096])
51.0s 128 Parameter count: 4096
51.0s 129 ------------------------------
51.0s 130 Parameter name: residual_connections.1.weight
51.0s 131 Parameter shape: torch.Size([16384, 4096])
51.0s 132 Parameter count: 67108864
51.0s 133 ------------------------------
51.0s 134 Parameter name: residual_connections.1.bias
51.0s 135 Parameter shape: torch.Size([16384])
51.0s 136 Parameter count: 16384
51.0s 137 ------------------------------
51.0s 138 Parameter name: residual_connections.3.weight
51.0s 139 Parameter shape: torch.Size([4096, 16384])
51.0s 140 Parameter count: 67108864
51.0s 141 ------------------------------
51.0s 142 Parameter name: residual_connections.3.bias
51.0s 143 Parameter shape: torch.Size([4096])
51.0s 144 Parameter count: 4096
51.0s 145 ------------------------------
51.0s 146 Parameter name: residual_connections.5.weight
51.0s 147 Parameter shape: torch.Size([1024, 4096])
51.0s 148 Parameter count: 4194304
51.0s 149 ------------------------------
51.0s 150 Parameter name: residual_connections.5.bias
51.0s 151 Parameter shape: torch.Size([1024])
51.0s 152 Parameter count: 1024
51.0s 153 ------------------------------
51.0s 154 Parameter name: ode_func.fc1.weight
51.0s 155 Parameter shape: torch.Size([1024, 1024])
51.0s 156 Parameter count: 1048576
51.0s 157 ------------------------------
51.0s 158 Parameter name: ode_func.fc1.bias
51.0s 159 Parameter shape: torch.Size([1024])
51.0s 160 Parameter count: 1024
51.0s 161 ------------------------------
51.0s 162 Parameter name: ode_func.fc2.weight
51.0s 163 Parameter shape: torch.Size([1024, 1024])
51.0s 164 Parameter count: 1048576
51.0s 165 ------------------------------
51.0s 166 Parameter name: ode_func.fc2.bias
51.0s 167 Parameter shape: torch.Size([1024])
51.0s 168 Parameter count: 1024
51.0s 169 ------------------------------
51.0s 170 Parameter name: ode_func.norm.weight
51.0s 171 Parameter shape: torch.Size([1024])
51.0s 172 Parameter count: 1024
51.0s 173 ------------------------------
51.0s 174 Parameter name: ode_func.norm.bias
51.0s 175 Parameter shape: torch.Size([1024])
51.0s 176 Parameter count: 1024
51.0s 177 ------------------------------
51.0s 178 Parameter name: output_layer.weight
51.0s 179 Parameter shape: torch.Size([2, 1024])
51.0s 180 Parameter count: 2048
51.0s 181 ------------------------------
51.0s 182 Parameter name: output_layer.bias
51.0s 183 Parameter shape: torch.Size([2])
51.0s 184 Parameter count: 2
51.0s 185 ------------------------------
51.0s 186 Total trainable parameters: 572603394
51.0s 187 ==================================================
157.4s 188 Epoch 1/1000 completed with RMSE: 0.643715
263.1s 189 Epoch 2/1000 completed with RMSE: 0.260919
368.8s 190 Epoch 3/1000 completed with RMSE: 0.191239
474.3s 191 Epoch 4/1000 completed with RMSE: 0.168087
580.1s 192 Epoch 5/1000 completed with RMSE: 0.157839
685.6s 193 Epoch 6/1000 completed with RMSE: 0.152257
791.6s 194 Epoch 7/1000 completed with RMSE: 0.148639
897.1s 195 Epoch 8/1000 completed with RMSE: 0.144042
1002.9s 196 Epoch 9/1000 completed with RMSE: 0.143110
1108.5s 197 Epoch 10/1000 completed with RMSE: 0.139492
1214.2s 198 Epoch 11/1000 completed with RMSE: 0.139524
1319.9s 199 Epoch 12/1000 completed with RMSE: 0.137582
1425.4s 200 Epoch 13/1000 completed with RMSE: 0.137100
1531.1s 201 Epoch 14/1000 completed with RMSE: 0.135527
1636.6s 202 Epoch 15/1000 completed with RMSE: 0.135434
1742.3s 203 Epoch 16/1000 completed with RMSE: 0.134302
1847.9s 204 Epoch 17/1000 completed with RMSE: 0.134696
1953.8s 205 Epoch 18/1000 completed with RMSE: 0.132704
2059.3s 206 Epoch 19/1000 completed with RMSE: 0.132335
2165.0s 207 Epoch 20/1000 completed with RMSE: 0.131792
2270.6s 208 Epoch 21/1000 completed with RMSE: 0.132015
2376.4s 209 Epoch 22/1000 completed with RMSE: 0.131037
2482.1s 210 Epoch 23/1000 completed with RMSE: 0.130742
2587.7s 211 Epoch 24/1000 completed with RMSE: 0.130363
2693.4s 212 Epoch 25/1000 completed with RMSE: 0.130444
2798.9s 213 Epoch 26/1000 completed with RMSE: 0.130436
2904.7s 214 Epoch 27/1000 completed with RMSE: 0.129701
3010.3s 215 Epoch 28/1000 completed with RMSE: 0.129093
3116.0s 216 Epoch 29/1000 completed with RMSE: 0.129102
3221.6s 217 Epoch 30/1000 completed with RMSE: 0.128662
3327.3s 218 Epoch 31/1000 completed with RMSE: 0.128450
3433.1s 219 Epoch 32/1000 completed with RMSE: 0.128464
3538.6s 220 Epoch 33/1000 completed with RMSE: 0.128569
3644.4s 221 Epoch 34/1000 completed with RMSE: 0.128487
3749.9s 222 Epoch 35/1000 completed with RMSE: 0.128414
3855.5s 223 Epoch 36/1000 completed with RMSE: 0.128835
3961.1s 224 Epoch 37/1000 completed with RMSE: 0.128018
4066.7s 225 Epoch 38/1000 completed with RMSE: 0.127599
4172.3s 226 Epoch 39/1000 completed with RMSE: 0.128072
4278.0s 227 Epoch 40/1000 completed with RMSE: 0.127616
4383.7s 228 Epoch 41/1000 completed with RMSE: 0.127119
4489.1s 229 Epoch 42/1000 completed with RMSE: 0.126907
4594.8s 230 Epoch 43/1000 completed with RMSE: 0.126733
4700.3s 231 Epoch 44/1000 completed with RMSE: 0.126934
4806.1s 232 Epoch 45/1000 completed with RMSE: 0.126644
4911.6s 233 Epoch 46/1000 completed with RMSE: 0.126834
5017.3s 234 Epoch 47/1000 completed with RMSE: 0.126970
5122.8s 235 Epoch 48/1000 completed with RMSE: 0.126914
5228.5s 236 Epoch 49/1000 completed with RMSE: 0.127358
5334.0s 237 Epoch 50/1000 completed with RMSE: 0.127621
5439.7s 238 Epoch 51/1000 completed with RMSE: 0.126658
5545.3s 239 Epoch 52/1000 completed with RMSE: 0.126213
5650.9s 240 Epoch 53/1000 completed with RMSE: 0.126493
5756.7s 241 Epoch 54/1000 completed with RMSE: 0.126004
5862.3s 242 Epoch 55/1000 completed with RMSE: 0.126242
5968.1s 243 Epoch 56/1000 completed with RMSE: 0.125818
6073.7s 244 Epoch 57/1000 completed with RMSE: 0.125972
6179.6s 245 Epoch 58/1000 completed with RMSE: 0.126716
6285.3s 246 Epoch 59/1000 completed with RMSE: 0.126104
6391.2s 247 Epoch 60/1000 completed with RMSE: 0.125982
6496.6s 248 Epoch 61/1000 completed with RMSE: 0.126443
6602.7s 249 Epoch 62/1000 completed with RMSE: 0.126075
6708.3s 250 Epoch 63/1000 completed with RMSE: 0.125347
6814.1s 251 Epoch 64/1000 completed with RMSE: 0.126024
6920.0s 252 Epoch 65/1000 completed with RMSE: 0.126362
7025.6s 253 Epoch 66/1000 completed with RMSE: 0.125121
7131.5s 254 Epoch 67/1000 completed with RMSE: 0.125111
7237.2s 255 Epoch 68/1000 completed with RMSE: 0.125688
7343.1s 256 Epoch 69/1000 completed with RMSE: 0.126117
7448.7s 257 Epoch 70/1000 completed with RMSE: 0.125352
7554.7s 258 Epoch 71/1000 completed with RMSE: 0.125095
7660.5s 259 Epoch 72/1000 completed with RMSE: 0.124903
7766.3s 260 Epoch 73/1000 completed with RMSE: 0.124675
7872.0s 261 Epoch 74/1000 completed with RMSE: 0.125577
7977.9s 262 Epoch 75/1000 completed with RMSE: 0.125203
8083.7s 263 Epoch 76/1000 completed with RMSE: 0.125647
8189.6s 264 Epoch 77/1000 completed with RMSE: 0.125207
8295.3s 265 Epoch 78/1000 completed with RMSE: 0.125319
8401.0s 266 Epoch 79/1000 completed with RMSE: 0.125458
8506.6s 267 Epoch 80/1000 completed with RMSE: 0.125218
8612.1s 268 Epoch 81/1000 completed with RMSE: 0.126201
8717.8s 269 Epoch 82/1000 completed with RMSE: 0.125170
8823.4s 270 Epoch 83/1000 completed with RMSE: 0.124907
8929.2s 271 Epoch 84/1000 completed with RMSE: 0.124909
9034.7s 272 Epoch 85/1000 completed with RMSE: 0.124857
9140.4s 273 Epoch 86/1000 completed with RMSE: 0.124393
9246.0s 274 Epoch 87/1000 completed with RMSE: 0.125035
9351.7s 275 Epoch 88/1000 completed with RMSE: 0.125308
9457.2s 276 Epoch 89/1000 completed with RMSE: 0.125387
9563.2s 277 Epoch 90/1000 completed with RMSE: 0.125270
9668.8s 278 Epoch 91/1000 completed with RMSE: 0.125193
9774.5s 279 Epoch 92/1000 completed with RMSE: 0.125030
9880.1s 280 Epoch 93/1000 completed with RMSE: 0.125373
9985.9s 281 Epoch 94/1000 completed with RMSE: 0.124624
10091.8s 282 Epoch 95/1000 completed with RMSE: 0.124124
10197.5s 283 Epoch 96/1000 completed with RMSE: 0.125499
10303.6s 284 Epoch 97/1000 completed with RMSE: 0.124458
10409.3s 285 Epoch 98/1000 completed with RMSE: 0.124410
10515.3s 286 Epoch 99/1000 completed with RMSE: 0.124781
10620.9s 287 Epoch 100/1000 completed with RMSE: 0.125217
10727.1s 288 Epoch 101/1000 completed with RMSE: 0.124332
10832.8s 289 Epoch 102/1000 completed with RMSE: 0.124725
10938.6s 290 Epoch 103/1000 completed with RMSE: 0.124516
11044.4s 291 Epoch 104/1000 completed with RMSE: 0.124257
11150.1s 292 Epoch 105/1000 completed with RMSE: 0.123908
11255.7s 293 Epoch 106/1000 completed with RMSE: 0.124556
11361.5s 294 Epoch 107/1000 completed with RMSE: 0.124372
11467.0s 295 Epoch 108/1000 completed with RMSE: 0.124318
11572.6s 296 Epoch 109/1000 completed with RMSE: 0.124531
11678.4s 297 Epoch 110/1000 completed with RMSE: 0.124365
11784.0s 298 Epoch 111/1000 completed with RMSE: 0.124486
11889.8s 299 Epoch 112/1000 completed with RMSE: 0.124164
11995.4s 300 Epoch 113/1000 completed with RMSE: 0.124492
12101.1s 301 Epoch 114/1000 completed with RMSE: 0.124192
12206.7s 302 Epoch 115/1000 completed with RMSE: 0.124151
12312.2s 303 Epoch 116/1000 completed with RMSE: 0.124024
12417.8s 304 Epoch 117/1000 completed with RMSE: 0.124188
12523.6s 305 Epoch 118/1000 completed with RMSE: 0.124323
12629.2s 306 Epoch 119/1000 completed with RMSE: 0.124365
12734.9s 307 Epoch 120/1000 completed with RMSE: 0.124119
12840.4s 308 Epoch 121/1000 completed with RMSE: 0.124116
12946.2s 309 Epoch 122/1000 completed with RMSE: 0.124394
13051.8s 310 Epoch 123/1000 completed with RMSE: 0.124483
13157.4s 311 Epoch 124/1000 completed with RMSE: 0.123995
13263.3s 312 Epoch 125/1000 completed with RMSE: 0.123919
13368.9s 313 Epoch 126/1000 completed with RMSE: 0.124721
13474.5s 314 Epoch 127/1000 completed with RMSE: 0.124091
13580.1s 315 Epoch 128/1000 completed with RMSE: 0.124203
13685.9s 316 Epoch 129/1000 completed with RMSE: 0.124300
13791.5s 317 Epoch 130/1000 completed with RMSE: 0.124961
13897.1s 318 Epoch 131/1000 completed with RMSE: 0.124033
14002.6s 319 Epoch 132/1000 completed with RMSE: 0.124082
14108.4s 320 Epoch 133/1000 completed with RMSE: 0.123947
14213.9s 321 Epoch 134/1000 completed with RMSE: 0.124014
14319.7s 322 Epoch 135/1000 completed with RMSE: 0.124107
14425.0s 323 Epoch 136/1000 completed with RMSE: 0.123866
14530.8s 324 Epoch 137/1000 completed with RMSE: 0.124090
14636.4s 325 Epoch 138/1000 completed with RMSE: 0.124358
14742.2s 326 Epoch 139/1000 completed with RMSE: 0.123899
14847.8s 327 Epoch 140/1000 completed with RMSE: 0.124080
14953.5s 328 Epoch 141/1000 completed with RMSE: 0.124515
15059.1s 329 Epoch 142/1000 completed with RMSE: 0.123995
15164.7s 330 Epoch 143/1000 completed with RMSE: 0.123446
15270.3s 331 Epoch 144/1000 completed with RMSE: 0.123675
15376.1s 332 Epoch 145/1000 completed with RMSE: 0.123640
15481.6s 333 Epoch 146/1000 completed with RMSE: 0.123927
15587.2s 334 Epoch 147/1000 completed with RMSE: 0.123690
15693.0s 335 Epoch 148/1000 completed with RMSE: 0.123760
15798.4s 336 Epoch 149/1000 completed with RMSE: 0.124090
15904.3s 337 Epoch 150/1000 completed with RMSE: 0.123973
16009.9s 338 Epoch 151/1000 completed with RMSE: 0.124028
16115.7s 339 Epoch 152/1000 completed with RMSE: 0.123828
16221.2s 340 Epoch 153/1000 completed with RMSE: 0.123629
16327.3s 341 Epoch 154/1000 completed with RMSE: 0.123367
16433.3s 342 Epoch 155/1000 completed with RMSE: 0.123982
16539.3s 343 Epoch 156/1000 completed with RMSE: 0.123787
16644.9s 344 Epoch 157/1000 completed with RMSE: 0.123802
16751.0s 345 Epoch 158/1000 completed with RMSE: 0.124046
16856.9s 346 Epoch 159/1000 completed with RMSE: 0.123519
16963.0s 347 Epoch 160/1000 completed with RMSE: 0.123659
17068.8s 348 Epoch 161/1000 completed with RMSE: 0.123644
17174.8s 349 Epoch 162/1000 completed with RMSE: 0.123277
17280.7s 350 Epoch 163/1000 completed with RMSE: 0.123843
17386.7s 351 Epoch 164/1000 completed with RMSE: 0.123451
17492.6s 352 Epoch 165/1000 completed with RMSE: 0.123559
17598.4s 353 Epoch 166/1000 completed with RMSE: 0.123623
17704.6s 354 Epoch 167/1000 completed with RMSE: 0.123526
17810.5s 355 Epoch 168/1000 completed with RMSE: 0.123613
17916.3s 356 Epoch 169/1000 completed with RMSE: 0.123485
18022.3s 357 Epoch 170/1000 completed with RMSE: 0.123615
18128.4s 358 Epoch 171/1000 completed with RMSE: 0.123664
18234.1s 359 Epoch 172/1000 completed with RMSE: 0.124430
18340.2s 360 Epoch 173/1000 completed with RMSE: 0.123917
18446.1s 361 Epoch 174/1000 completed with RMSE: 0.123428
18552.0s 362 Epoch 175/1000 completed with RMSE: 0.123904
18657.9s 363 Epoch 176/1000 completed with RMSE: 0.123401
18764.0s 364 Epoch 177/1000 completed with RMSE: 0.123793
18869.8s 365 Epoch 178/1000 completed with RMSE: 0.123392
18975.9s 366 Epoch 179/1000 completed with RMSE: 0.123768
19081.9s 367 Epoch 180/1000 completed with RMSE: 0.123554
19187.8s 368 Epoch 181/1000 completed with RMSE: 0.123703
19293.7s 369 Epoch 182/1000 completed with RMSE: 0.123667
19399.9s 370 Epoch 183/1000 completed with RMSE: 0.124506
19505.7s 371 Epoch 184/1000 completed with RMSE: 0.123909
19611.9s 372 Epoch 185/1000 completed with RMSE: 0.123057
19717.7s 373 Epoch 186/1000 completed with RMSE: 0.123385
19823.6s 374 Epoch 187/1000 completed with RMSE: 0.123167
19929.5s 375 Epoch 188/1000 completed with RMSE: 0.123476
20035.7s 376 Epoch 189/1000 completed with RMSE: 0.123832
20141.6s 377 Epoch 190/1000 completed with RMSE: 0.123975
20247.4s 378 Epoch 191/1000 completed with RMSE: 0.123516
20353.5s 379 Epoch 192/1000 completed with RMSE: 0.123577
20459.3s 380 Epoch 193/1000 completed with RMSE: 0.123519
20565.5s 381 Epoch 194/1000 completed with RMSE: 0.122942
20671.4s 382 Epoch 195/1000 completed with RMSE: 0.123529
20777.3s 383 Epoch 196/1000 completed with RMSE: 0.124411
20883.3s 384 Epoch 197/1000 completed with RMSE: 0.123687
20989.2s 385 Epoch 198/1000 completed with RMSE: 0.122817
21095.1s 386 Epoch 199/1000 completed with RMSE: 0.123014
21201.3s 387 Epoch 200/1000 completed with RMSE: 0.123182
21307.0s 388 Epoch 201/1000 completed with RMSE: 0.123155
21413.2s 389 Epoch 202/1000 completed with RMSE: 0.123165
21519.0s 390 Epoch 203/1000 completed with RMSE: 0.123110
21624.9s 391 Epoch 204/1000 completed with RMSE: 0.123524
21730.6s 392 Epoch 205/1000 completed with RMSE: 0.123145
21836.3s 393 Epoch 206/1000 completed with RMSE: 0.123211
21942.0s 394 Epoch 207/1000 completed with RMSE: 0.123161
22047.6s 395 Epoch 208/1000 completed with RMSE: 0.123023
22153.4s 396 Epoch 209/1000 completed with RMSE: 0.123136
22259.1s 397 Epoch 210/1000 completed with RMSE: 0.123542
22364.8s 398 Epoch 211/1000 completed with RMSE: 0.123627
22470.7s 399 Epoch 212/1000 completed with RMSE: 0.124204
22576.1s 400 Epoch 213/1000 completed with RMSE: 0.123464
22682.0s 401 Epoch 214/1000 completed with RMSE: 0.123063
22787.6s 402 Epoch 215/1000 completed with RMSE: 0.122845
22893.3s 403 Epoch 216/1000 completed with RMSE: 0.123282
22999.0s 404 Epoch 217/1000 completed with RMSE: 0.123803
23104.9s 405 Epoch 218/1000 completed with RMSE: 0.123449
23210.4s 406 Epoch 219/1000 completed with RMSE: 0.123322
23316.5s 407 Epoch 220/1000 completed with RMSE: 0.123261
23422.1s 408 Epoch 221/1000 completed with RMSE: 0.123085
23527.8s 409 Epoch 222/1000 completed with RMSE: 0.123217
23633.5s 410 Epoch 223/1000 completed with RMSE: 0.123496
23739.4s 411 Epoch 224/1000 completed with RMSE: 0.123051
23845.1s 412 Epoch 225/1000 completed with RMSE: 0.123307
23950.8s 413 Epoch 226/1000 completed with RMSE: 0.123915
24056.5s 414 Epoch 227/1000 completed with RMSE: 0.123699
24162.2s 415 Epoch 228/1000 completed with RMSE: 0.123601
24268.0s 416 Epoch 229/1000 completed with RMSE: 0.123586
24374.0s 417 Epoch 230/1000 completed with RMSE: 0.123075
24479.7s 418 Epoch 231/1000 completed with RMSE: 0.123421
24585.3s 419 Epoch 232/1000 completed with RMSE: 0.123458
24691.0s 420 Epoch 233/1000 completed with RMSE: 0.122879
24796.7s 421 Epoch 234/1000 completed with RMSE: 0.123402
24902.5s 422 Epoch 235/1000 completed with RMSE: 0.123292
25008.1s 423 Epoch 236/1000 completed with RMSE: 0.123477
25113.8s 424 Epoch 237/1000 completed with RMSE: 0.123275
25219.5s 425 Epoch 238/1000 completed with RMSE: 0.123177
25325.2s 426 Epoch 239/1000 completed with RMSE: 0.122980
25431.1s 427 Epoch 240/1000 completed with RMSE: 0.123467
25536.8s 428 Epoch 241/1000 completed with RMSE: 0.122771
25642.5s 429 Epoch 242/1000 completed with RMSE: 0.123354
25748.4s 430 Epoch 243/1000 completed with RMSE: 0.123125
25853.9s 431 Epoch 244/1000 completed with RMSE: 0.123177
25959.9s 432 Epoch 245/1000 completed with RMSE: 0.123747
26065.5s 433 Epoch 246/1000 completed with RMSE: 0.122856
26171.3s 434 Epoch 247/1000 completed with RMSE: 0.122976
26277.0s 435 Epoch 248/1000 completed with RMSE: 0.123059
26382.8s 436 Epoch 249/1000 completed with RMSE: 0.123310
26488.6s 437 Epoch 250/1000 completed with RMSE: 0.123700
26594.3s 438 Epoch 251/1000 completed with RMSE: 0.123468
26700.0s 439 Epoch 252/1000 completed with RMSE: 0.122872
26805.8s 440 Epoch 253/1000 completed with RMSE: 0.123153
26911.5s 441 Epoch 254/1000 completed with RMSE: 0.123071
27017.3s 442 Epoch 255/1000 completed with RMSE: 0.122784
27123.0s 443 Epoch 256/1000 completed with RMSE: 0.123351
27228.8s 444 Epoch 257/1000 completed with RMSE: 0.123543
27334.5s 445 Epoch 258/1000 completed with RMSE: 0.123050
27440.3s 446 Epoch 259/1000 completed with RMSE: 0.123518
27546.1s 447 Epoch 260/1000 completed with RMSE: 0.123202
27651.8s 448 Epoch 261/1000 completed with RMSE: 0.123531
27757.5s 449 Epoch 262/1000 completed with RMSE: 0.123171
27863.3s 450 Epoch 263/1000 completed with RMSE: 0.123206
27969.1s 451 Epoch 264/1000 completed with RMSE: 0.123357
28074.9s 452 Epoch 265/1000 completed with RMSE: 0.123122
28180.7s 453 Epoch 266/1000 completed with RMSE: 0.123624
28286.4s 454 Epoch 267/1000 completed with RMSE: 0.123717
28392.1s 455 Epoch 268/1000 completed with RMSE: 0.123040
28497.9s 456 Epoch 269/1000 completed with RMSE: 0.122967
28603.7s 457 Epoch 270/1000 completed with RMSE: 0.123207
28709.5s 458 Epoch 271/1000 completed with RMSE: 0.122997
28815.2s 459 Epoch 272/1000 completed with RMSE: 0.123227
28921.0s 460 Epoch 273/1000 completed with RMSE: 0.123442
29026.9s 461 Epoch 274/1000 completed with RMSE: 0.123024
29132.7s 462 Epoch 275/1000 completed with RMSE: 0.122928
29238.4s 463 Epoch 276/1000 completed with RMSE: 0.122937
29344.2s 464 Epoch 277/1000 completed with RMSE: 0.122956
29450.0s 465 Epoch 278/1000 completed with RMSE: 0.122952
29555.8s 466 Epoch 279/1000 completed with RMSE: 0.123376
29661.6s 467 Epoch 280/1000 completed with RMSE: 0.122668
29767.3s 468 Epoch 281/1000 completed with RMSE: 0.122862
29873.1s 469 Epoch 282/1000 completed with RMSE: 0.122858
29978.9s 470 Epoch 283/1000 completed with RMSE: 0.122975
30084.7s 471 Epoch 284/1000 completed with RMSE: 0.123026
30190.6s 472 Epoch 285/1000 completed with RMSE: 0.122739
30296.3s 473 Epoch 286/1000 completed with RMSE: 0.122934
30402.1s 474 Epoch 287/1000 completed with RMSE: 0.122974
30507.8s 475 Epoch 288/1000 completed with RMSE: 0.123196
30613.6s 476 Epoch 289/1000 completed with RMSE: 0.123048
30719.6s 477 Epoch 290/1000 completed with RMSE: 0.122761
30825.3s 478 Epoch 291/1000 completed with RMSE: 0.123088
30930.9s 479 Epoch 292/1000 completed with RMSE: 0.123187
31036.7s 480 Epoch 293/1000 completed with RMSE: 0.123128
31142.6s 481 Epoch 294/1000 completed with RMSE: 0.123558
31248.4s 482 Epoch 295/1000 completed with RMSE: 0.123099
31354.2s 483 Epoch 296/1000 completed with RMSE: 0.122831
31460.2s 484 Epoch 297/1000 completed with RMSE: 0.123066
31565.9s 485 Epoch 298/1000 completed with RMSE: 0.122796
31671.8s 486 Epoch 299/1000 completed with RMSE: 0.122874
31777.6s 487 Epoch 300/1000 completed with RMSE: 0.122902
31883.4s 488 Epoch 301/1000 completed with RMSE: 0.122771
31989.2s 489 Epoch 302/1000 completed with RMSE: 0.122812
32095.0s 490 Epoch 303/1000 completed with RMSE: 0.123126
32200.9s 491 Epoch 304/1000 completed with RMSE: 0.123018
32306.8s 492 Epoch 305/1000 completed with RMSE: 0.123416
32412.5s 493 Epoch 306/1000 completed with RMSE: 0.122912
32518.3s 494 Epoch 307/1000 completed with RMSE: 0.123053
32624.1s 495 Epoch 308/1000 completed with RMSE: 0.123076
32730.0s 496 Epoch 309/1000 completed with RMSE: 0.122893
32835.9s 497 Epoch 310/1000 completed with RMSE: 0.123238
32941.6s 498 Epoch 311/1000 completed with RMSE: 0.122757
33047.4s 499 Epoch 312/1000 completed with RMSE: 0.123151
33153.3s 500 Epoch 313/1000 completed with RMSE: 0.122959
33259.0s 501 Epoch 314/1000 completed with RMSE: 0.123356
33364.9s 502 Epoch 315/1000 completed with RMSE: 0.122770
33470.6s 503 Epoch 316/1000 completed with RMSE: 0.123075
33576.4s 504 Epoch 317/1000 completed with RMSE: 0.122999
33682.2s 505 Epoch 318/1000 completed with RMSE: 0.122712
33787.9s 506 Epoch 319/1000 completed with RMSE: 0.122900
33893.7s 507 Epoch 320/1000 completed with RMSE: 0.122876
33999.2s 508 Epoch 321/1000 completed with RMSE: 0.123103
34105.0s 509 Epoch 322/1000 completed with RMSE: 0.123226
34210.8s 510 Epoch 323/1000 completed with RMSE: 0.122827
34316.5s 511 Epoch 324/1000 completed with RMSE: 0.122693
34422.4s 512 Epoch 325/1000 completed with RMSE: 0.123418
34528.0s 513 Epoch 326/1000 completed with RMSE: 0.123128
34633.8s 514 Epoch 327/1000 completed with RMSE: 0.122703
34739.6s 515 Epoch 328/1000 completed with RMSE: 0.122930
34845.5s 516 Epoch 329/1000 completed with RMSE: 0.123070
34951.6s 517 Epoch 330/1000 completed with RMSE: 0.123037
35057.3s 518 Epoch 331/1000 completed with RMSE: 0.122837
35163.1s 519 Epoch 332/1000 completed with RMSE: 0.123949
35268.9s 520 Epoch 333/1000 completed with RMSE: 0.123868
35374.7s 521 Epoch 334/1000 completed with RMSE: 0.122986
35480.6s 522 Epoch 335/1000 completed with RMSE: 0.122744
35586.2s 523 Epoch 336/1000 completed with RMSE: 0.122717
35692.0s 524 Epoch 337/1000 completed with RMSE: 0.122844
35797.7s 525 Epoch 338/1000 completed with RMSE: 0.122613
35903.5s 526 Epoch 339/1000 completed with RMSE: 0.122654
36009.2s 527 Epoch 340/1000 completed with RMSE: 0.122791
36115.0s 528 Epoch 341/1000 completed with RMSE: 0.122923
36220.7s 529 Epoch 342/1000 completed with RMSE: 0.122669
36326.2s 530 Epoch 343/1000 completed with RMSE: 0.123213
36432.3s 531 Epoch 344/1000 completed with RMSE: 0.123065
36537.9s 532 Epoch 345/1000 completed with RMSE: 0.123385
36643.6s 533 Epoch 346/1000 completed with RMSE: 0.122912
36749.3s 534 Epoch 347/1000 completed with RMSE: 0.123113
36855.0s 535 Epoch 348/1000 completed with RMSE: 0.122865
36960.7s 536 Epoch 349/1000 completed with RMSE: 0.122846
37066.5s 537 Epoch 350/1000 completed with RMSE: 0.122623
37172.2s 538 Epoch 351/1000 completed with RMSE: 0.122729
37277.9s 539 Epoch 352/1000 completed with RMSE: 0.122964
37383.7s 540 Epoch 353/1000 completed with RMSE: 0.122780
37489.6s 541 Epoch 354/1000 completed with RMSE: 0.122925
37595.5s 542 Epoch 355/1000 completed with RMSE: 0.122671
37701.3s 543 Epoch 356/1000 completed with RMSE: 0.122623
37806.9s 544 Epoch 357/1000 completed with RMSE: 0.122573
37912.9s 545 Epoch 358/1000 completed with RMSE: 0.122595
38018.4s 546 Epoch 359/1000 completed with RMSE: 0.122579
38124.5s 547 Epoch 360/1000 completed with RMSE: 0.122795
38230.0s 548 Epoch 361/1000 completed with RMSE: 0.122998
38336.0s 549 Epoch 362/1000 completed with RMSE: 0.122685
38441.6s 550 Epoch 363/1000 completed with RMSE: 0.122762
38547.6s 551 Epoch 364/1000 completed with RMSE: 0.122863
38653.1s 552 Epoch 365/1000 completed with RMSE: 0.122904
38759.2s 553 Epoch 366/1000 completed with RMSE: 0.122880
38864.8s 554 Epoch 367/1000 completed with RMSE: 0.122784
38970.8s 555 Epoch 368/1000 completed with RMSE: 0.122881
39076.3s 556 Epoch 369/1000 completed with RMSE: 0.122716
39182.4s 557 Epoch 370/1000 completed with RMSE: 0.123099
39288.0s 558 Epoch 371/1000 completed with RMSE: 0.122585
39394.2s 559 Epoch 372/1000 completed with RMSE: 0.122714
39499.9s 560 Epoch 373/1000 completed with RMSE: 0.122902
39605.6s 561 Epoch 374/1000 completed with RMSE: 0.122905
39711.4s 562 Epoch 375/1000 completed with RMSE: 0.122960
39817.2s 563 Epoch 376/1000 completed with RMSE: 0.122664
39923.0s 564 Epoch 377/1000 completed with RMSE: 0.122590
40028.8s 565 Epoch 378/1000 completed with RMSE: 0.123005
40134.5s 566 Epoch 379/1000 completed with RMSE: 0.122594
40240.5s 567 Epoch 380/1000 completed with RMSE: 0.122760
40346.1s 568 Epoch 381/1000 completed with RMSE: 0.122847
40452.0s 569 Epoch 382/1000 completed with RMSE: 0.123243
40557.5s 570 Epoch 383/1000 completed with RMSE: 0.123013
40663.4s 571 Epoch 384/1000 completed with RMSE: 0.123140
40769.2s 572 Epoch 385/1000 completed with RMSE: 0.123014
40875.0s 573 Epoch 386/1000 completed with RMSE: 0.123007
40980.6s 574 Epoch 387/1000 completed with RMSE: 0.122762
41086.5s 575 Epoch 388/1000 completed with RMSE: 0.122632
41192.3s 576 Epoch 389/1000 completed with RMSE: 0.122836
41298.1s 577 Epoch 390/1000 completed with RMSE: 0.122619
41403.9s 578 Epoch 391/1000 completed with RMSE: 0.122764
41509.8s 579 Epoch 392/1000 completed with RMSE: 0.123022
41615.7s 580 Epoch 393/1000 completed with RMSE: 0.123053
41721.5s 581 Epoch 394/1000 completed with RMSE: 0.122663
41827.2s 582 Epoch 395/1000 completed with RMSE: 0.122712
41933.0s 583 Epoch 396/1000 completed with RMSE: 0.122634
42038.8s 584 Epoch 397/1000 completed with RMSE: 0.122807
42144.7s 585 Epoch 398/1000 completed with RMSE: 0.122625
42250.4s 586 Epoch 399/1000 completed with RMSE: 0.122946
42356.3s 587 Epoch 400/1000 completed with RMSE: 0.122789
42462.1s 588 Epoch 401/1000 completed with RMSE: 0.122885
42567.7s 589 Epoch 402/1000 completed with RMSE: 0.122909
42673.6s 590 Epoch 403/1000 completed with RMSE: 0.122874
42779.4s 591 Epoch 404/1000 completed with RMSE: 0.122630
42885.5s 592 Epoch 405/1000 completed with RMSE: 0.122645
42991.5s 593 Epoch 406/1000 completed with RMSE: 0.122774
43097.3s 594 Epoch 407/1000 completed with RMSE: 0.122794
43203.0s 595 Epoch 408/1000 completed with RMSE: 0.122519