18.6s 1 Collecting torchdiffeq
18.6s 2 Downloading torchdiffeq-0.2.4-py3-none-any.whl.metadata (440 bytes)
18.7s 3 Requirement already satisfied: torch>=1.5.0 in /opt/conda/lib/python3.10/site-packages (from torchdiffeq) (2.4.0)
18.7s 4 Requirement already satisfied: scipy>=1.4.0 in /opt/conda/lib/python3.10/site-packages (from torchdiffeq) (1.14.0)
18.7s 5 Requirement already satisfied: numpy<2.3,>=1.23.5 in /opt/conda/lib/python3.10/site-packages (from scipy>=1.4.0->torchdiffeq) (1.26.4)
18.7s 6 Requirement already satisfied: filelock in /opt/conda/lib/python3.10/site-packages (from torch>=1.5.0->torchdiffeq) (3.15.1)
18.7s 7 Requirement already satisfied: typing-extensions>=4.8.0 in /opt/conda/lib/python3.10/site-packages (from torch>=1.5.0->torchdiffeq) (4.12.2)
18.7s 8 Requirement already satisfied: sympy in /opt/conda/lib/python3.10/site-packages (from torch>=1.5.0->torchdiffeq) (1.13.2)
18.7s 9 Requirement already satisfied: networkx in /opt/conda/lib/python3.10/site-packages (from torch>=1.5.0->torchdiffeq) (3.3)
18.7s 10 Requirement already satisfied: jinja2 in /opt/conda/lib/python3.10/site-packages (from torch>=1.5.0->torchdiffeq) (3.1.4)
18.7s 11 Requirement already satisfied: fsspec in /opt/conda/lib/python3.10/site-packages (from torch>=1.5.0->torchdiffeq) (2024.6.1)
18.9s 12 Requirement already satisfied: MarkupSafe>=2.0 in /opt/conda/lib/python3.10/site-packages (from jinja2->torch>=1.5.0->torchdiffeq) (2.1.5)
18.9s 13 Requirement already satisfied: mpmath<1.4,>=1.1.0 in /opt/conda/lib/python3.10/site-packages (from sympy->torch>=1.5.0->torchdiffeq) (1.3.0)
18.9s 14 Downloading torchdiffeq-0.2.4-py3-none-any.whl (32 kB)
29.4s 15 Installing collected packages: torchdiffeq
29.6s 16 Successfully installed torchdiffeq-0.2.4
32.2s 17 Collecting TorchDiffEqPack
32.5s 18 Downloading TorchDiffEqPack-1.0.1-py3-none-any.whl.metadata (718 bytes)
32.5s 19 Requirement already satisfied: torch in /opt/conda/lib/python3.10/site-packages (from TorchDiffEqPack) (2.4.0)
32.5s 20 Requirement already satisfied: filelock in /opt/conda/lib/python3.10/site-packages (from torch->TorchDiffEqPack) (3.15.1)
32.5s 21 Requirement already satisfied: typing-extensions>=4.8.0 in /opt/conda/lib/python3.10/site-packages (from torch->TorchDiffEqPack) (4.12.2)
32.5s 22 Requirement already satisfied: sympy in /opt/conda/lib/python3.10/site-packages (from torch->TorchDiffEqPack) (1.13.2)
32.5s 23 Requirement already satisfied: networkx in /opt/conda/lib/python3.10/site-packages (from torch->TorchDiffEqPack) (3.3)
32.5s 24 Requirement already satisfied: jinja2 in /opt/conda/lib/python3.10/site-packages (from torch->TorchDiffEqPack) (3.1.4)
32.5s 25 Requirement already satisfied: fsspec in /opt/conda/lib/python3.10/site-packages (from torch->TorchDiffEqPack) (2024.6.1)
32.7s 26 Requirement already satisfied: MarkupSafe>=2.0 in /opt/conda/lib/python3.10/site-packages (from jinja2->torch->TorchDiffEqPack) (2.1.5)
32.7s 27 Requirement already satisfied: mpmath<1.4,>=1.1.0 in /opt/conda/lib/python3.10/site-packages (from sympy->torch->TorchDiffEqPack) (1.3.0)
33.0s 28 Downloading TorchDiffEqPack-1.0.1-py3-none-any.whl (33 kB)
43.3s 29 Installing collected packages: TorchDiffEqPack
43.5s 30 Successfully installed TorchDiffEqPack-1.0.1
43.9s 31 /kaggle/input/amp-c-train/Amp_C_train.txt
44.5s 32 CUDA is available!
44.5s 33 Device name: Tesla P100-PCIE-16GB
44.5s 34 CUDA capability: (6, 0)
44.5s 35 Driver version: 12.3
44.5s 36 Device count: 1
44.5s 37 Current device: 0
47.3s 38 Model architecture: NeuralODEModel(
47.3s 39 (input_layer): Linear(in_features=2, out_features=64, bias=True)
47.3s 40 (hidden_layers): ModuleList(
47.3s 41 (0): Linear(in_features=64, out_features=512, bias=True)
47.3s 42 (1): Linear(in_features=512, out_features=1024, bias=True)
47.3s 43 (2): Linear(in_features=1024, out_features=2048, bias=True)
47.3s 44 (3): Linear(in_features=2048, out_features=4096, bias=True)
47.3s 45 (4): Linear(in_features=4096, out_features=2048, bias=True)
47.3s 46 (5): Linear(in_features=2048, out_features=1024, bias=True)
47.3s 47 (6): Linear(in_features=1024, out_features=512, bias=True)
47.3s 48 (7): Linear(in_features=512, out_features=64, bias=True)
47.3s 49 )
47.3s 50 (residual_connections): ModuleList(
47.3s 51 (0): Linear(in_features=64, out_features=512, bias=True)
47.3s 52 (1): Linear(in_features=512, out_features=1024, bias=True)
47.3s 53 (2): Linear(in_features=1024, out_features=2048, bias=True)
47.3s 54 (3): Linear(in_features=2048, out_features=4096, bias=True)
47.3s 55 (4): Linear(in_features=4096, out_features=2048, bias=True)
47.3s 56 (5): Linear(in_features=2048, out_features=1024, bias=True)
47.3s 57 (6): Linear(in_features=1024, out_features=512, bias=True)
47.3s 58 (7): Linear(in_features=512, out_features=64, bias=True)
47.3s 59 )
47.3s 60 (ode_func): ODEFunc(
47.3s 61 (fc1): Linear(in_features=64, out_features=64, bias=True)
47.3s 62 (fc2): Linear(in_features=64, out_features=64, bias=True)
47.3s 63 (relu): ReLU()
47.3s 64 (norm): LayerNorm((64,), eps=1e-05, elementwise_affine=True)
47.3s 65 )
47.3s 66 (output_layer): Linear(in_features=64, out_features=2, bias=True)
47.3s 67 (dropout): Dropout(p=0.5, inplace=False)
47.3s 68 )
47.3s 69 --------------------------------------------------
47.3s 70 Parameter name: input_layer.weight
47.3s 71 Parameter shape: torch.Size([64, 2])
47.3s 72 Parameter count: 128
47.3s 73 ------------------------------
47.3s 74 Parameter name: input_layer.bias
47.3s 75 Parameter shape: torch.Size([64])
47.3s 76 Parameter count: 64
47.3s 77 ------------------------------
47.3s 78 Parameter name: hidden_layers.0.weight
47.3s 79 Parameter shape: torch.Size([512, 64])
47.3s 80 Parameter count: 32768
47.3s 81 ------------------------------
47.3s 82 Parameter name: hidden_layers.0.bias
47.3s 83 Parameter shape: torch.Size([512])
47.3s 84 Parameter count: 512
47.3s 85 ------------------------------
47.3s 86 Parameter name: hidden_layers.1.weight
47.3s 87 Parameter shape: torch.Size([1024, 512])
47.3s 88 Parameter count: 524288
47.3s 89 ------------------------------
47.3s 90 Parameter name: hidden_layers.1.bias
47.3s 91 Parameter shape: torch.Size([1024])
47.3s 92 Parameter count: 1024
47.3s 93 ------------------------------
47.3s 94 Parameter name: hidden_layers.2.weight
47.3s 95 Parameter shape: torch.Size([2048, 1024])
47.3s 96 Parameter count: 2097152
47.3s 97 ------------------------------
47.3s 98 Parameter name: hidden_layers.2.bias
47.3s 99 Parameter shape: torch.Size([2048])
47.3s 100 Parameter count: 2048
47.3s 101 ------------------------------
47.3s 102 Parameter name: hidden_layers.3.weight
47.3s 103 Parameter shape: torch.Size([4096, 2048])
47.3s 104 Parameter count: 8388608
47.3s 105 ------------------------------
47.3s 106 Parameter name: hidden_layers.3.bias
47.3s 107 Parameter shape: torch.Size([4096])
47.3s 108 Parameter count: 4096
47.3s 109 ------------------------------
47.3s 110 Parameter name: hidden_layers.4.weight
47.3s 111 Parameter shape: torch.Size([2048, 4096])
47.3s 112 Parameter count: 8388608
47.3s 113 ------------------------------
47.3s 114 Parameter name: hidden_layers.4.bias
47.3s 115 Parameter shape: torch.Size([2048])
47.3s 116 Parameter count: 2048
47.3s 117 ------------------------------
47.3s 118 Parameter name: hidden_layers.5.weight
47.3s 119 Parameter shape: torch.Size([1024, 2048])
47.3s 120 Parameter count: 2097152
47.3s 121 ------------------------------
47.3s 122 Parameter name: hidden_layers.5.bias
47.3s 123 Parameter shape: torch.Size([1024])
47.3s 124 Parameter count: 1024
47.3s 125 ------------------------------
47.3s 126 Parameter name: hidden_layers.6.weight
47.3s 127 Parameter shape: torch.Size([512, 1024])
47.3s 128 Parameter count: 524288
47.3s 129 ------------------------------
47.3s 130 Parameter name: hidden_layers.6.bias
47.3s 131 Parameter shape: torch.Size([512])
47.3s 132 Parameter count: 512
47.3s 133 ------------------------------
47.3s 134 Parameter name: hidden_layers.7.weight
47.3s 135 Parameter shape: torch.Size([64, 512])
47.3s 136 Parameter count: 32768
47.3s 137 ------------------------------
47.3s 138 Parameter name: hidden_layers.7.bias
47.3s 139 Parameter shape: torch.Size([64])
47.3s 140 Parameter count: 64
47.3s 141 ------------------------------
47.3s 142 Parameter name: residual_connections.0.weight
47.3s 143 Parameter shape: torch.Size([512, 64])
47.3s 144 Parameter count: 32768
47.3s 145 ------------------------------
47.3s 146 Parameter name: residual_connections.0.bias
47.3s 147 Parameter shape: torch.Size([512])
47.3s 148 Parameter count: 512
47.3s 149 ------------------------------
47.3s 150 Parameter name: residual_connections.1.weight
47.3s 151 Parameter shape: torch.Size([1024, 512])
47.3s 152 Parameter count: 524288
47.3s 153 ------------------------------
47.3s 154 Parameter name: residual_connections.1.bias
47.3s 155 Parameter shape: torch.Size([1024])
47.3s 156 Parameter count: 1024
47.3s 157 ------------------------------
47.3s 158 Parameter name: residual_connections.2.weight
47.3s 159 Parameter shape: torch.Size([2048, 1024])
47.3s 160 Parameter count: 2097152
47.3s 161 ------------------------------
47.3s 162 Parameter name: residual_connections.2.bias
47.3s 163 Parameter shape: torch.Size([2048])
47.3s 164 Parameter count: 2048
47.3s 165 ------------------------------
47.3s 166 Parameter name: residual_connections.3.weight
47.3s 167 Parameter shape: torch.Size([4096, 2048])
47.3s 168 Parameter count: 8388608
47.3s 169 ------------------------------
47.3s 170 Parameter name: residual_connections.3.bias
47.3s 171 Parameter shape: torch.Size([4096])
47.3s 172 Parameter count: 4096
47.3s 173 ------------------------------
47.3s 174 Parameter name: residual_connections.4.weight
47.3s 175 Parameter shape: torch.Size([2048, 4096])
47.3s 176 Parameter count: 8388608
47.3s 177 ------------------------------
47.3s 178 Parameter name: residual_connections.4.bias
47.3s 179 Parameter shape: torch.Size([2048])
47.3s 180 Parameter count: 2048
47.3s 181 ------------------------------
47.3s 182 Parameter name: residual_connections.5.weight
47.3s 183 Parameter shape: torch.Size([1024, 2048])
47.3s 184 Parameter count: 2097152
47.3s 185 ------------------------------
47.3s 186 Parameter name: residual_connections.5.bias
47.3s 187 Parameter shape: torch.Size([1024])
47.3s 188 Parameter count: 1024
47.3s 189 ------------------------------
47.3s 190 Parameter name: residual_connections.6.weight
47.3s 191 Parameter shape: torch.Size([512, 1024])
47.3s 192 Parameter count: 524288
47.3s 193 ------------------------------
47.3s 194 Parameter name: residual_connections.6.bias
47.3s 195 Parameter shape: torch.Size([512])
47.3s 196 Parameter count: 512
47.3s 197 ------------------------------
47.3s 198 Parameter name: residual_connections.7.weight
47.3s 199 Parameter shape: torch.Size([64, 512])
47.3s 200 Parameter count: 32768
47.3s 201 ------------------------------
47.3s 202 Parameter name: residual_connections.7.bias
47.3s 203 Parameter shape: torch.Size([64])
47.3s 204 Parameter count: 64
47.3s 205 ------------------------------
47.3s 206 Parameter name: ode_func.fc1.weight
47.3s 207 Parameter shape: torch.Size([64, 64])
47.3s 208 Parameter count: 4096
47.3s 209 ------------------------------
47.3s 210 Parameter name: ode_func.fc1.bias
47.3s 211 Parameter shape: torch.Size([64])
47.3s 212 Parameter count: 64
47.3s 213 ------------------------------
47.3s 214 Parameter name: ode_func.fc2.weight
47.3s 215 Parameter shape: torch.Size([64, 64])
47.3s 216 Parameter count: 4096
47.3s 217 ------------------------------
47.3s 218 Parameter name: ode_func.fc2.bias
47.3s 219 Parameter shape: torch.Size([64])
47.3s 220 Parameter count: 64
47.3s 221 ------------------------------
47.3s 222 Parameter name: ode_func.norm.weight
47.3s 223 Parameter shape: torch.Size([64])
47.3s 224 Parameter count: 64
47.3s 225 ------------------------------
47.3s 226 Parameter name: ode_func.norm.bias
47.3s 227 Parameter shape: torch.Size([64])
47.3s 228 Parameter count: 64
47.3s 229 ------------------------------
47.3s 230 Parameter name: output_layer.weight
47.3s 231 Parameter shape: torch.Size([2, 64])
47.3s 232 Parameter count: 128
47.3s 233 ------------------------------
47.3s 234 Parameter name: output_layer.bias
47.3s 235 Parameter shape: torch.Size([2])
47.3s 236 Parameter count: 2
47.3s 237 ------------------------------
47.3s 238 Total trainable parameters: 44202690
47.3s 239 ==================================================
58.4s 240 Epoch 1/1000 completed with RMSE: 1.364776
68.8s 241 Epoch 2/1000 completed with RMSE: 0.643217
79.1s 242 Epoch 3/1000 completed with RMSE: 0.503931
89.4s 243 Epoch 4/1000 completed with RMSE: 0.387608
99.6s 244 Epoch 5/1000 completed with RMSE: 0.332187
109.9s 245 Epoch 6/1000 completed with RMSE: 0.295668
120.0s 246 Epoch 7/1000 completed with RMSE: 0.265353
130.4s 247 Epoch 8/1000 completed with RMSE: 0.243603
140.7s 248 Epoch 9/1000 completed with RMSE: 0.227782
150.9s 249 Epoch 10/1000 completed with RMSE: 0.216623
161.4s 250 Epoch 11/1000 completed with RMSE: 0.206335
171.8s 251 Epoch 12/1000 completed with RMSE: 0.199073
182.6s 252 Epoch 13/1000 completed with RMSE: 0.192187
193.0s 253 Epoch 14/1000 completed with RMSE: 0.186588
203.5s 254 Epoch 15/1000 completed with RMSE: 0.182159
213.9s 255 Epoch 16/1000 completed with RMSE: 0.177850
224.4s 256 Epoch 17/1000 completed with RMSE: 0.174292
235.0s 257 Epoch 18/1000 completed with RMSE: 0.171121
245.3s 258 Epoch 19/1000 completed with RMSE: 0.167875
255.9s 259 Epoch 20/1000 completed with RMSE: 0.165441
266.2s 260 Epoch 21/1000 completed with RMSE: 0.163088
276.8s 261 Epoch 22/1000 completed with RMSE: 0.161597
287.1s 262 Epoch 23/1000 completed with RMSE: 0.160001
297.7s 263 Epoch 24/1000 completed with RMSE: 0.157538
308.1s 264 Epoch 25/1000 completed with RMSE: 0.155847
318.7s 265 Epoch 26/1000 completed with RMSE: 0.154495
329.1s 266 Epoch 27/1000 completed with RMSE: 0.153681
339.7s 267 Epoch 28/1000 completed with RMSE: 0.152174
350.2s 268 Epoch 29/1000 completed with RMSE: 0.150768
360.6s 269 Epoch 30/1000 completed with RMSE: 0.150080
371.2s 270 Epoch 31/1000 completed with RMSE: 0.149019
381.6s 271 Epoch 32/1000 completed with RMSE: 0.147712
392.2s 272 Epoch 33/1000 completed with RMSE: 0.147222
402.6s 273 Epoch 34/1000 completed with RMSE: 0.146844
413.3s 274 Epoch 35/1000 completed with RMSE: 0.145823
423.6s 275 Epoch 36/1000 completed with RMSE: 0.144801
434.1s 276 Epoch 37/1000 completed with RMSE: 0.144067
444.7s 277 Epoch 38/1000 completed with RMSE: 0.143689
455.0s 278 Epoch 39/1000 completed with RMSE: 0.142882
465.6s 279 Epoch 40/1000 completed with RMSE: 0.142899
476.0s 280 Epoch 41/1000 completed with RMSE: 0.141915
486.6s 281 Epoch 42/1000 completed with RMSE: 0.141294
496.9s 282 Epoch 43/1000 completed with RMSE: 0.140587
507.5s 283 Epoch 44/1000 completed with RMSE: 0.140291
517.9s 284 Epoch 45/1000 completed with RMSE: 0.139817
528.6s 285 Epoch 46/1000 completed with RMSE: 0.139411
539.1s 286 Epoch 47/1000 completed with RMSE: 0.139333
549.7s 287 Epoch 48/1000 completed with RMSE: 0.138596
560.1s 288 Epoch 49/1000 completed with RMSE: 0.138429
570.7s 289 Epoch 50/1000 completed with RMSE: 0.137604
581.3s 290 Epoch 51/1000 completed with RMSE: 0.137675
591.7s 291 Epoch 52/1000 completed with RMSE: 0.137198
602.4s 292 Epoch 53/1000 completed with RMSE: 0.137170
612.9s 293 Epoch 54/1000 completed with RMSE: 0.136456
623.6s 294 Epoch 55/1000 completed with RMSE: 0.136150
634.1s 295 Epoch 56/1000 completed with RMSE: 0.136361
644.7s 296 Epoch 57/1000 completed with RMSE: 0.135659
654.8s 297 Epoch 58/1000 completed with RMSE: 0.135783
665.6s 298 Epoch 59/1000 completed with RMSE: 0.135558
676.1s 299 Epoch 60/1000 completed with RMSE: 0.135406
686.4s 300 Epoch 61/1000 completed with RMSE: 0.134865
697.0s 301 Epoch 62/1000 completed with RMSE: 0.134776
707.4s 302 Epoch 63/1000 completed with RMSE: 0.134580
718.0s 303 Epoch 64/1000 completed with RMSE: 0.134385
728.4s 304 Epoch 65/1000 completed with RMSE: 0.133763
739.0s 305 Epoch 66/1000 completed with RMSE: 0.133607
749.4s 306 Epoch 67/1000 completed with RMSE: 0.133676
760.0s 307 Epoch 68/1000 completed with RMSE: 0.133263
770.4s 308 Epoch 69/1000 completed with RMSE: 0.133298
781.0s 309 Epoch 70/1000 completed with RMSE: 0.133060
791.4s 310 Epoch 71/1000 completed with RMSE: 0.132738
802.0s 311 Epoch 72/1000 completed with RMSE: 0.132560
812.4s 312 Epoch 73/1000 completed with RMSE: 0.132530
823.0s 313 Epoch 74/1000 completed with RMSE: 0.132208
833.4s 314 Epoch 75/1000 completed with RMSE: 0.132324
843.8s 315 Epoch 76/1000 completed with RMSE: 0.132125
854.4s 316 Epoch 77/1000 completed with RMSE: 0.131860
864.7s 317 Epoch 78/1000 completed with RMSE: 0.131924
875.3s 318 Epoch 79/1000 completed with RMSE: 0.131456
885.7s 319 Epoch 80/1000 completed with RMSE: 0.131336
896.4s 320 Epoch 81/1000 completed with RMSE: 0.131183
906.8s 321 Epoch 82/1000 completed with RMSE: 0.131120
917.5s 322 Epoch 83/1000 completed with RMSE: 0.131009
927.9s 323 Epoch 84/1000 completed with RMSE: 0.130907
938.5s 324 Epoch 85/1000 completed with RMSE: 0.130809
948.9s 325 Epoch 86/1000 completed with RMSE: 0.130472
959.6s 326 Epoch 87/1000 completed with RMSE: 0.130548
970.0s 327 Epoch 88/1000 completed with RMSE: 0.130722
980.4s 328 Epoch 89/1000 completed with RMSE: 0.130231
991.0s 329 Epoch 90/1000 completed with RMSE: 0.130361
1001.5s 330 Epoch 91/1000 completed with RMSE: 0.129667
1012.1s 331 Epoch 92/1000 completed with RMSE: 0.130093
1022.6s 332 Epoch 93/1000 completed with RMSE: 0.130058
1033.2s 333 Epoch 94/1000 completed with RMSE: 0.129865
1043.9s 334 Epoch 95/1000 completed with RMSE: 0.129710
1054.3s 335 Epoch 96/1000 completed with RMSE: 0.129831
1065.0s 336 Epoch 97/1000 completed with RMSE: 0.129967
1075.5s 337 Epoch 98/1000 completed with RMSE: 0.129438
1086.2s 338 Epoch 99/1000 completed with RMSE: 0.129235
1096.6s 339 Epoch 100/1000 completed with RMSE: 0.129039
1107.3s 340 Epoch 101/1000 completed with RMSE: 0.129353
1117.7s 341 Epoch 102/1000 completed with RMSE: 0.129071
1128.1s 342 Epoch 103/1000 completed with RMSE: 0.129023
1138.6s 343 Epoch 104/1000 completed with RMSE: 0.128799
1149.3s 344 Epoch 105/1000 completed with RMSE: 0.128658
1159.8s 345 Epoch 106/1000 completed with RMSE: 0.128810
1170.5s 346 Epoch 107/1000 completed with RMSE: 0.128950
1180.9s 347 Epoch 108/1000 completed with RMSE: 0.128678
1191.5s 348 Epoch 109/1000 completed with RMSE: 0.128538
1202.0s 349 Epoch 110/1000 completed with RMSE: 0.128624
1212.4s 350 Epoch 111/1000 completed with RMSE: 0.128335
1223.0s 351 Epoch 112/1000 completed with RMSE: 0.128112
1233.5s 352 Epoch 113/1000 completed with RMSE: 0.128369
1244.1s 353 Epoch 114/1000 completed with RMSE: 0.128063
1254.5s 354 Epoch 115/1000 completed with RMSE: 0.128452
1265.0s 355 Epoch 116/1000 completed with RMSE: 0.128036
1275.4s 356 Epoch 117/1000 completed with RMSE: 0.128235
1286.0s 357 Epoch 118/1000 completed with RMSE: 0.127930
1296.4s 358 Epoch 119/1000 completed with RMSE: 0.127659
1307.1s 359 Epoch 120/1000 completed with RMSE: 0.127794
1317.3s 360 Epoch 121/1000 completed with RMSE: 0.127720
1328.0s 361 Epoch 122/1000 completed with RMSE: 0.127661
1338.4s 362 Epoch 123/1000 completed with RMSE: 0.127639
1349.0s 363 Epoch 124/1000 completed with RMSE: 0.127508
1359.4s 364 Epoch 125/1000 completed with RMSE: 0.127513
1369.9s 365 Epoch 126/1000 completed with RMSE: 0.127495
1380.5s 366 Epoch 127/1000 completed with RMSE: 0.127538
1390.9s 367 Epoch 128/1000 completed with RMSE: 0.127485
1401.5s 368 Epoch 129/1000 completed with RMSE: 0.127479
1412.1s 369 Epoch 130/1000 completed with RMSE: 0.127527
1422.6s 370 Epoch 131/1000 completed with RMSE: 0.127324
1433.1s 371 Epoch 132/1000 completed with RMSE: 0.127179
1443.7s 372 Epoch 133/1000 completed with RMSE: 0.127423
1454.2s 373 Epoch 134/1000 completed with RMSE: 0.127282
1464.6s 374 Epoch 135/1000 completed with RMSE: 0.127631
1475.0s 375 Epoch 136/1000 completed with RMSE: 0.127505
1485.7s 376 Epoch 137/1000 completed with RMSE: 0.126799
1496.2s 377 Epoch 138/1000 completed with RMSE: 0.126912
1506.6s 378 Epoch 139/1000 completed with RMSE: 0.127059
1517.0s 379 Epoch 140/1000 completed with RMSE: 0.126919
1527.7s 380 Epoch 141/1000 completed with RMSE: 0.126729
1537.9s 381 Epoch 142/1000 completed with RMSE: 0.126573
1548.6s 382 Epoch 143/1000 completed with RMSE: 0.126849
1559.1s 383 Epoch 144/1000 completed with RMSE: 0.126653
1569.9s 384 Epoch 145/1000 completed with RMSE: 0.127040
1580.3s 385 Epoch 146/1000 completed with RMSE: 0.126841
1590.8s 386 Epoch 147/1000 completed with RMSE: 0.126578
1601.2s 387 Epoch 148/1000 completed with RMSE: 0.126367
1611.9s 388 Epoch 149/1000 completed with RMSE: 0.126391
1622.4s 389 Epoch 150/1000 completed with RMSE: 0.126394
1632.9s 390 Epoch 151/1000 completed with RMSE: 0.126435
1643.6s 391 Epoch 152/1000 completed with RMSE: 0.126247
1654.0s 392 Epoch 153/1000 completed with RMSE: 0.126179
1664.5s 393 Epoch 154/1000 completed with RMSE: 0.126444
1675.2s 394 Epoch 155/1000 completed with RMSE: 0.125969
1685.7s 395 Epoch 156/1000 completed with RMSE: 0.126236
1696.1s 396 Epoch 157/1000 completed with RMSE: 0.125965
1706.6s 397 Epoch 158/1000 completed with RMSE: 0.126279
1717.0s 398 Epoch 159/1000 completed with RMSE: 0.126149
1727.7s 399 Epoch 160/1000 completed with RMSE: 0.125882
1738.1s 400 Epoch 161/1000 completed with RMSE: 0.125821
1748.6s 401 Epoch 162/1000 completed with RMSE: 0.126182
1759.1s 402 Epoch 163/1000 completed with RMSE: 0.126203
1769.7s 403 Epoch 164/1000 completed with RMSE: 0.125930
1780.1s 404 Epoch 165/1000 completed with RMSE: 0.126149
1790.8s 405 Epoch 166/1000 completed with RMSE: 0.125808
1801.2s 406 Epoch 167/1000 completed with RMSE: 0.125596
1811.9s 407 Epoch 168/1000 completed with RMSE: 0.125859
1822.4s 408 Epoch 169/1000 completed with RMSE: 0.125954
1832.9s 409 Epoch 170/1000 completed with RMSE: 0.125898
1843.4s 410 Epoch 171/1000 completed with RMSE: 0.125718
1854.0s 411 Epoch 172/1000 completed with RMSE: 0.125635
1864.5s 412 Epoch 173/1000 completed with RMSE: 0.125807
1875.1s 413 Epoch 174/1000 completed with RMSE: 0.125663
1885.7s 414 Epoch 175/1000 completed with RMSE: 0.125744
1896.2s 415 Epoch 176/1000 completed with RMSE: 0.125483
1906.8s 416 Epoch 177/1000 completed with RMSE: 0.125738
1917.2s 417 Epoch 178/1000 completed with RMSE: 0.125824
1928.0s 418 Epoch 179/1000 completed with RMSE: 0.125314
1938.5s 419 Epoch 180/1000 completed with RMSE: 0.125531
1948.9s 420 Epoch 181/1000 completed with RMSE: 0.125589
1959.4s 421 Epoch 182/1000 completed with RMSE: 0.125867
1970.1s 422 Epoch 183/1000 completed with RMSE: 0.125341
1980.4s 423 Epoch 184/1000 completed with RMSE: 0.125699
1991.1s 424 Epoch 185/1000 completed with RMSE: 0.125493
2001.5s 425 Epoch 186/1000 completed with RMSE: 0.125261
2012.0s 426 Epoch 187/1000 completed with RMSE: 0.125468
2022.5s 427 Epoch 188/1000 completed with RMSE: 0.125471
2033.0s 428 Epoch 189/1000 completed with RMSE: 0.125443
2043.4s 429 Epoch 190/1000 completed with RMSE: 0.125267
2053.9s 430 Epoch 191/1000 completed with RMSE: 0.125144
2064.4s 431 Epoch 192/1000 completed with RMSE: 0.125327
2075.0s 432 Epoch 193/1000 completed with RMSE: 0.125127
2085.3s 433 Epoch 194/1000 completed with RMSE: 0.125310
2096.1s 434 Epoch 195/1000 completed with RMSE: 0.125416
2106.6s 435 Epoch 196/1000 completed with RMSE: 0.125286
2117.3s 436 Epoch 197/1000 completed with RMSE: 0.125039
2127.6s 437 Epoch 198/1000 completed with RMSE: 0.125208
2138.3s 438 Epoch 199/1000 completed with RMSE: 0.125212
2148.8s 439 Epoch 200/1000 completed with RMSE: 0.125124
2159.3s 440 Epoch 201/1000 completed with RMSE: 0.124876
2169.7s 441 Epoch 202/1000 completed with RMSE: 0.125051
2180.4s 442 Epoch 203/1000 completed with RMSE: 0.125266
2191.0s 443 Epoch 204/1000 completed with RMSE: 0.124957
2201.4s 444 Epoch 205/1000 completed with RMSE: 0.124813
2211.9s 445 Epoch 206/1000 completed with RMSE: 0.124862
2222.4s 446 Epoch 207/1000 completed with RMSE: 0.125038
2232.9s 447 Epoch 208/1000 completed with RMSE: 0.125005
2243.5s 448 Epoch 209/1000 completed with RMSE: 0.125034
2254.1s 449 Epoch 210/1000 completed with RMSE: 0.124971
2264.6s 450 Epoch 211/1000 completed with RMSE: 0.124875
2275.1s 451 Epoch 212/1000 completed with RMSE: 0.125106
2285.7s 452 Epoch 213/1000 completed with RMSE: 0.124773
2296.2s 453 Epoch 214/1000 completed with RMSE: 0.124751
2306.7s 454 Epoch 215/1000 completed with RMSE: 0.124991
2317.3s 455 Epoch 216/1000 completed with RMSE: 0.124751
2327.8s 456 Epoch 217/1000 completed with RMSE: 0.124964
2338.2s 457 Epoch 218/1000 completed with RMSE: 0.124923
2348.8s 458 Epoch 219/1000 completed with RMSE: 0.124712
2359.3s 459 Epoch 220/1000 completed with RMSE: 0.124574
2369.8s 460 Epoch 221/1000 completed with RMSE: 0.124649
2380.5s 461 Epoch 222/1000 completed with RMSE: 0.124891
2390.9s 462 Epoch 223/1000 completed with RMSE: 0.124655
2401.6s 463 Epoch 224/1000 completed with RMSE: 0.124606
2412.2s 464 Epoch 225/1000 completed with RMSE: 0.124770
2422.7s 465 Epoch 226/1000 completed with RMSE: 0.124706
2433.1s 466 Epoch 227/1000 completed with RMSE: 0.124838
2443.7s 467 Epoch 228/1000 completed with RMSE: 0.124466
2454.2s 468 Epoch 229/1000 completed with RMSE: 0.124722
2464.6s 469 Epoch 230/1000 completed with RMSE: 0.124696
2475.1s 470 Epoch 231/1000 completed with RMSE: 0.124447
2485.6s 471 Epoch 232/1000 completed with RMSE: 0.124599
2496.1s 472 Epoch 233/1000 completed with RMSE: 0.124396
2506.6s 473 Epoch 234/1000 completed with RMSE: 0.124821
2517.2s 474 Epoch 235/1000 completed with RMSE: 0.124824
2527.7s 475 Epoch 236/1000 completed with RMSE: 0.124592
2538.2s 476 Epoch 237/1000 completed with RMSE: 0.124734
2548.9s 477 Epoch 238/1000 completed with RMSE: 0.124705
2559.2s 478 Epoch 239/1000 completed with RMSE: 0.124751
2570.0s 479 Epoch 240/1000 completed with RMSE: 0.124628
2580.3s 480 Epoch 241/1000 completed with RMSE: 0.124343
2591.0s 481 Epoch 242/1000 completed with RMSE: 0.124560
2601.3s 482 Epoch 243/1000 completed with RMSE: 0.125129
2612.1s 483 Epoch 244/1000 completed with RMSE: 0.124464
2622.4s 484 Epoch 245/1000 completed with RMSE: 0.124512
2633.2s 485 Epoch 246/1000 completed with RMSE: 0.124178
2643.5s 486 Epoch 247/1000 completed with RMSE: 0.124296
2654.2s 487 Epoch 248/1000 completed with RMSE: 0.124489
2664.5s 488 Epoch 249/1000 completed with RMSE: 0.124724
2675.2s 489 Epoch 250/1000 completed with RMSE: 0.124584
2685.5s 490 Epoch 251/1000 completed with RMSE: 0.124442
2696.3s 491 Epoch 252/1000 completed with RMSE: 0.124201
2706.5s 492 Epoch 253/1000 completed with RMSE: 0.124240
2717.2s 493 Epoch 254/1000 completed with RMSE: 0.124550
2727.5s 494 Epoch 255/1000 completed with RMSE: 0.124287
2738.3s 495 Epoch 256/1000 completed with RMSE: 0.124309
2748.6s 496 Epoch 257/1000 completed with RMSE: 0.124269
2759.3s 497 Epoch 258/1000 completed with RMSE: 0.124247
2769.6s 498 Epoch 259/1000 completed with RMSE: 0.124175
2780.3s 499 Epoch 260/1000 completed with RMSE: 0.124365
2790.7s 500 Epoch 261/1000 completed with RMSE: 0.124036
2801.4s 501 Epoch 262/1000 completed with RMSE: 0.124139
2811.7s 502 Epoch 263/1000 completed with RMSE: 0.124129
2822.7s 503 Epoch 264/1000 completed with RMSE: 0.124019
2832.9s 504 Epoch 265/1000 completed with RMSE: 0.124378
2843.6s 505 Epoch 266/1000 completed with RMSE: 0.123979
2853.9s 506 Epoch 267/1000 completed with RMSE: 0.124136
2864.6s 507 Epoch 268/1000 completed with RMSE: 0.124217
2875.0s 508 Epoch 269/1000 completed with RMSE: 0.124163
2885.7s 509 Epoch 270/1000 completed with RMSE: 0.124057
2896.1s 510 Epoch 271/1000 completed with RMSE: 0.124329
2906.8s 511 Epoch 272/1000 completed with RMSE: 0.124136
2917.0s 512 Epoch 273/1000 completed with RMSE: 0.123967
2927.8s 513 Epoch 274/1000 completed with RMSE: 0.124058
2938.1s 514 Epoch 275/1000 completed with RMSE: 0.124127
2948.9s 515 Epoch 276/1000 completed with RMSE: 0.124079
2959.2s 516 Epoch 277/1000 completed with RMSE: 0.123991
2969.9s 517 Epoch 278/1000 completed with RMSE: 0.123860
2980.3s 518 Epoch 279/1000 completed with RMSE: 0.124052
2991.1s 519 Epoch 280/1000 completed with RMSE: 0.124189
3001.4s 520 Epoch 281/1000 completed with RMSE: 0.124378
3012.0s 521 Epoch 282/1000 completed with RMSE: 0.123980
3022.5s 522 Epoch 283/1000 completed with RMSE: 0.123937
3033.1s 523 Epoch 284/1000 completed with RMSE: 0.123817
3043.6s 524 Epoch 285/1000 completed with RMSE: 0.123881
3054.2s 525 Epoch 286/1000 completed with RMSE: 0.124038
3064.7s 526 Epoch 287/1000 completed with RMSE: 0.123675
3075.3s 527 Epoch 288/1000 completed with RMSE: 0.123743
3085.8s 528 Epoch 289/1000 completed with RMSE: 0.123813
3096.3s 529 Epoch 290/1000 completed with RMSE: 0.124114
3106.8s 530 Epoch 291/1000 completed with RMSE: 0.124170
3117.5s 531 Epoch 292/1000 completed with RMSE: 0.124222
3127.8s 532 Epoch 293/1000 completed with RMSE: 0.124160
3138.3s 533 Epoch 294/1000 completed with RMSE: 0.123814
3148.9s 534 Epoch 295/1000 completed with RMSE: 0.123931
3159.4s 535 Epoch 296/1000 completed with RMSE: 0.123888
3170.0s 536 Epoch 297/1000 completed with RMSE: 0.123770
3180.5s 537 Epoch 298/1000 completed with RMSE: 0.123801
3191.1s 538 Epoch 299/1000 completed with RMSE: 0.123819
3201.7s 539 Epoch 300/1000 completed with RMSE: 0.123690
3212.3s 540 Epoch 301/1000 completed with RMSE: 0.124030
3222.9s 541 Epoch 302/1000 completed with RMSE: 0.123795
3233.5s 542 Epoch 303/1000 completed with RMSE: 0.124076
3244.1s 543 Epoch 304/1000 completed with RMSE: 0.123943
3254.6s 544 Epoch 305/1000 completed with RMSE: 0.123775
3265.2s 545 Epoch 306/1000 completed with RMSE: 0.123973
3275.7s 546 Epoch 307/1000 completed with RMSE: 0.123851
3286.3s 547 Epoch 308/1000 completed with RMSE: 0.123629
3296.9s 548 Epoch 309/1000 completed with RMSE: 0.123897
3307.4s 549 Epoch 310/1000 completed with RMSE: 0.123862
3317.9s 550 Epoch 311/1000 completed with RMSE: 0.123999
3328.5s 551 Epoch 312/1000 completed with RMSE: 0.123785
3339.1s 552 Epoch 313/1000 completed with RMSE: 0.124063
3349.6s 553 Epoch 314/1000 completed with RMSE: 0.123825
3360.1s 554 Epoch 315/1000 completed with RMSE: 0.123817
3370.5s 555 Epoch 316/1000 completed with RMSE: 0.123848
3381.0s 556 Epoch 317/1000 completed with RMSE: 0.123522
3391.6s 557 Epoch 318/1000 completed with RMSE: 0.123729
3402.2s 558 Epoch 319/1000 completed with RMSE: 0.123964
3412.8s 559 Epoch 320/1000 completed with RMSE: 0.124086
3423.4s 560 Epoch 321/1000 completed with RMSE: 0.123906
3434.0s 561 Epoch 322/1000 completed with RMSE: 0.123584
3444.5s 562 Epoch 323/1000 completed with RMSE: 0.123921
3455.0s 563 Epoch 324/1000 completed with RMSE: 0.123771
3465.6s 564 Epoch 325/1000 completed with RMSE: 0.123815
3476.2s 565 Epoch 326/1000 completed with RMSE: 0.123759
3486.8s 566 Epoch 327/1000 completed with RMSE: 0.123466
3497.3s 567 Epoch 328/1000 completed with RMSE: 0.123640
3507.9s 568 Epoch 329/1000 completed with RMSE: 0.123934
3518.5s 569 Epoch 330/1000 completed with RMSE: 0.123816
3529.1s 570 Epoch 331/1000 completed with RMSE: 0.123523
3539.6s 571 Epoch 332/1000 completed with RMSE: 0.123530
3550.2s 572 Epoch 333/1000 completed with RMSE: 0.124127
3560.8s 573 Epoch 334/1000 completed with RMSE: 0.123898
3571.3s 574 Epoch 335/1000 completed with RMSE: 0.123550
3581.9s 575 Epoch 336/1000 completed with RMSE: 0.123398
3592.5s 576 Epoch 337/1000 completed with RMSE: 0.123548
3602.8s 577 Epoch 338/1000 completed with RMSE: 0.123570
3613.6s 578 Epoch 339/1000 completed with RMSE: 0.123920
3623.9s 579 Epoch 340/1000 completed with RMSE: 0.123633
3634.5s 580 Epoch 341/1000 completed with RMSE: 0.123460
3645.2s 581 Epoch 342/1000 completed with RMSE: 0.123557
3655.8s 582 Epoch 343/1000 completed with RMSE: 0.123591
3666.4s 583 Epoch 344/1000 completed with RMSE: 0.123732
3676.9s 584 Epoch 345/1000 completed with RMSE: 0.123649
3687.5s 585 Epoch 346/1000 completed with RMSE: 0.123480
3698.1s 586 Epoch 347/1000 completed with RMSE: 0.123597
3708.6s 587 Epoch 348/1000 completed with RMSE: 0.123433
3719.2s 588 Epoch 349/1000 completed with RMSE: 0.123546
3729.8s 589 Epoch 350/1000 completed with RMSE: 0.123741
3740.5s 590 Epoch 351/1000 completed with RMSE: 0.123833
3750.9s 591 Epoch 352/1000 completed with RMSE: 0.123635
3761.7s 592 Epoch 353/1000 completed with RMSE: 0.123787
3772.1s 593 Epoch 354/1000 completed with RMSE: 0.123641
3782.9s 594 Epoch 355/1000 completed with RMSE: 0.123508
3793.2s 595 Epoch 356/1000 completed with RMSE: 0.123616
3804.0s 596 Epoch 357/1000 completed with RMSE: 0.123531
3814.4s 597 Epoch 358/1000 completed with RMSE: 0.123318
3825.2s 598 Epoch 359/1000 completed with RMSE: 0.123602
3835.6s 599 Epoch 360/1000 completed with RMSE: 0.123566
3846.5s 600 Epoch 361/1000 completed with RMSE: 0.123473
3856.8s 601 Epoch 362/1000 completed with RMSE: 0.123717
3867.6s 602 Epoch 363/1000 completed with RMSE: 0.123601
3878.0s 603 Epoch 364/1000 completed with RMSE: 0.123645
3888.8s 604 Epoch 365/1000 completed with RMSE: 0.123460
3899.1s 605 Epoch 366/1000 completed with RMSE: 0.123522
3910.1s 606 Epoch 367/1000 completed with RMSE: 0.123469
3920.4s 607 Epoch 368/1000 completed with RMSE: 0.123587
3931.2s 608 Epoch 369/1000 completed with RMSE: 0.123531
3941.6s 609 Epoch 370/1000 completed with RMSE: 0.123821
3952.5s 610 Epoch 371/1000 completed with RMSE: 0.123454
3962.8s 611 Epoch 372/1000 completed with RMSE: 0.123512
3973.5s 612 Epoch 373/1000 completed with RMSE: 0.123434
3984.1s 613 Epoch 374/1000 completed with RMSE: 0.123563
3994.7s 614 Epoch 375/1000 completed with RMSE: 0.123582
4005.3s 615 Epoch 376/1000 completed with RMSE: 0.123212
4015.9s 616 Epoch 377/1000 completed with RMSE: 0.123358
4026.2s 617 Epoch 378/1000 completed with RMSE: 0.123423
4037.0s 618 Epoch 379/1000 completed with RMSE: 0.123566
4047.4s 619 Epoch 380/1000 completed with RMSE: 0.123339
4058.0s 620 Epoch 381/1000 completed with RMSE: 0.123393
4068.4s 621 Epoch 382/1000 completed with RMSE: 0.123462
4079.0s 622 Epoch 383/1000 completed with RMSE: 0.123351
4089.6s 623 Epoch 384/1000 completed with RMSE: 0.123579
4100.3s 624 Epoch 385/1000 completed with RMSE: 0.123448
4110.6s 625 Epoch 386/1000 completed with RMSE: 0.123649
4121.2s 626 Epoch 387/1000 completed with RMSE: 0.123938
4131.8s 627 Epoch 388/1000 completed with RMSE: 0.123548
4142.4s 628 Epoch 389/1000 completed with RMSE: 0.123252
4152.9s 629 Epoch 390/1000 completed with RMSE: 0.123244
4163.6s 630 Epoch 391/1000 completed with RMSE: 0.123353
4174.1s 631 Epoch 392/1000 completed with RMSE: 0.123454
4184.7s 632 Epoch 393/1000 completed with RMSE: 0.123253
4195.1s 633 Epoch 394/1000 completed with RMSE: 0.123390
4205.7s 634 Epoch 395/1000 completed with RMSE: 0.123367
4216.3s 635 Epoch 396/1000 completed with RMSE: 0.123564
4227.2s 636 Epoch 397/1000 completed with RMSE: 0.123545
4237.8s 637 Epoch 398/1000 completed with RMSE: 0.123306
4248.2s 638 Epoch 399/1000 completed with RMSE: 0.123072
4259.1s 639 Epoch 400/1000 completed with RMSE: 0.123343
4269.6s 640 Epoch 401/1000 completed with RMSE: 0.123159
4280.2s 641 Epoch 402/1000 completed with RMSE: 0.123216
4290.9s 642 Epoch 403/1000 completed with RMSE: 0.123118
4301.6s 643 Epoch 404/1000 completed with RMSE: 0.123175
4312.3s 644 Epoch 405/1000 completed with RMSE: 0.123279
4323.0s 645 Epoch 406/1000 completed with RMSE: 0.123185
4333.4s 646 Epoch 407/1000 completed with RMSE: 0.123370
4344.3s 647 Epoch 408/1000 completed with RMSE: 0.123321
4354.7s 648 Epoch 409/1000 completed with RMSE: 0.123245
4365.3s 649 Epoch 410/1000 completed with RMSE: 0.123615
4375.8s 650 Epoch 411/1000 completed with RMSE: 0.123103
4386.5s 651 Epoch 412/1000 completed with RMSE: 0.123424
4396.8s 652 Epoch 413/1000 completed with RMSE: 0.123456
4407.7s 653 Epoch 414/1000 completed with RMSE: 0.123283
4418.0s 654 Epoch 415/1000 completed with RMSE: 0.123116
4428.7s 655 Epoch 416/1000 completed with RMSE: 0.123405
4439.0s 656 Epoch 417/1000 completed with RMSE: 0.123206
4449.7s 657 Epoch 418/1000 completed with RMSE: 0.123550
4460.3s 658 Epoch 419/1000 completed with RMSE: 0.123197
4470.6s 659 Epoch 420/1000 completed with RMSE: 0.123172
4481.2s 660 Epoch 421/1000 completed with RMSE: 0.123072
4491.8s 661 Epoch 422/1000 completed with RMSE: 0.123094
4502.4s 662 Epoch 423/1000 completed with RMSE: 0.123242
4512.8s 663 Epoch 424/1000 completed with RMSE: 0.123534
4523.4s 664 Epoch 425/1000 completed with RMSE: 0.123074
4534.0s 665 Epoch 426/1000 completed with RMSE: 0.123340
4544.6s 666 Epoch 427/1000 completed with RMSE: 0.123198
4555.0s 667 Epoch 428/1000 completed with RMSE: 0.123079
4565.6s 668 Epoch 429/1000 completed with RMSE: 0.122969
4576.3s 669 Epoch 430/1000 completed with RMSE: 0.123187
4587.0s 670 Epoch 431/1000 completed with RMSE: 0.123279
4597.4s 671 Epoch 432/1000 completed with RMSE: 0.123258
4608.3s 672 Epoch 433/1000 completed with RMSE: 0.123172
4618.8s 673 Epoch 434/1000 completed with RMSE: 0.123229
4629.5s 674 Epoch 435/1000 completed with RMSE: 0.123292
4640.0s 675 Epoch 436/1000 completed with RMSE: 0.123464
4650.9s 676 Epoch 437/1000 completed with RMSE: 0.123370
4661.3s 677 Epoch 438/1000 completed with RMSE: 0.123148
4672.1s 678 Epoch 439/1000 completed with RMSE: 0.123406
4682.6s 679 Epoch 440/1000 completed with RMSE: 0.123624
4693.3s 680 Epoch 441/1000 completed with RMSE: 0.123277
4703.8s 681 Epoch 442/1000 completed with RMSE: 0.123093
4714.5s 682 Epoch 443/1000 completed with RMSE: 0.123168
4725.2s 683 Epoch 444/1000 completed with RMSE: 0.123036
4735.9s 684 Epoch 445/1000 completed with RMSE: 0.123188
4746.4s 685 Epoch 446/1000 completed with RMSE: 0.123309
4757.1s 686 Epoch 447/1000 completed with RMSE: 0.123429
4767.9s 687 Epoch 448/1000 completed with RMSE: 0.123403
4778.5s 688 Epoch 449/1000 completed with RMSE: 0.123204
4789.0s 689 Epoch 450/1000 completed with RMSE: 0.122874
4799.7s 690 Epoch 451/1000 completed with RMSE: 0.122993
4810.4s 691 Epoch 452/1000 completed with RMSE: 0.123088
4821.0s 692 Epoch 453/1000 completed with RMSE: 0.123169
4831.7s 693 Epoch 454/1000 completed with RMSE: 0.123064
4842.2s 694 Epoch 455/1000 completed with RMSE: 0.123412
4852.9s 695 Epoch 456/1000 completed with RMSE: 0.123217
4863.6s 696 Epoch 457/1000 completed with RMSE: 0.123046
4874.2s 697 Epoch 458/1000 completed with RMSE: 0.123022
4884.6s 698 Epoch 459/1000 completed with RMSE: 0.123160
4895.3s 699 Epoch 460/1000 completed with RMSE: 0.123246
4905.8s 700 Epoch 461/1000 completed with RMSE: 0.123109
4916.5s 701 Epoch 462/1000 completed with RMSE: 0.123339
4926.9s 702 Epoch 463/1000 completed with RMSE: 0.123278
4937.7s 703 Epoch 464/1000 completed with RMSE: 0.122944
4948.3s 704 Epoch 465/1000 completed with RMSE: 0.123152
4958.7s 705 Epoch 466/1000 completed with RMSE: 0.123216
4969.4s 706 Epoch 467/1000 completed with RMSE: 0.123210
4980.1s 707 Epoch 468/1000 completed with RMSE: 0.123117
4990.8s 708 Epoch 469/1000 completed with RMSE: 0.122959
5001.3s 709 Epoch 470/1000 completed with RMSE: 0.123231
5012.0s 710 Epoch 471/1000 completed with RMSE: 0.123091
5022.7s 711 Epoch 472/1000 completed with RMSE: 0.123062
5033.3s 712 Epoch 473/1000 completed with RMSE: 0.123266
5043.8s 713 Epoch 474/1000 completed with RMSE: 0.123070
5054.5s 714 Epoch 475/1000 completed with RMSE: 0.122852
5064.9s 715 Epoch 476/1000 completed with RMSE: 0.123010
5075.5s 716 Epoch 477/1000 completed with RMSE: 0.123324
5086.0s 717 Epoch 478/1000 completed with RMSE: 0.123103
5096.7s 718 Epoch 479/1000 completed with RMSE: 0.123168
5107.4s 719 Epoch 480/1000 completed with RMSE: 0.123050
5118.1s 720 Epoch 481/1000 completed with RMSE: 0.122984
5128.5s 721 Epoch 482/1000 completed with RMSE: 0.123009
5139.2s 722 Epoch 483/1000 completed with RMSE: 0.123099
5149.7s 723 Epoch 484/1000 completed with RMSE: 0.123208
5160.4s 724 Epoch 485/1000 completed with RMSE: 0.123250
5171.1s 725 Epoch 486/1000 completed with RMSE: 0.123308
5181.5s 726 Epoch 487/1000 completed with RMSE: 0.123324
5192.2s 727 Epoch 488/1000 completed with RMSE: 0.122964
5202.7s 728 Epoch 489/1000 completed with RMSE: 0.123060
5213.6s 729 Epoch 490/1000 completed with RMSE: 0.122994
5224.1s 730 Epoch 491/1000 completed with RMSE: 0.123081
5234.8s 731 Epoch 492/1000 completed with RMSE: 0.123285
5245.3s 732 Epoch 493/1000 completed with RMSE: 0.122825
5256.0s 733 Epoch 494/1000 completed with RMSE: 0.123091
5266.4s 734 Epoch 495/1000 completed with RMSE: 0.123091
5277.2s 735 Epoch 496/1000 completed with RMSE: 0.122916
5287.9s 736 Epoch 497/1000 completed with RMSE: 0.122997
5298.3s 737 Epoch 498/1000 completed with RMSE: 0.123048
5309.1s 738 Epoch 499/1000 completed with RMSE: 0.123101
5319.6s 739 Epoch 500/1000 completed with RMSE: 0.122937
5330.4s 740 Epoch 501/1000 completed with RMSE: 0.123058
5341.0s 741 Epoch 502/1000 completed with RMSE: 0.122952
5351.5s 742 Epoch 503/1000 completed with RMSE: 0.122884
5362.2s 743 Epoch 504/1000 completed with RMSE: 0.123319
5373.0s 744 Epoch 505/1000 completed with RMSE: 0.123072
5383.4s 745 Epoch 506/1000 completed with RMSE: 0.122967
5394.2s 746 Epoch 507/1000 completed with RMSE: 0.123076
5404.7s 747 Epoch 508/1000 completed with RMSE: 0.122862
5415.4s 748 Epoch 509/1000 completed with RMSE: 0.123160
5425.9s 749 Epoch 510/1000 completed with RMSE: 0.123410
5436.6s 750 Epoch 511/1000 completed with RMSE: 0.122977
5447.3s 751 Epoch 512/1000 completed with RMSE: 0.122759
5457.8s 752 Epoch 513/1000 completed with RMSE: 0.122951
5468.5s 753 Epoch 514/1000 completed with RMSE: 0.123262
5479.0s 754 Epoch 515/1000 completed with RMSE: 0.123056
5489.7s 755 Epoch 516/1000 completed with RMSE: 0.122985
5500.5s 756 Epoch 517/1000 completed with RMSE: 0.123051
5511.2s 757 Epoch 518/1000 completed with RMSE: 0.123310
5521.6s 758 Epoch 519/1000 completed with RMSE: 0.123010
5532.4s 759 Epoch 520/1000 completed with RMSE: 0.122944
5542.9s 760 Epoch 521/1000 completed with RMSE: 0.122982
5553.7s 761 Epoch 522/1000 completed with RMSE: 0.122910
5564.4s 762 Epoch 523/1000 completed with RMSE: 0.122978
5575.2s 763 Epoch 524/1000 completed with RMSE: 0.122938
5585.7s 764 Epoch 525/1000 completed with RMSE: 0.122795
5596.3s 765 Epoch 526/1000 completed with RMSE: 0.122933
5607.0s 766 Epoch 527/1000 completed with RMSE: 0.122988
5617.4s 767 Epoch 528/1000 completed with RMSE: 0.123112
5628.2s 768 Epoch 529/1000 completed with RMSE: 0.123044
5638.7s 769 Epoch 530/1000 completed with RMSE: 0.122825
5649.4s 770 Epoch 531/1000 completed with RMSE: 0.122882
5660.0s 771 Epoch 532/1000 completed with RMSE: 0.122702
5670.7s 772 Epoch 533/1000 completed with RMSE: 0.123013
5681.4s 773 Epoch 534/1000 completed with RMSE: 0.122814
5692.1s 774 Epoch 535/1000 completed with RMSE: 0.122886
5702.6s 775 Epoch 536/1000 completed with RMSE: 0.122889
5713.3s 776 Epoch 537/1000 completed with RMSE: 0.122742
5723.8s 777 Epoch 538/1000 completed with RMSE: 0.122980
5734.6s 778 Epoch 539/1000 completed with RMSE: 0.123022
5745.1s 779 Epoch 540/1000 completed with RMSE: 0.122747
5755.8s 780 Epoch 541/1000 completed with RMSE: 0.123061
5766.3s 781 Epoch 542/1000 completed with RMSE: 0.122971
5777.1s 782 Epoch 543/1000 completed with RMSE: 0.122966
5787.6s 783 Epoch 544/1000 completed with RMSE: 0.122995
5798.3s 784 Epoch 545/1000 completed with RMSE: 0.122876
5809.0s 785 Epoch 546/1000 completed with RMSE: 0.122910
5819.5s 786 Epoch 547/1000 completed with RMSE: 0.122956
5830.2s 787 Epoch 548/1000 completed with RMSE: 0.123011
5840.6s 788 Epoch 549/1000 completed with RMSE: 0.122975
5851.3s 789 Epoch 550/1000 completed with RMSE: 0.122863
5861.8s 790 Epoch 551/1000 completed with RMSE: 0.122906
5872.5s 791 Epoch 552/1000 completed with RMSE: 0.122928
5883.0s 792 Epoch 553/1000 completed with RMSE: 0.122700
5893.7s 793 Epoch 554/1000 completed with RMSE: 0.122725
5904.2s 794 Epoch 555/1000 completed with RMSE: 0.122849
5915.0s 795 Epoch 556/1000 completed with RMSE: 0.123089
5925.5s 796 Epoch 557/1000 completed with RMSE: 0.122906
5936.3s 797 Epoch 558/1000 completed with RMSE: 0.122909
5947.0s 798 Epoch 559/1000 completed with RMSE: 0.123058
5957.5s 799 Epoch 560/1000 completed with RMSE: 0.123041
5968.2s 800 Epoch 561/1000 completed with RMSE: 0.123000
5978.7s 801 Epoch 562/1000 completed with RMSE: 0.122737
5989.7s 802 Epoch 563/1000 completed with RMSE: 0.122790
6000.3s 803 Epoch 564/1000 completed with RMSE: 0.122734
6011.1s 804 Epoch 565/1000 completed with RMSE: 0.122986
6021.6s 805 Epoch 566/1000 completed with RMSE: 0.122797
6032.4s 806 Epoch 567/1000 completed with RMSE: 0.122867
6043.0s 807 Epoch 568/1000 completed with RMSE: 0.122831
6053.7s 808 Epoch 569/1000 completed with RMSE: 0.122683
6064.2s 809 Epoch 570/1000 completed with RMSE: 0.122804
6074.7s 810 Epoch 571/1000 completed with RMSE: 0.122700
6085.5s 811 Epoch 572/1000 completed with RMSE: 0.122882
6096.4s 812 Epoch 573/1000 completed with RMSE: 0.122844
6107.2s 813 Epoch 574/1000 completed with RMSE: 0.122822
6117.8s 814 Epoch 575/1000 completed with RMSE: 0.122826
6128.2s 815 Epoch 576/1000 completed with RMSE: 0.123015
6138.8s 816 Epoch 577/1000 completed with RMSE: 0.122723
6149.5s 817 Epoch 578/1000 completed with RMSE: 0.122871
6160.0s 818 Epoch 579/1000 completed with RMSE: 0.122875
6170.7s 819 Epoch 580/1000 completed with RMSE: 0.122808
6181.2s 820 Epoch 581/1000 completed with RMSE: 0.122922
6192.0s 821 Epoch 582/1000 completed with RMSE: 0.122801
6202.5s 822 Epoch 583/1000 completed with RMSE: 0.122690
6213.3s 823 Epoch 584/1000 completed with RMSE: 0.122890
6224.0s 824 Epoch 585/1000 completed with RMSE: 0.123066
6234.5s 825 Epoch 586/1000 completed with RMSE: 0.122938
6245.2s 826 Epoch 587/1000 completed with RMSE: 0.122848
6255.8s 827 Epoch 588/1000 completed with RMSE: 0.122733
6266.3s 828 Epoch 589/1000 completed with RMSE: 0.122867
6277.0s 829 Epoch 590/1000 completed with RMSE: 0.122984
6287.6s 830 Epoch 591/1000 completed with RMSE: 0.122837
6298.3s 831 Epoch 592/1000 completed with RMSE: 0.122775
6308.8s 832 Epoch 593/1000 completed with RMSE: 0.122768
6319.6s 833 Epoch 594/1000 completed with RMSE: 0.122866
6330.1s 834 Epoch 595/1000 completed with RMSE: 0.122795
6340.9s 835 Epoch 596/1000 completed with RMSE: 0.122687
6351.4s 836 Epoch 597/1000 completed with RMSE: 0.122829
6362.1s 837 Epoch 598/1000 completed with RMSE: 0.122802
6372.5s 838 Epoch 599/1000 completed with RMSE: 0.122808
6383.3s 839 Epoch 600/1000 completed with RMSE: 0.122787
6393.9s 840 Epoch 601/1000 completed with RMSE: 0.122733
6404.3s 841 Epoch 602/1000 completed with RMSE: 0.122738
6415.1s 842 Epoch 603/1000 completed with RMSE: 0.122616
6425.6s 843 Epoch 604/1000 completed with RMSE: 0.122801
6436.4s 844 Epoch 605/1000 completed with RMSE: 0.123065
6446.9s 845 Epoch 606/1000 completed with RMSE: 0.123064
6457.6s 846 Epoch 607/1000 completed with RMSE: 0.122808
6468.1s 847 Epoch 608/1000 completed with RMSE: 0.122703
6478.9s 848 Epoch 609/1000 completed with RMSE: 0.122644
6489.4s 849 Epoch 610/1000 completed with RMSE: 0.122959
6500.2s 850 Epoch 611/1000 completed with RMSE: 0.122870
6510.7s 851 Epoch 612/1000 completed with RMSE: 0.122885
6521.3s 852 Epoch 613/1000 completed with RMSE: 0.122798
6532.1s 853 Epoch 614/1000 completed with RMSE: 0.122723
6542.7s 854 Epoch 615/1000 completed with RMSE: 0.122888
6553.6s 855 Epoch 616/1000 completed with RMSE: 0.123063
6564.2s 856 Epoch 617/1000 completed with RMSE: 0.122671
6575.0s 857 Epoch 618/1000 completed with RMSE: 0.122800
6585.6s 858 Epoch 619/1000 completed with RMSE: 0.122703
6596.4s 859 Epoch 620/1000 completed with RMSE: 0.122872
6607.0s 860 Epoch 621/1000 completed with RMSE: 0.123128
6617.5s 861 Epoch 622/1000 completed with RMSE: 0.122889
6628.3s 862 Epoch 623/1000 completed with RMSE: 0.122771
6638.9s 863 Epoch 624/1000 completed with RMSE: 0.122653
6649.5s 864 Epoch 625/1000 completed with RMSE: 0.122702
6660.3s 865 Epoch 626/1000 completed with RMSE: 0.122769
6671.2s 866 Epoch 627/1000 completed with RMSE: 0.122781
6681.7s 867 Epoch 628/1000 completed with RMSE: 0.122734
6692.5s 868 Epoch 629/1000 completed with RMSE: 0.122691
6702.9s 869 Epoch 630/1000 completed with RMSE: 0.122836
6713.7s 870 Epoch 631/1000 completed with RMSE: 0.122964
6724.2s 871 Epoch 632/1000 completed with RMSE: 0.122797
6734.8s 872 Epoch 633/1000 completed with RMSE: 0.122989
6745.3s 873 Epoch 634/1000 completed with RMSE: 0.122605
6756.1s 874 Epoch 635/1000 completed with RMSE: 0.122519
6766.6s 875 Epoch 636/1000 completed with RMSE: 0.122598
6777.4s 876 Epoch 637/1000 completed with RMSE: 0.122885
6787.9s 877 Epoch 638/1000 completed with RMSE: 0.122735
6798.6s 878 Epoch 639/1000 completed with RMSE: 0.122676
6809.4s 879 Epoch 640/1000 completed with RMSE: 0.122613
6819.9s 880 Epoch 641/1000 completed with RMSE: 0.122599
6830.5s 881 Epoch 642/1000 completed with RMSE: 0.122716
6841.0s 882 Epoch 643/1000 completed with RMSE: 0.122733
6851.8s 883 Epoch 644/1000 completed with RMSE: 0.122591
6862.4s 884 Epoch 645/1000 completed with RMSE: 0.122874
6873.2s 885 Epoch 646/1000 completed with RMSE: 0.122653
6883.7s 886 Epoch 647/1000 completed with RMSE: 0.122726
6894.3s 887 Epoch 648/1000 completed with RMSE: 0.122928
6905.1s 888 Epoch 649/1000 completed with RMSE: 0.122665
6915.6s 889 Epoch 650/1000 completed with RMSE: 0.122673
6926.4s 890 Epoch 651/1000 completed with RMSE: 0.122712
6936.9s 891 Epoch 652/1000 completed with RMSE: 0.122625
6947.7s 892 Epoch 653/1000 completed with RMSE: 0.123032
6958.3s 893 Epoch 654/1000 completed with RMSE: 0.122759
6968.9s 894 Epoch 655/1000 completed with RMSE: 0.122781
6979.7s 895 Epoch 656/1000 completed with RMSE: 0.122665
6990.3s 896 Epoch 657/1000 completed with RMSE: 0.122771
7001.0s 897 Epoch 658/1000 completed with RMSE: 0.122681
7011.9s 898 Epoch 659/1000 completed with RMSE: 0.122890
7022.8s 899 Epoch 660/1000 completed with RMSE: 0.122807
7033.3s 900 Epoch 661/1000 completed with RMSE: 0.122573
7043.9s 901 Epoch 662/1000 completed with RMSE: 0.122701
7054.5s 902 Epoch 663/1000 completed with RMSE: 0.122981
7065.3s 903 Epoch 664/1000 completed with RMSE: 0.122727
7075.8s 904 Epoch 665/1000 completed with RMSE: 0.122701
7086.4s 905 Epoch 666/1000 completed with RMSE: 0.122675
7097.2s 906 Epoch 667/1000 completed with RMSE: 0.122629
7107.8s 907 Epoch 668/1000 completed with RMSE: 0.122639
7118.6s 908 Epoch 669/1000 completed with RMSE: 0.122611
7129.1s 909 Epoch 670/1000 completed with RMSE: 0.122805
7139.6s 910 Epoch 671/1000 completed with RMSE: 0.122665
7150.3s 911 Epoch 672/1000 completed with RMSE: 0.122542
7161.1s 912 Epoch 673/1000 completed with RMSE: 0.122544
7171.6s 913 Epoch 674/1000 completed with RMSE: 0.122737
7182.2s 914 Epoch 675/1000 completed with RMSE: 0.122872
7193.0s 915 Epoch 676/1000 completed with RMSE: 0.122969
7203.6s 916 Epoch 677/1000 completed with RMSE: 0.122526
7214.5s 917 Epoch 678/1000 completed with RMSE: 0.122539
7225.1s 918 Epoch 679/1000 completed with RMSE: 0.122574
7235.9s 919 Epoch 680/1000 completed with RMSE: 0.122654
7246.4s 920 Epoch 681/1000 completed with RMSE: 0.122583
7257.3s 921 Epoch 682/1000 completed with RMSE: 0.122534
7267.9s 922 Epoch 683/1000 completed with RMSE: 0.122837
7278.4s 923 Epoch 684/1000 completed with RMSE: 0.122706
7289.3s 924 Epoch 685/1000 completed with RMSE: 0.122588
7299.9s 925 Epoch 686/1000 completed with RMSE: 0.122714
7310.6s 926 Epoch 687/1000 completed with RMSE: 0.122693
7321.2s 927 Epoch 688/1000 completed with RMSE: 0.122865
7332.1s 928 Epoch 689/1000 completed with RMSE: 0.122812
7342.5s 929 Epoch 690/1000 completed with RMSE: 0.122721
7353.3s 930 Epoch 691/1000 completed with RMSE: 0.122688
7363.9s 931 Epoch 692/1000 completed with RMSE: 0.122751
7374.5s 932 Epoch 693/1000 completed with RMSE: 0.122650
7385.3s 933 Epoch 694/1000 completed with RMSE: 0.122671
7395.8s 934 Epoch 695/1000 completed with RMSE: 0.122609
7406.7s 935 Epoch 696/1000 completed with RMSE: 0.122501
7417.2s 936 Epoch 697/1000 completed with RMSE: 0.122694
7427.9s 937 Epoch 698/1000 completed with RMSE: 0.122555
7438.3s 938 Epoch 699/1000 completed with RMSE: 0.122550
7449.3s 939 Epoch 700/1000 completed with RMSE: 0.122706
7459.9s 940 Epoch 701/1000 completed with RMSE: 0.122668
7470.5s 941 Epoch 702/1000 completed with RMSE: 0.122756
7481.3s 942 Epoch 703/1000 completed with RMSE: 0.122652
7491.9s 943 Epoch 704/1000 completed with RMSE: 0.122600
7502.8s 944 Epoch 705/1000 completed with RMSE: 0.122647
7513.4s 945 Epoch 706/1000 completed with RMSE: 0.122480
7523.9s 946 Epoch 707/1000 completed with RMSE: 0.122591
7534.5s 947 Epoch 708/1000 completed with RMSE: 0.122532
7545.4s 948 Epoch 709/1000 completed with RMSE: 0.122507
7556.0s 949 Epoch 710/1000 completed with RMSE: 0.122540
7566.6s 950 Epoch 711/1000 completed with RMSE: 0.122770
7577.5s 951 Epoch 712/1000 completed with RMSE: 0.122966
7588.0s 952 Epoch 713/1000 completed with RMSE: 0.122671
7598.6s 953 Epoch 714/1000 completed with RMSE: 0.122821
7609.2s 954 Epoch 715/1000 completed with RMSE: 0.122505
7620.1s 955 Epoch 716/1000 completed with RMSE: 0.122546
7630.7s 956 Epoch 717/1000 completed with RMSE: 0.122682
7641.3s 957 Epoch 718/1000 completed with RMSE: 0.122843
7651.9s 958 Epoch 719/1000 completed with RMSE: 0.122536
7662.5s 959 Epoch 720/1000 completed with RMSE: 0.122600
7673.4s 960 Epoch 721/1000 completed with RMSE: 0.122598
7683.9s 961 Epoch 722/1000 completed with RMSE: 0.122607
7694.8s 962 Epoch 723/1000 completed with RMSE: 0.122739
7705.4s 963 Epoch 724/1000 completed with RMSE: 0.122607
7715.9s 964 Epoch 725/1000 completed with RMSE: 0.122652
7726.6s 965 Epoch 726/1000 completed with RMSE: 0.122528
7737.1s 966 Epoch 727/1000 completed with RMSE: 0.122787
7748.0s 967 Epoch 728/1000 completed with RMSE: 0.122607
7758.6s 968 Epoch 729/1000 completed with RMSE: 0.122482
7769.4s 969 Epoch 730/1000 completed with RMSE: 0.122596
7780.0s 970 Epoch 731/1000 completed with RMSE: 0.122691
7790.6s 971 Epoch 732/1000 completed with RMSE: 0.122972
7801.2s 972 Epoch 733/1000 completed with RMSE: 0.122754
7811.8s 973 Epoch 734/1000 completed with RMSE: 0.122537
7822.8s 974 Epoch 735/1000 completed with RMSE: 0.122521
7833.3s 975 Epoch 736/1000 completed with RMSE: 0.122358
7843.9s 976 Epoch 737/1000 completed with RMSE: 0.122825
7854.5s 977 Epoch 738/1000 completed with RMSE: 0.122532
7865.4s 978 Epoch 739/1000 completed with RMSE: 0.122794
7876.0s 979 Epoch 740/1000 completed with RMSE: 0.122473
7886.6s 980 Epoch 741/1000 completed with RMSE: 0.122449
7897.1s 981 Epoch 742/1000 completed with RMSE: 0.122456
7908.0s 982 Epoch 743/1000 completed with RMSE: 0.122545
7918.5s 983 Epoch 744/1000 completed with RMSE: 0.122404
7929.1s 984 Epoch 745/1000 completed with RMSE: 0.122527
7939.9s 985 Epoch 746/1000 completed with RMSE: 0.122526
7950.4s 986 Epoch 747/1000 completed with RMSE: 0.122531
7960.9s 987 Epoch 748/1000 completed with RMSE: 0.122448
7971.4s 988 Epoch 749/1000 completed with RMSE: 0.122595
7982.0s 989 Epoch 750/1000 completed with RMSE: 0.122273
7992.5s 990 Epoch 751/1000 completed with RMSE: 0.122470
8003.3s 991 Epoch 752/1000 completed with RMSE: 0.122670
8013.8s 992 Epoch 753/1000 completed with RMSE: 0.122599
8024.3s 993 Epoch 754/1000 completed with RMSE: 0.122587
8035.2s 994 Epoch 755/1000 completed with RMSE: 0.122541
8045.5s 995 Epoch 756/1000 completed with RMSE: 0.122489
8056.2s 996 Epoch 757/1000 completed with RMSE: 0.122717
8066.7s 997 Epoch 758/1000 completed with RMSE: 0.122688
8077.4s 998 Epoch 759/1000 completed with RMSE: 0.122573
8088.2s 999 Epoch 760/1000 completed with RMSE: 0.122488
8098.8s 1000 Epoch 761/1000 completed with RMSE: 0.122638
8109.3s 1001 Epoch 762/1000 completed with RMSE: 0.122750
8119.8s 1002 Epoch 763/1000 completed with RMSE: 0.122825
8130.6s 1003 Epoch 764/1000 completed with RMSE: 0.122495
8140.9s 1004 Epoch 765/1000 completed with RMSE: 0.122563
8151.6s 1005 Epoch 766/1000 completed with RMSE: 0.122586
8162.1s 1006 Epoch 767/1000 completed with RMSE: 0.122713
8172.7s 1007 Epoch 768/1000 completed with RMSE: 0.122649
8183.4s 1008 Epoch 769/1000 completed with RMSE: 0.122759
8193.9s 1009 Epoch 770/1000 completed with RMSE: 0.122547
8204.5s 1010 Epoch 771/1000 completed with RMSE: 0.122395
8215.0s 1011 Epoch 772/1000 completed with RMSE: 0.122402
8225.6s 1012 Epoch 773/1000 completed with RMSE: 0.122490
8236.4s 1013 Epoch 774/1000 completed with RMSE: 0.122589
8247.0s 1014 Epoch 775/1000 completed with RMSE: 0.122599
8257.9s 1015 Epoch 776/1000 completed with RMSE: 0.122767
8268.5s 1016 Epoch 777/1000 completed with RMSE: 0.122679
8279.3s 1017 Epoch 778/1000 completed with RMSE: 0.122514
8289.7s 1018 Epoch 779/1000 completed with RMSE: 0.122386
8300.5s 1019 Epoch 780/1000 completed with RMSE: 0.122314
8311.1s 1020 Epoch 781/1000 completed with RMSE: 0.122577
8321.7s 1021 Epoch 782/1000 completed with RMSE: 0.122535
8332.5s 1022 Epoch 783/1000 completed with RMSE: 0.122535
8343.0s 1023 Epoch 784/1000 completed with RMSE: 0.122476
8354.0s 1024 Epoch 785/1000 completed with RMSE: 0.122505
8364.5s 1025 Epoch 786/1000 completed with RMSE: 0.122416
8375.0s 1026 Epoch 787/1000 completed with RMSE: 0.122758
8385.6s 1027 Epoch 788/1000 completed with RMSE: 0.122581
8396.1s 1028 Epoch 789/1000 completed with RMSE: 0.122642
8406.9s 1029 Epoch 790/1000 completed with RMSE: 0.122469
8417.4s 1030 Epoch 791/1000 completed with RMSE: 0.122490
8428.0s 1031 Epoch 792/1000 completed with RMSE: 0.122459
8438.5s 1032 Epoch 793/1000 completed with RMSE: 0.122345
8449.4s 1033 Epoch 794/1000 completed with RMSE: 0.122577
8459.6s 1034 Epoch 795/1000 completed with RMSE: 0.122533
8470.4s 1035 Epoch 796/1000 completed with RMSE: 0.122460
8481.0s 1036 Epoch 797/1000 completed with RMSE: 0.122439
8491.6s 1037 Epoch 798/1000 completed with RMSE: 0.122676
8502.5s 1038 Epoch 799/1000 completed with RMSE: 0.122351
8512.8s 1039 Epoch 800/1000 completed with RMSE: 0.122338
8523.8s 1040 Epoch 801/1000 completed with RMSE: 0.122721
8534.6s 1041 Epoch 802/1000 completed with RMSE: 0.122646
8545.4s 1042 Epoch 803/1000 completed with RMSE: 0.122412
8556.2s 1043 Epoch 804/1000 completed with RMSE: 0.122404
8567.0s 1044 Epoch 805/1000 completed with RMSE: 0.122510
8578.1s 1045 Epoch 806/1000 completed with RMSE: 0.122432
8588.9s 1046 Epoch 807/1000 completed with RMSE: 0.122459
8599.7s 1047 Epoch 808/1000 completed with RMSE: 0.122472
8610.5s 1048 Epoch 809/1000 completed with RMSE: 0.122474
8621.3s 1049 Epoch 810/1000 completed with RMSE: 0.122532
8632.1s 1050 Epoch 811/1000 completed with RMSE: 0.122405
8642.9s 1051 Epoch 812/1000 completed with RMSE: 0.122410
8654.0s 1052 Epoch 813/1000 completed with RMSE: 0.122615
8664.8s 1053 Epoch 814/1000 completed with RMSE: 0.122514
8675.6s 1054 Epoch 815/1000 completed with RMSE: 0.122412
8686.4s 1055 Epoch 816/1000 completed with RMSE: 0.122337
8697.2s 1056 Epoch 817/1000 completed with RMSE: 0.122739
8708.0s 1057 Epoch 818/1000 completed with RMSE: 0.122846
8718.8s 1058 Epoch 819/1000 completed with RMSE: 0.122414
8729.9s 1059 Epoch 820/1000 completed with RMSE: 0.122512
8740.7s 1060 Epoch 821/1000 completed with RMSE: 0.122573
8751.5s 1061 Epoch 822/1000 completed with RMSE: 0.122285
8762.2s 1062 Epoch 823/1000 completed with RMSE: 0.122485
8773.0s 1063 Epoch 824/1000 completed with RMSE: 0.122375
8783.9s 1064 Epoch 825/1000 completed with RMSE: 0.122421
8794.7s 1065 Epoch 826/1000 completed with RMSE: 0.122531
8805.8s 1066 Epoch 827/1000 completed with RMSE: 0.122437
8816.6s 1067 Epoch 828/1000 completed with RMSE: 0.122429
8827.4s 1068 Epoch 829/1000 completed with RMSE: 0.122706
8838.3s 1069 Epoch 830/1000 completed with RMSE: 0.122457
8849.1s 1070 Epoch 831/1000 completed with RMSE: 0.122377
8859.8s 1071 Epoch 832/1000 completed with RMSE: 0.122464
8870.7s 1072 Epoch 833/1000 completed with RMSE: 0.122519
8881.7s 1073 Epoch 834/1000 completed with RMSE: 0.122373
8892.5s 1074 Epoch 835/1000 completed with RMSE: 0.122460
8903.4s 1075 Epoch 836/1000 completed with RMSE: 0.122645
8914.2s 1076 Epoch 837/1000 completed with RMSE: 0.122566
8925.0s 1077 Epoch 838/1000 completed with RMSE: 0.122454
8935.8s 1078 Epoch 839/1000 completed with RMSE: 0.122353
8946.6s 1079 Epoch 840/1000 completed with RMSE: 0.122580
8957.7s 1080 Epoch 841/1000 completed with RMSE: 0.122497
8968.2s 1081 Epoch 842/1000 completed with RMSE: 0.122364
8979.3s 1082 Epoch 843/1000 completed with RMSE: 0.122318
8990.2s 1083 Epoch 844/1000 completed with RMSE: 0.122601
9001.0s 1084 Epoch 845/1000 completed with RMSE: 0.122663
9011.8s 1085 Epoch 846/1000 completed with RMSE: 0.122652
9022.7s 1086 Epoch 847/1000 completed with RMSE: 0.122506
9033.7s 1087 Epoch 848/1000 completed with RMSE: 0.122453
9044.2s 1088 Epoch 849/1000 completed with RMSE: 0.122255
9055.4s 1089 Epoch 850/1000 completed with RMSE: 0.122483
9065.9s 1090 Epoch 851/1000 completed with RMSE: 0.122652
9076.9s 1091 Epoch 852/1000 completed with RMSE: 0.122474
9087.7s 1092 Epoch 853/1000 completed with RMSE: 0.122333
9098.5s 1093 Epoch 854/1000 completed with RMSE: 0.122420
9109.4s 1094 Epoch 855/1000 completed with RMSE: 0.122417
9120.2s 1095 Epoch 856/1000 completed with RMSE: 0.122496
9131.0s 1096 Epoch 857/1000 completed with RMSE: 0.122350
9141.8s 1097 Epoch 858/1000 completed with RMSE: 0.122537
9152.7s 1098 Epoch 859/1000 completed with RMSE: 0.122472
9163.7s 1099 Epoch 860/1000 completed with RMSE: 0.122424
9174.3s 1100 Epoch 861/1000 completed with RMSE: 0.122624
9185.4s 1101 Epoch 862/1000 completed with RMSE: 0.122595
9195.9s 1102 Epoch 863/1000 completed with RMSE: 0.122406
9207.0s 1103 Epoch 864/1000 completed with RMSE: 0.122290
9217.9s 1104 Epoch 865/1000 completed with RMSE: 0.122752
9228.7s 1105 Epoch 866/1000 completed with RMSE: 0.122756
9239.5s 1106 Epoch 867/1000 completed with RMSE: 0.122535
9250.4s 1107 Epoch 868/1000 completed with RMSE: 0.122431
9261.3s 1108 Epoch 869/1000 completed with RMSE: 0.122399
9272.0s 1109 Epoch 870/1000 completed with RMSE: 0.122499
9282.9s 1110 Epoch 871/1000 completed with RMSE: 0.122366
9293.7s 1111 Epoch 872/1000 completed with RMSE: 0.122546
9304.5s 1112 Epoch 873/1000 completed with RMSE: 0.122660
9315.7s 1113 Epoch 874/1000 completed with RMSE: 0.122535
9326.2s 1114 Epoch 875/1000 completed with RMSE: 0.122263
9337.3s 1115 Epoch 876/1000 completed with RMSE: 0.122398
9347.9s 1116 Epoch 877/1000 completed with RMSE: 0.122339
9358.7s 1117 Epoch 878/1000 completed with RMSE: 0.122782
9369.8s 1118 Epoch 879/1000 completed with RMSE: 0.122320
9380.7s 1119 Epoch 880/1000 completed with RMSE: 0.122566
9391.4s 1120 Epoch 881/1000 completed with RMSE: 0.122270
9402.3s 1121 Epoch 882/1000 completed with RMSE: 0.122309
9413.1s 1122 Epoch 883/1000 completed with RMSE: 0.122437
9424.0s 1123 Epoch 884/1000 completed with RMSE: 0.122493
9434.8s 1124 Epoch 885/1000 completed with RMSE: 0.122280
9445.7s 1125 Epoch 886/1000 completed with RMSE: 0.122696
9456.5s 1126 Epoch 887/1000 completed with RMSE: 0.122700
9467.7s 1127 Epoch 888/1000 completed with RMSE: 0.122710
9478.2s 1128 Epoch 889/1000 completed with RMSE: 0.122477
9489.1s 1129 Epoch 890/1000 completed with RMSE: 0.122314
9499.9s 1130 Epoch 891/1000 completed with RMSE: 0.122373
9510.7s 1131 Epoch 892/1000 completed with RMSE: 0.122427
9521.8s 1132 Epoch 893/1000 completed with RMSE: 0.122396
9532.4s 1133 Epoch 894/1000 completed with RMSE: 0.122419
9543.5s 1134 Epoch 895/1000 completed with RMSE: 0.122308
9554.0s 1135 Epoch 896/1000 completed with RMSE: 0.122340
9564.9s 1136 Epoch 897/1000 completed with RMSE: 0.122256
9576.0s 1137 Epoch 898/1000 completed with RMSE: 0.122466
9586.5s 1138 Epoch 899/1000 completed with RMSE: 0.122547
9597.7s 1139 Epoch 900/1000 completed with RMSE: 0.122600
9608.5s 1140 Epoch 901/1000 completed with RMSE: 0.122733
9619.3s 1141 Epoch 902/1000 completed with RMSE: 0.122441
9630.2s 1142 Epoch 903/1000 completed with RMSE: 0.122577
9641.1s 1143 Epoch 904/1000 completed with RMSE: 0.122551
9651.9s 1144 Epoch 905/1000 completed with RMSE: 0.122521
9662.6s 1145 Epoch 906/1000 completed with RMSE: 0.122453
9673.1s 1146 Epoch 907/1000 completed with RMSE: 0.122648
9683.9s 1147 Epoch 908/1000 completed with RMSE: 0.122389
9694.5s 1148 Epoch 909/1000 completed with RMSE: 0.122479
9705.2s 1149 Epoch 910/1000 completed with RMSE: 0.122230
9715.9s 1150 Epoch 911/1000 completed with RMSE: 0.122358
9726.5s 1151 Epoch 912/1000 completed with RMSE: 0.122452
9737.1s 1152 Epoch 913/1000 completed with RMSE: 0.122393
9747.7s 1153 Epoch 914/1000 completed with RMSE: 0.122303
9758.3s 1154 Epoch 915/1000 completed with RMSE: 0.122260
9768.8s 1155 Epoch 916/1000 completed with RMSE: 0.122477
9779.4s 1156 Epoch 917/1000 completed with RMSE: 0.122523
9790.0s 1157 Epoch 918/1000 completed with RMSE: 0.122451
9800.9s 1158 Epoch 919/1000 completed with RMSE: 0.122142
9811.2s 1159 Epoch 920/1000 completed with RMSE: 0.122263
9821.8s 1160 Epoch 921/1000 completed with RMSE: 0.122392
9832.4s 1161 Epoch 922/1000 completed with RMSE: 0.122297
9843.0s 1162 Epoch 923/1000 completed with RMSE: 0.122320
9853.9s 1163 Epoch 924/1000 completed with RMSE: 0.122408
9864.2s 1164 Epoch 925/1000 completed with RMSE: 0.122334
9874.8s 1165 Epoch 926/1000 completed with RMSE: 0.122451
9885.4s 1166 Epoch 927/1000 completed with RMSE: 0.122321
9896.0s 1167 Epoch 928/1000 completed with RMSE: 0.122368
9906.8s 1168 Epoch 929/1000 completed with RMSE: 0.122686
9917.1s 1169 Epoch 930/1000 completed with RMSE: 0.122335
9928.0s 1170 Epoch 931/1000 completed with RMSE: 0.122377
9938.3s 1171 Epoch 932/1000 completed with RMSE: 0.122379
9949.0s 1172 Epoch 933/1000 completed with RMSE: 0.122345
9959.5s 1173 Epoch 934/1000 completed with RMSE: 0.122447
9970.1s 1174 Epoch 935/1000 completed with RMSE: 0.122603
9981.0s 1175 Epoch 936/1000 completed with RMSE: 0.122566
9991.2s 1176 Epoch 937/1000 completed with RMSE: 0.122279
10002.1s 1177 Epoch 938/1000 completed with RMSE: 0.122331
10012.4s 1178 Epoch 939/1000 completed with RMSE: 0.122242
10022.9s 1179 Epoch 940/1000 completed with RMSE: 0.122570
10033.5s 1180 Epoch 941/1000 completed with RMSE: 0.122374
10044.1s 1181 Epoch 942/1000 completed with RMSE: 0.122573
10054.9s 1182 Epoch 943/1000 completed with RMSE: 0.122220
10065.3s 1183 Epoch 944/1000 completed with RMSE: 0.122324
10075.8s 1184 Epoch 945/1000 completed with RMSE: 0.122484
10086.4s 1185 Epoch 946/1000 completed with RMSE: 0.122315
10097.0s 1186 Epoch 947/1000 completed with RMSE: 0.122445
10107.6s 1187 Epoch 948/1000 completed with RMSE: 0.122203
10118.2s 1188 Epoch 949/1000 completed with RMSE: 0.122333
10128.8s 1189 Epoch 950/1000 completed with RMSE: 0.122617
10139.4s 1190 Epoch 951/1000 completed with RMSE: 0.122337
10150.0s 1191 Epoch 952/1000 completed with RMSE: 0.122160
10160.6s 1192 Epoch 953/1000 completed with RMSE: 0.122348
10171.2s 1193 Epoch 954/1000 completed with RMSE: 0.122322
10181.8s 1194 Epoch 955/1000 completed with RMSE: 0.122362
10192.3s 1195 Epoch 956/1000 completed with RMSE: 0.122414
10202.9s 1196 Epoch 957/1000 completed with RMSE: 0.122209
10213.5s 1197 Epoch 958/1000 completed with RMSE: 0.122428
10224.1s 1198 Epoch 959/1000 completed with RMSE: 0.122469
10234.7s 1199 Epoch 960/1000 completed with RMSE: 0.122538
10245.4s 1200 Epoch 961/1000 completed with RMSE: 0.122342
10256.3s 1201 Epoch 962/1000 completed with RMSE: 0.122392
10267.0s 1202 Epoch 963/1000 completed with RMSE: 0.122322
10277.4s 1203 Epoch 964/1000 completed with RMSE: 0.122363
10288.4s 1204 Epoch 965/1000 completed with RMSE: 0.122351
10298.8s 1205 Epoch 966/1000 completed with RMSE: 0.122153
10309.8s 1206 Epoch 967/1000 completed with RMSE: 0.122399
10320.1s 1207 Epoch 968/1000 completed with RMSE: 0.122445
10330.9s 1208 Epoch 969/1000 completed with RMSE: 0.122403
10341.6s 1209 Epoch 970/1000 completed with RMSE: 0.122370
10352.3s 1210 Epoch 971/1000 completed with RMSE: 0.122414
10363.0s 1211 Epoch 972/1000 completed with RMSE: 0.122382
10373.6s 1212 Epoch 973/1000 completed with RMSE: 0.122451
10384.3s 1213 Epoch 974/1000 completed with RMSE: 0.122568
10394.9s 1214 Epoch 975/1000 completed with RMSE: 0.122209
10405.5s 1215 Epoch 976/1000 completed with RMSE: 0.122193
10416.1s 1216 Epoch 977/1000 completed with RMSE: 0.122355
10426.7s 1217 Epoch 978/1000 completed with RMSE: 0.122388
10437.4s 1218 Epoch 979/1000 completed with RMSE: 0.122307
10448.0s 1219 Epoch 980/1000 completed with RMSE: 0.122398
10458.3s 1220 Epoch 981/1000 completed with RMSE: 0.122209
10469.2s 1221 Epoch 982/1000 completed with RMSE: 0.122351
10479.5s 1222 Epoch 983/1000 completed with RMSE: 0.122366
10490.1s 1223 Epoch 984/1000 completed with RMSE: 0.122422
10500.7s 1224 Epoch 985/1000 completed with RMSE: 0.122289
10511.3s 1225 Epoch 986/1000 completed with RMSE: 0.122425
10522.0s 1226 Epoch 987/1000 completed with RMSE: 0.122499
10532.6s 1227 Epoch 988/1000 completed with RMSE: 0.122522
10543.1s 1228 Epoch 989/1000 completed with RMSE: 0.122203
10553.8s 1229 Epoch 990/1000 completed with RMSE: 0.122329
10564.4s 1230 Epoch 991/1000 completed with RMSE: 0.122248
10575.0s 1231 Epoch 992/1000 completed with RMSE: 0.122287
10585.7s 1232 Epoch 993/1000 completed with RMSE: 0.122463
10596.2s 1233 Epoch 994/1000 completed with RMSE: 0.122510
10606.5s 1234 Epoch 995/1000 completed with RMSE: 0.122135
10617.5s 1235 Epoch 996/1000 completed with RMSE: 0.122346
10627.8s 1236 Epoch 997/1000 completed with RMSE: 0.122332
10638.4s 1237 Epoch 998/1000 completed with RMSE: 0.122328
10649.4s 1238 Epoch 999/1000 completed with RMSE: 0.122259
10659.8s 1239 Epoch 1000/1000 completed with RMSE: 0.122414
10659.8s 1240 Training completed!
10659.8s 1241 Training history saved to history/training_history_20241012_113940_d8ca82eb-8c7e-490a-b13d-3b256582ea51.csv
10659.8s 1242 CPU times: user 3h 3min 30s, sys: 46.9 s, total: 3h 4min 17s
10659.8s 1243 Wall time: 2h 56min 52s
10668.7s 1244 Training history saved to history/predictions_20241012_113948_d8ca82eb-8c7e-490a-b13d-3b256582ea51.csv
10668.9s 1245 Evaluation RMSE (Real): 0.123356
10668.9s 1246 Evaluation RMSE (Imaginary): 0.123052
10668.9s 1247 CPU times: user 7.06 s, sys: 255 ms, total: 7.31 s
10668.9s 1248 Wall time: 6.91 s
10670.5s 1249 CPU times: user 663 ms, sys: 221 ms, total: 884 ms
10670.5s 1250 Wall time: 522 ms
10671.7s 1251 CPU times: user 886 ms, sys: 276 ms, total: 1.16 s
10671.7s 1252 Wall time: 684 ms
10672.9s 1253 CPU times: user 820 ms, sys: 303 ms, total: 1.12 s
10672.9s 1254 Wall time: 657 ms
10674.0s 1255 CPU times: user 643 ms, sys: 239 ms, total: 882 ms
10674.0s 1256 Wall time: 509 ms
10685.0s 1257 [NbConvertApp] Converting notebook __notebook__.ipynb to notebook
10692.4s 1258 [NbConvertApp] Writing 12365873 bytes to __notebook__.ipynb
10694.0s 1259 [NbConvertApp] Converting notebook __notebook__.ipynb to html
10700.0s 1260 [NbConvertApp] Support files will be in __results___files/
10700.0s 1261 [NbConvertApp] Making directory __results___files
10700.0s 1262 [NbConvertApp] Making directory __results___files
10700.0s 1263 [NbConvertApp] Making directory __results___files
10700.0s 1264 [NbConvertApp] Making directory __results___files
10700.0s 1265 [NbConvertApp] Making directory __results___files
10700.0s 1266 [NbConvertApp] Writing 9503413 bytes to __results__.html