18.6s 1 Collecting torchdiffeq
18.7s 2 Downloading torchdiffeq-0.2.4-py3-none-any.whl.metadata (440 bytes)
18.8s 3 Requirement already satisfied: torch>=1.5.0 in /opt/conda/lib/python3.10/site-packages (from torchdiffeq) (2.4.0)
18.8s 4 Requirement already satisfied: scipy>=1.4.0 in /opt/conda/lib/python3.10/site-packages (from torchdiffeq) (1.14.0)
18.8s 5 Requirement already satisfied: numpy<2.3,>=1.23.5 in /opt/conda/lib/python3.10/site-packages (from scipy>=1.4.0->torchdiffeq) (1.26.4)
18.8s 6 Requirement already satisfied: filelock in /opt/conda/lib/python3.10/site-packages (from torch>=1.5.0->torchdiffeq) (3.15.1)
18.8s 7 Requirement already satisfied: typing-extensions>=4.8.0 in /opt/conda/lib/python3.10/site-packages (from torch>=1.5.0->torchdiffeq) (4.12.2)
18.8s 8 Requirement already satisfied: sympy in /opt/conda/lib/python3.10/site-packages (from torch>=1.5.0->torchdiffeq) (1.13.2)
18.8s 9 Requirement already satisfied: networkx in /opt/conda/lib/python3.10/site-packages (from torch>=1.5.0->torchdiffeq) (3.3)
18.8s 10 Requirement already satisfied: jinja2 in /opt/conda/lib/python3.10/site-packages (from torch>=1.5.0->torchdiffeq) (3.1.4)
18.8s 11 Requirement already satisfied: fsspec in /opt/conda/lib/python3.10/site-packages (from torch>=1.5.0->torchdiffeq) (2024.6.1)
19.0s 12 Requirement already satisfied: MarkupSafe>=2.0 in /opt/conda/lib/python3.10/site-packages (from jinja2->torch>=1.5.0->torchdiffeq) (2.1.5)
19.0s 13 Requirement already satisfied: mpmath<1.4,>=1.1.0 in /opt/conda/lib/python3.10/site-packages (from sympy->torch>=1.5.0->torchdiffeq) (1.3.0)
19.0s 14 Downloading torchdiffeq-0.2.4-py3-none-any.whl (32 kB)
29.5s 15 Installing collected packages: torchdiffeq
29.7s 16 Successfully installed torchdiffeq-0.2.4
32.0s 17 Collecting TorchDiffEqPack
32.1s 18 Downloading TorchDiffEqPack-1.0.1-py3-none-any.whl.metadata (718 bytes)
32.1s 19 Requirement already satisfied: torch in /opt/conda/lib/python3.10/site-packages (from TorchDiffEqPack) (2.4.0)
32.1s 20 Requirement already satisfied: filelock in /opt/conda/lib/python3.10/site-packages (from torch->TorchDiffEqPack) (3.15.1)
32.1s 21 Requirement already satisfied: typing-extensions>=4.8.0 in /opt/conda/lib/python3.10/site-packages (from torch->TorchDiffEqPack) (4.12.2)
32.1s 22 Requirement already satisfied: sympy in /opt/conda/lib/python3.10/site-packages (from torch->TorchDiffEqPack) (1.13.2)
32.1s 23 Requirement already satisfied: networkx in /opt/conda/lib/python3.10/site-packages (from torch->TorchDiffEqPack) (3.3)
32.1s 24 Requirement already satisfied: jinja2 in /opt/conda/lib/python3.10/site-packages (from torch->TorchDiffEqPack) (3.1.4)
32.1s 25 Requirement already satisfied: fsspec in /opt/conda/lib/python3.10/site-packages (from torch->TorchDiffEqPack) (2024.6.1)
32.3s 26 Requirement already satisfied: MarkupSafe>=2.0 in /opt/conda/lib/python3.10/site-packages (from jinja2->torch->TorchDiffEqPack) (2.1.5)
32.3s 27 Requirement already satisfied: mpmath<1.4,>=1.1.0 in /opt/conda/lib/python3.10/site-packages (from sympy->torch->TorchDiffEqPack) (1.3.0)
32.3s 28 Downloading TorchDiffEqPack-1.0.1-py3-none-any.whl (33 kB)
42.7s 29 Installing collected packages: TorchDiffEqPack
42.9s 30 Successfully installed TorchDiffEqPack-1.0.1
43.5s 31 /kaggle/input/amp-c-train/Amp_C_train.txt
43.9s 32 CUDA is available!
43.9s 33 Device name: Tesla P100-PCIE-16GB
43.9s 34 CUDA capability: (6, 0)
43.9s 35 Driver version: 12.3
43.9s 36 Device count: 1
43.9s 37 Current device: 0
46.4s 38 Model architecture: NeuralODEModel(
46.4s 39 (input_layer): Linear(in_features=2, out_features=64, bias=True)
46.4s 40 (hidden_layers): ModuleList(
46.4s 41 (0): Linear(in_features=64, out_features=128, bias=True)
46.4s 42 (1-2): 2 x Linear(in_features=128, out_features=128, bias=True)
46.4s 43 (3): Linear(in_features=128, out_features=256, bias=True)
46.4s 44 (4): Linear(in_features=256, out_features=256, bias=True)
46.4s 45 (5): Linear(in_features=256, out_features=128, bias=True)
46.4s 46 (6): Linear(in_features=128, out_features=64, bias=True)
46.4s 47 (7): Linear(in_features=64, out_features=32, bias=True)
46.4s 48 (8): Linear(in_features=32, out_features=32, bias=True)
46.4s 49 (9): Linear(in_features=32, out_features=16, bias=True)
46.4s 50 (10): Linear(in_features=16, out_features=4, bias=True)
46.4s 51 (11): Linear(in_features=4, out_features=2, bias=True)
46.4s 52 )
46.4s 53 (residual_connections): ModuleList(
46.4s 54 (0): Linear(in_features=64, out_features=128, bias=True)
46.4s 55 (1-2): 2 x Identity()
46.4s 56 (3): Linear(in_features=128, out_features=256, bias=True)
46.4s 57 (4): Identity()
46.4s 58 (5): Linear(in_features=256, out_features=128, bias=True)
46.4s 59 (6): Linear(in_features=128, out_features=64, bias=True)
46.4s 60 (7): Linear(in_features=64, out_features=32, bias=True)
46.4s 61 (8): Identity()
46.4s 62 (9): Linear(in_features=32, out_features=16, bias=True)
46.4s 63 (10): Linear(in_features=16, out_features=4, bias=True)
46.4s 64 (11): Linear(in_features=4, out_features=2, bias=True)
46.4s 65 )
46.4s 66 (ode_func): ODEFunc(
46.4s 67 (fc1): Linear(in_features=2, out_features=2, bias=True)
46.4s 68 (fc2): Linear(in_features=2, out_features=2, bias=True)
46.4s 69 (relu): ReLU()
46.4s 70 (norm): LayerNorm((2,), eps=1e-05, elementwise_affine=True)
46.4s 71 )
46.4s 72 (output_layer): Linear(in_features=2, out_features=2, bias=True)
46.4s 73 (dropout): Dropout(p=0.5, inplace=False)
46.4s 74 )
46.4s 75 --------------------------------------------------
46.4s 76 Parameter name: input_layer.weight
46.4s 77 Parameter shape: torch.Size([64, 2])
46.4s 78 Parameter count: 128
46.4s 79 ------------------------------
46.4s 80 Parameter name: input_layer.bias
46.4s 81 Parameter shape: torch.Size([64])
46.4s 82 Parameter count: 64
46.4s 83 ------------------------------
46.4s 84 Parameter name: hidden_layers.0.weight
46.4s 85 Parameter shape: torch.Size([128, 64])
46.4s 86 Parameter count: 8192
46.4s 87 ------------------------------
46.4s 88 Parameter name: hidden_layers.0.bias
46.4s 89 Parameter shape: torch.Size([128])
46.4s 90 Parameter count: 128
46.4s 91 ------------------------------
46.4s 92 Parameter name: hidden_layers.1.weight
46.4s 93 Parameter shape: torch.Size([128, 128])
46.4s 94 Parameter count: 16384
46.4s 95 ------------------------------
46.4s 96 Parameter name: hidden_layers.1.bias
46.4s 97 Parameter shape: torch.Size([128])
46.4s 98 Parameter count: 128
46.4s 99 ------------------------------
46.4s 100 Parameter name: hidden_layers.2.weight
46.4s 101 Parameter shape: torch.Size([128, 128])
46.4s 102 Parameter count: 16384
46.4s 103 ------------------------------
46.4s 104 Parameter name: hidden_layers.2.bias
46.4s 105 Parameter shape: torch.Size([128])
46.4s 106 Parameter count: 128
46.4s 107 ------------------------------
46.4s 108 Parameter name: hidden_layers.3.weight
46.4s 109 Parameter shape: torch.Size([256, 128])
46.4s 110 Parameter count: 32768
46.4s 111 ------------------------------
46.4s 112 Parameter name: hidden_layers.3.bias
46.4s 113 Parameter shape: torch.Size([256])
46.4s 114 Parameter count: 256
46.4s 115 ------------------------------
46.4s 116 Parameter name: hidden_layers.4.weight
46.4s 117 Parameter shape: torch.Size([256, 256])
46.4s 118 Parameter count: 65536
46.4s 119 ------------------------------
46.4s 120 Parameter name: hidden_layers.4.bias
46.4s 121 Parameter shape: torch.Size([256])
46.4s 122 Parameter count: 256
46.4s 123 ------------------------------
46.4s 124 Parameter name: hidden_layers.5.weight
46.4s 125 Parameter shape: torch.Size([128, 256])
46.4s 126 Parameter count: 32768
46.4s 127 ------------------------------
46.4s 128 Parameter name: hidden_layers.5.bias
46.4s 129 Parameter shape: torch.Size([128])
46.4s 130 Parameter count: 128
46.4s 131 ------------------------------
46.4s 132 Parameter name: hidden_layers.6.weight
46.4s 133 Parameter shape: torch.Size([64, 128])
46.4s 134 Parameter count: 8192
46.4s 135 ------------------------------
46.4s 136 Parameter name: hidden_layers.6.bias
46.4s 137 Parameter shape: torch.Size([64])
46.4s 138 Parameter count: 64
46.4s 139 ------------------------------
46.4s 140 Parameter name: hidden_layers.7.weight
46.4s 141 Parameter shape: torch.Size([32, 64])
46.4s 142 Parameter count: 2048
46.4s 143 ------------------------------
46.4s 144 Parameter name: hidden_layers.7.bias
46.4s 145 Parameter shape: torch.Size([32])
46.4s 146 Parameter count: 32
46.4s 147 ------------------------------
46.4s 148 Parameter name: hidden_layers.8.weight
46.4s 149 Parameter shape: torch.Size([32, 32])
46.4s 150 Parameter count: 1024
46.4s 151 ------------------------------
46.4s 152 Parameter name: hidden_layers.8.bias
46.4s 153 Parameter shape: torch.Size([32])
46.4s 154 Parameter count: 32
46.4s 155 ------------------------------
46.4s 156 Parameter name: hidden_layers.9.weight
46.4s 157 Parameter shape: torch.Size([16, 32])
46.4s 158 Parameter count: 512
46.4s 159 ------------------------------
46.4s 160 Parameter name: hidden_layers.9.bias
46.4s 161 Parameter shape: torch.Size([16])
46.4s 162 Parameter count: 16
46.4s 163 ------------------------------
46.4s 164 Parameter name: hidden_layers.10.weight
46.4s 165 Parameter shape: torch.Size([4, 16])
46.4s 166 Parameter count: 64
46.4s 167 ------------------------------
46.4s 168 Parameter name: hidden_layers.10.bias
46.4s 169 Parameter shape: torch.Size([4])
46.4s 170 Parameter count: 4
46.4s 171 ------------------------------
46.4s 172 Parameter name: hidden_layers.11.weight
46.4s 173 Parameter shape: torch.Size([2, 4])
46.4s 174 Parameter count: 8
46.4s 175 ------------------------------
46.4s 176 Parameter name: hidden_layers.11.bias
46.4s 177 Parameter shape: torch.Size([2])
46.4s 178 Parameter count: 2
46.4s 179 ------------------------------
46.4s 180 Parameter name: residual_connections.0.weight
46.4s 181 Parameter shape: torch.Size([128, 64])
46.4s 182 Parameter count: 8192
46.4s 183 ------------------------------
46.4s 184 Parameter name: residual_connections.0.bias
46.4s 185 Parameter shape: torch.Size([128])
46.4s 186 Parameter count: 128
46.4s 187 ------------------------------
46.4s 188 Parameter name: residual_connections.3.weight
46.4s 189 Parameter shape: torch.Size([256, 128])
46.4s 190 Parameter count: 32768
46.4s 191 ------------------------------
46.4s 192 Parameter name: residual_connections.3.bias
46.4s 193 Parameter shape: torch.Size([256])
46.4s 194 Parameter count: 256
46.4s 195 ------------------------------
46.4s 196 Parameter name: residual_connections.5.weight
46.4s 197 Parameter shape: torch.Size([128, 256])
46.4s 198 Parameter count: 32768
46.4s 199 ------------------------------
46.4s 200 Parameter name: residual_connections.5.bias
46.4s 201 Parameter shape: torch.Size([128])
46.4s 202 Parameter count: 128
46.4s 203 ------------------------------
46.4s 204 Parameter name: residual_connections.6.weight
46.4s 205 Parameter shape: torch.Size([64, 128])
46.4s 206 Parameter count: 8192
46.4s 207 ------------------------------
46.4s 208 Parameter name: residual_connections.6.bias
46.4s 209 Parameter shape: torch.Size([64])
46.4s 210 Parameter count: 64
46.4s 211 ------------------------------
46.4s 212 Parameter name: residual_connections.7.weight
46.4s 213 Parameter shape: torch.Size([32, 64])
46.4s 214 Parameter count: 2048
46.4s 215 ------------------------------
46.4s 216 Parameter name: residual_connections.7.bias
46.4s 217 Parameter shape: torch.Size([32])
46.4s 218 Parameter count: 32
46.4s 219 ------------------------------
46.4s 220 Parameter name: residual_connections.9.weight
46.4s 221 Parameter shape: torch.Size([16, 32])
46.4s 222 Parameter count: 512
46.4s 223 ------------------------------
46.4s 224 Parameter name: residual_connections.9.bias
46.4s 225 Parameter shape: torch.Size([16])
46.4s 226 Parameter count: 16
46.4s 227 ------------------------------
46.4s 228 Parameter name: residual_connections.10.weight
46.4s 229 Parameter shape: torch.Size([4, 16])
46.4s 230 Parameter count: 64
46.4s 231 ------------------------------
46.4s 232 Parameter name: residual_connections.10.bias
46.4s 233 Parameter shape: torch.Size([4])
46.4s 234 Parameter count: 4
46.4s 235 ------------------------------
46.4s 236 Parameter name: residual_connections.11.weight
46.4s 237 Parameter shape: torch.Size([2, 4])
46.4s 238 Parameter count: 8
46.4s 239 ------------------------------
46.4s 240 Parameter name: residual_connections.11.bias
46.4s 241 Parameter shape: torch.Size([2])
46.4s 242 Parameter count: 2
46.4s 243 ------------------------------
46.4s 244 Parameter name: ode_func.fc1.weight
46.4s 245 Parameter shape: torch.Size([2, 2])
46.4s 246 Parameter count: 4
46.4s 247 ------------------------------
46.4s 248 Parameter name: ode_func.fc1.bias
46.4s 249 Parameter shape: torch.Size([2])
46.4s 250 Parameter count: 2
46.4s 251 ------------------------------
46.4s 252 Parameter name: ode_func.fc2.weight
46.4s 253 Parameter shape: torch.Size([2, 2])
46.4s 254 Parameter count: 4
46.4s 255 ------------------------------
46.4s 256 Parameter name: ode_func.fc2.bias
46.4s 257 Parameter shape: torch.Size([2])
46.4s 258 Parameter count: 2
46.4s 259 ------------------------------
46.4s 260 Parameter name: ode_func.norm.weight
46.4s 261 Parameter shape: torch.Size([2])
46.4s 262 Parameter count: 2
46.4s 263 ------------------------------
46.4s 264 Parameter name: ode_func.norm.bias
46.4s 265 Parameter shape: torch.Size([2])
46.4s 266 Parameter count: 2
46.4s 267 ------------------------------
46.4s 268 Parameter name: output_layer.weight
46.4s 269 Parameter shape: torch.Size([2, 2])
46.4s 270 Parameter count: 4
46.4s 271 ------------------------------
46.4s 272 Parameter name: output_layer.bias
46.4s 273 Parameter shape: torch.Size([2])
46.4s 274 Parameter count: 2
46.4s 275 ------------------------------
46.4s 276 Total trainable parameters: 270450
46.4s 277 ==================================================
51.7s 278 Epoch 1/1000 completed with RMSE: 2.100919
56.1s 279 Epoch 2/1000 completed with RMSE: 2.089568
60.5s 280 Epoch 3/1000 completed with RMSE: 2.076317
65.0s 281 Epoch 4/1000 completed with RMSE: 2.055281
69.3s 282 Epoch 5/1000 completed with RMSE: 2.018314
73.7s 283 Epoch 6/1000 completed with RMSE: 1.966708
78.1s 284 Epoch 7/1000 completed with RMSE: 1.918482
82.6s 285 Epoch 8/1000 completed with RMSE: 1.882779
87.0s 286 Epoch 9/1000 completed with RMSE: 1.854319
91.2s 287 Epoch 10/1000 completed with RMSE: 1.824626
95.7s 288 Epoch 11/1000 completed with RMSE: 1.795180
99.9s 289 Epoch 12/1000 completed with RMSE: 1.759213
104.4s 290 Epoch 13/1000 completed with RMSE: 1.720093
108.6s 291 Epoch 14/1000 completed with RMSE: 1.668101
113.0s 292 Epoch 15/1000 completed with RMSE: 1.603764
117.2s 293 Epoch 16/1000 completed with RMSE: 1.526901
121.6s 294 Epoch 17/1000 completed with RMSE: 1.447211
125.9s 295 Epoch 18/1000 completed with RMSE: 1.372596
129.9s 296 Epoch 19/1000 completed with RMSE: 1.309724
134.2s 297 Epoch 20/1000 completed with RMSE: 1.253195
138.3s 298 Epoch 21/1000 completed with RMSE: 1.203105
142.8s 299 Epoch 22/1000 completed with RMSE: 1.155286
146.8s 300 Epoch 23/1000 completed with RMSE: 1.105680
151.1s 301 Epoch 24/1000 completed with RMSE: 1.055884
155.1s 302 Epoch 25/1000 completed with RMSE: 1.002277
159.4s 303 Epoch 26/1000 completed with RMSE: 0.948021
163.4s 304 Epoch 27/1000 completed with RMSE: 0.897151
167.7s 305 Epoch 28/1000 completed with RMSE: 0.844136
172.1s 306 Epoch 29/1000 completed with RMSE: 0.799653
176.3s 307 Epoch 30/1000 completed with RMSE: 0.763170
180.5s 308 Epoch 31/1000 completed with RMSE: 0.730794
184.5s 309 Epoch 32/1000 completed with RMSE: 0.707117
188.8s 310 Epoch 33/1000 completed with RMSE: 0.682083
192.8s 311 Epoch 34/1000 completed with RMSE: 0.660664
197.0s 312 Epoch 35/1000 completed with RMSE: 0.643268
201.1s 313 Epoch 36/1000 completed with RMSE: 0.625336
205.5s 314 Epoch 37/1000 completed with RMSE: 0.609242
209.7s 315 Epoch 38/1000 completed with RMSE: 0.592955
213.8s 316 Epoch 39/1000 completed with RMSE: 0.578084
218.1s 317 Epoch 40/1000 completed with RMSE: 0.564313
222.1s 318 Epoch 41/1000 completed with RMSE: 0.551679
226.3s 319 Epoch 42/1000 completed with RMSE: 0.538727
230.3s 320 Epoch 43/1000 completed with RMSE: 0.526432
234.7s 321 Epoch 44/1000 completed with RMSE: 0.515631
238.7s 322 Epoch 45/1000 completed with RMSE: 0.503257
243.0s 323 Epoch 46/1000 completed with RMSE: 0.493409
247.0s 324 Epoch 47/1000 completed with RMSE: 0.483359
251.3s 325 Epoch 48/1000 completed with RMSE: 0.473730
255.3s 326 Epoch 49/1000 completed with RMSE: 0.465456
259.6s 327 Epoch 50/1000 completed with RMSE: 0.455899
263.9s 328 Epoch 51/1000 completed with RMSE: 0.449655
268.0s 329 Epoch 52/1000 completed with RMSE: 0.441076
272.3s 330 Epoch 53/1000 completed with RMSE: 0.433181
276.4s 331 Epoch 54/1000 completed with RMSE: 0.426920
280.7s 332 Epoch 55/1000 completed with RMSE: 0.419172
284.8s 333 Epoch 56/1000 completed with RMSE: 0.413894
289.0s 334 Epoch 57/1000 completed with RMSE: 0.408200
292.9s 335 Epoch 58/1000 completed with RMSE: 0.402643
297.4s 336 Epoch 59/1000 completed with RMSE: 0.396406
301.5s 337 Epoch 60/1000 completed with RMSE: 0.391573
305.6s 338 Epoch 61/1000 completed with RMSE: 0.386548
309.8s 339 Epoch 62/1000 completed with RMSE: 0.381454
313.9s 340 Epoch 63/1000 completed with RMSE: 0.377384
318.2s 341 Epoch 64/1000 completed with RMSE: 0.371635
322.2s 342 Epoch 65/1000 completed with RMSE: 0.367000
326.4s 343 Epoch 66/1000 completed with RMSE: 0.363623
330.6s 344 Epoch 67/1000 completed with RMSE: 0.359132
334.8s 345 Epoch 68/1000 completed with RMSE: 0.355325
338.9s 346 Epoch 69/1000 completed with RMSE: 0.351201
343.2s 347 Epoch 70/1000 completed with RMSE: 0.346130
347.2s 348 Epoch 71/1000 completed with RMSE: 0.342644
351.6s 349 Epoch 72/1000 completed with RMSE: 0.339264
355.7s 350 Epoch 73/1000 completed with RMSE: 0.334488
359.9s 351 Epoch 74/1000 completed with RMSE: 0.331015
364.1s 352 Epoch 75/1000 completed with RMSE: 0.327445
368.3s 353 Epoch 76/1000 completed with RMSE: 0.324071
372.4s 354 Epoch 77/1000 completed with RMSE: 0.321039
376.5s 355 Epoch 78/1000 completed with RMSE: 0.317427
380.8s 356 Epoch 79/1000 completed with RMSE: 0.314308
384.8s 357 Epoch 80/1000 completed with RMSE: 0.311094
389.2s 358 Epoch 81/1000 completed with RMSE: 0.308126
393.4s 359 Epoch 82/1000 completed with RMSE: 0.305418
397.7s 360 Epoch 83/1000 completed with RMSE: 0.301491
401.7s 361 Epoch 84/1000 completed with RMSE: 0.298569
406.0s 362 Epoch 85/1000 completed with RMSE: 0.295310
410.1s 363 Epoch 86/1000 completed with RMSE: 0.292766
414.4s 364 Epoch 87/1000 completed with RMSE: 0.290047
418.5s 365 Epoch 88/1000 completed with RMSE: 0.287328
422.9s 366 Epoch 89/1000 completed with RMSE: 0.284433
427.0s 367 Epoch 90/1000 completed with RMSE: 0.281734
431.1s 368 Epoch 91/1000 completed with RMSE: 0.279944
435.3s 369 Epoch 92/1000 completed with RMSE: 0.277017
439.4s 370 Epoch 93/1000 completed with RMSE: 0.274644
443.7s 371 Epoch 94/1000 completed with RMSE: 0.272438
447.7s 372 Epoch 95/1000 completed with RMSE: 0.270039
452.0s 373 Epoch 96/1000 completed with RMSE: 0.268066
456.0s 374 Epoch 97/1000 completed with RMSE: 0.265725
460.4s 375 Epoch 98/1000 completed with RMSE: 0.263515
464.5s 376 Epoch 99/1000 completed with RMSE: 0.261662
468.5s 377 Epoch 100/1000 completed with RMSE: 0.260348
472.7s 378 Epoch 101/1000 completed with RMSE: 0.257405
477.0s 379 Epoch 102/1000 completed with RMSE: 0.255773
481.1s 380 Epoch 103/1000 completed with RMSE: 0.254597
485.4s 381 Epoch 104/1000 completed with RMSE: 0.252417
489.5s 382 Epoch 105/1000 completed with RMSE: 0.250071
493.6s 383 Epoch 106/1000 completed with RMSE: 0.248959
497.9s 384 Epoch 107/1000 completed with RMSE: 0.247020
502.1s 385 Epoch 108/1000 completed with RMSE: 0.245490
506.3s 386 Epoch 109/1000 completed with RMSE: 0.244106
510.4s 387 Epoch 110/1000 completed with RMSE: 0.242333
514.7s 388 Epoch 111/1000 completed with RMSE: 0.240471
518.9s 389 Epoch 112/1000 completed with RMSE: 0.240016
523.0s 390 Epoch 113/1000 completed with RMSE: 0.238634
527.1s 391 Epoch 114/1000 completed with RMSE: 0.236745
531.4s 392 Epoch 115/1000 completed with RMSE: 0.235491
535.4s 393 Epoch 116/1000 completed with RMSE: 0.234270
539.7s 394 Epoch 117/1000 completed with RMSE: 0.233040
543.8s 395 Epoch 118/1000 completed with RMSE: 0.232032
548.1s 396 Epoch 119/1000 completed with RMSE: 0.230121
552.4s 397 Epoch 120/1000 completed with RMSE: 0.228849
556.4s 398 Epoch 121/1000 completed with RMSE: 0.228132
560.8s 399 Epoch 122/1000 completed with RMSE: 0.226879
564.8s 400 Epoch 123/1000 completed with RMSE: 0.225838
568.9s 401 Epoch 124/1000 completed with RMSE: 0.224490
573.0s 402 Epoch 125/1000 completed with RMSE: 0.223373
577.3s 403 Epoch 126/1000 completed with RMSE: 0.222337
581.6s 404 Epoch 127/1000 completed with RMSE: 0.221478
585.7s 405 Epoch 128/1000 completed with RMSE: 0.220934
589.8s 406 Epoch 129/1000 completed with RMSE: 0.219719
594.1s 407 Epoch 130/1000 completed with RMSE: 0.218468
598.2s 408 Epoch 131/1000 completed with RMSE: 0.217584
602.5s 409 Epoch 132/1000 completed with RMSE: 0.216347
606.3s 410 Epoch 133/1000 completed with RMSE: 0.215386
610.6s 411 Epoch 134/1000 completed with RMSE: 0.214448
614.9s 412 Epoch 135/1000 completed with RMSE: 0.213876
619.2s 413 Epoch 136/1000 completed with RMSE: 0.212993
623.3s 414 Epoch 137/1000 completed with RMSE: 0.211879
627.6s 415 Epoch 138/1000 completed with RMSE: 0.211376
631.7s 416 Epoch 139/1000 completed with RMSE: 0.210558
635.8s 417 Epoch 140/1000 completed with RMSE: 0.209968
639.9s 418 Epoch 141/1000 completed with RMSE: 0.208837
644.3s 419 Epoch 142/1000 completed with RMSE: 0.208195
648.3s 420 Epoch 143/1000 completed with RMSE: 0.207030
652.4s 421 Epoch 144/1000 completed with RMSE: 0.206217
656.7s 422 Epoch 145/1000 completed with RMSE: 0.205861
660.5s 423 Epoch 146/1000 completed with RMSE: 0.204881
665.0s 424 Epoch 147/1000 completed with RMSE: 0.204483
669.1s 425 Epoch 148/1000 completed with RMSE: 0.203548
673.4s 426 Epoch 149/1000 completed with RMSE: 0.202656
677.3s 427 Epoch 150/1000 completed with RMSE: 0.201798
681.7s 428 Epoch 151/1000 completed with RMSE: 0.201242
685.8s 429 Epoch 152/1000 completed with RMSE: 0.200644
690.1s 430 Epoch 153/1000 completed with RMSE: 0.200009
694.1s 431 Epoch 154/1000 completed with RMSE: 0.198684
698.4s 432 Epoch 155/1000 completed with RMSE: 0.198660
702.5s 433 Epoch 156/1000 completed with RMSE: 0.197812
706.9s 434 Epoch 157/1000 completed with RMSE: 0.197366
711.0s 435 Epoch 158/1000 completed with RMSE: 0.196969
715.2s 436 Epoch 159/1000 completed with RMSE: 0.196212
719.3s 437 Epoch 160/1000 completed with RMSE: 0.195812
723.6s 438 Epoch 161/1000 completed with RMSE: 0.195190
727.7s 439 Epoch 162/1000 completed with RMSE: 0.194519
731.8s 440 Epoch 163/1000 completed with RMSE: 0.193762
736.0s 441 Epoch 164/1000 completed with RMSE: 0.193300
740.3s 442 Epoch 165/1000 completed with RMSE: 0.193184
744.5s 443 Epoch 166/1000 completed with RMSE: 0.192177
748.6s 444 Epoch 167/1000 completed with RMSE: 0.192119
752.9s 445 Epoch 168/1000 completed with RMSE: 0.191260
756.8s 446 Epoch 169/1000 completed with RMSE: 0.190614
761.1s 447 Epoch 170/1000 completed with RMSE: 0.190150
765.2s 448 Epoch 171/1000 completed with RMSE: 0.190150
769.5s 449 Epoch 172/1000 completed with RMSE: 0.189662
773.6s 450 Epoch 173/1000 completed with RMSE: 0.188672
777.9s 451 Epoch 174/1000 completed with RMSE: 0.188144
781.9s 452 Epoch 175/1000 completed with RMSE: 0.187947
786.1s 453 Epoch 176/1000 completed with RMSE: 0.187664
790.2s 454 Epoch 177/1000 completed with RMSE: 0.186717
794.3s 455 Epoch 178/1000 completed with RMSE: 0.186460
798.4s 456 Epoch 179/1000 completed with RMSE: 0.185878
802.8s 457 Epoch 180/1000 completed with RMSE: 0.185359
806.9s 458 Epoch 181/1000 completed with RMSE: 0.185609
811.3s 459 Epoch 182/1000 completed with RMSE: 0.185007
815.4s 460 Epoch 183/1000 completed with RMSE: 0.184571
819.5s 461 Epoch 184/1000 completed with RMSE: 0.183793
823.6s 462 Epoch 185/1000 completed with RMSE: 0.183426
828.0s 463 Epoch 186/1000 completed with RMSE: 0.183211
832.2s 464 Epoch 187/1000 completed with RMSE: 0.182981
836.3s 465 Epoch 188/1000 completed with RMSE: 0.182229
840.4s 466 Epoch 189/1000 completed with RMSE: 0.181805
844.6s 467 Epoch 190/1000 completed with RMSE: 0.181714
848.9s 468 Epoch 191/1000 completed with RMSE: 0.181067
853.1s 469 Epoch 192/1000 completed with RMSE: 0.180437
857.2s 470 Epoch 193/1000 completed with RMSE: 0.180073
861.4s 471 Epoch 194/1000 completed with RMSE: 0.180330
865.5s 472 Epoch 195/1000 completed with RMSE: 0.179452
869.6s 473 Epoch 196/1000 completed with RMSE: 0.178635
874.0s 474 Epoch 197/1000 completed with RMSE: 0.179014
877.9s 475 Epoch 198/1000 completed with RMSE: 0.178872
882.3s 476 Epoch 199/1000 completed with RMSE: 0.178515
886.3s 477 Epoch 200/1000 completed with RMSE: 0.177929
890.5s 478 Epoch 201/1000 completed with RMSE: 0.177549
894.7s 479 Epoch 202/1000 completed with RMSE: 0.177170
898.9s 480 Epoch 203/1000 completed with RMSE: 0.176841
903.0s 481 Epoch 204/1000 completed with RMSE: 0.176888
907.3s 482 Epoch 205/1000 completed with RMSE: 0.175937
911.4s 483 Epoch 206/1000 completed with RMSE: 0.175222
915.5s 484 Epoch 207/1000 completed with RMSE: 0.175294
919.7s 485 Epoch 208/1000 completed with RMSE: 0.175372
924.0s 486 Epoch 209/1000 completed with RMSE: 0.175008
928.1s 487 Epoch 210/1000 completed with RMSE: 0.174440
932.4s 488 Epoch 211/1000 completed with RMSE: 0.174294
936.3s 489 Epoch 212/1000 completed with RMSE: 0.173812
940.6s 490 Epoch 213/1000 completed with RMSE: 0.173488
944.8s 491 Epoch 214/1000 completed with RMSE: 0.173346
949.1s 492 Epoch 215/1000 completed with RMSE: 0.172973
953.1s 493 Epoch 216/1000 completed with RMSE: 0.172749
957.5s 494 Epoch 217/1000 completed with RMSE: 0.172696
961.7s 495 Epoch 218/1000 completed with RMSE: 0.172362
965.8s 496 Epoch 219/1000 completed with RMSE: 0.171965
969.9s 497 Epoch 220/1000 completed with RMSE: 0.171517
974.3s 498 Epoch 221/1000 completed with RMSE: 0.171440
978.5s 499 Epoch 222/1000 completed with RMSE: 0.171135
982.7s 500 Epoch 223/1000 completed with RMSE: 0.170980
986.9s 501 Epoch 224/1000 completed with RMSE: 0.170456
991.2s 502 Epoch 225/1000 completed with RMSE: 0.170410
995.3s 503 Epoch 226/1000 completed with RMSE: 0.170078
999.7s 504 Epoch 227/1000 completed with RMSE: 0.170028
1003.9s 505 Epoch 228/1000 completed with RMSE: 0.169493
1008.1s 506 Epoch 229/1000 completed with RMSE: 0.169699
1012.3s 507 Epoch 230/1000 completed with RMSE: 0.169394
1016.5s 508 Epoch 231/1000 completed with RMSE: 0.168996
1020.8s 509 Epoch 232/1000 completed with RMSE: 0.168335
1025.0s 510 Epoch 233/1000 completed with RMSE: 0.168098
1029.1s 511 Epoch 234/1000 completed with RMSE: 0.168357
1033.3s 512 Epoch 235/1000 completed with RMSE: 0.168066
1037.4s 513 Epoch 236/1000 completed with RMSE: 0.167938
1041.6s 514 Epoch 237/1000 completed with RMSE: 0.167749
1045.7s 515 Epoch 238/1000 completed with RMSE: 0.167237
1049.8s 516 Epoch 239/1000 completed with RMSE: 0.166805
1054.3s 517 Epoch 240/1000 completed with RMSE: 0.166776
1058.2s 518 Epoch 241/1000 completed with RMSE: 0.166839
1062.6s 519 Epoch 242/1000 completed with RMSE: 0.165914
1066.8s 520 Epoch 243/1000 completed with RMSE: 0.165959
1071.1s 521 Epoch 244/1000 completed with RMSE: 0.166126
1075.3s 522 Epoch 245/1000 completed with RMSE: 0.165287
1079.4s 523 Epoch 246/1000 completed with RMSE: 0.165577
1083.7s 524 Epoch 247/1000 completed with RMSE: 0.165293
1087.8s 525 Epoch 248/1000 completed with RMSE: 0.165272
1092.0s 526 Epoch 249/1000 completed with RMSE: 0.165145
1096.1s 527 Epoch 250/1000 completed with RMSE: 0.165072
1100.3s 528 Epoch 251/1000 completed with RMSE: 0.164534
1104.5s 529 Epoch 252/1000 completed with RMSE: 0.164421
1108.6s 530 Epoch 253/1000 completed with RMSE: 0.164395
1112.8s 531 Epoch 254/1000 completed with RMSE: 0.163860
1117.0s 532 Epoch 255/1000 completed with RMSE: 0.163459
1121.2s 533 Epoch 256/1000 completed with RMSE: 0.163718
1125.4s 534 Epoch 257/1000 completed with RMSE: 0.163072
1129.6s 535 Epoch 258/1000 completed with RMSE: 0.162932
1133.7s 536 Epoch 259/1000 completed with RMSE: 0.162900
1137.9s 537 Epoch 260/1000 completed with RMSE: 0.162704
1142.1s 538 Epoch 261/1000 completed with RMSE: 0.162706
1146.3s 539 Epoch 262/1000 completed with RMSE: 0.162260
1150.5s 540 Epoch 263/1000 completed with RMSE: 0.162285
1154.7s 541 Epoch 264/1000 completed with RMSE: 0.162129
1158.8s 542 Epoch 265/1000 completed with RMSE: 0.161795
1163.0s 543 Epoch 266/1000 completed with RMSE: 0.161479
1167.2s 544 Epoch 267/1000 completed with RMSE: 0.161827
1171.3s 545 Epoch 268/1000 completed with RMSE: 0.161402
1175.4s 546 Epoch 269/1000 completed with RMSE: 0.161265
1179.7s 547 Epoch 270/1000 completed with RMSE: 0.161310
1183.9s 548 Epoch 271/1000 completed with RMSE: 0.160902
1188.0s 549 Epoch 272/1000 completed with RMSE: 0.160750
1192.2s 550 Epoch 273/1000 completed with RMSE: 0.160873
1196.4s 551 Epoch 274/1000 completed with RMSE: 0.160409
1200.6s 552 Epoch 275/1000 completed with RMSE: 0.160425
1204.8s 553 Epoch 276/1000 completed with RMSE: 0.160131
1209.2s 554 Epoch 277/1000 completed with RMSE: 0.160012
1213.4s 555 Epoch 278/1000 completed with RMSE: 0.159985
1217.6s 556 Epoch 279/1000 completed with RMSE: 0.159468
1221.8s 557 Epoch 280/1000 completed with RMSE: 0.159662
1225.9s 558 Epoch 281/1000 completed with RMSE: 0.159440
1230.0s 559 Epoch 282/1000 completed with RMSE: 0.159271
1234.3s 560 Epoch 283/1000 completed with RMSE: 0.159401
1238.5s 561 Epoch 284/1000 completed with RMSE: 0.159021
1242.8s 562 Epoch 285/1000 completed with RMSE: 0.158855
1247.0s 563 Epoch 286/1000 completed with RMSE: 0.158562
1251.2s 564 Epoch 287/1000 completed with RMSE: 0.158605
1255.4s 565 Epoch 288/1000 completed with RMSE: 0.158256
1259.3s 566 Epoch 289/1000 completed with RMSE: 0.158369
1263.6s 567 Epoch 290/1000 completed with RMSE: 0.157909
1267.7s 568 Epoch 291/1000 completed with RMSE: 0.157962
1272.0s 569 Epoch 292/1000 completed with RMSE: 0.157642
1276.2s 570 Epoch 293/1000 completed with RMSE: 0.157537
1280.5s 571 Epoch 294/1000 completed with RMSE: 0.157594
1284.6s 572 Epoch 295/1000 completed with RMSE: 0.157331
1288.8s 573 Epoch 296/1000 completed with RMSE: 0.157338
1293.0s 574 Epoch 297/1000 completed with RMSE: 0.157230
1297.2s 575 Epoch 298/1000 completed with RMSE: 0.157151
1301.4s 576 Epoch 299/1000 completed with RMSE: 0.156924
1305.7s 577 Epoch 300/1000 completed with RMSE: 0.156849
1309.9s 578 Epoch 301/1000 completed with RMSE: 0.156617
1314.3s 579 Epoch 302/1000 completed with RMSE: 0.156686
1318.6s 580 Epoch 303/1000 completed with RMSE: 0.156585
1322.8s 581 Epoch 304/1000 completed with RMSE: 0.156551
1327.0s 582 Epoch 305/1000 completed with RMSE: 0.156181
1331.2s 583 Epoch 306/1000 completed with RMSE: 0.156377
1335.5s 584 Epoch 307/1000 completed with RMSE: 0.155867
1339.7s 585 Epoch 308/1000 completed with RMSE: 0.155873
1343.9s 586 Epoch 309/1000 completed with RMSE: 0.155369
1348.0s 587 Epoch 310/1000 completed with RMSE: 0.155722
1352.4s 588 Epoch 311/1000 completed with RMSE: 0.155470
1356.6s 589 Epoch 312/1000 completed with RMSE: 0.155223
1360.8s 590 Epoch 313/1000 completed with RMSE: 0.155011
1365.2s 591 Epoch 314/1000 completed with RMSE: 0.155321
1369.5s 592 Epoch 315/1000 completed with RMSE: 0.155092
1373.7s 593 Epoch 316/1000 completed with RMSE: 0.154730
1377.9s 594 Epoch 317/1000 completed with RMSE: 0.154811
1382.0s 595 Epoch 318/1000 completed with RMSE: 0.154462
1386.1s 596 Epoch 319/1000 completed with RMSE: 0.154695
1390.3s 597 Epoch 320/1000 completed with RMSE: 0.154886
1394.6s 598 Epoch 321/1000 completed with RMSE: 0.154488
1398.9s 599 Epoch 322/1000 completed with RMSE: 0.154239
1403.2s 600 Epoch 323/1000 completed with RMSE: 0.154216
1407.4s 601 Epoch 324/1000 completed with RMSE: 0.154076
1411.6s 602 Epoch 325/1000 completed with RMSE: 0.153866
1415.8s 603 Epoch 326/1000 completed with RMSE: 0.153794
1420.0s 604 Epoch 327/1000 completed with RMSE: 0.153767
1424.2s 605 Epoch 328/1000 completed with RMSE: 0.153613
1428.6s 606 Epoch 329/1000 completed with RMSE: 0.153562
1432.8s 607 Epoch 330/1000 completed with RMSE: 0.153254
1437.0s 608 Epoch 331/1000 completed with RMSE: 0.153072
1441.3s 609 Epoch 332/1000 completed with RMSE: 0.153086
1445.5s 610 Epoch 333/1000 completed with RMSE: 0.153411
1449.7s 611 Epoch 334/1000 completed with RMSE: 0.153066
1453.9s 612 Epoch 335/1000 completed with RMSE: 0.152847
1458.2s 613 Epoch 336/1000 completed with RMSE: 0.153084
1462.5s 614 Epoch 337/1000 completed with RMSE: 0.152637
1466.7s 615 Epoch 338/1000 completed with RMSE: 0.152698
1470.9s 616 Epoch 339/1000 completed with RMSE: 0.152476
1475.0s 617 Epoch 340/1000 completed with RMSE: 0.152348
1479.4s 618 Epoch 341/1000 completed with RMSE: 0.152478
1483.5s 619 Epoch 342/1000 completed with RMSE: 0.152154
1487.7s 620 Epoch 343/1000 completed with RMSE: 0.152149
1492.1s 621 Epoch 344/1000 completed with RMSE: 0.152099
1496.3s 622 Epoch 345/1000 completed with RMSE: 0.152250
1500.5s 623 Epoch 346/1000 completed with RMSE: 0.151801
1504.8s 624 Epoch 347/1000 completed with RMSE: 0.151904
1509.0s 625 Epoch 348/1000 completed with RMSE: 0.151729
1513.2s 626 Epoch 349/1000 completed with RMSE: 0.151649
1517.5s 627 Epoch 350/1000 completed with RMSE: 0.151438
1521.8s 628 Epoch 351/1000 completed with RMSE: 0.151424
1526.0s 629 Epoch 352/1000 completed with RMSE: 0.151314
1530.2s 630 Epoch 353/1000 completed with RMSE: 0.151090
1534.2s 631 Epoch 354/1000 completed with RMSE: 0.151068
1538.6s 632 Epoch 355/1000 completed with RMSE: 0.151429
1542.6s 633 Epoch 356/1000 completed with RMSE: 0.150854
1547.0s 634 Epoch 357/1000 completed with RMSE: 0.150740
1551.1s 635 Epoch 358/1000 completed with RMSE: 0.150914
1555.7s 636 Epoch 359/1000 completed with RMSE: 0.150653
1559.7s 637 Epoch 360/1000 completed with RMSE: 0.150684
1564.2s 638 Epoch 361/1000 completed with RMSE: 0.150804
1568.2s 639 Epoch 362/1000 completed with RMSE: 0.150377
1572.6s 640 Epoch 363/1000 completed with RMSE: 0.150569
1576.6s 641 Epoch 364/1000 completed with RMSE: 0.150326
1581.1s 642 Epoch 365/1000 completed with RMSE: 0.150208
1585.2s 643 Epoch 366/1000 completed with RMSE: 0.150094
1589.6s 644 Epoch 367/1000 completed with RMSE: 0.150183
1593.6s 645 Epoch 368/1000 completed with RMSE: 0.150148
1598.0s 646 Epoch 369/1000 completed with RMSE: 0.149953
1602.1s 647 Epoch 370/1000 completed with RMSE: 0.149956
1606.3s 648 Epoch 371/1000 completed with RMSE: 0.149733
1610.5s 649 Epoch 372/1000 completed with RMSE: 0.149595
1614.8s 650 Epoch 373/1000 completed with RMSE: 0.149646
1619.1s 651 Epoch 374/1000 completed with RMSE: 0.149628
1623.4s 652 Epoch 375/1000 completed with RMSE: 0.149424
1627.4s 653 Epoch 376/1000 completed with RMSE: 0.149304
1631.9s 654 Epoch 377/1000 completed with RMSE: 0.149155
1635.9s 655 Epoch 378/1000 completed with RMSE: 0.149332
1640.2s 656 Epoch 379/1000 completed with RMSE: 0.149355
1644.2s 657 Epoch 380/1000 completed with RMSE: 0.149445
1648.5s 658 Epoch 381/1000 completed with RMSE: 0.149194
1652.8s 659 Epoch 382/1000 completed with RMSE: 0.149151
1657.0s 660 Epoch 383/1000 completed with RMSE: 0.148955
1661.0s 661 Epoch 384/1000 completed with RMSE: 0.148857
1665.3s 662 Epoch 385/1000 completed with RMSE: 0.148988
1669.5s 663 Epoch 386/1000 completed with RMSE: 0.148718
1673.8s 664 Epoch 387/1000 completed with RMSE: 0.148733
1678.0s 665 Epoch 388/1000 completed with RMSE: 0.148557
1682.4s 666 Epoch 389/1000 completed with RMSE: 0.148435
1686.6s 667 Epoch 390/1000 completed with RMSE: 0.148355
1690.9s 668 Epoch 391/1000 completed with RMSE: 0.148477
1694.9s 669 Epoch 392/1000 completed with RMSE: 0.148461
1699.2s 670 Epoch 393/1000 completed with RMSE: 0.148114
1703.4s 671 Epoch 394/1000 completed with RMSE: 0.148238
1707.7s 672 Epoch 395/1000 completed with RMSE: 0.147891
1712.0s 673 Epoch 396/1000 completed with RMSE: 0.148050
1716.2s 674 Epoch 397/1000 completed with RMSE: 0.147899
1720.6s 675 Epoch 398/1000 completed with RMSE: 0.148114
1724.6s 676 Epoch 399/1000 completed with RMSE: 0.147965
1728.8s 677 Epoch 400/1000 completed with RMSE: 0.147736
1733.1s 678 Epoch 401/1000 completed with RMSE: 0.147651
1737.4s 679 Epoch 402/1000 completed with RMSE: 0.147586
1741.8s 680 Epoch 403/1000 completed with RMSE: 0.147488
1746.0s 681 Epoch 404/1000 completed with RMSE: 0.147419
1750.0s 682 Epoch 405/1000 completed with RMSE: 0.147572
1754.5s 683 Epoch 406/1000 completed with RMSE: 0.147335
1758.5s 684 Epoch 407/1000 completed with RMSE: 0.147283
1763.0s 685 Epoch 408/1000 completed with RMSE: 0.147204
1767.0s 686 Epoch 409/1000 completed with RMSE: 0.147238
1771.3s 687 Epoch 410/1000 completed with RMSE: 0.147184
1775.6s 688 Epoch 411/1000 completed with RMSE: 0.147009
1779.9s 689 Epoch 412/1000 completed with RMSE: 0.147016
1783.9s 690 Epoch 413/1000 completed with RMSE: 0.146731
1788.4s 691 Epoch 414/1000 completed with RMSE: 0.146869
1792.5s 692 Epoch 415/1000 completed with RMSE: 0.146764
1796.7s 693 Epoch 416/1000 completed with RMSE: 0.146657
1800.9s 694 Epoch 417/1000 completed with RMSE: 0.146714
1805.3s 695 Epoch 418/1000 completed with RMSE: 0.146588
1809.5s 696 Epoch 419/1000 completed with RMSE: 0.146525
1813.6s 697 Epoch 420/1000 completed with RMSE: 0.146536
1817.9s 698 Epoch 421/1000 completed with RMSE: 0.146422
1822.2s 699 Epoch 422/1000 completed with RMSE: 0.146448
1826.5s 700 Epoch 423/1000 completed with RMSE: 0.146150
1830.5s 701 Epoch 424/1000 completed with RMSE: 0.146309
1834.7s 702 Epoch 425/1000 completed with RMSE: 0.146254
1839.0s 703 Epoch 426/1000 completed with RMSE: 0.146064
1843.3s 704 Epoch 427/1000 completed with RMSE: 0.146020
1847.3s 705 Epoch 428/1000 completed with RMSE: 0.145914
1851.6s 706 Epoch 429/1000 completed with RMSE: 0.146108
1856.0s 707 Epoch 430/1000 completed with RMSE: 0.146067
1860.2s 708 Epoch 431/1000 completed with RMSE: 0.145758
1864.3s 709 Epoch 432/1000 completed with RMSE: 0.145691
1868.9s 710 Epoch 433/1000 completed with RMSE: 0.145421
1873.0s 711 Epoch 434/1000 completed with RMSE: 0.145524
1877.2s 712 Epoch 435/1000 completed with RMSE: 0.145795
1881.6s 713 Epoch 436/1000 completed with RMSE: 0.145391
1885.8s 714 Epoch 437/1000 completed with RMSE: 0.145493
1889.8s 715 Epoch 438/1000 completed with RMSE: 0.145403
1894.1s 716 Epoch 439/1000 completed with RMSE: 0.145760
1898.2s 717 Epoch 440/1000 completed with RMSE: 0.145264
1902.6s 718 Epoch 441/1000 completed with RMSE: 0.145285
1906.8s 719 Epoch 442/1000 completed with RMSE: 0.145064
1911.0s 720 Epoch 443/1000 completed with RMSE: 0.144947
1915.1s 721 Epoch 444/1000 completed with RMSE: 0.145141
1919.4s 722 Epoch 445/1000 completed with RMSE: 0.145391
1923.7s 723 Epoch 446/1000 completed with RMSE: 0.145426
1927.8s 724 Epoch 447/1000 completed with RMSE: 0.145141
1932.2s 725 Epoch 448/1000 completed with RMSE: 0.144976
1936.6s 726 Epoch 449/1000 completed with RMSE: 0.144990
1940.9s 727 Epoch 450/1000 completed with RMSE: 0.144750
1945.0s 728 Epoch 451/1000 completed with RMSE: 0.144890
1949.3s 729 Epoch 452/1000 completed with RMSE: 0.144781
1953.5s 730 Epoch 453/1000 completed with RMSE: 0.144624
1957.8s 731 Epoch 454/1000 completed with RMSE: 0.144572
1962.0s 732 Epoch 455/1000 completed with RMSE: 0.144358
1966.5s 733 Epoch 456/1000 completed with RMSE: 0.144566
1970.6s 734 Epoch 457/1000 completed with RMSE: 0.144483
1974.9s 735 Epoch 458/1000 completed with RMSE: 0.144353
1979.0s 736 Epoch 459/1000 completed with RMSE: 0.144257
1983.3s 737 Epoch 460/1000 completed with RMSE: 0.144372
1987.6s 738 Epoch 461/1000 completed with RMSE: 0.144172
1991.7s 739 Epoch 462/1000 completed with RMSE: 0.144232
1996.0s 740 Epoch 463/1000 completed with RMSE: 0.144329
2000.3s 741 Epoch 464/1000 completed with RMSE: 0.144186
2004.4s 742 Epoch 465/1000 completed with RMSE: 0.144177
2008.7s 743 Epoch 466/1000 completed with RMSE: 0.143973
2013.0s 744 Epoch 467/1000 completed with RMSE: 0.143966
2017.1s 745 Epoch 468/1000 completed with RMSE: 0.144024
2021.4s 746 Epoch 469/1000 completed with RMSE: 0.143770
2025.7s 747 Epoch 470/1000 completed with RMSE: 0.143736
2030.0s 748 Epoch 471/1000 completed with RMSE: 0.143880
2034.1s 749 Epoch 472/1000 completed with RMSE: 0.144057
2038.4s 750 Epoch 473/1000 completed with RMSE: 0.143630
2042.6s 751 Epoch 474/1000 completed with RMSE: 0.143745
2047.1s 752 Epoch 475/1000 completed with RMSE: 0.143504
2051.2s 753 Epoch 476/1000 completed with RMSE: 0.143652
2055.5s 754 Epoch 477/1000 completed with RMSE: 0.143571
2059.6s 755 Epoch 478/1000 completed with RMSE: 0.143430
2063.9s 756 Epoch 479/1000 completed with RMSE: 0.143326
2068.0s 757 Epoch 480/1000 completed with RMSE: 0.143521
2072.2s 758 Epoch 481/1000 completed with RMSE: 0.143274
2076.5s 759 Epoch 482/1000 completed with RMSE: 0.143081
2080.5s 760 Epoch 483/1000 completed with RMSE: 0.143185
2084.8s 761 Epoch 484/1000 completed with RMSE: 0.143308
2089.1s 762 Epoch 485/1000 completed with RMSE: 0.143119
2093.4s 763 Epoch 486/1000 completed with RMSE: 0.143134
2097.8s 764 Epoch 487/1000 completed with RMSE: 0.143064
2102.1s 765 Epoch 488/1000 completed with RMSE: 0.143148
2106.2s 766 Epoch 489/1000 completed with RMSE: 0.143153
2110.5s 767 Epoch 490/1000 completed with RMSE: 0.142882
2114.6s 768 Epoch 491/1000 completed with RMSE: 0.142877
2119.3s 769 Epoch 492/1000 completed with RMSE: 0.142786
2123.5s 770 Epoch 493/1000 completed with RMSE: 0.143039
2127.9s 771 Epoch 494/1000 completed with RMSE: 0.143006
2132.0s 772 Epoch 495/1000 completed with RMSE: 0.142932
2136.4s 773 Epoch 496/1000 completed with RMSE: 0.142805
2140.5s 774 Epoch 497/1000 completed with RMSE: 0.142769
2144.9s 775 Epoch 498/1000 completed with RMSE: 0.142590
2149.3s 776 Epoch 499/1000 completed with RMSE: 0.142401
2153.6s 777 Epoch 500/1000 completed with RMSE: 0.142463
2157.9s 778 Epoch 501/1000 completed with RMSE: 0.142445
2162.1s 779 Epoch 502/1000 completed with RMSE: 0.142701
2166.4s 780 Epoch 503/1000 completed with RMSE: 0.142337
2170.7s 781 Epoch 504/1000 completed with RMSE: 0.142559
2174.8s 782 Epoch 505/1000 completed with RMSE: 0.142470
2179.2s 783 Epoch 506/1000 completed with RMSE: 0.142320
2183.6s 784 Epoch 507/1000 completed with RMSE: 0.142342
2187.6s 785 Epoch 508/1000 completed with RMSE: 0.142380
2191.9s 786 Epoch 509/1000 completed with RMSE: 0.142266
2196.1s 787 Epoch 510/1000 completed with RMSE: 0.142290
2200.4s 788 Epoch 511/1000 completed with RMSE: 0.142262
2204.5s 789 Epoch 512/1000 completed with RMSE: 0.142045
2208.8s 790 Epoch 513/1000 completed with RMSE: 0.142027
2213.2s 791 Epoch 514/1000 completed with RMSE: 0.142097
2217.3s 792 Epoch 515/1000 completed with RMSE: 0.142011
2221.7s 793 Epoch 516/1000 completed with RMSE: 0.141971
2225.8s 794 Epoch 517/1000 completed with RMSE: 0.141948
2230.0s 795 Epoch 518/1000 completed with RMSE: 0.142029
2234.3s 796 Epoch 519/1000 completed with RMSE: 0.141733
2238.6s 797 Epoch 520/1000 completed with RMSE: 0.141930
2242.7s 798 Epoch 521/1000 completed with RMSE: 0.142034
2247.1s 799 Epoch 522/1000 completed with RMSE: 0.141851
2251.2s 800 Epoch 523/1000 completed with RMSE: 0.141623
2255.5s 801 Epoch 524/1000 completed with RMSE: 0.141634
2259.8s 802 Epoch 525/1000 completed with RMSE: 0.141504
2264.2s 803 Epoch 526/1000 completed with RMSE: 0.141552
2268.3s 804 Epoch 527/1000 completed with RMSE: 0.141374
2272.4s 805 Epoch 528/1000 completed with RMSE: 0.141426
2276.8s 806 Epoch 529/1000 completed with RMSE: 0.141498
2280.9s 807 Epoch 530/1000 completed with RMSE: 0.141331
2285.2s 808 Epoch 531/1000 completed with RMSE: 0.141258
2289.3s 809 Epoch 532/1000 completed with RMSE: 0.141386
2293.6s 810 Epoch 533/1000 completed with RMSE: 0.141420
2297.7s 811 Epoch 534/1000 completed with RMSE: 0.141171
2302.0s 812 Epoch 535/1000 completed with RMSE: 0.141215
2306.4s 813 Epoch 536/1000 completed with RMSE: 0.141112
2310.8s 814 Epoch 537/1000 completed with RMSE: 0.141318
2314.9s 815 Epoch 538/1000 completed with RMSE: 0.141280
2319.2s 816 Epoch 539/1000 completed with RMSE: 0.141238
2323.3s 817 Epoch 540/1000 completed with RMSE: 0.140966
2327.7s 818 Epoch 541/1000 completed with RMSE: 0.140989
2331.8s 819 Epoch 542/1000 completed with RMSE: 0.141024
2336.2s 820 Epoch 543/1000 completed with RMSE: 0.141032
2340.4s 821 Epoch 544/1000 completed with RMSE: 0.140977
2344.8s 822 Epoch 545/1000 completed with RMSE: 0.140892
2348.8s 823 Epoch 546/1000 completed with RMSE: 0.140990
2353.2s 824 Epoch 547/1000 completed with RMSE: 0.140907
2357.5s 825 Epoch 548/1000 completed with RMSE: 0.140810
2361.6s 826 Epoch 549/1000 completed with RMSE: 0.140676
2366.0s 827 Epoch 550/1000 completed with RMSE: 0.140638
2370.1s 828 Epoch 551/1000 completed with RMSE: 0.140806
2374.5s 829 Epoch 552/1000 completed with RMSE: 0.140803
2378.6s 830 Epoch 553/1000 completed with RMSE: 0.140531
2382.9s 831 Epoch 554/1000 completed with RMSE: 0.140426
2387.0s 832 Epoch 555/1000 completed with RMSE: 0.140556
2391.3s 833 Epoch 556/1000 completed with RMSE: 0.140389
2395.5s 834 Epoch 557/1000 completed with RMSE: 0.140464
2399.8s 835 Epoch 558/1000 completed with RMSE: 0.140508
2404.0s 836 Epoch 559/1000 completed with RMSE: 0.140350
2408.3s 837 Epoch 560/1000 completed with RMSE: 0.140305
2412.6s 838 Epoch 561/1000 completed with RMSE: 0.140301
2416.8s 839 Epoch 562/1000 completed with RMSE: 0.140188
2421.1s 840 Epoch 563/1000 completed with RMSE: 0.140426
2425.2s 841 Epoch 564/1000 completed with RMSE: 0.140352
2429.5s 842 Epoch 565/1000 completed with RMSE: 0.140223
2433.7s 843 Epoch 566/1000 completed with RMSE: 0.140051
2438.0s 844 Epoch 567/1000 completed with RMSE: 0.140059
2442.1s 845 Epoch 568/1000 completed with RMSE: 0.140071
2446.4s 846 Epoch 569/1000 completed with RMSE: 0.140316
2450.6s 847 Epoch 570/1000 completed with RMSE: 0.140065
2455.0s 848 Epoch 571/1000 completed with RMSE: 0.140086
2459.1s 849 Epoch 572/1000 completed with RMSE: 0.140027
2463.3s 850 Epoch 573/1000 completed with RMSE: 0.139939
2467.7s 851 Epoch 574/1000 completed with RMSE: 0.139921
2472.1s 852 Epoch 575/1000 completed with RMSE: 0.139871
2476.4s 853 Epoch 576/1000 completed with RMSE: 0.139891
2480.6s 854 Epoch 577/1000 completed with RMSE: 0.139778
2484.7s 855 Epoch 578/1000 completed with RMSE: 0.139744
2489.0s 856 Epoch 579/1000 completed with RMSE: 0.139847
2493.2s 857 Epoch 580/1000 completed with RMSE: 0.139855
2497.5s 858 Epoch 581/1000 completed with RMSE: 0.139719
2501.8s 859 Epoch 582/1000 completed with RMSE: 0.139988
2505.9s 860 Epoch 583/1000 completed with RMSE: 0.139797
2510.2s 861 Epoch 584/1000 completed with RMSE: 0.139684
2514.3s 862 Epoch 585/1000 completed with RMSE: 0.139676
2518.7s 863 Epoch 586/1000 completed with RMSE: 0.139628
2523.1s 864 Epoch 587/1000 completed with RMSE: 0.139722
2527.3s 865 Epoch 588/1000 completed with RMSE: 0.139369
2531.7s 866 Epoch 589/1000 completed with RMSE: 0.139534
2535.8s 867 Epoch 590/1000 completed with RMSE: 0.139490
2539.9s 868 Epoch 591/1000 completed with RMSE: 0.139384
2544.3s 869 Epoch 592/1000 completed with RMSE: 0.139481
2548.5s 870 Epoch 593/1000 completed with RMSE: 0.139574
2552.9s 871 Epoch 594/1000 completed with RMSE: 0.139485
2557.0s 872 Epoch 595/1000 completed with RMSE: 0.139407
2561.4s 873 Epoch 596/1000 completed with RMSE: 0.139285
2565.6s 874 Epoch 597/1000 completed with RMSE: 0.139211
2570.0s 875 Epoch 598/1000 completed with RMSE: 0.139230
2574.2s 876 Epoch 599/1000 completed with RMSE: 0.139318
2578.5s 877 Epoch 600/1000 completed with RMSE: 0.139256
2582.7s 878 Epoch 601/1000 completed with RMSE: 0.139067
2587.0s 879 Epoch 602/1000 completed with RMSE: 0.139082
2591.3s 880 Epoch 603/1000 completed with RMSE: 0.139173
2595.3s 881 Epoch 604/1000 completed with RMSE: 0.138857
2599.7s 882 Epoch 605/1000 completed with RMSE: 0.138964
2603.8s 883 Epoch 606/1000 completed with RMSE: 0.139092
2608.2s 884 Epoch 607/1000 completed with RMSE: 0.139143
2612.5s 885 Epoch 608/1000 completed with RMSE: 0.138894
2616.8s 886 Epoch 609/1000 completed with RMSE: 0.139163
2621.0s 887 Epoch 610/1000 completed with RMSE: 0.138870
2625.4s 888 Epoch 611/1000 completed with RMSE: 0.138888
2629.5s 889 Epoch 612/1000 completed with RMSE: 0.138832
2633.9s 890 Epoch 613/1000 completed with RMSE: 0.139021
2638.0s 891 Epoch 614/1000 completed with RMSE: 0.138753
2642.2s 892 Epoch 615/1000 completed with RMSE: 0.138716
2646.5s 893 Epoch 616/1000 completed with RMSE: 0.138801
2650.6s 894 Epoch 617/1000 completed with RMSE: 0.138455
2655.1s 895 Epoch 618/1000 completed with RMSE: 0.138712
2659.3s 896 Epoch 619/1000 completed with RMSE: 0.138858
2663.6s 897 Epoch 620/1000 completed with RMSE: 0.138713
2667.7s 898 Epoch 621/1000 completed with RMSE: 0.138744
2672.1s 899 Epoch 622/1000 completed with RMSE: 0.138642
2676.1s 900 Epoch 623/1000 completed with RMSE: 0.138617
2680.2s 901 Epoch 624/1000 completed with RMSE: 0.138560
2684.7s 902 Epoch 625/1000 completed with RMSE: 0.138578
2688.8s 903 Epoch 626/1000 completed with RMSE: 0.138421
2693.1s 904 Epoch 627/1000 completed with RMSE: 0.138433
2697.5s 905 Epoch 628/1000 completed with RMSE: 0.138418
2701.9s 906 Epoch 629/1000 completed with RMSE: 0.138370
2706.0s 907 Epoch 630/1000 completed with RMSE: 0.138315
2710.4s 908 Epoch 631/1000 completed with RMSE: 0.138466
2714.7s 909 Epoch 632/1000 completed with RMSE: 0.138413
2719.2s 910 Epoch 633/1000 completed with RMSE: 0.138372
2723.3s 911 Epoch 634/1000 completed with RMSE: 0.138354
2727.4s 912 Epoch 635/1000 completed with RMSE: 0.138371
2731.6s 913 Epoch 636/1000 completed with RMSE: 0.138322
2735.9s 914 Epoch 637/1000 completed with RMSE: 0.138244
2740.0s 915 Epoch 638/1000 completed with RMSE: 0.138295
2744.4s 916 Epoch 639/1000 completed with RMSE: 0.138194
2748.6s 917 Epoch 640/1000 completed with RMSE: 0.138111
2753.0s 918 Epoch 641/1000 completed with RMSE: 0.138261
2757.4s 919 Epoch 642/1000 completed with RMSE: 0.138190
2761.6s 920 Epoch 643/1000 completed with RMSE: 0.138061
2765.7s 921 Epoch 644/1000 completed with RMSE: 0.138072
2769.8s 922 Epoch 645/1000 completed with RMSE: 0.138232
2774.3s 923 Epoch 646/1000 completed with RMSE: 0.137974
2778.5s 924 Epoch 647/1000 completed with RMSE: 0.138012
2782.9s 925 Epoch 648/1000 completed with RMSE: 0.138010
2787.0s 926 Epoch 649/1000 completed with RMSE: 0.138124
2791.2s 927 Epoch 650/1000 completed with RMSE: 0.137914
2795.6s 928 Epoch 651/1000 completed with RMSE: 0.137826
2799.6s 929 Epoch 652/1000 completed with RMSE: 0.137960
2804.1s 930 Epoch 653/1000 completed with RMSE: 0.137708
2808.3s 931 Epoch 654/1000 completed with RMSE: 0.137854
2812.8s 932 Epoch 655/1000 completed with RMSE: 0.137818
2816.9s 933 Epoch 656/1000 completed with RMSE: 0.137918
2821.1s 934 Epoch 657/1000 completed with RMSE: 0.137833
2825.3s 935 Epoch 658/1000 completed with RMSE: 0.137806
2829.7s 936 Epoch 659/1000 completed with RMSE: 0.138017
2833.9s 937 Epoch 660/1000 completed with RMSE: 0.137600
2838.2s 938 Epoch 661/1000 completed with RMSE: 0.137648
2842.5s 939 Epoch 662/1000 completed with RMSE: 0.137675
2846.6s 940 Epoch 663/1000 completed with RMSE: 0.137780
2851.0s 941 Epoch 664/1000 completed with RMSE: 0.137750
2855.3s 942 Epoch 665/1000 completed with RMSE: 0.137670
2859.5s 943 Epoch 666/1000 completed with RMSE: 0.137642
2864.0s 944 Epoch 667/1000 completed with RMSE: 0.137787
2868.2s 945 Epoch 668/1000 completed with RMSE: 0.137541
2872.7s 946 Epoch 669/1000 completed with RMSE: 0.137471
2876.9s 947 Epoch 670/1000 completed with RMSE: 0.137307
2881.3s 948 Epoch 671/1000 completed with RMSE: 0.137395
2885.5s 949 Epoch 672/1000 completed with RMSE: 0.137471
2889.7s 950 Epoch 673/1000 completed with RMSE: 0.137268
2893.9s 951 Epoch 674/1000 completed with RMSE: 0.137662
2898.3s 952 Epoch 675/1000 completed with RMSE: 0.137451
2902.6s 953 Epoch 676/1000 completed with RMSE: 0.137574
2906.8s 954 Epoch 677/1000 completed with RMSE: 0.137326
2911.2s 955 Epoch 678/1000 completed with RMSE: 0.137183
2915.3s 956 Epoch 679/1000 completed with RMSE: 0.137256
2919.6s 957 Epoch 680/1000 completed with RMSE: 0.137090
2923.9s 958 Epoch 681/1000 completed with RMSE: 0.137229
2928.0s 959 Epoch 682/1000 completed with RMSE: 0.137207
2932.2s 960 Epoch 683/1000 completed with RMSE: 0.137216
2936.8s 961 Epoch 684/1000 completed with RMSE: 0.137166
2940.9s 962 Epoch 685/1000 completed with RMSE: 0.137159
2945.1s 963 Epoch 686/1000 completed with RMSE: 0.137199
2949.5s 964 Epoch 687/1000 completed with RMSE: 0.137277
2953.7s 965 Epoch 688/1000 completed with RMSE: 0.137136
2958.1s 966 Epoch 689/1000 completed with RMSE: 0.137039
2962.0s 967 Epoch 690/1000 completed with RMSE: 0.137113
2966.5s 968 Epoch 691/1000 completed with RMSE: 0.137212
2970.6s 969 Epoch 692/1000 completed with RMSE: 0.137162
2974.8s 970 Epoch 693/1000 completed with RMSE: 0.137086
2979.2s 971 Epoch 694/1000 completed with RMSE: 0.137038
2983.4s 972 Epoch 695/1000 completed with RMSE: 0.137040
2987.5s 973 Epoch 696/1000 completed with RMSE: 0.137170
2992.0s 974 Epoch 697/1000 completed with RMSE: 0.136829
2996.2s 975 Epoch 698/1000 completed with RMSE: 0.136781
3000.4s 976 Epoch 699/1000 completed with RMSE: 0.136642
3004.8s 977 Epoch 700/1000 completed with RMSE: 0.136825
3008.9s 978 Epoch 701/1000 completed with RMSE: 0.136523
3013.1s 979 Epoch 702/1000 completed with RMSE: 0.136903
3017.7s 980 Epoch 703/1000 completed with RMSE: 0.136771
3021.9s 981 Epoch 704/1000 completed with RMSE: 0.136806
3026.0s 982 Epoch 705/1000 completed with RMSE: 0.136697
3030.2s 983 Epoch 706/1000 completed with RMSE: 0.136738
3034.6s 984 Epoch 707/1000 completed with RMSE: 0.136759
3038.8s 985 Epoch 708/1000 completed with RMSE: 0.136568
3043.3s 986 Epoch 709/1000 completed with RMSE: 0.136626
3047.6s 987 Epoch 710/1000 completed with RMSE: 0.136784
3051.8s 988 Epoch 711/1000 completed with RMSE: 0.136708
3056.1s 989 Epoch 712/1000 completed with RMSE: 0.136487
3060.4s 990 Epoch 713/1000 completed with RMSE: 0.136704
3064.8s 991 Epoch 714/1000 completed with RMSE: 0.136599
3069.0s 992 Epoch 715/1000 completed with RMSE: 0.136663
3073.5s 993 Epoch 716/1000 completed with RMSE: 0.136613
3077.6s 994 Epoch 717/1000 completed with RMSE: 0.136730
3081.8s 995 Epoch 718/1000 completed with RMSE: 0.136610
3086.0s 996 Epoch 719/1000 completed with RMSE: 0.136539
3090.4s 997 Epoch 720/1000 completed with RMSE: 0.136603
3094.8s 998 Epoch 721/1000 completed with RMSE: 0.136541
3099.0s 999 Epoch 722/1000 completed with RMSE: 0.136551
3103.5s 1000 Epoch 723/1000 completed with RMSE: 0.136413
3107.6s 1001 Epoch 724/1000 completed with RMSE: 0.136548
3111.8s 1002 Epoch 725/1000 completed with RMSE: 0.136530
3116.0s 1003 Epoch 726/1000 completed with RMSE: 0.136409
3120.5s 1004 Epoch 727/1000 completed with RMSE: 0.136333
3124.8s 1005 Epoch 728/1000 completed with RMSE: 0.136320
3129.0s 1006 Epoch 729/1000 completed with RMSE: 0.136283
3133.2s 1007 Epoch 730/1000 completed with RMSE: 0.136056
3137.3s 1008 Epoch 731/1000 completed with RMSE: 0.136262
3141.8s 1009 Epoch 732/1000 completed with RMSE: 0.136079
3146.0s 1010 Epoch 733/1000 completed with RMSE: 0.136255
3150.2s 1011 Epoch 734/1000 completed with RMSE: 0.136285
3154.5s 1012 Epoch 735/1000 completed with RMSE: 0.136201
3159.0s 1013 Epoch 736/1000 completed with RMSE: 0.136403
3163.2s 1014 Epoch 737/1000 completed with RMSE: 0.136281
3167.4s 1015 Epoch 738/1000 completed with RMSE: 0.136329
3171.9s 1016 Epoch 739/1000 completed with RMSE: 0.136357
3176.1s 1017 Epoch 740/1000 completed with RMSE: 0.135964
3180.4s 1018 Epoch 741/1000 completed with RMSE: 0.136095
3184.6s 1019 Epoch 742/1000 completed with RMSE: 0.136060
3188.9s 1020 Epoch 743/1000 completed with RMSE: 0.136145
3193.4s 1021 Epoch 744/1000 completed with RMSE: 0.136134
3197.6s 1022 Epoch 745/1000 completed with RMSE: 0.136091
3201.8s 1023 Epoch 746/1000 completed with RMSE: 0.136210
3206.0s 1024 Epoch 747/1000 completed with RMSE: 0.135901
3210.4s 1025 Epoch 748/1000 completed with RMSE: 0.136046
3214.6s 1026 Epoch 749/1000 completed with RMSE: 0.135973
3218.9s 1027 Epoch 750/1000 completed with RMSE: 0.136004
3223.1s 1028 Epoch 751/1000 completed with RMSE: 0.136037
3227.5s 1029 Epoch 752/1000 completed with RMSE: 0.135944
3231.7s 1030 Epoch 753/1000 completed with RMSE: 0.135763
3235.9s 1031 Epoch 754/1000 completed with RMSE: 0.135755
3240.4s 1032 Epoch 755/1000 completed with RMSE: 0.136023
3244.6s 1033 Epoch 756/1000 completed with RMSE: 0.135800
3248.9s 1034 Epoch 757/1000 completed with RMSE: 0.135876
3253.1s 1035 Epoch 758/1000 completed with RMSE: 0.135848
3257.3s 1036 Epoch 759/1000 completed with RMSE: 0.135815
3261.6s 1037 Epoch 760/1000 completed with RMSE: 0.135825
3265.9s 1038 Epoch 761/1000 completed with RMSE: 0.135793
3270.1s 1039 Epoch 762/1000 completed with RMSE: 0.135740
3274.4s 1040 Epoch 763/1000 completed with RMSE: 0.135818
3278.8s 1041 Epoch 764/1000 completed with RMSE: 0.135744
3282.8s 1042 Epoch 765/1000 completed with RMSE: 0.135917
3287.2s 1043 Epoch 766/1000 completed with RMSE: 0.135686
3291.4s 1044 Epoch 767/1000 completed with RMSE: 0.135668
3295.6s 1045 Epoch 768/1000 completed with RMSE: 0.135709
3299.8s 1046 Epoch 769/1000 completed with RMSE: 0.135495
3304.0s 1047 Epoch 770/1000 completed with RMSE: 0.135644
3308.5s 1048 Epoch 771/1000 completed with RMSE: 0.135663
3312.8s 1049 Epoch 772/1000 completed with RMSE: 0.135696
3317.0s 1050 Epoch 773/1000 completed with RMSE: 0.135414
3321.2s 1051 Epoch 774/1000 completed with RMSE: 0.135585
3325.4s 1052 Epoch 775/1000 completed with RMSE: 0.135390
3329.9s 1053 Epoch 776/1000 completed with RMSE: 0.135476
3334.0s 1054 Epoch 777/1000 completed with RMSE: 0.135560
3338.2s 1055 Epoch 778/1000 completed with RMSE: 0.135498
3342.6s 1056 Epoch 779/1000 completed with RMSE: 0.135521
3347.0s 1057 Epoch 780/1000 completed with RMSE: 0.135414
3351.3s 1058 Epoch 781/1000 completed with RMSE: 0.135414
3355.4s 1059 Epoch 782/1000 completed with RMSE: 0.135430
3359.6s 1060 Epoch 783/1000 completed with RMSE: 0.135489
3363.8s 1061 Epoch 784/1000 completed with RMSE: 0.135366
3368.2s 1062 Epoch 785/1000 completed with RMSE: 0.135395
3372.4s 1063 Epoch 786/1000 completed with RMSE: 0.135297
3376.7s 1064 Epoch 787/1000 completed with RMSE: 0.135411
3380.9s 1065 Epoch 788/1000 completed with RMSE: 0.135286
3385.1s 1066 Epoch 789/1000 completed with RMSE: 0.135286
3389.3s 1067 Epoch 790/1000 completed with RMSE: 0.135408
3393.8s 1068 Epoch 791/1000 completed with RMSE: 0.135121
3398.0s 1069 Epoch 792/1000 completed with RMSE: 0.135243
3402.2s 1070 Epoch 793/1000 completed with RMSE: 0.135189
3406.7s 1071 Epoch 794/1000 completed with RMSE: 0.135200
3410.7s 1072 Epoch 795/1000 completed with RMSE: 0.135433
3415.0s 1073 Epoch 796/1000 completed with RMSE: 0.135147
3419.5s 1074 Epoch 797/1000 completed with RMSE: 0.135102
3423.8s 1075 Epoch 798/1000 completed with RMSE: 0.135112
3428.0s 1076 Epoch 799/1000 completed with RMSE: 0.135100
3432.2s 1077 Epoch 800/1000 completed with RMSE: 0.135214
3436.7s 1078 Epoch 801/1000 completed with RMSE: 0.135095
3440.7s 1079 Epoch 802/1000 completed with RMSE: 0.135190
3445.2s 1080 Epoch 803/1000 completed with RMSE: 0.135176
3449.4s 1081 Epoch 804/1000 completed with RMSE: 0.134933
3453.6s 1082 Epoch 805/1000 completed with RMSE: 0.135098
3457.8s 1083 Epoch 806/1000 completed with RMSE: 0.135106
3462.0s 1084 Epoch 807/1000 completed with RMSE: 0.135006
3466.5s 1085 Epoch 808/1000 completed with RMSE: 0.135022
3470.5s 1086 Epoch 809/1000 completed with RMSE: 0.135169
3475.0s 1087 Epoch 810/1000 completed with RMSE: 0.134852
3479.3s 1088 Epoch 811/1000 completed with RMSE: 0.134769
3483.6s 1089 Epoch 812/1000 completed with RMSE: 0.135023
3487.8s 1090 Epoch 813/1000 completed with RMSE: 0.134939
3492.1s 1091 Epoch 814/1000 completed with RMSE: 0.135002
3496.6s 1092 Epoch 815/1000 completed with RMSE: 0.134998
3500.9s 1093 Epoch 816/1000 completed with RMSE: 0.134790
3505.2s 1094 Epoch 817/1000 completed with RMSE: 0.134926
3509.4s 1095 Epoch 818/1000 completed with RMSE: 0.134698
3513.6s 1096 Epoch 819/1000 completed with RMSE: 0.134919
3517.8s 1097 Epoch 820/1000 completed with RMSE: 0.134730
3522.0s 1098 Epoch 821/1000 completed with RMSE: 0.134958
3526.6s 1099 Epoch 822/1000 completed with RMSE: 0.134808
3530.7s 1100 Epoch 823/1000 completed with RMSE: 0.134972
3535.2s 1101 Epoch 824/1000 completed with RMSE: 0.134734
3539.4s 1102 Epoch 825/1000 completed with RMSE: 0.134732
3543.7s 1103 Epoch 826/1000 completed with RMSE: 0.134715
3548.0s 1104 Epoch 827/1000 completed with RMSE: 0.134788
3552.2s 1105 Epoch 828/1000 completed with RMSE: 0.134927
3556.7s 1106 Epoch 829/1000 completed with RMSE: 0.134564
3560.7s 1107 Epoch 830/1000 completed with RMSE: 0.134589
3565.3s 1108 Epoch 831/1000 completed with RMSE: 0.134715
3569.5s 1109 Epoch 832/1000 completed with RMSE: 0.134566
3573.8s 1110 Epoch 833/1000 completed with RMSE: 0.134824
3577.9s 1111 Epoch 834/1000 completed with RMSE: 0.134899
3582.2s 1112 Epoch 835/1000 completed with RMSE: 0.134644
3586.8s 1113 Epoch 836/1000 completed with RMSE: 0.134903
3590.7s 1114 Epoch 837/1000 completed with RMSE: 0.134410
3595.4s 1115 Epoch 838/1000 completed with RMSE: 0.134474
3599.5s 1116 Epoch 839/1000 completed with RMSE: 0.134603
3603.8s 1117 Epoch 840/1000 completed with RMSE: 0.134499
3608.0s 1118 Epoch 841/1000 completed with RMSE: 0.134364
3612.2s 1119 Epoch 842/1000 completed with RMSE: 0.134636
3616.6s 1120 Epoch 843/1000 completed with RMSE: 0.134387
3620.6s 1121 Epoch 844/1000 completed with RMSE: 0.134363
3625.0s 1122 Epoch 845/1000 completed with RMSE: 0.134345
3629.5s 1123 Epoch 846/1000 completed with RMSE: 0.134536
3633.7s 1124 Epoch 847/1000 completed with RMSE: 0.134426
3637.9s 1125 Epoch 848/1000 completed with RMSE: 0.134438
3642.1s 1126 Epoch 849/1000 completed with RMSE: 0.134507
3646.4s 1127 Epoch 850/1000 completed with RMSE: 0.134604
3650.6s 1128 Epoch 851/1000 completed with RMSE: 0.134391
3654.9s 1129 Epoch 852/1000 completed with RMSE: 0.134397
3659.1s 1130 Epoch 853/1000 completed with RMSE: 0.134500
3663.4s 1131 Epoch 854/1000 completed with RMSE: 0.134402
3667.8s 1132 Epoch 855/1000 completed with RMSE: 0.134398
3672.1s 1133 Epoch 856/1000 completed with RMSE: 0.134298
3676.3s 1134 Epoch 857/1000 completed with RMSE: 0.134398
3680.5s 1135 Epoch 858/1000 completed with RMSE: 0.134359
3684.8s 1136 Epoch 859/1000 completed with RMSE: 0.134372
3689.0s 1137 Epoch 860/1000 completed with RMSE: 0.134203
3693.3s 1138 Epoch 861/1000 completed with RMSE: 0.134213
3697.8s 1139 Epoch 862/1000 completed with RMSE: 0.134209
3702.0s 1140 Epoch 863/1000 completed with RMSE: 0.134240
3706.2s 1141 Epoch 864/1000 completed with RMSE: 0.134133
3710.5s 1142 Epoch 865/1000 completed with RMSE: 0.134329
3714.8s 1143 Epoch 866/1000 completed with RMSE: 0.134387
3719.1s 1144 Epoch 867/1000 completed with RMSE: 0.134189
3723.4s 1145 Epoch 868/1000 completed with RMSE: 0.134183
3727.6s 1146 Epoch 869/1000 completed with RMSE: 0.134291
3731.9s 1147 Epoch 870/1000 completed with RMSE: 0.134182
3736.1s 1148 Epoch 871/1000 completed with RMSE: 0.133981
3740.3s 1149 Epoch 872/1000 completed with RMSE: 0.134170
3744.5s 1150 Epoch 873/1000 completed with RMSE: 0.134243
3748.9s 1151 Epoch 874/1000 completed with RMSE: 0.134117
3753.2s 1152 Epoch 875/1000 completed with RMSE: 0.134118
3757.7s 1153 Epoch 876/1000 completed with RMSE: 0.134103
3761.7s 1154 Epoch 877/1000 completed with RMSE: 0.134204
3766.2s 1155 Epoch 878/1000 completed with RMSE: 0.134053
3770.4s 1156 Epoch 879/1000 completed with RMSE: 0.134114
3774.4s 1157 Epoch 880/1000 completed with RMSE: 0.134129
3778.9s 1158 Epoch 881/1000 completed with RMSE: 0.134101
3783.3s 1159 Epoch 882/1000 completed with RMSE: 0.133997
3787.5s 1160 Epoch 883/1000 completed with RMSE: 0.133982
3791.8s 1161 Epoch 884/1000 completed with RMSE: 0.134226
3796.0s 1162 Epoch 885/1000 completed with RMSE: 0.134026
3800.3s 1163 Epoch 886/1000 completed with RMSE: 0.134107
3804.6s 1164 Epoch 887/1000 completed with RMSE: 0.133857
3808.8s 1165 Epoch 888/1000 completed with RMSE: 0.134104
3813.1s 1166 Epoch 889/1000 completed with RMSE: 0.134052
3817.4s 1167 Epoch 890/1000 completed with RMSE: 0.134074
3821.6s 1168 Epoch 891/1000 completed with RMSE: 0.133893
3825.9s 1169 Epoch 892/1000 completed with RMSE: 0.133810
3830.2s 1170 Epoch 893/1000 completed with RMSE: 0.133837
3834.5s 1171 Epoch 894/1000 completed with RMSE: 0.133925
3839.0s 1172 Epoch 895/1000 completed with RMSE: 0.133951
3843.0s 1173 Epoch 896/1000 completed with RMSE: 0.133898
3847.4s 1174 Epoch 897/1000 completed with RMSE: 0.133830
3851.6s 1175 Epoch 898/1000 completed with RMSE: 0.133701
3855.9s 1176 Epoch 899/1000 completed with RMSE: 0.133780
3860.4s 1177 Epoch 900/1000 completed with RMSE: 0.133701
3864.4s 1178 Epoch 901/1000 completed with RMSE: 0.133895
3868.9s 1179 Epoch 902/1000 completed with RMSE: 0.133538
3872.9s 1180 Epoch 903/1000 completed with RMSE: 0.133780
3877.2s 1181 Epoch 904/1000 completed with RMSE: 0.133762
3881.8s 1182 Epoch 905/1000 completed with RMSE: 0.133917
3885.7s 1183 Epoch 906/1000 completed with RMSE: 0.133752
3890.2s 1184 Epoch 907/1000 completed with RMSE: 0.133765
3894.2s 1185 Epoch 908/1000 completed with RMSE: 0.133713
3898.7s 1186 Epoch 909/1000 completed with RMSE: 0.133622
3902.9s 1187 Epoch 910/1000 completed with RMSE: 0.133572
3906.9s 1188 Epoch 911/1000 completed with RMSE: 0.133437
3911.8s 1189 Epoch 912/1000 completed with RMSE: 0.133662
3915.9s 1190 Epoch 913/1000 completed with RMSE: 0.133561
3920.2s 1191 Epoch 914/1000 completed with RMSE: 0.133577
3924.5s 1192 Epoch 915/1000 completed with RMSE: 0.133670
3928.7s 1193 Epoch 916/1000 completed with RMSE: 0.133553
3933.0s 1194 Epoch 917/1000 completed with RMSE: 0.133631
3937.2s 1195 Epoch 918/1000 completed with RMSE: 0.133689
3941.6s 1196 Epoch 919/1000 completed with RMSE: 0.133611
3945.9s 1197 Epoch 920/1000 completed with RMSE: 0.133524
3950.2s 1198 Epoch 921/1000 completed with RMSE: 0.133522
3954.5s 1199 Epoch 922/1000 completed with RMSE: 0.133436
3958.8s 1200 Epoch 923/1000 completed with RMSE: 0.133463
3963.1s 1201 Epoch 924/1000 completed with RMSE: 0.133450
3967.3s 1202 Epoch 925/1000 completed with RMSE: 0.133612
3971.7s 1203 Epoch 926/1000 completed with RMSE: 0.133440
3976.0s 1204 Epoch 927/1000 completed with RMSE: 0.133378
3980.3s 1205 Epoch 928/1000 completed with RMSE: 0.133521
3984.6s 1206 Epoch 929/1000 completed with RMSE: 0.133548
3988.8s 1207 Epoch 930/1000 completed with RMSE: 0.133538
3993.2s 1208 Epoch 931/1000 completed with RMSE: 0.133556
3997.5s 1209 Epoch 932/1000 completed with RMSE: 0.133500
4001.9s 1210 Epoch 933/1000 completed with RMSE: 0.133462
4006.2s 1211 Epoch 934/1000 completed with RMSE: 0.133442
4010.5s 1212 Epoch 935/1000 completed with RMSE: 0.133292
4014.8s 1213 Epoch 936/1000 completed with RMSE: 0.133509
4019.1s 1214 Epoch 937/1000 completed with RMSE: 0.133288
4023.3s 1215 Epoch 938/1000 completed with RMSE: 0.133286
4027.5s 1216 Epoch 939/1000 completed with RMSE: 0.133151
4031.8s 1217 Epoch 940/1000 completed with RMSE: 0.133445
4036.2s 1218 Epoch 941/1000 completed with RMSE: 0.133397
4040.5s 1219 Epoch 942/1000 completed with RMSE: 0.133359
4044.8s 1220 Epoch 943/1000 completed with RMSE: 0.133260
4049.0s 1221 Epoch 944/1000 completed with RMSE: 0.133236
4053.3s 1222 Epoch 945/1000 completed with RMSE: 0.133345
4057.5s 1223 Epoch 946/1000 completed with RMSE: 0.133242
4061.8s 1224 Epoch 947/1000 completed with RMSE: 0.133344
4066.2s 1225 Epoch 948/1000 completed with RMSE: 0.133255
4070.4s 1226 Epoch 949/1000 completed with RMSE: 0.133242
4074.9s 1227 Epoch 950/1000 completed with RMSE: 0.133272
4079.1s 1228 Epoch 951/1000 completed with RMSE: 0.133179
4083.4s 1229 Epoch 952/1000 completed with RMSE: 0.133115
4087.6s 1230 Epoch 953/1000 completed with RMSE: 0.133291
4091.8s 1231 Epoch 954/1000 completed with RMSE: 0.133125
4096.3s 1232 Epoch 955/1000 completed with RMSE: 0.133240
4100.6s 1233 Epoch 956/1000 completed with RMSE: 0.133247
4104.9s 1234 Epoch 957/1000 completed with RMSE: 0.133254
4109.2s 1235 Epoch 958/1000 completed with RMSE: 0.133138
4113.5s 1236 Epoch 959/1000 completed with RMSE: 0.133249
4117.8s 1237 Epoch 960/1000 completed with RMSE: 0.133247
4122.1s 1238 Epoch 961/1000 completed with RMSE: 0.133119
4126.4s 1239 Epoch 962/1000 completed with RMSE: 0.133045
4130.5s 1240 Epoch 963/1000 completed with RMSE: 0.133143
4134.8s 1241 Epoch 964/1000 completed with RMSE: 0.133015
4139.4s 1242 Epoch 965/1000 completed with RMSE: 0.133095
4143.4s 1243 Epoch 966/1000 completed with RMSE: 0.132949
4147.9s 1244 Epoch 967/1000 completed with RMSE: 0.133034
4151.9s 1245 Epoch 968/1000 completed with RMSE: 0.132919
4156.3s 1246 Epoch 969/1000 completed with RMSE: 0.133215
4160.7s 1247 Epoch 970/1000 completed with RMSE: 0.133102
4165.0s 1248 Epoch 971/1000 completed with RMSE: 0.133184
4169.6s 1249 Epoch 972/1000 completed with RMSE: 0.133082
4173.7s 1250 Epoch 973/1000 completed with RMSE: 0.133170
4178.0s 1251 Epoch 974/1000 completed with RMSE: 0.132961
4182.3s 1252 Epoch 975/1000 completed with RMSE: 0.133028
4186.6s 1253 Epoch 976/1000 completed with RMSE: 0.132905
4191.0s 1254 Epoch 977/1000 completed with RMSE: 0.132970
4195.3s 1255 Epoch 978/1000 completed with RMSE: 0.132898
4199.6s 1256 Epoch 979/1000 completed with RMSE: 0.133070
4203.9s 1257 Epoch 980/1000 completed with RMSE: 0.133046
4208.1s 1258 Epoch 981/1000 completed with RMSE: 0.132987
4212.4s 1259 Epoch 982/1000 completed with RMSE: 0.133013
4216.4s 1260 Epoch 983/1000 completed with RMSE: 0.132972
4221.2s 1261 Epoch 984/1000 completed with RMSE: 0.132696
4225.2s 1262 Epoch 985/1000 completed with RMSE: 0.132855
4229.5s 1263 Epoch 986/1000 completed with RMSE: 0.132940
4233.7s 1264 Epoch 987/1000 completed with RMSE: 0.132839
4238.0s 1265 Epoch 988/1000 completed with RMSE: 0.132840
4242.6s 1266 Epoch 989/1000 completed with RMSE: 0.132747
4246.7s 1267 Epoch 990/1000 completed with RMSE: 0.132745
4251.0s 1268 Epoch 991/1000 completed with RMSE: 0.132861
4255.4s 1269 Epoch 992/1000 completed with RMSE: 0.132815
4259.7s 1270 Epoch 993/1000 completed with RMSE: 0.132702
4264.0s 1271 Epoch 994/1000 completed with RMSE: 0.132659
4268.3s 1272 Epoch 995/1000 completed with RMSE: 0.132790
4272.5s 1273 Epoch 996/1000 completed with RMSE: 0.132841
4276.5s 1274 Epoch 997/1000 completed with RMSE: 0.132804
4280.8s 1275 Epoch 998/1000 completed with RMSE: 0.132772
4285.4s 1276 Epoch 999/1000 completed with RMSE: 0.132858
4289.4s 1277 Epoch 1000/1000 completed with RMSE: 0.132633
4289.4s 1278 Training completed!
4289.4s 1279 Training history saved to history/training_history_20241012_115000_b4c56f43-9664-4bec-ab54-39dbeee383e4.csv
4289.4s 1280 CPU times: user 1h 15min 39s, sys: 33.1 s, total: 1h 16min 12s
4289.4s 1281 Wall time: 1h 10min 42s
4295.9s 1282 Training history saved to history/predictions_20241012_115006_b4c56f43-9664-4bec-ab54-39dbeee383e4.csv
4295.9s 1283 Evaluation RMSE (Real): 0.123203
4295.9s 1284 Evaluation RMSE (Imaginary): 0.123593
4295.9s 1285 CPU times: user 4.69 s, sys: 48 ms, total: 4.74 s
4295.9s 1286 Wall time: 4.33 s
4297.6s 1287 CPU times: user 779 ms, sys: 279 ms, total: 1.06 s
4297.6s 1288 Wall time: 607 ms
4298.8s 1289 CPU times: user 860 ms, sys: 284 ms, total: 1.14 s
4298.8s 1290 Wall time: 671 ms
4300.0s 1291 CPU times: user 834 ms, sys: 297 ms, total: 1.13 s
4300.0s 1292 Wall time: 656 ms
4301.1s 1293 CPU times: user 701 ms, sys: 208 ms, total: 909 ms
4301.1s 1294 Wall time: 568 ms
4311.3s 1295 [NbConvertApp] Converting notebook __notebook__.ipynb to notebook
4318.9s 1296 [NbConvertApp] Writing 12310144 bytes to __notebook__.ipynb
4320.6s 1297 [NbConvertApp] Converting notebook __notebook__.ipynb to html
4326.6s 1298 [NbConvertApp] Support files will be in __results___files/
4326.6s 1299 [NbConvertApp] Making directory __results___files
4326.6s 1300 [NbConvertApp] Making directory __results___files
4326.6s 1301 [NbConvertApp] Making directory __results___files
4326.6s 1302 [NbConvertApp] Making directory __results___files
4326.6s 1303 [NbConvertApp] Making directory __results___files
4326.6s 1304 [NbConvertApp] Writing 9504889 bytes to __results__.html