15.7s 1 Collecting torchdiffeq
15.8s 2 Downloading torchdiffeq-0.2.4-py3-none-any.whl.metadata (440 bytes)
15.8s 3 Requirement already satisfied: torch>=1.5.0 in /opt/conda/lib/python3.10/site-packages (from torchdiffeq) (2.4.0+cpu)
15.8s 4 Requirement already satisfied: scipy>=1.4.0 in /opt/conda/lib/python3.10/site-packages (from torchdiffeq) (1.14.0)
15.8s 5 Requirement already satisfied: numpy<2.3,>=1.23.5 in /opt/conda/lib/python3.10/site-packages (from scipy>=1.4.0->torchdiffeq) (1.26.4)
15.9s 6 Requirement already satisfied: filelock in /opt/conda/lib/python3.10/site-packages (from torch>=1.5.0->torchdiffeq) (3.15.1)
15.9s 7 Requirement already satisfied: typing-extensions>=4.8.0 in /opt/conda/lib/python3.10/site-packages (from torch>=1.5.0->torchdiffeq) (4.12.2)
15.9s 8 Requirement already satisfied: sympy in /opt/conda/lib/python3.10/site-packages (from torch>=1.5.0->torchdiffeq) (1.12)
15.9s 9 Requirement already satisfied: networkx in /opt/conda/lib/python3.10/site-packages (from torch>=1.5.0->torchdiffeq) (3.3)
15.9s 10 Requirement already satisfied: jinja2 in /opt/conda/lib/python3.10/site-packages (from torch>=1.5.0->torchdiffeq) (3.1.4)
15.9s 11 Requirement already satisfied: fsspec in /opt/conda/lib/python3.10/site-packages (from torch>=1.5.0->torchdiffeq) (2024.6.1)
16.0s 12 Requirement already satisfied: MarkupSafe>=2.0 in /opt/conda/lib/python3.10/site-packages (from jinja2->torch>=1.5.0->torchdiffeq) (2.1.5)
16.0s 13 Requirement already satisfied: mpmath>=0.19 in /opt/conda/lib/python3.10/site-packages (from sympy->torch>=1.5.0->torchdiffeq) (1.3.0)
16.1s 14 Downloading torchdiffeq-0.2.4-py3-none-any.whl (32 kB)
26.2s 15 Installing collected packages: torchdiffeq
26.4s 16 Successfully installed torchdiffeq-0.2.4
29.1s 17 Collecting TorchDiffEqPack
29.4s 18 Downloading TorchDiffEqPack-1.0.1-py3-none-any.whl.metadata (718 bytes)
29.4s 19 Requirement already satisfied: torch in /opt/conda/lib/python3.10/site-packages (from TorchDiffEqPack) (2.4.0+cpu)
29.4s 20 Requirement already satisfied: filelock in /opt/conda/lib/python3.10/site-packages (from torch->TorchDiffEqPack) (3.15.1)
29.4s 21 Requirement already satisfied: typing-extensions>=4.8.0 in /opt/conda/lib/python3.10/site-packages (from torch->TorchDiffEqPack) (4.12.2)
29.4s 22 Requirement already satisfied: sympy in /opt/conda/lib/python3.10/site-packages (from torch->TorchDiffEqPack) (1.12)
29.4s 23 Requirement already satisfied: networkx in /opt/conda/lib/python3.10/site-packages (from torch->TorchDiffEqPack) (3.3)
29.4s 24 Requirement already satisfied: jinja2 in /opt/conda/lib/python3.10/site-packages (from torch->TorchDiffEqPack) (3.1.4)
29.4s 25 Requirement already satisfied: fsspec in /opt/conda/lib/python3.10/site-packages (from torch->TorchDiffEqPack) (2024.6.1)
29.6s 26 Requirement already satisfied: MarkupSafe>=2.0 in /opt/conda/lib/python3.10/site-packages (from jinja2->torch->TorchDiffEqPack) (2.1.5)
29.6s 27 Requirement already satisfied: mpmath>=0.19 in /opt/conda/lib/python3.10/site-packages (from sympy->torch->TorchDiffEqPack) (1.3.0)
29.8s 28 Downloading TorchDiffEqPack-1.0.1-py3-none-any.whl (33 kB)
39.3s 29 Installing collected packages: TorchDiffEqPack
39.5s 30 Successfully installed TorchDiffEqPack-1.0.1
40.4s 31 /kaggle/input/amp-c-train/Amp_C_train.txt
40.7s 32 CUDA is not available. Running on CPU.
43.0s 33 Model architecture: NeuralODEModel(
43.0s 34 (input_layer): Linear(in_features=2, out_features=32, bias=True)
43.0s 35 (hidden_layers): ModuleList(
43.0s 36 (0): Linear(in_features=32, out_features=64, bias=True)
43.0s 37 (1): Linear(in_features=64, out_features=128, bias=True)
43.0s 38 (2-4): 3 x Linear(in_features=128, out_features=128, bias=True)
43.0s 39 (5): Linear(in_features=128, out_features=64, bias=True)
43.0s 40 (6): Linear(in_features=64, out_features=32, bias=True)
43.0s 41 (7): Linear(in_features=32, out_features=16, bias=True)
43.0s 42 (8): Linear(in_features=16, out_features=8, bias=True)
43.0s 43 (9): Linear(in_features=8, out_features=4, bias=True)
43.0s 44 (10): Linear(in_features=4, out_features=2, bias=True)
43.0s 45 )
43.0s 46 (residual_connections): ModuleList(
43.0s 47 (0): Linear(in_features=32, out_features=64, bias=True)
43.0s 48 (1): Linear(in_features=64, out_features=128, bias=True)
43.0s 49 (2-4): 3 x Identity()
43.0s 50 (5): Linear(in_features=128, out_features=64, bias=True)
43.0s 51 (6): Linear(in_features=64, out_features=32, bias=True)
43.0s 52 (7): Linear(in_features=32, out_features=16, bias=True)
43.0s 53 (8): Linear(in_features=16, out_features=8, bias=True)
43.0s 54 (9): Linear(in_features=8, out_features=4, bias=True)
43.0s 55 (10): Linear(in_features=4, out_features=2, bias=True)
43.0s 56 )
43.0s 57 (ode_func): ODEFunc(
43.0s 58 (fc1): Linear(in_features=2, out_features=2, bias=True)
43.0s 59 (fc2): Linear(in_features=2, out_features=2, bias=True)
43.0s 60 (relu): ReLU()
43.0s 61 (norm): LayerNorm((2,), eps=1e-05, elementwise_affine=True)
43.0s 62 )
43.0s 63 (output_layer): Linear(in_features=2, out_features=2, bias=True)
43.0s 64 (dropout): Dropout(p=0.5, inplace=False)
43.0s 65 )
43.0s 66 --------------------------------------------------
43.0s 67 Parameter name: input_layer.weight
43.0s 68 Parameter shape: torch.Size([32, 2])
43.0s 69 Parameter count: 64
43.0s 70 ------------------------------
43.0s 71 Parameter name: input_layer.bias
43.0s 72 Parameter shape: torch.Size([32])
43.0s 73 Parameter count: 32
43.0s 74 ------------------------------
43.0s 75 Parameter name: hidden_layers.0.weight
43.0s 76 Parameter shape: torch.Size([64, 32])
43.0s 77 Parameter count: 2048
43.0s 78 ------------------------------
43.0s 79 Parameter name: hidden_layers.0.bias
43.0s 80 Parameter shape: torch.Size([64])
43.0s 81 Parameter count: 64
43.0s 82 ------------------------------
43.0s 83 Parameter name: hidden_layers.1.weight
43.0s 84 Parameter shape: torch.Size([128, 64])
43.0s 85 Parameter count: 8192
43.0s 86 ------------------------------
43.0s 87 Parameter name: hidden_layers.1.bias
43.0s 88 Parameter shape: torch.Size([128])
43.0s 89 Parameter count: 128
43.0s 90 ------------------------------
43.0s 91 Parameter name: hidden_layers.2.weight
43.0s 92 Parameter shape: torch.Size([128, 128])
43.0s 93 Parameter count: 16384
43.0s 94 ------------------------------
43.0s 95 Parameter name: hidden_layers.2.bias
43.0s 96 Parameter shape: torch.Size([128])
43.0s 97 Parameter count: 128
43.0s 98 ------------------------------
43.0s 99 Parameter name: hidden_layers.3.weight
43.0s 100 Parameter shape: torch.Size([128, 128])
43.0s 101 Parameter count: 16384
43.0s 102 ------------------------------
43.0s 103 Parameter name: hidden_layers.3.bias
43.0s 104 Parameter shape: torch.Size([128])
43.0s 105 Parameter count: 128
43.0s 106 ------------------------------
43.0s 107 Parameter name: hidden_layers.4.weight
43.0s 108 Parameter shape: torch.Size([128, 128])
43.0s 109 Parameter count: 16384
43.0s 110 ------------------------------
43.0s 111 Parameter name: hidden_layers.4.bias
43.0s 112 Parameter shape: torch.Size([128])
43.0s 113 Parameter count: 128
43.0s 114 ------------------------------
43.0s 115 Parameter name: hidden_layers.5.weight
43.0s 116 Parameter shape: torch.Size([64, 128])
43.0s 117 Parameter count: 8192
43.0s 118 ------------------------------
43.0s 119 Parameter name: hidden_layers.5.bias
43.0s 120 Parameter shape: torch.Size([64])
43.0s 121 Parameter count: 64
43.0s 122 ------------------------------
43.0s 123 Parameter name: hidden_layers.6.weight
43.0s 124 Parameter shape: torch.Size([32, 64])
43.0s 125 Parameter count: 2048
43.0s 126 ------------------------------
43.0s 127 Parameter name: hidden_layers.6.bias
43.0s 128 Parameter shape: torch.Size([32])
43.0s 129 Parameter count: 32
43.0s 130 ------------------------------
43.0s 131 Parameter name: hidden_layers.7.weight
43.0s 132 Parameter shape: torch.Size([16, 32])
43.0s 133 Parameter count: 512
43.0s 134 ------------------------------
43.0s 135 Parameter name: hidden_layers.7.bias
43.0s 136 Parameter shape: torch.Size([16])
43.0s 137 Parameter count: 16
43.0s 138 ------------------------------
43.0s 139 Parameter name: hidden_layers.8.weight
43.0s 140 Parameter shape: torch.Size([8, 16])
43.0s 141 Parameter count: 128
43.0s 142 ------------------------------
43.0s 143 Parameter name: hidden_layers.8.bias
43.0s 144 Parameter shape: torch.Size([8])
43.0s 145 Parameter count: 8
43.0s 146 ------------------------------
43.0s 147 Parameter name: hidden_layers.9.weight
43.0s 148 Parameter shape: torch.Size([4, 8])
43.0s 149 Parameter count: 32
43.0s 150 ------------------------------
43.0s 151 Parameter name: hidden_layers.9.bias
43.0s 152 Parameter shape: torch.Size([4])
43.0s 153 Parameter count: 4
43.0s 154 ------------------------------
43.0s 155 Parameter name: hidden_layers.10.weight
43.0s 156 Parameter shape: torch.Size([2, 4])
43.0s 157 Parameter count: 8
43.0s 158 ------------------------------
43.0s 159 Parameter name: hidden_layers.10.bias
43.0s 160 Parameter shape: torch.Size([2])
43.0s 161 Parameter count: 2
43.0s 162 ------------------------------
43.0s 163 Parameter name: residual_connections.0.weight
43.0s 164 Parameter shape: torch.Size([64, 32])
43.0s 165 Parameter count: 2048
43.0s 166 ------------------------------
43.0s 167 Parameter name: residual_connections.0.bias
43.0s 168 Parameter shape: torch.Size([64])
43.0s 169 Parameter count: 64
43.0s 170 ------------------------------
43.0s 171 Parameter name: residual_connections.1.weight
43.0s 172 Parameter shape: torch.Size([128, 64])
43.0s 173 Parameter count: 8192
43.0s 174 ------------------------------
43.0s 175 Parameter name: residual_connections.1.bias
43.0s 176 Parameter shape: torch.Size([128])
43.0s 177 Parameter count: 128
43.0s 178 ------------------------------
43.0s 179 Parameter name: residual_connections.5.weight
43.0s 180 Parameter shape: torch.Size([64, 128])
43.0s 181 Parameter count: 8192
43.0s 182 ------------------------------
43.0s 183 Parameter name: residual_connections.5.bias
43.0s 184 Parameter shape: torch.Size([64])
43.0s 185 Parameter count: 64
43.0s 186 ------------------------------
43.0s 187 Parameter name: residual_connections.6.weight
43.0s 188 Parameter shape: torch.Size([32, 64])
43.0s 189 Parameter count: 2048
43.0s 190 ------------------------------
43.0s 191 Parameter name: residual_connections.6.bias
43.0s 192 Parameter shape: torch.Size([32])
43.0s 193 Parameter count: 32
43.0s 194 ------------------------------
43.0s 195 Parameter name: residual_connections.7.weight
43.0s 196 Parameter shape: torch.Size([16, 32])
43.0s 197 Parameter count: 512
43.0s 198 ------------------------------
43.0s 199 Parameter name: residual_connections.7.bias
43.0s 200 Parameter shape: torch.Size([16])
43.0s 201 Parameter count: 16
43.0s 202 ------------------------------
43.0s 203 Parameter name: residual_connections.8.weight
43.0s 204 Parameter shape: torch.Size([8, 16])
43.0s 205 Parameter count: 128
43.0s 206 ------------------------------
43.0s 207 Parameter name: residual_connections.8.bias
43.0s 208 Parameter shape: torch.Size([8])
43.0s 209 Parameter count: 8
43.0s 210 ------------------------------
43.0s 211 Parameter name: residual_connections.9.weight
43.0s 212 Parameter shape: torch.Size([4, 8])
43.0s 213 Parameter count: 32
43.0s 214 ------------------------------
43.0s 215 Parameter name: residual_connections.9.bias
43.0s 216 Parameter shape: torch.Size([4])
43.0s 217 Parameter count: 4
43.0s 218 ------------------------------
43.0s 219 Parameter name: residual_connections.10.weight
43.0s 220 Parameter shape: torch.Size([2, 4])
43.0s 221 Parameter count: 8
43.0s 222 ------------------------------
43.0s 223 Parameter name: residual_connections.10.bias
43.0s 224 Parameter shape: torch.Size([2])
43.0s 225 Parameter count: 2
43.0s 226 ------------------------------
43.0s 227 Parameter name: ode_func.fc1.weight
43.0s 228 Parameter shape: torch.Size([2, 2])
43.0s 229 Parameter count: 4
43.0s 230 ------------------------------
43.0s 231 Parameter name: ode_func.fc1.bias
43.0s 232 Parameter shape: torch.Size([2])
43.0s 233 Parameter count: 2
43.0s 234 ------------------------------
43.0s 235 Parameter name: ode_func.fc2.weight
43.0s 236 Parameter shape: torch.Size([2, 2])
43.0s 237 Parameter count: 4
43.0s 238 ------------------------------
43.0s 239 Parameter name: ode_func.fc2.bias
43.0s 240 Parameter shape: torch.Size([2])
43.0s 241 Parameter count: 2
43.0s 242 ------------------------------
43.0s 243 Parameter name: ode_func.norm.weight
43.0s 244 Parameter shape: torch.Size([2])
43.0s 245 Parameter count: 2
43.0s 246 ------------------------------
43.0s 247 Parameter name: ode_func.norm.bias
43.0s 248 Parameter shape: torch.Size([2])
43.0s 249 Parameter count: 2
43.0s 250 ------------------------------
43.0s 251 Parameter name: output_layer.weight
43.0s 252 Parameter shape: torch.Size([2, 2])
43.0s 253 Parameter count: 4
43.0s 254 ------------------------------
43.0s 255 Parameter name: output_layer.bias
43.0s 256 Parameter shape: torch.Size([2])
43.0s 257 Parameter count: 2
43.0s 258 ------------------------------
43.0s 259 Total trainable parameters: 92610
43.0s 260 ==================================================
49.8s 261 Epoch 1/500 completed with RMSE: 2.124104
56.3s 262 Epoch 2/500 completed with RMSE: 2.119945
62.7s 263 Epoch 3/500 completed with RMSE: 2.116389
69.0s 264 Epoch 4/500 completed with RMSE: 2.112433
75.5s 265 Epoch 5/500 completed with RMSE: 2.107239
81.9s 266 Epoch 6/500 completed with RMSE: 2.100701
88.1s 267 Epoch 7/500 completed with RMSE: 2.092253
94.4s 268 Epoch 8/500 completed with RMSE: 2.080944
100.8s 269 Epoch 9/500 completed with RMSE: 2.065875
107.5s 270 Epoch 10/500 completed with RMSE: 2.045529
114.0s 271 Epoch 11/500 completed with RMSE: 2.017868
120.1s 272 Epoch 12/500 completed with RMSE: 1.981596
126.7s 273 Epoch 13/500 completed with RMSE: 1.934651
132.9s 274 Epoch 14/500 completed with RMSE: 1.877327
139.5s 275 Epoch 15/500 completed with RMSE: 1.814626
146.0s 276 Epoch 16/500 completed with RMSE: 1.751845
152.1s 277 Epoch 17/500 completed with RMSE: 1.704898
158.5s 278 Epoch 18/500 completed with RMSE: 1.675604
164.8s 279 Epoch 19/500 completed with RMSE: 1.658003
171.2s 280 Epoch 20/500 completed with RMSE: 1.647347
177.4s 281 Epoch 21/500 completed with RMSE: 1.639199
183.6s 282 Epoch 22/500 completed with RMSE: 1.633958
190.1s 283 Epoch 23/500 completed with RMSE: 1.626520
196.3s 284 Epoch 24/500 completed with RMSE: 1.622746
202.7s 285 Epoch 25/500 completed with RMSE: 1.617701
209.0s 286 Epoch 26/500 completed with RMSE: 1.613510
215.3s 287 Epoch 27/500 completed with RMSE: 1.611067
221.6s 288 Epoch 28/500 completed with RMSE: 1.607799
227.7s 289 Epoch 29/500 completed with RMSE: 1.605002
234.4s 290 Epoch 30/500 completed with RMSE: 1.600913
240.6s 291 Epoch 31/500 completed with RMSE: 1.598677
246.9s 292 Epoch 32/500 completed with RMSE: 1.596050
253.2s 293 Epoch 33/500 completed with RMSE: 1.593330
259.4s 294 Epoch 34/500 completed with RMSE: 1.591267
266.1s 295 Epoch 35/500 completed with RMSE: 1.589405
272.5s 296 Epoch 36/500 completed with RMSE: 1.586938
278.5s 297 Epoch 37/500 completed with RMSE: 1.584610
285.0s 298 Epoch 38/500 completed with RMSE: 1.582543
291.2s 299 Epoch 39/500 completed with RMSE: 1.580489
297.8s 300 Epoch 40/500 completed with RMSE: 1.579296
304.0s 301 Epoch 41/500 completed with RMSE: 1.577506
310.2s 302 Epoch 42/500 completed with RMSE: 1.575225
316.8s 303 Epoch 43/500 completed with RMSE: 1.574031
323.0s 304 Epoch 44/500 completed with RMSE: 1.571649
329.7s 305 Epoch 45/500 completed with RMSE: 1.570137
336.0s 306 Epoch 46/500 completed with RMSE: 1.568405
342.3s 307 Epoch 47/500 completed with RMSE: 1.567267
348.5s 308 Epoch 48/500 completed with RMSE: 1.566203
355.0s 309 Epoch 49/500 completed with RMSE: 1.564639
361.6s 310 Epoch 50/500 completed with RMSE: 1.563073
368.0s 311 Epoch 51/500 completed with RMSE: 1.561461
374.5s 312 Epoch 52/500 completed with RMSE: 1.560353
380.8s 313 Epoch 53/500 completed with RMSE: 1.558874
387.2s 314 Epoch 54/500 completed with RMSE: 1.557354
393.7s 315 Epoch 55/500 completed with RMSE: 1.556609
400.0s 316 Epoch 56/500 completed with RMSE: 1.554889
406.4s 317 Epoch 57/500 completed with RMSE: 1.553812
412.8s 318 Epoch 58/500 completed with RMSE: 1.552490
419.0s 319 Epoch 59/500 completed with RMSE: 1.550587
425.8s 320 Epoch 60/500 completed with RMSE: 1.549540
431.9s 321 Epoch 61/500 completed with RMSE: 1.548467
438.4s 322 Epoch 62/500 completed with RMSE: 1.546806
444.7s 323 Epoch 63/500 completed with RMSE: 1.545578
451.0s 324 Epoch 64/500 completed with RMSE: 1.543923
457.7s 325 Epoch 65/500 completed with RMSE: 1.543215
464.1s 326 Epoch 66/500 completed with RMSE: 1.541142
470.5s 327 Epoch 67/500 completed with RMSE: 1.540368
476.9s 328 Epoch 68/500 completed with RMSE: 1.538475
483.3s 329 Epoch 69/500 completed with RMSE: 1.537215
489.9s 330 Epoch 70/500 completed with RMSE: 1.536062
496.3s 331 Epoch 71/500 completed with RMSE: 1.534229
502.6s 332 Epoch 72/500 completed with RMSE: 1.532762
509.0s 333 Epoch 73/500 completed with RMSE: 1.531140
515.4s 334 Epoch 74/500 completed with RMSE: 1.529425
522.0s 335 Epoch 75/500 completed with RMSE: 1.527478
528.4s 336 Epoch 76/500 completed with RMSE: 1.525199
534.9s 337 Epoch 77/500 completed with RMSE: 1.523108
540.9s 338 Epoch 78/500 completed with RMSE: 1.520466
547.2s 339 Epoch 79/500 completed with RMSE: 1.517502
553.8s 340 Epoch 80/500 completed with RMSE: 1.513782
560.1s 341 Epoch 81/500 completed with RMSE: 1.510309
566.3s 342 Epoch 82/500 completed with RMSE: 1.504650
572.5s 343 Epoch 83/500 completed with RMSE: 1.498433
579.0s 344 Epoch 84/500 completed with RMSE: 1.490785
585.3s 345 Epoch 85/500 completed with RMSE: 1.480729
591.5s 346 Epoch 86/500 completed with RMSE: 1.467401
597.7s 347 Epoch 87/500 completed with RMSE: 1.451214
603.9s 348 Epoch 88/500 completed with RMSE: 1.431101
610.2s 349 Epoch 89/500 completed with RMSE: 1.406466
616.5s 350 Epoch 90/500 completed with RMSE: 1.379691
622.6s 351 Epoch 91/500 completed with RMSE: 1.348485
628.7s 352 Epoch 92/500 completed with RMSE: 1.319581
634.9s 353 Epoch 93/500 completed with RMSE: 1.287701
641.2s 354 Epoch 94/500 completed with RMSE: 1.257185
647.6s 355 Epoch 95/500 completed with RMSE: 1.230195
653.7s 356 Epoch 96/500 completed with RMSE: 1.202830
659.8s 357 Epoch 97/500 completed with RMSE: 1.178303
665.9s 358 Epoch 98/500 completed with RMSE: 1.154056
672.0s 359 Epoch 99/500 completed with RMSE: 1.129671
678.0s 360 Epoch 100/500 completed with RMSE: 1.105928
684.3s 361 Epoch 101/500 completed with RMSE: 1.083979
690.2s 362 Epoch 102/500 completed with RMSE: 1.062297
696.5s 363 Epoch 103/500 completed with RMSE: 1.042478
702.6s 364 Epoch 104/500 completed with RMSE: 1.021666
708.7s 365 Epoch 105/500 completed with RMSE: 1.002407
715.1s 366 Epoch 106/500 completed with RMSE: 0.984641
720.9s 367 Epoch 107/500 completed with RMSE: 0.965562
727.3s 368 Epoch 108/500 completed with RMSE: 0.945884
733.1s 369 Epoch 109/500 completed with RMSE: 0.928026
739.3s 370 Epoch 110/500 completed with RMSE: 0.907779
745.5s 371 Epoch 111/500 completed with RMSE: 0.892810
751.6s 372 Epoch 112/500 completed with RMSE: 0.872057
757.7s 373 Epoch 113/500 completed with RMSE: 0.856761
763.8s 374 Epoch 114/500 completed with RMSE: 0.838207
769.8s 375 Epoch 115/500 completed with RMSE: 0.822153
776.2s 376 Epoch 116/500 completed with RMSE: 0.802784
782.2s 377 Epoch 117/500 completed with RMSE: 0.784383
788.2s 378 Epoch 118/500 completed with RMSE: 0.767157
794.3s 379 Epoch 119/500 completed with RMSE: 0.750978
800.3s 380 Epoch 120/500 completed with RMSE: 0.732797
806.4s 381 Epoch 121/500 completed with RMSE: 0.717786
812.5s 382 Epoch 122/500 completed with RMSE: 0.701913
818.6s 383 Epoch 123/500 completed with RMSE: 0.686748
824.6s 384 Epoch 124/500 completed with RMSE: 0.671802
830.6s 385 Epoch 125/500 completed with RMSE: 0.655796
836.7s 386 Epoch 126/500 completed with RMSE: 0.641721
843.0s 387 Epoch 127/500 completed with RMSE: 0.628447
848.8s 388 Epoch 128/500 completed with RMSE: 0.615769
855.0s 389 Epoch 129/500 completed with RMSE: 0.603788
860.8s 390 Epoch 130/500 completed with RMSE: 0.593198
866.9s 391 Epoch 131/500 completed with RMSE: 0.580405
873.2s 392 Epoch 132/500 completed with RMSE: 0.571465
879.3s 393 Epoch 133/500 completed with RMSE: 0.562165
885.4s 394 Epoch 134/500 completed with RMSE: 0.552681
891.2s 395 Epoch 135/500 completed with RMSE: 0.544812
897.4s 396 Epoch 136/500 completed with RMSE: 0.536143
903.5s 397 Epoch 137/500 completed with RMSE: 0.528805
909.5s 398 Epoch 138/500 completed with RMSE: 0.521919
915.6s 399 Epoch 139/500 completed with RMSE: 0.516283
921.8s 400 Epoch 140/500 completed with RMSE: 0.510115
927.8s 401 Epoch 141/500 completed with RMSE: 0.503012
933.7s 402 Epoch 142/500 completed with RMSE: 0.498780
940.0s 403 Epoch 143/500 completed with RMSE: 0.492993
946.0s 404 Epoch 144/500 completed with RMSE: 0.488105
952.2s 405 Epoch 145/500 completed with RMSE: 0.482053
958.3s 406 Epoch 146/500 completed with RMSE: 0.477126
964.4s 407 Epoch 147/500 completed with RMSE: 0.473395
970.7s 408 Epoch 148/500 completed with RMSE: 0.468695
976.5s 409 Epoch 149/500 completed with RMSE: 0.463652
982.7s 410 Epoch 150/500 completed with RMSE: 0.460129
988.5s 411 Epoch 151/500 completed with RMSE: 0.456217
994.5s 412 Epoch 152/500 completed with RMSE: 0.450779
1000.8s 413 Epoch 153/500 completed with RMSE: 0.447843
1006.8s 414 Epoch 154/500 completed with RMSE: 0.444188
1012.9s 415 Epoch 155/500 completed with RMSE: 0.442459
1018.8s 416 Epoch 156/500 completed with RMSE: 0.437241
1025.0s 417 Epoch 157/500 completed with RMSE: 0.433071
1031.1s 418 Epoch 158/500 completed with RMSE: 0.429012
1037.2s 419 Epoch 159/500 completed with RMSE: 0.426080
1043.3s 420 Epoch 160/500 completed with RMSE: 0.423013
1049.3s 421 Epoch 161/500 completed with RMSE: 0.419754
1055.4s 422 Epoch 162/500 completed with RMSE: 0.416430
1061.4s 423 Epoch 163/500 completed with RMSE: 0.413399
1067.6s 424 Epoch 164/500 completed with RMSE: 0.410089
1073.6s 425 Epoch 165/500 completed with RMSE: 0.407945
1079.7s 426 Epoch 166/500 completed with RMSE: 0.404355
1085.6s 427 Epoch 167/500 completed with RMSE: 0.402057
1091.6s 428 Epoch 168/500 completed with RMSE: 0.399615
1097.9s 429 Epoch 169/500 completed with RMSE: 0.396549
1103.8s 430 Epoch 170/500 completed with RMSE: 0.393835
1110.0s 431 Epoch 171/500 completed with RMSE: 0.390686
1115.9s 432 Epoch 172/500 completed with RMSE: 0.388415
1122.1s 433 Epoch 173/500 completed with RMSE: 0.385218
1128.5s 434 Epoch 174/500 completed with RMSE: 0.383154
1134.6s 435 Epoch 175/500 completed with RMSE: 0.380634
1140.5s 436 Epoch 176/500 completed with RMSE: 0.378069
1146.6s 437 Epoch 177/500 completed with RMSE: 0.376466
1152.6s 438 Epoch 178/500 completed with RMSE: 0.373975
1158.7s 439 Epoch 179/500 completed with RMSE: 0.371732
1165.0s 440 Epoch 180/500 completed with RMSE: 0.368525
1170.9s 441 Epoch 181/500 completed with RMSE: 0.367234
1177.0s 442 Epoch 182/500 completed with RMSE: 0.365433
1183.1s 443 Epoch 183/500 completed with RMSE: 0.362877
1189.2s 444 Epoch 184/500 completed with RMSE: 0.359467
1195.3s 445 Epoch 185/500 completed with RMSE: 0.357734
1201.2s 446 Epoch 186/500 completed with RMSE: 0.356624
1207.5s 447 Epoch 187/500 completed with RMSE: 0.353739
1213.3s 448 Epoch 188/500 completed with RMSE: 0.352524
1219.4s 449 Epoch 189/500 completed with RMSE: 0.349710
1225.8s 450 Epoch 190/500 completed with RMSE: 0.348437
1231.7s 451 Epoch 191/500 completed with RMSE: 0.346492
1237.7s 452 Epoch 192/500 completed with RMSE: 0.344988
1243.9s 453 Epoch 193/500 completed with RMSE: 0.342513
1250.1s 454 Epoch 194/500 completed with RMSE: 0.340619
1256.2s 455 Epoch 195/500 completed with RMSE: 0.338340
1262.4s 456 Epoch 196/500 completed with RMSE: 0.336747
1268.2s 457 Epoch 197/500 completed with RMSE: 0.335522
1274.3s 458 Epoch 198/500 completed with RMSE: 0.333531
1280.3s 459 Epoch 199/500 completed with RMSE: 0.330632
1286.5s 460 Epoch 200/500 completed with RMSE: 0.330006
1292.7s 461 Epoch 201/500 completed with RMSE: 0.327322
1298.8s 462 Epoch 202/500 completed with RMSE: 0.326242
1304.9s 463 Epoch 203/500 completed with RMSE: 0.324067
1310.8s 464 Epoch 204/500 completed with RMSE: 0.323310
1317.2s 465 Epoch 205/500 completed with RMSE: 0.321795
1323.2s 466 Epoch 206/500 completed with RMSE: 0.320428
1329.4s 467 Epoch 207/500 completed with RMSE: 0.318359
1335.5s 468 Epoch 208/500 completed with RMSE: 0.317099
1341.5s 469 Epoch 209/500 completed with RMSE: 0.315545
1347.8s 470 Epoch 210/500 completed with RMSE: 0.313659
1353.9s 471 Epoch 211/500 completed with RMSE: 0.312110
1360.0s 472 Epoch 212/500 completed with RMSE: 0.311477
1366.0s 473 Epoch 213/500 completed with RMSE: 0.309772
1372.1s 474 Epoch 214/500 completed with RMSE: 0.308271
1378.0s 475 Epoch 215/500 completed with RMSE: 0.306883
1384.5s 476 Epoch 216/500 completed with RMSE: 0.305820
1390.7s 477 Epoch 217/500 completed with RMSE: 0.304121
1396.8s 478 Epoch 218/500 completed with RMSE: 0.303277
1402.9s 479 Epoch 219/500 completed with RMSE: 0.301111
1408.9s 480 Epoch 220/500 completed with RMSE: 0.300503
1415.4s 481 Epoch 221/500 completed with RMSE: 0.299285
1421.4s 482 Epoch 222/500 completed with RMSE: 0.298195
1427.7s 483 Epoch 223/500 completed with RMSE: 0.296519
1433.7s 484 Epoch 224/500 completed with RMSE: 0.294975
1439.8s 485 Epoch 225/500 completed with RMSE: 0.294241
1446.3s 486 Epoch 226/500 completed with RMSE: 0.292922
1452.2s 487 Epoch 227/500 completed with RMSE: 0.292085
1458.5s 488 Epoch 228/500 completed with RMSE: 0.291457
1464.7s 489 Epoch 229/500 completed with RMSE: 0.289565
1470.8s 490 Epoch 230/500 completed with RMSE: 0.288069
1476.9s 491 Epoch 231/500 completed with RMSE: 0.287826
1483.0s 492 Epoch 232/500 completed with RMSE: 0.286696
1489.0s 493 Epoch 233/500 completed with RMSE: 0.284633
1495.1s 494 Epoch 234/500 completed with RMSE: 0.284402
1501.3s 495 Epoch 235/500 completed with RMSE: 0.282988
1507.5s 496 Epoch 236/500 completed with RMSE: 0.282133
1513.6s 497 Epoch 237/500 completed with RMSE: 0.282037
1519.6s 498 Epoch 238/500 completed with RMSE: 0.279352
1525.7s 499 Epoch 239/500 completed with RMSE: 0.278543
1531.6s 500 Epoch 240/500 completed with RMSE: 0.277953
1537.8s 501 Epoch 241/500 completed with RMSE: 0.277562
1543.9s 502 Epoch 242/500 completed with RMSE: 0.275818
1550.3s 503 Epoch 243/500 completed with RMSE: 0.274924
1556.3s 504 Epoch 244/500 completed with RMSE: 0.274734
1562.4s 505 Epoch 245/500 completed with RMSE: 0.273449
1568.4s 506 Epoch 246/500 completed with RMSE: 0.271975
1574.8s 507 Epoch 247/500 completed with RMSE: 0.270841
1580.8s 508 Epoch 248/500 completed with RMSE: 0.270844
1587.1s 509 Epoch 249/500 completed with RMSE: 0.269815
1593.4s 510 Epoch 250/500 completed with RMSE: 0.268448
1599.5s 511 Epoch 251/500 completed with RMSE: 0.268109
1606.0s 512 Epoch 252/500 completed with RMSE: 0.267099
1612.1s 513 Epoch 253/500 completed with RMSE: 0.266926
1618.3s 514 Epoch 254/500 completed with RMSE: 0.265500
1624.3s 515 Epoch 255/500 completed with RMSE: 0.265276
1630.5s 516 Epoch 256/500 completed with RMSE: 0.264433
1636.8s 517 Epoch 257/500 completed with RMSE: 0.263879
1642.9s 518 Epoch 258/500 completed with RMSE: 0.263211
1649.0s 519 Epoch 259/500 completed with RMSE: 0.261843
1655.0s 520 Epoch 260/500 completed with RMSE: 0.260901
1661.2s 521 Epoch 261/500 completed with RMSE: 0.260497
1667.4s 522 Epoch 262/500 completed with RMSE: 0.259634
1673.7s 523 Epoch 263/500 completed with RMSE: 0.258497
1679.6s 524 Epoch 264/500 completed with RMSE: 0.257995
1685.8s 525 Epoch 265/500 completed with RMSE: 0.257488
1691.8s 526 Epoch 266/500 completed with RMSE: 0.257001
1698.2s 527 Epoch 267/500 completed with RMSE: 0.255905
1704.2s 528 Epoch 268/500 completed with RMSE: 0.255605
1710.4s 529 Epoch 269/500 completed with RMSE: 0.254725
1716.4s 530 Epoch 270/500 completed with RMSE: 0.254018
1722.6s 531 Epoch 271/500 completed with RMSE: 0.252921
1728.5s 532 Epoch 272/500 completed with RMSE: 0.252892
1734.8s 533 Epoch 273/500 completed with RMSE: 0.251378
1741.0s 534 Epoch 274/500 completed with RMSE: 0.251073
1747.0s 535 Epoch 275/500 completed with RMSE: 0.251328
1753.3s 536 Epoch 276/500 completed with RMSE: 0.250136
1759.2s 537 Epoch 277/500 completed with RMSE: 0.249550
1765.6s 538 Epoch 278/500 completed with RMSE: 0.248818
1771.6s 539 Epoch 279/500 completed with RMSE: 0.248214
1777.7s 540 Epoch 280/500 completed with RMSE: 0.247411
1783.7s 541 Epoch 281/500 completed with RMSE: 0.246868
1789.8s 542 Epoch 282/500 completed with RMSE: 0.246755
1796.2s 543 Epoch 283/500 completed with RMSE: 0.245835
1802.1s 544 Epoch 284/500 completed with RMSE: 0.244883
1808.1s 545 Epoch 285/500 completed with RMSE: 0.244737
1814.3s 546 Epoch 286/500 completed with RMSE: 0.243492
1820.2s 547 Epoch 287/500 completed with RMSE: 0.243965
1826.4s 548 Epoch 288/500 completed with RMSE: 0.242844
1832.6s 549 Epoch 289/500 completed with RMSE: 0.242270
1838.6s 550 Epoch 290/500 completed with RMSE: 0.241948
1844.8s 551 Epoch 291/500 completed with RMSE: 0.241223
1850.8s 552 Epoch 292/500 completed with RMSE: 0.240499
1857.1s 553 Epoch 293/500 completed with RMSE: 0.240229
1863.3s 554 Epoch 294/500 completed with RMSE: 0.240556
1869.3s 555 Epoch 295/500 completed with RMSE: 0.239443
1875.5s 556 Epoch 296/500 completed with RMSE: 0.238821
1881.4s 557 Epoch 297/500 completed with RMSE: 0.238656
1887.7s 558 Epoch 298/500 completed with RMSE: 0.238004
1893.8s 559 Epoch 299/500 completed with RMSE: 0.237327
1900.0s 560 Epoch 300/500 completed with RMSE: 0.236760
1905.8s 561 Epoch 301/500 completed with RMSE: 0.236250
1912.1s 562 Epoch 302/500 completed with RMSE: 0.236338
1918.1s 563 Epoch 303/500 completed with RMSE: 0.234875
1924.4s 564 Epoch 304/500 completed with RMSE: 0.235182
1930.3s 565 Epoch 305/500 completed with RMSE: 0.234573
1936.5s 566 Epoch 306/500 completed with RMSE: 0.233425
1942.6s 567 Epoch 307/500 completed with RMSE: 0.233200
1948.8s 568 Epoch 308/500 completed with RMSE: 0.232707
1955.1s 569 Epoch 309/500 completed with RMSE: 0.232991
1961.2s 570 Epoch 310/500 completed with RMSE: 0.232374
1967.3s 571 Epoch 311/500 completed with RMSE: 0.231918
1973.3s 572 Epoch 312/500 completed with RMSE: 0.231435
1979.6s 573 Epoch 313/500 completed with RMSE: 0.231164
1985.7s 574 Epoch 314/500 completed with RMSE: 0.230611
1992.0s 575 Epoch 315/500 completed with RMSE: 0.230245
1997.9s 576 Epoch 316/500 completed with RMSE: 0.229518
2004.2s 577 Epoch 317/500 completed with RMSE: 0.229133
2010.1s 578 Epoch 318/500 completed with RMSE: 0.228432
2016.4s 579 Epoch 319/500 completed with RMSE: 0.228523
2022.5s 580 Epoch 320/500 completed with RMSE: 0.227929
2028.6s 581 Epoch 321/500 completed with RMSE: 0.227802
2034.8s 582 Epoch 322/500 completed with RMSE: 0.227161
2040.7s 583 Epoch 323/500 completed with RMSE: 0.226401
2047.0s 584 Epoch 324/500 completed with RMSE: 0.226522
2053.1s 585 Epoch 325/500 completed with RMSE: 0.225981
2059.2s 586 Epoch 326/500 completed with RMSE: 0.225149
2065.2s 587 Epoch 327/500 completed with RMSE: 0.224766
2071.4s 588 Epoch 328/500 completed with RMSE: 0.224832
2077.5s 589 Epoch 329/500 completed with RMSE: 0.224741
2084.0s 590 Epoch 330/500 completed with RMSE: 0.223477
2089.9s 591 Epoch 331/500 completed with RMSE: 0.223603
2096.2s 592 Epoch 332/500 completed with RMSE: 0.223046
2102.2s 593 Epoch 333/500 completed with RMSE: 0.222530
2108.2s 594 Epoch 334/500 completed with RMSE: 0.221991
2114.5s 595 Epoch 335/500 completed with RMSE: 0.221827
2120.8s 596 Epoch 336/500 completed with RMSE: 0.221916
2126.9s 597 Epoch 337/500 completed with RMSE: 0.221676
2133.2s 598 Epoch 338/500 completed with RMSE: 0.221270
2139.3s 599 Epoch 339/500 completed with RMSE: 0.220969
2145.6s 600 Epoch 340/500 completed with RMSE: 0.220309
2151.9s 601 Epoch 341/500 completed with RMSE: 0.219931
2158.0s 602 Epoch 342/500 completed with RMSE: 0.220146
2164.1s 603 Epoch 343/500 completed with RMSE: 0.219373
2170.1s 604 Epoch 344/500 completed with RMSE: 0.219360
2176.6s 605 Epoch 345/500 completed with RMSE: 0.218647
2182.8s 606 Epoch 346/500 completed with RMSE: 0.218908
2189.1s 607 Epoch 347/500 completed with RMSE: 0.218536
2195.0s 608 Epoch 348/500 completed with RMSE: 0.218261
2201.3s 609 Epoch 349/500 completed with RMSE: 0.217585
2207.4s 610 Epoch 350/500 completed with RMSE: 0.217284
2213.9s 611 Epoch 351/500 completed with RMSE: 0.217073
2219.9s 612 Epoch 352/500 completed with RMSE: 0.216648
2226.0s 613 Epoch 353/500 completed with RMSE: 0.215862
2232.3s 614 Epoch 354/500 completed with RMSE: 0.215800
2238.2s 615 Epoch 355/500 completed with RMSE: 0.214827
2244.6s 616 Epoch 356/500 completed with RMSE: 0.215329
2251.0s 617 Epoch 357/500 completed with RMSE: 0.215292
2257.0s 618 Epoch 358/500 completed with RMSE: 0.214185
2263.1s 619 Epoch 359/500 completed with RMSE: 0.213926
2269.4s 620 Epoch 360/500 completed with RMSE: 0.214034
2275.7s 621 Epoch 361/500 completed with RMSE: 0.213511
2281.8s 622 Epoch 362/500 completed with RMSE: 0.213008
2287.9s 623 Epoch 363/500 completed with RMSE: 0.213292
2294.2s 624 Epoch 364/500 completed with RMSE: 0.212905
2300.3s 625 Epoch 365/500 completed with RMSE: 0.212735
2306.7s 626 Epoch 366/500 completed with RMSE: 0.212218
2312.8s 627 Epoch 367/500 completed with RMSE: 0.212015
2319.1s 628 Epoch 368/500 completed with RMSE: 0.211814
2324.9s 629 Epoch 369/500 completed with RMSE: 0.210685
2331.2s 630 Epoch 370/500 completed with RMSE: 0.210997
2337.5s 631 Epoch 371/500 completed with RMSE: 0.210805
2343.7s 632 Epoch 372/500 completed with RMSE: 0.210469
2349.5s 633 Epoch 373/500 completed with RMSE: 0.209882
2355.8s 634 Epoch 374/500 completed with RMSE: 0.210308
2361.9s 635 Epoch 375/500 completed with RMSE: 0.209632
2368.4s 636 Epoch 376/500 completed with RMSE: 0.209372
2374.4s 637 Epoch 377/500 completed with RMSE: 0.209253
2380.5s 638 Epoch 378/500 completed with RMSE: 0.209212
2386.6s 639 Epoch 379/500 completed with RMSE: 0.209034
2392.9s 640 Epoch 380/500 completed with RMSE: 0.208554
2399.1s 641 Epoch 381/500 completed with RMSE: 0.208122
2405.3s 642 Epoch 382/500 completed with RMSE: 0.207519
2411.6s 643 Epoch 383/500 completed with RMSE: 0.207985
2417.7s 644 Epoch 384/500 completed with RMSE: 0.206806
2423.8s 645 Epoch 385/500 completed with RMSE: 0.206879
2429.9s 646 Epoch 386/500 completed with RMSE: 0.206687
2436.5s 647 Epoch 387/500 completed with RMSE: 0.206291
2442.3s 648 Epoch 388/500 completed with RMSE: 0.206497
2448.6s 649 Epoch 389/500 completed with RMSE: 0.206758
2454.8s 650 Epoch 390/500 completed with RMSE: 0.205438
2461.0s 651 Epoch 391/500 completed with RMSE: 0.205881
2467.3s 652 Epoch 392/500 completed with RMSE: 0.205237
2473.6s 653 Epoch 393/500 completed with RMSE: 0.205238
2479.6s 654 Epoch 394/500 completed with RMSE: 0.204917
2485.9s 655 Epoch 395/500 completed with RMSE: 0.204423
2492.0s 656 Epoch 396/500 completed with RMSE: 0.204441
2498.4s 657 Epoch 397/500 completed with RMSE: 0.203894
2504.5s 658 Epoch 398/500 completed with RMSE: 0.203834
2510.8s 659 Epoch 399/500 completed with RMSE: 0.203680
2516.9s 660 Epoch 400/500 completed with RMSE: 0.202925
2523.1s 661 Epoch 401/500 completed with RMSE: 0.202882
2529.5s 662 Epoch 402/500 completed with RMSE: 0.203419
2535.6s 663 Epoch 403/500 completed with RMSE: 0.203176
2541.6s 664 Epoch 404/500 completed with RMSE: 0.202208
2547.9s 665 Epoch 405/500 completed with RMSE: 0.202160
2554.0s 666 Epoch 406/500 completed with RMSE: 0.201570
2560.3s 667 Epoch 407/500 completed with RMSE: 0.201450
2566.4s 668 Epoch 408/500 completed with RMSE: 0.201664
2572.5s 669 Epoch 409/500 completed with RMSE: 0.200992
2578.9s 670 Epoch 410/500 completed with RMSE: 0.201279
2584.9s 671 Epoch 411/500 completed with RMSE: 0.200978
2591.3s 672 Epoch 412/500 completed with RMSE: 0.200737
2597.4s 673 Epoch 413/500 completed with RMSE: 0.200255
2603.5s 674 Epoch 414/500 completed with RMSE: 0.199991
2609.6s 675 Epoch 415/500 completed with RMSE: 0.200016
2616.1s 676 Epoch 416/500 completed with RMSE: 0.200304
2622.0s 677 Epoch 417/500 completed with RMSE: 0.199608
2628.5s 678 Epoch 418/500 completed with RMSE: 0.198954
2634.6s 679 Epoch 419/500 completed with RMSE: 0.199200
2640.9s 680 Epoch 420/500 completed with RMSE: 0.198525
2647.0s 681 Epoch 421/500 completed with RMSE: 0.199037
2653.2s 682 Epoch 422/500 completed with RMSE: 0.198490
2659.7s 683 Epoch 423/500 completed with RMSE: 0.198619
2665.8s 684 Epoch 424/500 completed with RMSE: 0.198068
2672.0s 685 Epoch 425/500 completed with RMSE: 0.198471
2678.1s 686 Epoch 426/500 completed with RMSE: 0.197501
2684.3s 687 Epoch 427/500 completed with RMSE: 0.197271
2690.8s 688 Epoch 428/500 completed with RMSE: 0.197068
2696.7s 689 Epoch 429/500 completed with RMSE: 0.197254
2703.1s 690 Epoch 430/500 completed with RMSE: 0.196626
2709.0s 691 Epoch 431/500 completed with RMSE: 0.196676
2715.5s 692 Epoch 432/500 completed with RMSE: 0.196272
2721.6s 693 Epoch 433/500 completed with RMSE: 0.196343
2728.0s 694 Epoch 434/500 completed with RMSE: 0.195885
2733.9s 695 Epoch 435/500 completed with RMSE: 0.195777
2740.3s 696 Epoch 436/500 completed with RMSE: 0.196238
2746.4s 697 Epoch 437/500 completed with RMSE: 0.195645
2752.5s 698 Epoch 438/500 completed with RMSE: 0.195221
2758.5s 699 Epoch 439/500 completed with RMSE: 0.195048
2764.8s 700 Epoch 440/500 completed with RMSE: 0.194487
2770.9s 701 Epoch 441/500 completed with RMSE: 0.194719
2777.0s 702 Epoch 442/500 completed with RMSE: 0.194641
2783.1s 703 Epoch 443/500 completed with RMSE: 0.194635
2789.3s 704 Epoch 444/500 completed with RMSE: 0.194160
2795.4s 705 Epoch 445/500 completed with RMSE: 0.193814
2801.7s 706 Epoch 446/500 completed with RMSE: 0.193931
2807.9s 707 Epoch 447/500 completed with RMSE: 0.193611
2814.1s 708 Epoch 448/500 completed with RMSE: 0.193368
2820.3s 709 Epoch 449/500 completed with RMSE: 0.192887
2826.4s 710 Epoch 450/500 completed with RMSE: 0.192847
2832.6s 711 Epoch 451/500 completed with RMSE: 0.192530
2838.7s 712 Epoch 452/500 completed with RMSE: 0.192404
2844.9s 713 Epoch 453/500 completed with RMSE: 0.192574
2851.0s 714 Epoch 454/500 completed with RMSE: 0.192881
2857.2s 715 Epoch 455/500 completed with RMSE: 0.191523
2863.3s 716 Epoch 456/500 completed with RMSE: 0.191971
2869.4s 717 Epoch 457/500 completed with RMSE: 0.191281
2875.6s 718 Epoch 458/500 completed with RMSE: 0.191625
2881.9s 719 Epoch 459/500 completed with RMSE: 0.191710
2887.7s 720 Epoch 460/500 completed with RMSE: 0.190957
2894.1s 721 Epoch 461/500 completed with RMSE: 0.190845
2900.2s 722 Epoch 462/500 completed with RMSE: 0.190568
2906.4s 723 Epoch 463/500 completed with RMSE: 0.190593
2912.6s 724 Epoch 464/500 completed with RMSE: 0.190649
2918.7s 725 Epoch 465/500 completed with RMSE: 0.190241
2924.9s 726 Epoch 466/500 completed with RMSE: 0.190030
2931.1s 727 Epoch 467/500 completed with RMSE: 0.189694
2937.2s 728 Epoch 468/500 completed with RMSE: 0.189577
2943.4s 729 Epoch 469/500 completed with RMSE: 0.190060
2949.4s 730 Epoch 470/500 completed with RMSE: 0.189707
2955.7s 731 Epoch 471/500 completed with RMSE: 0.189060
2961.8s 732 Epoch 472/500 completed with RMSE: 0.188925
2968.1s 733 Epoch 473/500 completed with RMSE: 0.188561
2974.5s 734 Epoch 474/500 completed with RMSE: 0.189050
2980.7s 735 Epoch 475/500 completed with RMSE: 0.188566
2986.9s 736 Epoch 476/500 completed with RMSE: 0.188653
2993.1s 737 Epoch 477/500 completed with RMSE: 0.187979
2999.3s 738 Epoch 478/500 completed with RMSE: 0.188216
3005.7s 739 Epoch 479/500 completed with RMSE: 0.188054
3011.9s 740 Epoch 480/500 completed with RMSE: 0.187786
3018.0s 741 Epoch 481/500 completed with RMSE: 0.187691
3024.3s 742 Epoch 482/500 completed with RMSE: 0.188033
3030.6s 743 Epoch 483/500 completed with RMSE: 0.187248
3037.0s 744 Epoch 484/500 completed with RMSE: 0.187180
3043.2s 745 Epoch 485/500 completed with RMSE: 0.187180
3049.4s 746 Epoch 486/500 completed with RMSE: 0.187103
3055.6s 747 Epoch 487/500 completed with RMSE: 0.186425
3061.8s 748 Epoch 488/500 completed with RMSE: 0.186829
3068.2s 749 Epoch 489/500 completed with RMSE: 0.185971
3074.4s 750 Epoch 490/500 completed with RMSE: 0.186691
3080.6s 751 Epoch 491/500 completed with RMSE: 0.185891
3086.9s 752 Epoch 492/500 completed with RMSE: 0.185781
3093.1s 753 Epoch 493/500 completed with RMSE: 0.185781
3099.5s 754 Epoch 494/500 completed with RMSE: 0.185453
3105.7s 755 Epoch 495/500 completed with RMSE: 0.185511
3111.9s 756 Epoch 496/500 completed with RMSE: 0.185234
3118.2s 757 Epoch 497/500 completed with RMSE: 0.185176
3124.4s 758 Epoch 498/500 completed with RMSE: 0.185287
3130.8s 759 Epoch 499/500 completed with RMSE: 0.184879
3136.9s 760 Epoch 500/500 completed with RMSE: 0.184912
3136.9s 761 Training completed!
3136.9s 762 Training history saved to history/training_history_20241009_162927.csv
3136.9s 763 CPU times: user 1h 13min 4s, sys: 3min 18s, total: 1h 16min 22s
3136.9s 764 Wall time: 51min 33s
3142.7s 765 Training history saved to history/predictions_20241009_162933.csv
3142.7s 766 Evaluation RMSE (Real): 0.129356
3142.7s 767 Evaluation RMSE (Imaginary): 0.131878
3142.7s 768 CPU times: user 5.8 s, sys: 37.8 ms, total: 5.84 s
3142.7s 769 Wall time: 4.57 s
3143.8s 770 CPU times: user 749 ms, sys: 225 ms, total: 974 ms
3143.8s 771 Wall time: 588 ms
3144.6s 772 CPU times: user 798 ms, sys: 229 ms, total: 1.03 s
3144.6s 773 Wall time: 629 ms
3145.7s 774 CPU times: user 998 ms, sys: 243 ms, total: 1.24 s
3145.7s 775 Wall time: 844 ms
3146.6s 776 CPU times: user 717 ms, sys: 248 ms, total: 965 ms
3146.6s 777 Wall time: 570 ms
3152.8s 778 [NbConvertApp] Converting notebook __notebook__.ipynb to notebook
3156.0s 779 [NbConvertApp] Writing 6664100 bytes to __notebook__.ipynb
3157.6s 780 [NbConvertApp] Converting notebook __notebook__.ipynb to html
3160.7s 781 [NbConvertApp] Support files will be in __results___files/
3160.7s 782 [NbConvertApp] Making directory __results___files
3160.7s 783 [NbConvertApp] Making directory __results___files
3160.7s 784 [NbConvertApp] Making directory __results___files
3160.7s 785 [NbConvertApp] Making directory __results___files
3160.7s 786 [NbConvertApp] Making directory __results___files
3160.7s 787 [NbConvertApp] Writing 4941085 bytes to __results__.html