17.7s 1 Collecting torchdiffeq
17.7s 2 Downloading torchdiffeq-0.2.4-py3-none-any.whl.metadata (440 bytes)
17.8s 3 Requirement already satisfied: torch>=1.5.0 in /opt/conda/lib/python3.10/site-packages (from torchdiffeq) (2.4.0+cpu)
17.8s 4 Requirement already satisfied: scipy>=1.4.0 in /opt/conda/lib/python3.10/site-packages (from torchdiffeq) (1.14.0)
17.8s 5 Requirement already satisfied: numpy<2.3,>=1.23.5 in /opt/conda/lib/python3.10/site-packages (from scipy>=1.4.0->torchdiffeq) (1.26.4)
17.8s 6 Requirement already satisfied: filelock in /opt/conda/lib/python3.10/site-packages (from torch>=1.5.0->torchdiffeq) (3.15.1)
17.8s 7 Requirement already satisfied: typing-extensions>=4.8.0 in /opt/conda/lib/python3.10/site-packages (from torch>=1.5.0->torchdiffeq) (4.12.2)
17.8s 8 Requirement already satisfied: sympy in /opt/conda/lib/python3.10/site-packages (from torch>=1.5.0->torchdiffeq) (1.12)
17.8s 9 Requirement already satisfied: networkx in /opt/conda/lib/python3.10/site-packages (from torch>=1.5.0->torchdiffeq) (3.3)
17.8s 10 Requirement already satisfied: jinja2 in /opt/conda/lib/python3.10/site-packages (from torch>=1.5.0->torchdiffeq) (3.1.4)
17.8s 11 Requirement already satisfied: fsspec in /opt/conda/lib/python3.10/site-packages (from torch>=1.5.0->torchdiffeq) (2024.6.1)
18.0s 12 Requirement already satisfied: MarkupSafe>=2.0 in /opt/conda/lib/python3.10/site-packages (from jinja2->torch>=1.5.0->torchdiffeq) (2.1.5)
18.1s 13 Requirement already satisfied: mpmath>=0.19 in /opt/conda/lib/python3.10/site-packages (from sympy->torch>=1.5.0->torchdiffeq) (1.3.0)
18.1s 14 Downloading torchdiffeq-0.2.4-py3-none-any.whl (32 kB)
31.2s 15 Installing collected packages: torchdiffeq
31.4s 16 Successfully installed torchdiffeq-0.2.4
34.4s 17 Collecting TorchDiffEqPack
34.4s 18 Downloading TorchDiffEqPack-1.0.1-py3-none-any.whl.metadata (718 bytes)
34.4s 19 Requirement already satisfied: torch in /opt/conda/lib/python3.10/site-packages (from TorchDiffEqPack) (2.4.0+cpu)
34.4s 20 Requirement already satisfied: filelock in /opt/conda/lib/python3.10/site-packages (from torch->TorchDiffEqPack) (3.15.1)
34.4s 21 Requirement already satisfied: typing-extensions>=4.8.0 in /opt/conda/lib/python3.10/site-packages (from torch->TorchDiffEqPack) (4.12.2)
34.4s 22 Requirement already satisfied: sympy in /opt/conda/lib/python3.10/site-packages (from torch->TorchDiffEqPack) (1.12)
34.4s 23 Requirement already satisfied: networkx in /opt/conda/lib/python3.10/site-packages (from torch->TorchDiffEqPack) (3.3)
34.4s 24 Requirement already satisfied: jinja2 in /opt/conda/lib/python3.10/site-packages (from torch->TorchDiffEqPack) (3.1.4)
34.4s 25 Requirement already satisfied: fsspec in /opt/conda/lib/python3.10/site-packages (from torch->TorchDiffEqPack) (2024.6.1)
34.6s 26 Requirement already satisfied: MarkupSafe>=2.0 in /opt/conda/lib/python3.10/site-packages (from jinja2->torch->TorchDiffEqPack) (2.1.5)
34.7s 27 Requirement already satisfied: mpmath>=0.19 in /opt/conda/lib/python3.10/site-packages (from sympy->torch->TorchDiffEqPack) (1.3.0)
34.7s 28 Downloading TorchDiffEqPack-1.0.1-py3-none-any.whl (33 kB)
47.1s 29 Installing collected packages: TorchDiffEqPack
47.4s 30 Successfully installed TorchDiffEqPack-1.0.1
48.3s 31 /kaggle/input/amp-c-train/Amp_C_train.txt
48.7s 32 CUDA is not available. Running on CPU.
51.5s 33 Model architecture: NeuralODEModel(
51.5s 34 (input_layer): Linear(in_features=2, out_features=128, bias=True)
51.5s 35 (hidden_layers): ModuleList(
51.5s 36 (0): Linear(in_features=128, out_features=256, bias=True)
51.5s 37 (1): Linear(in_features=256, out_features=512, bias=True)
51.5s 38 (2): Linear(in_features=512, out_features=256, bias=True)
51.5s 39 (3-4): 2 x Linear(in_features=256, out_features=256, bias=True)
51.5s 40 (5): Linear(in_features=256, out_features=128, bias=True)
51.5s 41 (6): Linear(in_features=128, out_features=64, bias=True)
51.5s 42 (7): Linear(in_features=64, out_features=32, bias=True)
51.5s 43 (8): Linear(in_features=32, out_features=32, bias=True)
51.5s 44 (9): Linear(in_features=32, out_features=16, bias=True)
51.5s 45 (10): Linear(in_features=16, out_features=4, bias=True)
51.5s 46 (11): Linear(in_features=4, out_features=2, bias=True)
51.5s 47 )
51.5s 48 (residual_connections): ModuleList(
51.5s 49 (0): Linear(in_features=128, out_features=256, bias=True)
51.5s 50 (1): Linear(in_features=256, out_features=512, bias=True)
51.5s 51 (2): Linear(in_features=512, out_features=256, bias=True)
51.5s 52 (3-4): 2 x Identity()
51.5s 53 (5): Linear(in_features=256, out_features=128, bias=True)
51.5s 54 (6): Linear(in_features=128, out_features=64, bias=True)
51.5s 55 (7): Linear(in_features=64, out_features=32, bias=True)
51.5s 56 (8): Identity()
51.5s 57 (9): Linear(in_features=32, out_features=16, bias=True)
51.5s 58 (10): Linear(in_features=16, out_features=4, bias=True)
51.5s 59 (11): Linear(in_features=4, out_features=2, bias=True)
51.5s 60 )
51.5s 61 (ode_func): ODEFunc(
51.5s 62 (fc1): Linear(in_features=2, out_features=2, bias=True)
51.5s 63 (fc2): Linear(in_features=2, out_features=2, bias=True)
51.5s 64 (relu): ReLU()
51.5s 65 (norm): LayerNorm((2,), eps=1e-05, elementwise_affine=True)
51.5s 66 )
51.5s 67 (output_layer): Linear(in_features=2, out_features=2, bias=True)
51.5s 68 (dropout): Dropout(p=0.5, inplace=False)
51.5s 69 )
51.5s 70 --------------------------------------------------
51.5s 71 Parameter name: input_layer.weight
51.5s 72 Parameter shape: torch.Size([128, 2])
51.5s 73 Parameter count: 256
51.5s 74 ------------------------------
51.5s 75 Parameter name: input_layer.bias
51.5s 76 Parameter shape: torch.Size([128])
51.5s 77 Parameter count: 128
51.5s 78 ------------------------------
51.5s 79 Parameter name: hidden_layers.0.weight
51.5s 80 Parameter shape: torch.Size([256, 128])
51.5s 81 Parameter count: 32768
51.5s 82 ------------------------------
51.5s 83 Parameter name: hidden_layers.0.bias
51.5s 84 Parameter shape: torch.Size([256])
51.5s 85 Parameter count: 256
51.5s 86 ------------------------------
51.5s 87 Parameter name: hidden_layers.1.weight
51.5s 88 Parameter shape: torch.Size([512, 256])
51.5s 89 Parameter count: 131072
51.5s 90 ------------------------------
51.5s 91 Parameter name: hidden_layers.1.bias
51.5s 92 Parameter shape: torch.Size([512])
51.5s 93 Parameter count: 512
51.5s 94 ------------------------------
51.5s 95 Parameter name: hidden_layers.2.weight
51.5s 96 Parameter shape: torch.Size([256, 512])
51.5s 97 Parameter count: 131072
51.5s 98 ------------------------------
51.5s 99 Parameter name: hidden_layers.2.bias
51.5s 100 Parameter shape: torch.Size([256])
51.5s 101 Parameter count: 256
51.5s 102 ------------------------------
51.5s 103 Parameter name: hidden_layers.3.weight
51.5s 104 Parameter shape: torch.Size([256, 256])
51.5s 105 Parameter count: 65536
51.5s 106 ------------------------------
51.5s 107 Parameter name: hidden_layers.3.bias
51.5s 108 Parameter shape: torch.Size([256])
51.5s 109 Parameter count: 256
51.5s 110 ------------------------------
51.5s 111 Parameter name: hidden_layers.4.weight
51.5s 112 Parameter shape: torch.Size([256, 256])
51.5s 113 Parameter count: 65536
51.5s 114 ------------------------------
51.5s 115 Parameter name: hidden_layers.4.bias
51.5s 116 Parameter shape: torch.Size([256])
51.5s 117 Parameter count: 256
51.5s 118 ------------------------------
51.5s 119 Parameter name: hidden_layers.5.weight
51.5s 120 Parameter shape: torch.Size([128, 256])
51.5s 121 Parameter count: 32768
51.5s 122 ------------------------------
51.5s 123 Parameter name: hidden_layers.5.bias
51.5s 124 Parameter shape: torch.Size([128])
51.5s 125 Parameter count: 128
51.5s 126 ------------------------------
51.5s 127 Parameter name: hidden_layers.6.weight
51.5s 128 Parameter shape: torch.Size([64, 128])
51.5s 129 Parameter count: 8192
51.5s 130 ------------------------------
51.5s 131 Parameter name: hidden_layers.6.bias
51.5s 132 Parameter shape: torch.Size([64])
51.5s 133 Parameter count: 64
51.5s 134 ------------------------------
51.5s 135 Parameter name: hidden_layers.7.weight
51.5s 136 Parameter shape: torch.Size([32, 64])
51.5s 137 Parameter count: 2048
51.5s 138 ------------------------------
51.5s 139 Parameter name: hidden_layers.7.bias
51.5s 140 Parameter shape: torch.Size([32])
51.6s 141 Parameter count: 32
51.6s 142 ------------------------------
51.6s 143 Parameter name: hidden_layers.8.weight
51.6s 144 Parameter shape: torch.Size([32, 32])
51.6s 145 Parameter count: 1024
51.6s 146 ------------------------------
51.6s 147 Parameter name: hidden_layers.8.bias
51.6s 148 Parameter shape: torch.Size([32])
51.6s 149 Parameter count: 32
51.6s 150 ------------------------------
51.6s 151 Parameter name: hidden_layers.9.weight
51.6s 152 Parameter shape: torch.Size([16, 32])
51.6s 153 Parameter count: 512
51.6s 154 ------------------------------
51.6s 155 Parameter name: hidden_layers.9.bias
51.6s 156 Parameter shape: torch.Size([16])
51.6s 157 Parameter count: 16
51.6s 158 ------------------------------
51.6s 159 Parameter name: hidden_layers.10.weight
51.6s 160 Parameter shape: torch.Size([4, 16])
51.6s 161 Parameter count: 64
51.6s 162 ------------------------------
51.6s 163 Parameter name: hidden_layers.10.bias
51.6s 164 Parameter shape: torch.Size([4])
51.6s 165 Parameter count: 4
51.6s 166 ------------------------------
51.6s 167 Parameter name: hidden_layers.11.weight
51.6s 168 Parameter shape: torch.Size([2, 4])
51.6s 169 Parameter count: 8
51.6s 170 ------------------------------
51.6s 171 Parameter name: hidden_layers.11.bias
51.6s 172 Parameter shape: torch.Size([2])
51.6s 173 Parameter count: 2
51.6s 174 ------------------------------
51.6s 175 Parameter name: residual_connections.0.weight
51.6s 176 Parameter shape: torch.Size([256, 128])
51.6s 177 Parameter count: 32768
51.6s 178 ------------------------------
51.6s 179 Parameter name: residual_connections.0.bias
51.6s 180 Parameter shape: torch.Size([256])
51.6s 181 Parameter count: 256
51.6s 182 ------------------------------
51.6s 183 Parameter name: residual_connections.1.weight
51.6s 184 Parameter shape: torch.Size([512, 256])
51.6s 185 Parameter count: 131072
51.6s 186 ------------------------------
51.6s 187 Parameter name: residual_connections.1.bias
51.6s 188 Parameter shape: torch.Size([512])
51.6s 189 Parameter count: 512
51.6s 190 ------------------------------
51.6s 191 Parameter name: residual_connections.2.weight
51.6s 192 Parameter shape: torch.Size([256, 512])
51.6s 193 Parameter count: 131072
51.6s 194 ------------------------------
51.6s 195 Parameter name: residual_connections.2.bias
51.6s 196 Parameter shape: torch.Size([256])
51.6s 197 Parameter count: 256
51.6s 198 ------------------------------
51.6s 199 Parameter name: residual_connections.5.weight
51.6s 200 Parameter shape: torch.Size([128, 256])
51.6s 201 Parameter count: 32768
51.6s 202 ------------------------------
51.6s 203 Parameter name: residual_connections.5.bias
51.6s 204 Parameter shape: torch.Size([128])
51.6s 205 Parameter count: 128
51.6s 206 ------------------------------
51.6s 207 Parameter name: residual_connections.6.weight
51.6s 208 Parameter shape: torch.Size([64, 128])
51.6s 209 Parameter count: 8192
51.6s 210 ------------------------------
51.6s 211 Parameter name: residual_connections.6.bias
51.6s 212 Parameter shape: torch.Size([64])
51.6s 213 Parameter count: 64
51.6s 214 ------------------------------
51.6s 215 Parameter name: residual_connections.7.weight
51.6s 216 Parameter shape: torch.Size([32, 64])
51.6s 217 Parameter count: 2048
51.6s 218 ------------------------------
51.6s 219 Parameter name: residual_connections.7.bias
51.6s 220 Parameter shape: torch.Size([32])
51.6s 221 Parameter count: 32
51.6s 222 ------------------------------
51.6s 223 Parameter name: residual_connections.9.weight
51.6s 224 Parameter shape: torch.Size([16, 32])
51.6s 225 Parameter count: 512
51.6s 226 ------------------------------
51.6s 227 Parameter name: residual_connections.9.bias
51.6s 228 Parameter shape: torch.Size([16])
51.6s 229 Parameter count: 16
51.6s 230 ------------------------------
51.6s 231 Parameter name: residual_connections.10.weight
51.6s 232 Parameter shape: torch.Size([4, 16])
51.6s 233 Parameter count: 64
51.6s 234 ------------------------------
51.6s 235 Parameter name: residual_connections.10.bias
51.6s 236 Parameter shape: torch.Size([4])
51.6s 237 Parameter count: 4
51.6s 238 ------------------------------
51.6s 239 Parameter name: residual_connections.11.weight
51.6s 240 Parameter shape: torch.Size([2, 4])
51.6s 241 Parameter count: 8
51.6s 242 ------------------------------
51.6s 243 Parameter name: residual_connections.11.bias
51.6s 244 Parameter shape: torch.Size([2])
51.6s 245 Parameter count: 2
51.6s 246 ------------------------------
51.6s 247 Parameter name: ode_func.fc1.weight
51.6s 248 Parameter shape: torch.Size([2, 2])
51.6s 249 Parameter count: 4
51.6s 250 ------------------------------
51.6s 251 Parameter name: ode_func.fc1.bias
51.6s 252 Parameter shape: torch.Size([2])
51.6s 253 Parameter count: 2
51.6s 254 ------------------------------
51.6s 255 Parameter name: ode_func.fc2.weight
51.6s 256 Parameter shape: torch.Size([2, 2])
51.6s 257 Parameter count: 4
51.6s 258 ------------------------------
51.6s 259 Parameter name: ode_func.fc2.bias
51.6s 260 Parameter shape: torch.Size([2])
51.6s 261 Parameter count: 2
51.6s 262 ------------------------------
51.6s 263 Parameter name: ode_func.norm.weight
51.6s 264 Parameter shape: torch.Size([2])
51.6s 265 Parameter count: 2
51.6s 266 ------------------------------
51.6s 267 Parameter name: ode_func.norm.bias
51.6s 268 Parameter shape: torch.Size([2])
51.6s 269 Parameter count: 2
51.6s 270 ------------------------------
51.6s 271 Parameter name: output_layer.weight
51.6s 272 Parameter shape: torch.Size([2, 2])
51.6s 273 Parameter count: 4
51.6s 274 ------------------------------
51.6s 275 Parameter name: output_layer.bias
51.6s 276 Parameter shape: torch.Size([2])
51.6s 277 Parameter count: 2
51.6s 278 ------------------------------
51.6s 279 Total trainable parameters: 812594
51.6s 280 ==================================================
65.4s 281 Epoch 1/1000 completed with RMSE: 2.172461
79.7s 282 Epoch 2/1000 completed with RMSE: 2.158776
93.6s 283 Epoch 3/1000 completed with RMSE: 2.131354
108.2s 284 Epoch 4/1000 completed with RMSE: 2.067609
122.4s 285 Epoch 5/1000 completed with RMSE: 1.943584
136.7s 286 Epoch 6/1000 completed with RMSE: 1.779960
150.9s 287 Epoch 7/1000 completed with RMSE: 1.632641
165.2s 288 Epoch 8/1000 completed with RMSE: 1.498549
179.0s 289 Epoch 9/1000 completed with RMSE: 1.376195
192.9s 290 Epoch 10/1000 completed with RMSE: 1.288944
207.3s 291 Epoch 11/1000 completed with RMSE: 1.222339
221.1s 292 Epoch 12/1000 completed with RMSE: 1.169606
235.5s 293 Epoch 13/1000 completed with RMSE: 1.123010
249.2s 294 Epoch 14/1000 completed with RMSE: 1.082141
264.3s 295 Epoch 15/1000 completed with RMSE: 1.045560
279.4s 296 Epoch 16/1000 completed with RMSE: 1.011534
294.9s 297 Epoch 17/1000 completed with RMSE: 0.981683
309.8s 298 Epoch 18/1000 completed with RMSE: 0.952616
325.0s 299 Epoch 19/1000 completed with RMSE: 0.924000
340.2s 300 Epoch 20/1000 completed with RMSE: 0.896690
354.7s 301 Epoch 21/1000 completed with RMSE: 0.874155
369.3s 302 Epoch 22/1000 completed with RMSE: 0.850540
383.1s 303 Epoch 23/1000 completed with RMSE: 0.825240
397.3s 304 Epoch 24/1000 completed with RMSE: 0.806379
411.1s 305 Epoch 25/1000 completed with RMSE: 0.787197
425.1s 306 Epoch 26/1000 completed with RMSE: 0.769011
439.2s 307 Epoch 27/1000 completed with RMSE: 0.751940
453.6s 308 Epoch 28/1000 completed with RMSE: 0.737252
467.3s 309 Epoch 29/1000 completed with RMSE: 0.721200
481.2s 310 Epoch 30/1000 completed with RMSE: 0.707105
495.5s 311 Epoch 31/1000 completed with RMSE: 0.692789
509.2s 312 Epoch 32/1000 completed with RMSE: 0.681176
523.8s 313 Epoch 33/1000 completed with RMSE: 0.669100
537.3s 314 Epoch 34/1000 completed with RMSE: 0.658764
551.7s 315 Epoch 35/1000 completed with RMSE: 0.648006
565.4s 316 Epoch 36/1000 completed with RMSE: 0.640416
579.1s 317 Epoch 37/1000 completed with RMSE: 0.629922
593.3s 318 Epoch 38/1000 completed with RMSE: 0.620503
606.9s 319 Epoch 39/1000 completed with RMSE: 0.614224
621.3s 320 Epoch 40/1000 completed with RMSE: 0.605196
634.7s 321 Epoch 41/1000 completed with RMSE: 0.598155
649.2s 322 Epoch 42/1000 completed with RMSE: 0.591205
662.8s 323 Epoch 43/1000 completed with RMSE: 0.584062
676.8s 324 Epoch 44/1000 completed with RMSE: 0.577789
690.6s 325 Epoch 45/1000 completed with RMSE: 0.571138
704.2s 326 Epoch 46/1000 completed with RMSE: 0.562145
718.4s 327 Epoch 47/1000 completed with RMSE: 0.556180
732.0s 328 Epoch 48/1000 completed with RMSE: 0.548230
746.2s 329 Epoch 49/1000 completed with RMSE: 0.541185
759.8s 330 Epoch 50/1000 completed with RMSE: 0.534633
773.9s 331 Epoch 51/1000 completed with RMSE: 0.525583
787.6s 332 Epoch 52/1000 completed with RMSE: 0.518329
801.3s 333 Epoch 53/1000 completed with RMSE: 0.508924
815.6s 334 Epoch 54/1000 completed with RMSE: 0.499763
829.2s 335 Epoch 55/1000 completed with RMSE: 0.489637
843.4s 336 Epoch 56/1000 completed with RMSE: 0.479020
857.3s 337 Epoch 57/1000 completed with RMSE: 0.465869
871.3s 338 Epoch 58/1000 completed with RMSE: 0.452351
885.2s 339 Epoch 59/1000 completed with RMSE: 0.436220
898.9s 340 Epoch 60/1000 completed with RMSE: 0.419643
913.2s 341 Epoch 61/1000 completed with RMSE: 0.403068
926.9s 342 Epoch 62/1000 completed with RMSE: 0.385018
941.2s 343 Epoch 63/1000 completed with RMSE: 0.366924
954.9s 344 Epoch 64/1000 completed with RMSE: 0.351892
969.2s 345 Epoch 65/1000 completed with RMSE: 0.337763
982.9s 346 Epoch 66/1000 completed with RMSE: 0.325633
997.3s 347 Epoch 67/1000 completed with RMSE: 0.317717
1011.1s 348 Epoch 68/1000 completed with RMSE: 0.308213
1024.9s 349 Epoch 69/1000 completed with RMSE: 0.301155
1039.4s 350 Epoch 70/1000 completed with RMSE: 0.294589
1053.2s 351 Epoch 71/1000 completed with RMSE: 0.288101
1067.5s 352 Epoch 72/1000 completed with RMSE: 0.282777
1081.3s 353 Epoch 73/1000 completed with RMSE: 0.277000
1095.8s 354 Epoch 74/1000 completed with RMSE: 0.272268
1109.4s 355 Epoch 75/1000 completed with RMSE: 0.268055
1123.2s 356 Epoch 76/1000 completed with RMSE: 0.263670
1137.5s 357 Epoch 77/1000 completed with RMSE: 0.259475
1151.3s 358 Epoch 78/1000 completed with RMSE: 0.256702
1165.7s 359 Epoch 79/1000 completed with RMSE: 0.252227
1179.2s 360 Epoch 80/1000 completed with RMSE: 0.249497
1193.8s 361 Epoch 81/1000 completed with RMSE: 0.246385
1207.3s 362 Epoch 82/1000 completed with RMSE: 0.243674
1221.6s 363 Epoch 83/1000 completed with RMSE: 0.240790
1235.5s 364 Epoch 84/1000 completed with RMSE: 0.237947
1249.0s 365 Epoch 85/1000 completed with RMSE: 0.235302
1263.5s 366 Epoch 86/1000 completed with RMSE: 0.232316
1277.0s 367 Epoch 87/1000 completed with RMSE: 0.230584
1292.1s 368 Epoch 88/1000 completed with RMSE: 0.228298
1306.0s 369 Epoch 89/1000 completed with RMSE: 0.225950
1321.3s 370 Epoch 90/1000 completed with RMSE: 0.224060
1336.2s 371 Epoch 91/1000 completed with RMSE: 0.222964
1351.4s 372 Epoch 92/1000 completed with RMSE: 0.221177
1366.3s 373 Epoch 93/1000 completed with RMSE: 0.219209
1381.3s 374 Epoch 94/1000 completed with RMSE: 0.217499
1396.7s 375 Epoch 95/1000 completed with RMSE: 0.215730
1410.9s 376 Epoch 96/1000 completed with RMSE: 0.214129
1425.1s 377 Epoch 97/1000 completed with RMSE: 0.212748
1438.7s 378 Epoch 98/1000 completed with RMSE: 0.210723
1452.9s 379 Epoch 99/1000 completed with RMSE: 0.209411
1467.3s 380 Epoch 100/1000 completed with RMSE: 0.208012
1481.7s 381 Epoch 101/1000 completed with RMSE: 0.206788
1495.7s 382 Epoch 102/1000 completed with RMSE: 0.205713
1509.7s 383 Epoch 103/1000 completed with RMSE: 0.203982
1524.0s 384 Epoch 104/1000 completed with RMSE: 0.203346
1538.1s 385 Epoch 105/1000 completed with RMSE: 0.201878
1552.3s 386 Epoch 106/1000 completed with RMSE: 0.201077
1566.3s 387 Epoch 107/1000 completed with RMSE: 0.199422
1580.6s 388 Epoch 108/1000 completed with RMSE: 0.198753
1594.4s 389 Epoch 109/1000 completed with RMSE: 0.197456
1608.9s 390 Epoch 110/1000 completed with RMSE: 0.196671
1622.4s 391 Epoch 111/1000 completed with RMSE: 0.195620
1636.2s 392 Epoch 112/1000 completed with RMSE: 0.194270
1650.4s 393 Epoch 113/1000 completed with RMSE: 0.194168
1664.2s 394 Epoch 114/1000 completed with RMSE: 0.192593
1678.6s 395 Epoch 115/1000 completed with RMSE: 0.192047
1692.3s 396 Epoch 116/1000 completed with RMSE: 0.191037
1706.6s 397 Epoch 117/1000 completed with RMSE: 0.190534
1720.4s 398 Epoch 118/1000 completed with RMSE: 0.189377
1734.9s 399 Epoch 119/1000 completed with RMSE: 0.188645
1749.4s 400 Epoch 120/1000 completed with RMSE: 0.187386
1764.2s 401 Epoch 121/1000 completed with RMSE: 0.187654
1779.6s 402 Epoch 122/1000 completed with RMSE: 0.186390
1794.1s 403 Epoch 123/1000 completed with RMSE: 0.185732
1809.3s 404 Epoch 124/1000 completed with RMSE: 0.185183
1823.7s 405 Epoch 125/1000 completed with RMSE: 0.184613
1839.0s 406 Epoch 126/1000 completed with RMSE: 0.183483
1852.6s 407 Epoch 127/1000 completed with RMSE: 0.183367
1866.9s 408 Epoch 128/1000 completed with RMSE: 0.182705
1880.7s 409 Epoch 129/1000 completed with RMSE: 0.181855
1895.0s 410 Epoch 130/1000 completed with RMSE: 0.181402
1909.4s 411 Epoch 131/1000 completed with RMSE: 0.180568
1923.0s 412 Epoch 132/1000 completed with RMSE: 0.180324
1937.5s 413 Epoch 133/1000 completed with RMSE: 0.179833
1951.3s 414 Epoch 134/1000 completed with RMSE: 0.179113
1965.7s 415 Epoch 135/1000 completed with RMSE: 0.178848
1979.5s 416 Epoch 136/1000 completed with RMSE: 0.178297
1993.8s 417 Epoch 137/1000 completed with RMSE: 0.177624
2007.7s 418 Epoch 138/1000 completed with RMSE: 0.177313
2021.5s 419 Epoch 139/1000 completed with RMSE: 0.176916
2035.8s 420 Epoch 140/1000 completed with RMSE: 0.176463
2049.5s 421 Epoch 141/1000 completed with RMSE: 0.175954
2063.9s 422 Epoch 142/1000 completed with RMSE: 0.175324
2077.5s 423 Epoch 143/1000 completed with RMSE: 0.175332
2092.5s 424 Epoch 144/1000 completed with RMSE: 0.174792
2107.0s 425 Epoch 145/1000 completed with RMSE: 0.174084
2122.0s 426 Epoch 146/1000 completed with RMSE: 0.173548
2137.4s 427 Epoch 147/1000 completed with RMSE: 0.173550
2152.9s 428 Epoch 148/1000 completed with RMSE: 0.173061
2167.9s 429 Epoch 149/1000 completed with RMSE: 0.172686
2181.9s 430 Epoch 150/1000 completed with RMSE: 0.172464
2196.3s 431 Epoch 151/1000 completed with RMSE: 0.172096
2210.0s 432 Epoch 152/1000 completed with RMSE: 0.171239
2224.2s 433 Epoch 153/1000 completed with RMSE: 0.170985
2238.2s 434 Epoch 154/1000 completed with RMSE: 0.171095
2252.4s 435 Epoch 155/1000 completed with RMSE: 0.170472
2266.1s 436 Epoch 156/1000 completed with RMSE: 0.170214
2280.6s 437 Epoch 157/1000 completed with RMSE: 0.169785
2294.5s 438 Epoch 158/1000 completed with RMSE: 0.169738
2308.2s 439 Epoch 159/1000 completed with RMSE: 0.169164
2322.5s 440 Epoch 160/1000 completed with RMSE: 0.168848
2336.3s 441 Epoch 161/1000 completed with RMSE: 0.168586
2350.7s 442 Epoch 162/1000 completed with RMSE: 0.168439
2364.5s 443 Epoch 163/1000 completed with RMSE: 0.168242
2378.7s 444 Epoch 164/1000 completed with RMSE: 0.167682
2392.5s 445 Epoch 165/1000 completed with RMSE: 0.167321
2406.2s 446 Epoch 166/1000 completed with RMSE: 0.167099
2420.4s 447 Epoch 167/1000 completed with RMSE: 0.166795
2434.3s 448 Epoch 168/1000 completed with RMSE: 0.166559
2448.4s 449 Epoch 169/1000 completed with RMSE: 0.166514
2462.2s 450 Epoch 170/1000 completed with RMSE: 0.166388
2476.6s 451 Epoch 171/1000 completed with RMSE: 0.166025
2490.4s 452 Epoch 172/1000 completed with RMSE: 0.165787
2504.6s 453 Epoch 173/1000 completed with RMSE: 0.164928
2518.5s 454 Epoch 174/1000 completed with RMSE: 0.165021
2532.4s 455 Epoch 175/1000 completed with RMSE: 0.164621
2546.7s 456 Epoch 176/1000 completed with RMSE: 0.164545
2560.9s 457 Epoch 177/1000 completed with RMSE: 0.164442
2575.1s 458 Epoch 178/1000 completed with RMSE: 0.164294
2588.8s 459 Epoch 179/1000 completed with RMSE: 0.164052
2603.4s 460 Epoch 180/1000 completed with RMSE: 0.164064
2617.1s 461 Epoch 181/1000 completed with RMSE: 0.163429
2631.2s 462 Epoch 182/1000 completed with RMSE: 0.163101
2645.4s 463 Epoch 183/1000 completed with RMSE: 0.162725
2660.2s 464 Epoch 184/1000 completed with RMSE: 0.162762
2674.8s 465 Epoch 185/1000 completed with RMSE: 0.162587
2689.8s 466 Epoch 186/1000 completed with RMSE: 0.162342
2705.6s 467 Epoch 187/1000 completed with RMSE: 0.161913
2720.4s 468 Epoch 188/1000 completed with RMSE: 0.162109
2735.2s 469 Epoch 189/1000 completed with RMSE: 0.161866
2748.9s 470 Epoch 190/1000 completed with RMSE: 0.161727
2763.3s 471 Epoch 191/1000 completed with RMSE: 0.161266
2777.1s 472 Epoch 192/1000 completed with RMSE: 0.160895
2790.9s 473 Epoch 193/1000 completed with RMSE: 0.160695
2805.1s 474 Epoch 194/1000 completed with RMSE: 0.160560
2819.0s 475 Epoch 195/1000 completed with RMSE: 0.160710
2833.4s 476 Epoch 196/1000 completed with RMSE: 0.160391
2847.0s 477 Epoch 197/1000 completed with RMSE: 0.160271
2861.7s 478 Epoch 198/1000 completed with RMSE: 0.160063
2875.5s 479 Epoch 199/1000 completed with RMSE: 0.159698
2889.9s 480 Epoch 200/1000 completed with RMSE: 0.159717
2903.6s 481 Epoch 201/1000 completed with RMSE: 0.159107
2917.4s 482 Epoch 202/1000 completed with RMSE: 0.158889
2931.8s 483 Epoch 203/1000 completed with RMSE: 0.158726
2945.9s 484 Epoch 204/1000 completed with RMSE: 0.158982
2961.4s 485 Epoch 205/1000 completed with RMSE: 0.158340
2976.1s 486 Epoch 206/1000 completed with RMSE: 0.158705
2991.7s 487 Epoch 207/1000 completed with RMSE: 0.158172
3007.8s 488 Epoch 208/1000 completed with RMSE: 0.158041
3022.4s 489 Epoch 209/1000 completed with RMSE: 0.157854
3036.1s 490 Epoch 210/1000 completed with RMSE: 0.157735
3050.5s 491 Epoch 211/1000 completed with RMSE: 0.157590
3064.5s 492 Epoch 212/1000 completed with RMSE: 0.157377
3078.5s 493 Epoch 213/1000 completed with RMSE: 0.157229
3092.9s 494 Epoch 214/1000 completed with RMSE: 0.156944
3106.6s 495 Epoch 215/1000 completed with RMSE: 0.156566
3121.0s 496 Epoch 216/1000 completed with RMSE: 0.156693
3134.9s 497 Epoch 217/1000 completed with RMSE: 0.156648
3149.2s 498 Epoch 218/1000 completed with RMSE: 0.156505
3162.8s 499 Epoch 219/1000 completed with RMSE: 0.156224
3176.8s 500 Epoch 220/1000 completed with RMSE: 0.156079
3191.1s 501 Epoch 221/1000 completed with RMSE: 0.155876
3204.9s 502 Epoch 222/1000 completed with RMSE: 0.155942
3219.4s 503 Epoch 223/1000 completed with RMSE: 0.155602
3233.0s 504 Epoch 224/1000 completed with RMSE: 0.155508
3247.4s 505 Epoch 225/1000 completed with RMSE: 0.155493
3261.8s 506 Epoch 226/1000 completed with RMSE: 0.154958
3276.5s 507 Epoch 227/1000 completed with RMSE: 0.154752
3291.0s 508 Epoch 228/1000 completed with RMSE: 0.154822
3306.2s 509 Epoch 229/1000 completed with RMSE: 0.154749
3320.9s 510 Epoch 230/1000 completed with RMSE: 0.154312
3334.9s 511 Epoch 231/1000 completed with RMSE: 0.154611
3349.2s 512 Epoch 232/1000 completed with RMSE: 0.154138
3362.8s 513 Epoch 233/1000 completed with RMSE: 0.154413
3377.3s 514 Epoch 234/1000 completed with RMSE: 0.153938
3391.0s 515 Epoch 235/1000 completed with RMSE: 0.153974
3405.4s 516 Epoch 236/1000 completed with RMSE: 0.153735
3419.0s 517 Epoch 237/1000 completed with RMSE: 0.153891
3433.0s 518 Epoch 238/1000 completed with RMSE: 0.153696
3447.2s 519 Epoch 239/1000 completed with RMSE: 0.153324
3461.3s 520 Epoch 240/1000 completed with RMSE: 0.153253
3475.5s 521 Epoch 241/1000 completed with RMSE: 0.153141
3489.3s 522 Epoch 242/1000 completed with RMSE: 0.153017
3503.5s 523 Epoch 243/1000 completed with RMSE: 0.152803
3517.4s 524 Epoch 244/1000 completed with RMSE: 0.152533
3531.9s 525 Epoch 245/1000 completed with RMSE: 0.152843
3546.8s 526 Epoch 246/1000 completed with RMSE: 0.152682
3561.7s 527 Epoch 247/1000 completed with RMSE: 0.152237
3576.6s 528 Epoch 248/1000 completed with RMSE: 0.152247
3590.5s 529 Epoch 249/1000 completed with RMSE: 0.152079
3604.7s 530 Epoch 250/1000 completed with RMSE: 0.151782
3618.6s 531 Epoch 251/1000 completed with RMSE: 0.152058
3632.9s 532 Epoch 252/1000 completed with RMSE: 0.151777
3646.7s 533 Epoch 253/1000 completed with RMSE: 0.151764
3661.0s 534 Epoch 254/1000 completed with RMSE: 0.151451
3674.6s 535 Epoch 255/1000 completed with RMSE: 0.151216
3688.4s 536 Epoch 256/1000 completed with RMSE: 0.151054
3702.6s 537 Epoch 257/1000 completed with RMSE: 0.151018
3716.4s 538 Epoch 258/1000 completed with RMSE: 0.151192
3729.9s 539 Epoch 259/1000 completed with RMSE: 0.150892
3743.9s 540 Epoch 260/1000 completed with RMSE: 0.150604
3757.4s 541 Epoch 261/1000 completed with RMSE: 0.150839
3771.3s 542 Epoch 262/1000 completed with RMSE: 0.150454
3784.9s 543 Epoch 263/1000 completed with RMSE: 0.150779
3798.8s 544 Epoch 264/1000 completed with RMSE: 0.150412
3812.4s 545 Epoch 265/1000 completed with RMSE: 0.150239
3826.4s 546 Epoch 266/1000 completed with RMSE: 0.150055
3840.8s 547 Epoch 267/1000 completed with RMSE: 0.149960
3855.2s 548 Epoch 268/1000 completed with RMSE: 0.149855
3869.6s 549 Epoch 269/1000 completed with RMSE: 0.149633
3884.2s 550 Epoch 270/1000 completed with RMSE: 0.149411
3898.8s 551 Epoch 271/1000 completed with RMSE: 0.149658
3912.7s 552 Epoch 272/1000 completed with RMSE: 0.149271
3926.7s 553 Epoch 273/1000 completed with RMSE: 0.149542
3940.4s 554 Epoch 274/1000 completed with RMSE: 0.149443
3954.3s 555 Epoch 275/1000 completed with RMSE: 0.149092
3967.9s 556 Epoch 276/1000 completed with RMSE: 0.149108
3981.9s 557 Epoch 277/1000 completed with RMSE: 0.148904
3995.6s 558 Epoch 278/1000 completed with RMSE: 0.148763
4009.5s 559 Epoch 279/1000 completed with RMSE: 0.148984
4024.1s 560 Epoch 280/1000 completed with RMSE: 0.148605
4037.7s 561 Epoch 281/1000 completed with RMSE: 0.148752
4051.4s 562 Epoch 282/1000 completed with RMSE: 0.148643
4065.8s 563 Epoch 283/1000 completed with RMSE: 0.148313
4079.6s 564 Epoch 284/1000 completed with RMSE: 0.148069
4094.1s 565 Epoch 285/1000 completed with RMSE: 0.148202
4109.2s 566 Epoch 286/1000 completed with RMSE: 0.148354
4125.8s 567 Epoch 287/1000 completed with RMSE: 0.147851
4142.3s 568 Epoch 288/1000 completed with RMSE: 0.147909
4157.6s 569 Epoch 289/1000 completed with RMSE: 0.147762
4171.7s 570 Epoch 290/1000 completed with RMSE: 0.147769
4186.1s 571 Epoch 291/1000 completed with RMSE: 0.147559
4199.7s 572 Epoch 292/1000 completed with RMSE: 0.147493
4214.4s 573 Epoch 293/1000 completed with RMSE: 0.147540
4228.2s 574 Epoch 294/1000 completed with RMSE: 0.147179
4242.1s 575 Epoch 295/1000 completed with RMSE: 0.147181
4256.5s 576 Epoch 296/1000 completed with RMSE: 0.147400
4270.4s 577 Epoch 297/1000 completed with RMSE: 0.147164
4284.6s 578 Epoch 298/1000 completed with RMSE: 0.147057
4298.6s 579 Epoch 299/1000 completed with RMSE: 0.146827
4312.9s 580 Epoch 300/1000 completed with RMSE: 0.146893
4327.0s 581 Epoch 301/1000 completed with RMSE: 0.146882
4340.8s 582 Epoch 302/1000 completed with RMSE: 0.146426
4355.3s 583 Epoch 303/1000 completed with RMSE: 0.146388
4369.1s 584 Epoch 304/1000 completed with RMSE: 0.146779
4383.6s 585 Epoch 305/1000 completed with RMSE: 0.146377
4398.4s 586 Epoch 306/1000 completed with RMSE: 0.146505
4413.7s 587 Epoch 307/1000 completed with RMSE: 0.146093
4428.5s 588 Epoch 308/1000 completed with RMSE: 0.146050
4443.0s 589 Epoch 309/1000 completed with RMSE: 0.145879
4457.0s 590 Epoch 310/1000 completed with RMSE: 0.146114
4471.3s 591 Epoch 311/1000 completed with RMSE: 0.145753
4485.4s 592 Epoch 312/1000 completed with RMSE: 0.145761
4499.2s 593 Epoch 313/1000 completed with RMSE: 0.145746
4513.8s 594 Epoch 314/1000 completed with RMSE: 0.145721
4527.6s 595 Epoch 315/1000 completed with RMSE: 0.145809
4542.3s 596 Epoch 316/1000 completed with RMSE: 0.145601
4555.9s 597 Epoch 317/1000 completed with RMSE: 0.145585
4570.2s 598 Epoch 318/1000 completed with RMSE: 0.145566
4584.2s 599 Epoch 319/1000 completed with RMSE: 0.145455
4597.9s 600 Epoch 320/1000 completed with RMSE: 0.145037
4612.4s 601 Epoch 321/1000 completed with RMSE: 0.145136
4626.4s 602 Epoch 322/1000 completed with RMSE: 0.145089
4641.9s 603 Epoch 323/1000 completed with RMSE: 0.144987
4656.0s 604 Epoch 324/1000 completed with RMSE: 0.145069
4670.6s 605 Epoch 325/1000 completed with RMSE: 0.144854
4684.5s 606 Epoch 326/1000 completed with RMSE: 0.145010
4699.1s 607 Epoch 327/1000 completed with RMSE: 0.144496
4712.9s 608 Epoch 328/1000 completed with RMSE: 0.144591
4726.7s 609 Epoch 329/1000 completed with RMSE: 0.144730
4741.0s 610 Epoch 330/1000 completed with RMSE: 0.144492
4754.6s 611 Epoch 331/1000 completed with RMSE: 0.144231
4769.2s 612 Epoch 332/1000 completed with RMSE: 0.144579
4783.6s 613 Epoch 333/1000 completed with RMSE: 0.144427
4797.9s 614 Epoch 334/1000 completed with RMSE: 0.144350
4812.6s 615 Epoch 335/1000 completed with RMSE: 0.144101
4827.0s 616 Epoch 336/1000 completed with RMSE: 0.144095
4841.6s 617 Epoch 337/1000 completed with RMSE: 0.144151
4856.4s 618 Epoch 338/1000 completed with RMSE: 0.143799
4871.2s 619 Epoch 339/1000 completed with RMSE: 0.143995
4886.0s 620 Epoch 340/1000 completed with RMSE: 0.143832
4901.4s 621 Epoch 341/1000 completed with RMSE: 0.143793
4916.0s 622 Epoch 342/1000 completed with RMSE: 0.143771
4930.4s 623 Epoch 343/1000 completed with RMSE: 0.143542
4944.7s 624 Epoch 344/1000 completed with RMSE: 0.143595
4958.3s 625 Epoch 345/1000 completed with RMSE: 0.143577
4972.2s 626 Epoch 346/1000 completed with RMSE: 0.143279
4985.8s 627 Epoch 347/1000 completed with RMSE: 0.143305
4999.5s 628 Epoch 348/1000 completed with RMSE: 0.143372
5013.2s 629 Epoch 349/1000 completed with RMSE: 0.143192
5027.2s 630 Epoch 350/1000 completed with RMSE: 0.143348
5041.3s 631 Epoch 351/1000 completed with RMSE: 0.143076
5055.5s 632 Epoch 352/1000 completed with RMSE: 0.142981
5069.2s 633 Epoch 353/1000 completed with RMSE: 0.143019
5083.5s 634 Epoch 354/1000 completed with RMSE: 0.143066
5097.3s 635 Epoch 355/1000 completed with RMSE: 0.142899
5112.1s 636 Epoch 356/1000 completed with RMSE: 0.142941
5125.8s 637 Epoch 357/1000 completed with RMSE: 0.142780
5140.0s 638 Epoch 358/1000 completed with RMSE: 0.142691
5154.0s 639 Epoch 359/1000 completed with RMSE: 0.142520
5167.5s 640 Epoch 360/1000 completed with RMSE: 0.142792
5181.9s 641 Epoch 361/1000 completed with RMSE: 0.142484
5195.4s 642 Epoch 362/1000 completed with RMSE: 0.142690
5210.1s 643 Epoch 363/1000 completed with RMSE: 0.142486
5223.7s 644 Epoch 364/1000 completed with RMSE: 0.142395
5238.5s 645 Epoch 365/1000 completed with RMSE: 0.142224
5252.4s 646 Epoch 366/1000 completed with RMSE: 0.142231
5268.3s 647 Epoch 367/1000 completed with RMSE: 0.142296
5283.2s 648 Epoch 368/1000 completed with RMSE: 0.142310
5298.5s 649 Epoch 369/1000 completed with RMSE: 0.142431
5313.1s 650 Epoch 370/1000 completed with RMSE: 0.142235
5328.2s 651 Epoch 371/1000 completed with RMSE: 0.142023
5343.2s 652 Epoch 372/1000 completed with RMSE: 0.142031
5358.6s 653 Epoch 373/1000 completed with RMSE: 0.141798
5375.6s 654 Epoch 374/1000 completed with RMSE: 0.141620
5391.6s 655 Epoch 375/1000 completed with RMSE: 0.141751
5407.9s 656 Epoch 376/1000 completed with RMSE: 0.141818
5423.6s 657 Epoch 377/1000 completed with RMSE: 0.141666
5439.9s 658 Epoch 378/1000 completed with RMSE: 0.141618
5454.2s 659 Epoch 379/1000 completed with RMSE: 0.141727
5468.8s 660 Epoch 380/1000 completed with RMSE: 0.141536
5482.8s 661 Epoch 381/1000 completed with RMSE: 0.141473
5497.7s 662 Epoch 382/1000 completed with RMSE: 0.141378
5511.8s 663 Epoch 383/1000 completed with RMSE: 0.141601
5526.7s 664 Epoch 384/1000 completed with RMSE: 0.141268
5540.8s 665 Epoch 385/1000 completed with RMSE: 0.141371
5555.3s 666 Epoch 386/1000 completed with RMSE: 0.141313
5569.1s 667 Epoch 387/1000 completed with RMSE: 0.141253
5583.4s 668 Epoch 388/1000 completed with RMSE: 0.141146
5597.9s 669 Epoch 389/1000 completed with RMSE: 0.141141
5612.0s 670 Epoch 390/1000 completed with RMSE: 0.140980
5626.4s 671 Epoch 391/1000 completed with RMSE: 0.141084
5640.3s 672 Epoch 392/1000 completed with RMSE: 0.140982
5654.6s 673 Epoch 393/1000 completed with RMSE: 0.140981
5668.5s 674 Epoch 394/1000 completed with RMSE: 0.140829
5682.8s 675 Epoch 395/1000 completed with RMSE: 0.140917
5697.2s 676 Epoch 396/1000 completed with RMSE: 0.140757
5712.0s 677 Epoch 397/1000 completed with RMSE: 0.140879
5727.3s 678 Epoch 398/1000 completed with RMSE: 0.140617
5741.9s 679 Epoch 399/1000 completed with RMSE: 0.140564
5757.3s 680 Epoch 400/1000 completed with RMSE: 0.140648
5772.1s 681 Epoch 401/1000 completed with RMSE: 0.140565
5787.1s 682 Epoch 402/1000 completed with RMSE: 0.140517
5803.3s 683 Epoch 403/1000 completed with RMSE: 0.140330
5819.4s 684 Epoch 404/1000 completed with RMSE: 0.140389
5835.0s 685 Epoch 405/1000 completed with RMSE: 0.140246
5851.3s 686 Epoch 406/1000 completed with RMSE: 0.140040
5867.1s 687 Epoch 407/1000 completed with RMSE: 0.140339
5881.5s 688 Epoch 408/1000 completed with RMSE: 0.140376
5895.7s 689 Epoch 409/1000 completed with RMSE: 0.140259
5910.1s 690 Epoch 410/1000 completed with RMSE: 0.139958
5924.2s 691 Epoch 411/1000 completed with RMSE: 0.139934
5938.2s 692 Epoch 412/1000 completed with RMSE: 0.140059
5952.6s 693 Epoch 413/1000 completed with RMSE: 0.140193
5967.0s 694 Epoch 414/1000 completed with RMSE: 0.139755
5981.7s 695 Epoch 415/1000 completed with RMSE: 0.139903
5995.5s 696 Epoch 416/1000 completed with RMSE: 0.139987
6009.8s 697 Epoch 417/1000 completed with RMSE: 0.139692
6023.7s 698 Epoch 418/1000 completed with RMSE: 0.139763
6038.5s 699 Epoch 419/1000 completed with RMSE: 0.139569
6052.3s 700 Epoch 420/1000 completed with RMSE: 0.139601
6066.4s 701 Epoch 421/1000 completed with RMSE: 0.139562
6081.3s 702 Epoch 422/1000 completed with RMSE: 0.139533
6095.2s 703 Epoch 423/1000 completed with RMSE: 0.139452
6110.3s 704 Epoch 424/1000 completed with RMSE: 0.139583
6125.4s 705 Epoch 425/1000 completed with RMSE: 0.139421
6140.3s 706 Epoch 426/1000 completed with RMSE: 0.139366
6154.8s 707 Epoch 427/1000 completed with RMSE: 0.139301
6169.7s 708 Epoch 428/1000 completed with RMSE: 0.139391
6184.1s 709 Epoch 429/1000 completed with RMSE: 0.139309
6198.9s 710 Epoch 430/1000 completed with RMSE: 0.139158
6213.5s 711 Epoch 431/1000 completed with RMSE: 0.139363
6227.8s 712 Epoch 432/1000 completed with RMSE: 0.139335
6242.6s 713 Epoch 433/1000 completed with RMSE: 0.139205
6257.1s 714 Epoch 434/1000 completed with RMSE: 0.139112
6272.0s 715 Epoch 435/1000 completed with RMSE: 0.139206
6286.3s 716 Epoch 436/1000 completed with RMSE: 0.139083
6301.2s 717 Epoch 437/1000 completed with RMSE: 0.139239
6315.0s 718 Epoch 438/1000 completed with RMSE: 0.138784
6329.3s 719 Epoch 439/1000 completed with RMSE: 0.139062
6343.2s 720 Epoch 440/1000 completed with RMSE: 0.138846
6357.1s 721 Epoch 441/1000 completed with RMSE: 0.138878
6371.4s 722 Epoch 442/1000 completed with RMSE: 0.138787
6385.2s 723 Epoch 443/1000 completed with RMSE: 0.138647
6399.4s 724 Epoch 444/1000 completed with RMSE: 0.138840
6413.2s 725 Epoch 445/1000 completed with RMSE: 0.138629
6427.6s 726 Epoch 446/1000 completed with RMSE: 0.138767
6441.4s 727 Epoch 447/1000 completed with RMSE: 0.138764
6455.8s 728 Epoch 448/1000 completed with RMSE: 0.138599
6469.5s 729 Epoch 449/1000 completed with RMSE: 0.138546
6483.7s 730 Epoch 450/1000 completed with RMSE: 0.138378
6497.7s 731 Epoch 451/1000 completed with RMSE: 0.138509
6511.8s 732 Epoch 452/1000 completed with RMSE: 0.138382
6526.0s 733 Epoch 453/1000 completed with RMSE: 0.138399
6539.8s 734 Epoch 454/1000 completed with RMSE: 0.138288
6554.1s 735 Epoch 455/1000 completed with RMSE: 0.138405
6567.8s 736 Epoch 456/1000 completed with RMSE: 0.138285
6581.8s 737 Epoch 457/1000 completed with RMSE: 0.138081
6596.0s 738 Epoch 458/1000 completed with RMSE: 0.138197
6609.7s 739 Epoch 459/1000 completed with RMSE: 0.138175
6624.1s 740 Epoch 460/1000 completed with RMSE: 0.138079
6637.8s 741 Epoch 461/1000 completed with RMSE: 0.138131
6652.2s 742 Epoch 462/1000 completed with RMSE: 0.138125
6666.0s 743 Epoch 463/1000 completed with RMSE: 0.138011
6680.3s 744 Epoch 464/1000 completed with RMSE: 0.138072
6694.1s 745 Epoch 465/1000 completed with RMSE: 0.137789
6707.8s 746 Epoch 466/1000 completed with RMSE: 0.137873
6722.2s 747 Epoch 467/1000 completed with RMSE: 0.137921
6735.9s 748 Epoch 468/1000 completed with RMSE: 0.137792
6750.3s 749 Epoch 469/1000 completed with RMSE: 0.138043
6764.6s 750 Epoch 470/1000 completed with RMSE: 0.137851
6779.7s 751 Epoch 471/1000 completed with RMSE: 0.137839
6794.3s 752 Epoch 472/1000 completed with RMSE: 0.137672
6809.2s 753 Epoch 473/1000 completed with RMSE: 0.137660
6823.2s 754 Epoch 474/1000 completed with RMSE: 0.137823
6837.0s 755 Epoch 475/1000 completed with RMSE: 0.137520
6851.3s 756 Epoch 476/1000 completed with RMSE: 0.137571
6865.1s 757 Epoch 477/1000 completed with RMSE: 0.137519
6879.4s 758 Epoch 478/1000 completed with RMSE: 0.137781
6893.2s 759 Epoch 479/1000 completed with RMSE: 0.137434
6907.5s 760 Epoch 480/1000 completed with RMSE: 0.137531
6921.3s 761 Epoch 481/1000 completed with RMSE: 0.137440
6935.5s 762 Epoch 482/1000 completed with RMSE: 0.137434
6949.5s 763 Epoch 483/1000 completed with RMSE: 0.137470
6963.3s 764 Epoch 484/1000 completed with RMSE: 0.137249
6977.5s 765 Epoch 485/1000 completed with RMSE: 0.137446
6991.3s 766 Epoch 486/1000 completed with RMSE: 0.137331
7006.0s 767 Epoch 487/1000 completed with RMSE: 0.137185
7019.9s 768 Epoch 488/1000 completed with RMSE: 0.137222
7034.2s 769 Epoch 489/1000 completed with RMSE: 0.137081
7048.2s 770 Epoch 490/1000 completed with RMSE: 0.137336
7062.6s 771 Epoch 491/1000 completed with RMSE: 0.137136
7077.3s 772 Epoch 492/1000 completed with RMSE: 0.136982
7091.9s 773 Epoch 493/1000 completed with RMSE: 0.137066
7106.8s 774 Epoch 494/1000 completed with RMSE: 0.137055
7121.3s 775 Epoch 495/1000 completed with RMSE: 0.136931
7136.2s 776 Epoch 496/1000 completed with RMSE: 0.136873
7150.4s 777 Epoch 497/1000 completed with RMSE: 0.136944
7165.1s 778 Epoch 498/1000 completed with RMSE: 0.137091
7179.0s 779 Epoch 499/1000 completed with RMSE: 0.136908
7193.7s 780 Epoch 500/1000 completed with RMSE: 0.136902
7207.6s 781 Epoch 501/1000 completed with RMSE: 0.136868
7221.5s 782 Epoch 502/1000 completed with RMSE: 0.136843
7235.9s 783 Epoch 503/1000 completed with RMSE: 0.136860
7249.8s 784 Epoch 504/1000 completed with RMSE: 0.136769
7264.1s 785 Epoch 505/1000 completed with RMSE: 0.136763
7278.0s 786 Epoch 506/1000 completed with RMSE: 0.136850
7292.5s 787 Epoch 507/1000 completed with RMSE: 0.136613
7306.3s 788 Epoch 508/1000 completed with RMSE: 0.136793
7320.5s 789 Epoch 509/1000 completed with RMSE: 0.136643
7334.6s 790 Epoch 510/1000 completed with RMSE: 0.136703
7348.3s 791 Epoch 511/1000 completed with RMSE: 0.136628
7362.8s 792 Epoch 512/1000 completed with RMSE: 0.136382
7376.6s 793 Epoch 513/1000 completed with RMSE: 0.136556
7391.1s 794 Epoch 514/1000 completed with RMSE: 0.136573
7405.3s 795 Epoch 515/1000 completed with RMSE: 0.136553
7420.6s 796 Epoch 516/1000 completed with RMSE: 0.136610
7436.4s 797 Epoch 517/1000 completed with RMSE: 0.136534
7453.0s 798 Epoch 518/1000 completed with RMSE: 0.136469
7468.5s 799 Epoch 519/1000 completed with RMSE: 0.136423
7484.1s 800 Epoch 520/1000 completed with RMSE: 0.136424
7498.3s 801 Epoch 521/1000 completed with RMSE: 0.136321
7512.3s 802 Epoch 522/1000 completed with RMSE: 0.136219
7527.2s 803 Epoch 523/1000 completed with RMSE: 0.136296
7541.3s 804 Epoch 524/1000 completed with RMSE: 0.136230
7555.7s 805 Epoch 525/1000 completed with RMSE: 0.136137
7569.7s 806 Epoch 526/1000 completed with RMSE: 0.136241
7584.3s 807 Epoch 527/1000 completed with RMSE: 0.136138
7598.3s 808 Epoch 528/1000 completed with RMSE: 0.136018
7612.9s 809 Epoch 529/1000 completed with RMSE: 0.136086
7627.0s 810 Epoch 530/1000 completed with RMSE: 0.136086
7641.1s 811 Epoch 531/1000 completed with RMSE: 0.135965
7655.9s 812 Epoch 532/1000 completed with RMSE: 0.136109
7669.9s 813 Epoch 533/1000 completed with RMSE: 0.136068
7684.6s 814 Epoch 534/1000 completed with RMSE: 0.135910
7698.6s 815 Epoch 535/1000 completed with RMSE: 0.135837
7713.0s 816 Epoch 536/1000 completed with RMSE: 0.136068
7726.9s 817 Epoch 537/1000 completed with RMSE: 0.135801
7741.7s 818 Epoch 538/1000 completed with RMSE: 0.135599
7756.2s 819 Epoch 539/1000 completed with RMSE: 0.135939
7771.5s 820 Epoch 540/1000 completed with RMSE: 0.135855
7786.6s 821 Epoch 541/1000 completed with RMSE: 0.135933
7802.3s 822 Epoch 542/1000 completed with RMSE: 0.135761
7816.5s 823 Epoch 543/1000 completed with RMSE: 0.135803
7830.7s 824 Epoch 544/1000 completed with RMSE: 0.135583
7845.4s 825 Epoch 545/1000 completed with RMSE: 0.135709
7859.5s 826 Epoch 546/1000 completed with RMSE: 0.135716
7874.4s 827 Epoch 547/1000 completed with RMSE: 0.135535
7888.5s 828 Epoch 548/1000 completed with RMSE: 0.135715
7903.2s 829 Epoch 549/1000 completed with RMSE: 0.135754
7917.6s 830 Epoch 550/1000 completed with RMSE: 0.135487
7932.3s 831 Epoch 551/1000 completed with RMSE: 0.135392
7946.2s 832 Epoch 552/1000 completed with RMSE: 0.135501
7960.4s 833 Epoch 553/1000 completed with RMSE: 0.135439
7975.0s 834 Epoch 554/1000 completed with RMSE: 0.135417
7988.9s 835 Epoch 555/1000 completed with RMSE: 0.135614
8003.5s 836 Epoch 556/1000 completed with RMSE: 0.135558
8017.6s 837 Epoch 557/1000 completed with RMSE: 0.135391
8031.9s 838 Epoch 558/1000 completed with RMSE: 0.135393
8046.2s 839 Epoch 559/1000 completed with RMSE: 0.135304
8060.6s 840 Epoch 560/1000 completed with RMSE: 0.135392
8074.6s 841 Epoch 561/1000 completed with RMSE: 0.135300
8090.0s 842 Epoch 562/1000 completed with RMSE: 0.135500
8105.6s 843 Epoch 563/1000 completed with RMSE: 0.135256
8121.7s 844 Epoch 564/1000 completed with RMSE: 0.135154
8137.7s 845 Epoch 565/1000 completed with RMSE: 0.135351
8153.9s 846 Epoch 566/1000 completed with RMSE: 0.135180
8169.9s 847 Epoch 567/1000 completed with RMSE: 0.135164
8185.6s 848 Epoch 568/1000 completed with RMSE: 0.135026
8201.2s 849 Epoch 569/1000 completed with RMSE: 0.135121
8215.3s 850 Epoch 570/1000 completed with RMSE: 0.135375
8229.9s 851 Epoch 571/1000 completed with RMSE: 0.135194
8243.7s 852 Epoch 572/1000 completed with RMSE: 0.134911
8258.5s 853 Epoch 573/1000 completed with RMSE: 0.134922
8272.3s 854 Epoch 574/1000 completed with RMSE: 0.135045
8287.7s 855 Epoch 575/1000 completed with RMSE: 0.135055
8301.5s 856 Epoch 576/1000 completed with RMSE: 0.135044
8316.4s 857 Epoch 577/1000 completed with RMSE: 0.135040
8331.0s 858 Epoch 578/1000 completed with RMSE: 0.134940
8345.3s 859 Epoch 579/1000 completed with RMSE: 0.134958
8359.7s 860 Epoch 580/1000 completed with RMSE: 0.134885
8374.0s 861 Epoch 581/1000 completed with RMSE: 0.134879
8388.3s 862 Epoch 582/1000 completed with RMSE: 0.134797
8402.6s 863 Epoch 583/1000 completed with RMSE: 0.134711
8416.8s 864 Epoch 584/1000 completed with RMSE: 0.134824
8431.0s 865 Epoch 585/1000 completed with RMSE: 0.134931
8445.1s 866 Epoch 586/1000 completed with RMSE: 0.134722
8459.1s 867 Epoch 587/1000 completed with RMSE: 0.134848
8473.5s 868 Epoch 588/1000 completed with RMSE: 0.134689
8488.4s 869 Epoch 589/1000 completed with RMSE: 0.134634
8503.1s 870 Epoch 590/1000 completed with RMSE: 0.134838
8518.1s 871 Epoch 591/1000 completed with RMSE: 0.134676
8532.8s 872 Epoch 592/1000 completed with RMSE: 0.134835
8548.1s 873 Epoch 593/1000 completed with RMSE: 0.134698
8562.4s 874 Epoch 594/1000 completed with RMSE: 0.134629
8577.6s 875 Epoch 595/1000 completed with RMSE: 0.134512
8591.3s 876 Epoch 596/1000 completed with RMSE: 0.134649
8605.8s 877 Epoch 597/1000 completed with RMSE: 0.134411
8619.3s 878 Epoch 598/1000 completed with RMSE: 0.134548
8633.4s 879 Epoch 599/1000 completed with RMSE: 0.134693
8647.9s 880 Epoch 600/1000 completed with RMSE: 0.134592
8662.0s 881 Epoch 601/1000 completed with RMSE: 0.134472
8676.2s 882 Epoch 602/1000 completed with RMSE: 0.134457
8690.1s 883 Epoch 603/1000 completed with RMSE: 0.134456
8704.3s 884 Epoch 604/1000 completed with RMSE: 0.134386
8718.2s 885 Epoch 605/1000 completed with RMSE: 0.134505
8732.5s 886 Epoch 606/1000 completed with RMSE: 0.134351
8747.0s 887 Epoch 607/1000 completed with RMSE: 0.134350
8761.4s 888 Epoch 608/1000 completed with RMSE: 0.134187
8777.0s 889 Epoch 609/1000 completed with RMSE: 0.134428
8791.6s 890 Epoch 610/1000 completed with RMSE: 0.134369
8807.2s 891 Epoch 611/1000 completed with RMSE: 0.134402
8822.0s 892 Epoch 612/1000 completed with RMSE: 0.134263
8836.6s 893 Epoch 613/1000 completed with RMSE: 0.134120
8850.5s 894 Epoch 614/1000 completed with RMSE: 0.134060
8864.9s 895 Epoch 615/1000 completed with RMSE: 0.134332
8878.8s 896 Epoch 616/1000 completed with RMSE: 0.134397
8892.6s 897 Epoch 617/1000 completed with RMSE: 0.134151
8906.8s 898 Epoch 618/1000 completed with RMSE: 0.134223
8920.7s 899 Epoch 619/1000 completed with RMSE: 0.133985
8935.1s 900 Epoch 620/1000 completed with RMSE: 0.134082
8949.1s 901 Epoch 621/1000 completed with RMSE: 0.134249
8963.4s 902 Epoch 622/1000 completed with RMSE: 0.134215
8977.2s 903 Epoch 623/1000 completed with RMSE: 0.133893
8992.0s 904 Epoch 624/1000 completed with RMSE: 0.134055
9005.6s 905 Epoch 625/1000 completed with RMSE: 0.134124
9019.8s 906 Epoch 626/1000 completed with RMSE: 0.133918
9033.8s 907 Epoch 627/1000 completed with RMSE: 0.134096
9047.7s 908 Epoch 628/1000 completed with RMSE: 0.133843
9062.3s 909 Epoch 629/1000 completed with RMSE: 0.133847
9076.3s 910 Epoch 630/1000 completed with RMSE: 0.133769
9090.7s 911 Epoch 631/1000 completed with RMSE: 0.133859
9105.4s 912 Epoch 632/1000 completed with RMSE: 0.133882
9120.2s 913 Epoch 633/1000 completed with RMSE: 0.133820
9136.1s 914 Epoch 634/1000 completed with RMSE: 0.134036
9152.2s 915 Epoch 635/1000 completed with RMSE: 0.133890
9167.8s 916 Epoch 636/1000 completed with RMSE: 0.133944
9183.2s 917 Epoch 637/1000 completed with RMSE: 0.133836
9197.6s 918 Epoch 638/1000 completed with RMSE: 0.133910
9212.4s 919 Epoch 639/1000 completed with RMSE: 0.133966
9226.6s 920 Epoch 640/1000 completed with RMSE: 0.133710
9240.7s 921 Epoch 641/1000 completed with RMSE: 0.133671
9254.9s 922 Epoch 642/1000 completed with RMSE: 0.133726
9268.8s 923 Epoch 643/1000 completed with RMSE: 0.133749
9283.6s 924 Epoch 644/1000 completed with RMSE: 0.133690
9297.8s 925 Epoch 645/1000 completed with RMSE: 0.133741
9312.2s 926 Epoch 646/1000 completed with RMSE: 0.133565
9326.4s 927 Epoch 647/1000 completed with RMSE: 0.133665
9341.0s 928 Epoch 648/1000 completed with RMSE: 0.133587
9355.5s 929 Epoch 649/1000 completed with RMSE: 0.133616
9369.4s 930 Epoch 650/1000 completed with RMSE: 0.133718
9384.3s 931 Epoch 651/1000 completed with RMSE: 0.133704
9398.3s 932 Epoch 652/1000 completed with RMSE: 0.133689
9412.9s 933 Epoch 653/1000 completed with RMSE: 0.133413
9427.0s 934 Epoch 654/1000 completed with RMSE: 0.133316
9441.7s 935 Epoch 655/1000 completed with RMSE: 0.133444
9455.5s 936 Epoch 656/1000 completed with RMSE: 0.133469
9470.0s 937 Epoch 657/1000 completed with RMSE: 0.133124
9483.8s 938 Epoch 658/1000 completed with RMSE: 0.133412
9497.9s 939 Epoch 659/1000 completed with RMSE: 0.133341
9512.6s 940 Epoch 660/1000 completed with RMSE: 0.133552
9526.8s 941 Epoch 661/1000 completed with RMSE: 0.133465
9541.3s 942 Epoch 662/1000 completed with RMSE: 0.133332
9555.5s 943 Epoch 663/1000 completed with RMSE: 0.133387
9570.0s 944 Epoch 664/1000 completed with RMSE: 0.133407
9584.0s 945 Epoch 665/1000 completed with RMSE: 0.133414
9598.8s 946 Epoch 666/1000 completed with RMSE: 0.133192
9613.1s 947 Epoch 667/1000 completed with RMSE: 0.133105
9627.2s 948 Epoch 668/1000 completed with RMSE: 0.133250
9641.5s 949 Epoch 669/1000 completed with RMSE: 0.133188
9655.6s 950 Epoch 670/1000 completed with RMSE: 0.133184
9670.5s 951 Epoch 671/1000 completed with RMSE: 0.133414
9684.6s 952 Epoch 672/1000 completed with RMSE: 0.133369
9699.0s 953 Epoch 673/1000 completed with RMSE: 0.133229
9713.3s 954 Epoch 674/1000 completed with RMSE: 0.133144
9727.6s 955 Epoch 675/1000 completed with RMSE: 0.133053
9741.7s 956 Epoch 676/1000 completed with RMSE: 0.133175
9755.3s 957 Epoch 677/1000 completed with RMSE: 0.133108
9770.0s 958 Epoch 678/1000 completed with RMSE: 0.133102
9784.0s 959 Epoch 679/1000 completed with RMSE: 0.133147
9798.2s 960 Epoch 680/1000 completed with RMSE: 0.133149
9812.2s 961 Epoch 681/1000 completed with RMSE: 0.133191
9826.9s 962 Epoch 682/1000 completed with RMSE: 0.132996
9840.6s 963 Epoch 683/1000 completed with RMSE: 0.132902
9855.3s 964 Epoch 684/1000 completed with RMSE: 0.133079
9869.3s 965 Epoch 685/1000 completed with RMSE: 0.133014
9883.2s 966 Epoch 686/1000 completed with RMSE: 0.133100
9897.9s 967 Epoch 687/1000 completed with RMSE: 0.133028
9912.1s 968 Epoch 688/1000 completed with RMSE: 0.133087
9926.7s 969 Epoch 689/1000 completed with RMSE: 0.132890
9940.5s 970 Epoch 690/1000 completed with RMSE: 0.133031
9955.1s 971 Epoch 691/1000 completed with RMSE: 0.132979
9968.8s 972 Epoch 692/1000 completed with RMSE: 0.132927
9983.7s 973 Epoch 693/1000 completed with RMSE: 0.132996
9997.6s 974 Epoch 694/1000 completed with RMSE: 0.133084
10011.8s 975 Epoch 695/1000 completed with RMSE: 0.132845
10026.1s 976 Epoch 696/1000 completed with RMSE: 0.133041
10040.1s 977 Epoch 697/1000 completed with RMSE: 0.132899
10054.3s 978 Epoch 698/1000 completed with RMSE: 0.132894
10068.3s 979 Epoch 699/1000 completed with RMSE: 0.133034
10082.9s 980 Epoch 700/1000 completed with RMSE: 0.132751
10096.7s 981 Epoch 701/1000 completed with RMSE: 0.132897
10110.6s 982 Epoch 702/1000 completed with RMSE: 0.132872
10124.9s 983 Epoch 703/1000 completed with RMSE: 0.132775
10138.9s 984 Epoch 704/1000 completed with RMSE: 0.132613
10153.8s 985 Epoch 705/1000 completed with RMSE: 0.132777
10167.8s 986 Epoch 706/1000 completed with RMSE: 0.132571
10182.2s 987 Epoch 707/1000 completed with RMSE: 0.132780
10196.2s 988 Epoch 708/1000 completed with RMSE: 0.132664
10210.5s 989 Epoch 709/1000 completed with RMSE: 0.132465
10224.8s 990 Epoch 710/1000 completed with RMSE: 0.132637
10238.5s 991 Epoch 711/1000 completed with RMSE: 0.132720
10253.1s 992 Epoch 712/1000 completed with RMSE: 0.132507
10266.9s 993 Epoch 713/1000 completed with RMSE: 0.132585
10281.8s 994 Epoch 714/1000 completed with RMSE: 0.132733
10295.4s 995 Epoch 715/1000 completed with RMSE: 0.132591
10310.0s 996 Epoch 716/1000 completed with RMSE: 0.132509
10324.1s 997 Epoch 717/1000 completed with RMSE: 0.132591
10338.5s 998 Epoch 718/1000 completed with RMSE: 0.132571
10352.6s 999 Epoch 719/1000 completed with RMSE: 0.132664
10366.4s 1000 Epoch 720/1000 completed with RMSE: 0.132497
10381.2s 1001 Epoch 721/1000 completed with RMSE: 0.132348
10395.3s 1002 Epoch 722/1000 completed with RMSE: 0.132445
10409.6s 1003 Epoch 723/1000 completed with RMSE: 0.132607
10423.6s 1004 Epoch 724/1000 completed with RMSE: 0.132429
10438.3s 1005 Epoch 725/1000 completed with RMSE: 0.132481
10452.2s 1006 Epoch 726/1000 completed with RMSE: 0.132242
10466.9s 1007 Epoch 727/1000 completed with RMSE: 0.132610
10480.7s 1008 Epoch 728/1000 completed with RMSE: 0.132466
10495.0s 1009 Epoch 729/1000 completed with RMSE: 0.132487
10509.2s 1010 Epoch 730/1000 completed with RMSE: 0.132339
10523.4s 1011 Epoch 731/1000 completed with RMSE: 0.132462
10538.2s 1012 Epoch 732/1000 completed with RMSE: 0.132332
10552.1s 1013 Epoch 733/1000 completed with RMSE: 0.132472
10566.7s 1014 Epoch 734/1000 completed with RMSE: 0.132319
10580.5s 1015 Epoch 735/1000 completed with RMSE: 0.132380
10595.2s 1016 Epoch 736/1000 completed with RMSE: 0.132347
10609.3s 1017 Epoch 737/1000 completed with RMSE: 0.132289
10623.5s 1018 Epoch 738/1000 completed with RMSE: 0.132458
10637.8s 1019 Epoch 739/1000 completed with RMSE: 0.132191
10651.9s 1020 Epoch 740/1000 completed with RMSE: 0.132345
10666.2s 1021 Epoch 741/1000 completed with RMSE: 0.132295
10680.2s 1022 Epoch 742/1000 completed with RMSE: 0.132199
10694.8s 1023 Epoch 743/1000 completed with RMSE: 0.132119
10708.9s 1024 Epoch 744/1000 completed with RMSE: 0.132094
10723.2s 1025 Epoch 745/1000 completed with RMSE: 0.132338
10737.0s 1026 Epoch 746/1000 completed with RMSE: 0.132266
10751.0s 1027 Epoch 747/1000 completed with RMSE: 0.132196
10765.4s 1028 Epoch 748/1000 completed with RMSE: 0.132123
10779.3s 1029 Epoch 749/1000 completed with RMSE: 0.132091
10793.6s 1030 Epoch 750/1000 completed with RMSE: 0.132179
10807.5s 1031 Epoch 751/1000 completed with RMSE: 0.132122
10821.1s 1032 Epoch 752/1000 completed with RMSE: 0.132256
10835.2s 1033 Epoch 753/1000 completed with RMSE: 0.132269
10849.2s 1034 Epoch 754/1000 completed with RMSE: 0.132027
10863.3s 1035 Epoch 755/1000 completed with RMSE: 0.132077
10877.1s 1036 Epoch 756/1000 completed with RMSE: 0.132096
10891.1s 1037 Epoch 757/1000 completed with RMSE: 0.132136
10905.3s 1038 Epoch 758/1000 completed with RMSE: 0.132128
10919.5s 1039 Epoch 759/1000 completed with RMSE: 0.132087
10933.4s 1040 Epoch 760/1000 completed with RMSE: 0.132055
10947.5s 1041 Epoch 761/1000 completed with RMSE: 0.132174
10961.3s 1042 Epoch 762/1000 completed with RMSE: 0.131974
10975.5s 1043 Epoch 763/1000 completed with RMSE: 0.132006
10989.6s 1044 Epoch 764/1000 completed with RMSE: 0.131931
11003.4s 1045 Epoch 765/1000 completed with RMSE: 0.131974
11017.3s 1046 Epoch 766/1000 completed with RMSE: 0.131948
11031.4s 1047 Epoch 767/1000 completed with RMSE: 0.131970
11045.3s 1048 Epoch 768/1000 completed with RMSE: 0.131896
11059.3s 1049 Epoch 769/1000 completed with RMSE: 0.131918
11073.5s 1050 Epoch 770/1000 completed with RMSE: 0.131865
11087.8s 1051 Epoch 771/1000 completed with RMSE: 0.131851
11103.8s 1052 Epoch 772/1000 completed with RMSE: 0.131762
11119.8s 1053 Epoch 773/1000 completed with RMSE: 0.131820
11136.1s 1054 Epoch 774/1000 completed with RMSE: 0.131738
11151.8s 1055 Epoch 775/1000 completed with RMSE: 0.131703
11167.5s 1056 Epoch 776/1000 completed with RMSE: 0.131741
11181.3s 1057 Epoch 777/1000 completed with RMSE: 0.131698
11195.6s 1058 Epoch 778/1000 completed with RMSE: 0.131924
11209.9s 1059 Epoch 779/1000 completed with RMSE: 0.131733
11224.2s 1060 Epoch 780/1000 completed with RMSE: 0.131754
11238.7s 1061 Epoch 781/1000 completed with RMSE: 0.131959
11252.9s 1062 Epoch 782/1000 completed with RMSE: 0.131697
11267.3s 1063 Epoch 783/1000 completed with RMSE: 0.131795
11281.6s 1064 Epoch 784/1000 completed with RMSE: 0.131883
11296.0s 1065 Epoch 785/1000 completed with RMSE: 0.131751
11310.2s 1066 Epoch 786/1000 completed with RMSE: 0.131753
11324.0s 1067 Epoch 787/1000 completed with RMSE: 0.131585
11338.5s 1068 Epoch 788/1000 completed with RMSE: 0.131782
11352.9s 1069 Epoch 789/1000 completed with RMSE: 0.131644
11367.9s 1070 Epoch 790/1000 completed with RMSE: 0.131744
11382.6s 1071 Epoch 791/1000 completed with RMSE: 0.131630
11397.5s 1072 Epoch 792/1000 completed with RMSE: 0.131492
11411.5s 1073 Epoch 793/1000 completed with RMSE: 0.131541
11426.1s 1074 Epoch 794/1000 completed with RMSE: 0.131690
11439.9s 1075 Epoch 795/1000 completed with RMSE: 0.131576
11454.0s 1076 Epoch 796/1000 completed with RMSE: 0.131650
11468.4s 1077 Epoch 797/1000 completed with RMSE: 0.131645
11482.5s 1078 Epoch 798/1000 completed with RMSE: 0.131463
11496.8s 1079 Epoch 799/1000 completed with RMSE: 0.131497
11511.0s 1080 Epoch 800/1000 completed with RMSE: 0.131630
11525.3s 1081 Epoch 801/1000 completed with RMSE: 0.131634
11539.4s 1082 Epoch 802/1000 completed with RMSE: 0.131581
11553.6s 1083 Epoch 803/1000 completed with RMSE: 0.131467
11567.5s 1084 Epoch 804/1000 completed with RMSE: 0.131421
11581.5s 1085 Epoch 805/1000 completed with RMSE: 0.131404
11595.8s 1086 Epoch 806/1000 completed with RMSE: 0.131567
11609.9s 1087 Epoch 807/1000 completed with RMSE: 0.131615
11624.3s 1088 Epoch 808/1000 completed with RMSE: 0.131601
11638.3s 1089 Epoch 809/1000 completed with RMSE: 0.131389
11652.7s 1090 Epoch 810/1000 completed with RMSE: 0.131497
11667.3s 1091 Epoch 811/1000 completed with RMSE: 0.131435
11682.9s 1092 Epoch 812/1000 completed with RMSE: 0.131394
11698.3s 1093 Epoch 813/1000 completed with RMSE: 0.131303
11714.0s 1094 Epoch 814/1000 completed with RMSE: 0.131504
11729.6s 1095 Epoch 815/1000 completed with RMSE: 0.131455
11744.0s 1096 Epoch 816/1000 completed with RMSE: 0.131442
11758.1s 1097 Epoch 817/1000 completed with RMSE: 0.131457
11772.1s 1098 Epoch 818/1000 completed with RMSE: 0.131517
11786.6s 1099 Epoch 819/1000 completed with RMSE: 0.131242
11800.9s 1100 Epoch 820/1000 completed with RMSE: 0.131370
11815.4s 1101 Epoch 821/1000 completed with RMSE: 0.131337
11829.4s 1102 Epoch 822/1000 completed with RMSE: 0.131387
11843.8s 1103 Epoch 823/1000 completed with RMSE: 0.131250
11857.8s 1104 Epoch 824/1000 completed with RMSE: 0.131310
11872.1s 1105 Epoch 825/1000 completed with RMSE: 0.131374
11886.6s 1106 Epoch 826/1000 completed with RMSE: 0.131235
11901.1s 1107 Epoch 827/1000 completed with RMSE: 0.131369
11916.6s 1108 Epoch 828/1000 completed with RMSE: 0.131248
11931.5s 1109 Epoch 829/1000 completed with RMSE: 0.131194
11946.7s 1110 Epoch 830/1000 completed with RMSE: 0.131281
11961.3s 1111 Epoch 831/1000 completed with RMSE: 0.131352
11975.8s 1112 Epoch 832/1000 completed with RMSE: 0.131122
11990.2s 1113 Epoch 833/1000 completed with RMSE: 0.130996
12004.6s 1114 Epoch 834/1000 completed with RMSE: 0.131318
12018.8s 1115 Epoch 835/1000 completed with RMSE: 0.131140
12033.5s 1116 Epoch 836/1000 completed with RMSE: 0.131214
12047.5s 1117 Epoch 837/1000 completed with RMSE: 0.131038
12061.6s 1118 Epoch 838/1000 completed with RMSE: 0.131243
12076.2s 1119 Epoch 839/1000 completed with RMSE: 0.131162
12090.4s 1120 Epoch 840/1000 completed with RMSE: 0.131233
12105.1s 1121 Epoch 841/1000 completed with RMSE: 0.131103
12119.3s 1122 Epoch 842/1000 completed with RMSE: 0.131023
12133.8s 1123 Epoch 843/1000 completed with RMSE: 0.131116
12148.1s 1124 Epoch 844/1000 completed with RMSE: 0.130979
12163.4s 1125 Epoch 845/1000 completed with RMSE: 0.130955
12178.0s 1126 Epoch 846/1000 completed with RMSE: 0.131123
12194.4s 1127 Epoch 847/1000 completed with RMSE: 0.131167
12209.3s 1128 Epoch 848/1000 completed with RMSE: 0.130998
12223.2s 1129 Epoch 849/1000 completed with RMSE: 0.131015
12238.1s 1130 Epoch 850/1000 completed with RMSE: 0.130882
12252.2s 1131 Epoch 851/1000 completed with RMSE: 0.131026
12266.6s 1132 Epoch 852/1000 completed with RMSE: 0.130859
12280.6s 1133 Epoch 853/1000 completed with RMSE: 0.130921
12294.9s 1134 Epoch 854/1000 completed with RMSE: 0.131053
12308.9s 1135 Epoch 855/1000 completed with RMSE: 0.131022
12323.2s 1136 Epoch 856/1000 completed with RMSE: 0.130943
12337.0s 1137 Epoch 857/1000 completed with RMSE: 0.130983
12350.9s 1138 Epoch 858/1000 completed with RMSE: 0.131033
12365.6s 1139 Epoch 859/1000 completed with RMSE: 0.130944
12379.4s 1140 Epoch 860/1000 completed with RMSE: 0.130881
12394.2s 1141 Epoch 861/1000 completed with RMSE: 0.130893
12407.9s 1142 Epoch 862/1000 completed with RMSE: 0.130855
12422.6s 1143 Epoch 863/1000 completed with RMSE: 0.130913
12436.5s 1144 Epoch 864/1000 completed with RMSE: 0.130956
12451.6s 1145 Epoch 865/1000 completed with RMSE: 0.130851
12466.6s 1146 Epoch 866/1000 completed with RMSE: 0.130752
12481.9s 1147 Epoch 867/1000 completed with RMSE: 0.130956
12496.7s 1148 Epoch 868/1000 completed with RMSE: 0.130855
12511.6s 1149 Epoch 869/1000 completed with RMSE: 0.130844
12526.8s 1150 Epoch 870/1000 completed with RMSE: 0.130950
12541.9s 1151 Epoch 871/1000 completed with RMSE: 0.130663
12557.1s 1152 Epoch 872/1000 completed with RMSE: 0.130823
12571.7s 1153 Epoch 873/1000 completed with RMSE: 0.130828
12586.1s 1154 Epoch 874/1000 completed with RMSE: 0.130907
12600.2s 1155 Epoch 875/1000 completed with RMSE: 0.130775
12614.3s 1156 Epoch 876/1000 completed with RMSE: 0.130812
12628.5s 1157 Epoch 877/1000 completed with RMSE: 0.130677
12643.1s 1158 Epoch 878/1000 completed with RMSE: 0.130668
12657.1s 1159 Epoch 879/1000 completed with RMSE: 0.130844
12671.2s 1160 Epoch 880/1000 completed with RMSE: 0.130619
12685.6s 1161 Epoch 881/1000 completed with RMSE: 0.130763
12699.7s 1162 Epoch 882/1000 completed with RMSE: 0.130829
12714.2s 1163 Epoch 883/1000 completed with RMSE: 0.130656
12728.6s 1164 Epoch 884/1000 completed with RMSE: 0.130706
12743.1s 1165 Epoch 885/1000 completed with RMSE: 0.130749
12757.1s 1166 Epoch 886/1000 completed with RMSE: 0.130491
12772.0s 1167 Epoch 887/1000 completed with RMSE: 0.130575
12786.7s 1168 Epoch 888/1000 completed with RMSE: 0.130557
12801.4s 1169 Epoch 889/1000 completed with RMSE: 0.130815
12816.3s 1170 Epoch 890/1000 completed with RMSE: 0.130607
12831.1s 1171 Epoch 891/1000 completed with RMSE: 0.130645
12846.4s 1172 Epoch 892/1000 completed with RMSE: 0.130599
12861.7s 1173 Epoch 893/1000 completed with RMSE: 0.130791
12877.4s 1174 Epoch 894/1000 completed with RMSE: 0.130671
12892.4s 1175 Epoch 895/1000 completed with RMSE: 0.130630
12907.3s 1176 Epoch 896/1000 completed with RMSE: 0.130500
12921.8s 1177 Epoch 897/1000 completed with RMSE: 0.130638
12936.6s 1178 Epoch 898/1000 completed with RMSE: 0.130653
12950.7s 1179 Epoch 899/1000 completed with RMSE: 0.130597
12965.6s 1180 Epoch 900/1000 completed with RMSE: 0.130696
12979.7s 1181 Epoch 901/1000 completed with RMSE: 0.130475
12994.1s 1182 Epoch 902/1000 completed with RMSE: 0.130394
13008.5s 1183 Epoch 903/1000 completed with RMSE: 0.130557
13022.4s 1184 Epoch 904/1000 completed with RMSE: 0.130475
13037.1s 1185 Epoch 905/1000 completed with RMSE: 0.130576
13051.3s 1186 Epoch 906/1000 completed with RMSE: 0.130589
13066.0s 1187 Epoch 907/1000 completed with RMSE: 0.130659
13079.9s 1188 Epoch 908/1000 completed with RMSE: 0.130478
13094.9s 1189 Epoch 909/1000 completed with RMSE: 0.130511
13109.1s 1190 Epoch 910/1000 completed with RMSE: 0.130429
13125.0s 1191 Epoch 911/1000 completed with RMSE: 0.130462
13141.2s 1192 Epoch 912/1000 completed with RMSE: 0.130430
13157.3s 1193 Epoch 913/1000 completed with RMSE: 0.130594
13172.1s 1194 Epoch 914/1000 completed with RMSE: 0.130404
13186.5s 1195 Epoch 915/1000 completed with RMSE: 0.130633
13200.9s 1196 Epoch 916/1000 completed with RMSE: 0.130334
13214.9s 1197 Epoch 917/1000 completed with RMSE: 0.130204
13229.8s 1198 Epoch 918/1000 completed with RMSE: 0.130419
13243.8s 1199 Epoch 919/1000 completed with RMSE: 0.130429
13258.7s 1200 Epoch 920/1000 completed with RMSE: 0.130377
13272.6s 1201 Epoch 921/1000 completed with RMSE: 0.130293
13287.0s 1202 Epoch 922/1000 completed with RMSE: 0.130373
13301.2s 1203 Epoch 923/1000 completed with RMSE: 0.130467
13315.3s 1204 Epoch 924/1000 completed with RMSE: 0.130490
13329.6s 1205 Epoch 925/1000 completed with RMSE: 0.130380
13343.6s 1206 Epoch 926/1000 completed with RMSE: 0.130526
13358.3s 1207 Epoch 927/1000 completed with RMSE: 0.130327
13372.1s 1208 Epoch 928/1000 completed with RMSE: 0.130246
13386.5s 1209 Epoch 929/1000 completed with RMSE: 0.130305
13400.5s 1210 Epoch 930/1000 completed with RMSE: 0.130324
13415.7s 1211 Epoch 931/1000 completed with RMSE: 0.130236
13429.7s 1212 Epoch 932/1000 completed with RMSE: 0.130245
13444.0s 1213 Epoch 933/1000 completed with RMSE: 0.130404
13459.3s 1214 Epoch 934/1000 completed with RMSE: 0.130352
13473.8s 1215 Epoch 935/1000 completed with RMSE: 0.130219
13489.2s 1216 Epoch 936/1000 completed with RMSE: 0.130283
13503.5s 1217 Epoch 937/1000 completed with RMSE: 0.130322
13518.6s 1218 Epoch 938/1000 completed with RMSE: 0.130240
13532.4s 1219 Epoch 939/1000 completed with RMSE: 0.130161
13546.7s 1220 Epoch 940/1000 completed with RMSE: 0.130287
13560.6s 1221 Epoch 941/1000 completed with RMSE: 0.130294
13575.2s 1222 Epoch 942/1000 completed with RMSE: 0.130161
13589.2s 1223 Epoch 943/1000 completed with RMSE: 0.130287
13603.0s 1224 Epoch 944/1000 completed with RMSE: 0.130109
13617.7s 1225 Epoch 945/1000 completed with RMSE: 0.130139
13631.6s 1226 Epoch 946/1000 completed with RMSE: 0.130276
13646.1s 1227 Epoch 947/1000 completed with RMSE: 0.130209
13659.9s 1228 Epoch 948/1000 completed with RMSE: 0.130154
13674.6s 1229 Epoch 949/1000 completed with RMSE: 0.129975
13689.0s 1230 Epoch 950/1000 completed with RMSE: 0.130144
13704.1s 1231 Epoch 951/1000 completed with RMSE: 0.130045
13718.9s 1232 Epoch 952/1000 completed with RMSE: 0.129946
13733.4s 1233 Epoch 953/1000 completed with RMSE: 0.130017
13748.8s 1234 Epoch 954/1000 completed with RMSE: 0.130004
13763.6s 1235 Epoch 955/1000 completed with RMSE: 0.130025
13778.8s 1236 Epoch 956/1000 completed with RMSE: 0.130032
13793.4s 1237 Epoch 957/1000 completed with RMSE: 0.130136
13808.0s 1238 Epoch 958/1000 completed with RMSE: 0.129887
13822.1s 1239 Epoch 959/1000 completed with RMSE: 0.130066
13836.5s 1240 Epoch 960/1000 completed with RMSE: 0.130062
13850.9s 1241 Epoch 961/1000 completed with RMSE: 0.130072
13865.3s 1242 Epoch 962/1000 completed with RMSE: 0.130048
13879.1s 1243 Epoch 963/1000 completed with RMSE: 0.129997
13893.0s 1244 Epoch 964/1000 completed with RMSE: 0.130069
13907.7s 1245 Epoch 965/1000 completed with RMSE: 0.129914
13921.8s 1246 Epoch 966/1000 completed with RMSE: 0.129997
13936.0s 1247 Epoch 967/1000 completed with RMSE: 0.130028
13950.2s 1248 Epoch 968/1000 completed with RMSE: 0.130059
13964.7s 1249 Epoch 969/1000 completed with RMSE: 0.130066
13978.6s 1250 Epoch 970/1000 completed with RMSE: 0.129932
13992.9s 1251 Epoch 971/1000 completed with RMSE: 0.130062
14007.0s 1252 Epoch 972/1000 completed with RMSE: 0.129755
14021.2s 1253 Epoch 973/1000 completed with RMSE: 0.129852
14037.4s 1254 Epoch 974/1000 completed with RMSE: 0.130151
14052.4s 1255 Epoch 975/1000 completed with RMSE: 0.129909
14068.0s 1256 Epoch 976/1000 completed with RMSE: 0.130028
14082.4s 1257 Epoch 977/1000 completed with RMSE: 0.129917
14096.6s 1258 Epoch 978/1000 completed with RMSE: 0.129940
14110.9s 1259 Epoch 979/1000 completed with RMSE: 0.129958
14125.4s 1260 Epoch 980/1000 completed with RMSE: 0.130048
14139.3s 1261 Epoch 981/1000 completed with RMSE: 0.129979
14153.8s 1262 Epoch 982/1000 completed with RMSE: 0.129892
14167.7s 1263 Epoch 983/1000 completed with RMSE: 0.129853
14182.5s 1264 Epoch 984/1000 completed with RMSE: 0.129931
14197.0s 1265 Epoch 985/1000 completed with RMSE: 0.129816
14210.9s 1266 Epoch 986/1000 completed with RMSE: 0.129864
14225.4s 1267 Epoch 987/1000 completed with RMSE: 0.129839
14239.6s 1268 Epoch 988/1000 completed with RMSE: 0.129742
14254.1s 1269 Epoch 989/1000 completed with RMSE: 0.129867
14268.1s 1270 Epoch 990/1000 completed with RMSE: 0.129711
14282.9s 1271 Epoch 991/1000 completed with RMSE: 0.129971
14296.5s 1272 Epoch 992/1000 completed with RMSE: 0.129791
14311.3s 1273 Epoch 993/1000 completed with RMSE: 0.129801
14327.0s 1274 Epoch 994/1000 completed with RMSE: 0.129682
14342.1s 1275 Epoch 995/1000 completed with RMSE: 0.129959
14357.0s 1276 Epoch 996/1000 completed with RMSE: 0.129862
14371.0s 1277 Epoch 997/1000 completed with RMSE: 0.129886
14385.8s 1278 Epoch 998/1000 completed with RMSE: 0.129823
14399.6s 1279 Epoch 999/1000 completed with RMSE: 0.129858
14414.3s 1280 Epoch 1000/1000 completed with RMSE: 0.129932
14414.3s 1281 Training completed!
14414.3s 1282 Training history saved to history/training_history_20241009_221735_9fa12213-cf9c-43c2-ba39-dd1c4f072e2e.csv
14414.3s 1283 CPU times: user 6h 58min 39s, sys: 1min 39s, total: 7h 18s
14414.3s 1284 Wall time: 3h 59min 22s
14425.3s 1285 Training history saved to history/predictions_20241009_221745_9fa12213-cf9c-43c2-ba39-dd1c4f072e2e.csv
14425.3s 1286 Evaluation RMSE (Real): 0.121979
14425.3s 1287 Evaluation RMSE (Imaginary): 0.123217
14425.3s 1288 CPU times: user 12.3 s, sys: 31 ms, total: 12.3 s
14425.3s 1289 Wall time: 8.34 s
14427.2s 1290 CPU times: user 756 ms, sys: 209 ms, total: 966 ms
14427.2s 1291 Wall time: 610 ms
14428.6s 1292 CPU times: user 995 ms, sys: 290 ms, total: 1.28 s
14428.6s 1293 Wall time: 796 ms
14430.1s 1294 CPU times: user 970 ms, sys: 287 ms, total: 1.26 s
14430.1s 1295 Wall time: 768 ms
14431.5s 1296 CPU times: user 925 ms, sys: 301 ms, total: 1.23 s
14431.5s 1297 Wall time: 738 ms
14444.3s 1298 [NbConvertApp] Converting notebook __notebook__.ipynb to notebook
14453.2s 1299 [NbConvertApp] Writing 12320255 bytes to __notebook__.ipynb
14455.4s 1300 [NbConvertApp] Converting notebook __notebook__.ipynb to html
14462.6s 1301 [NbConvertApp] Support files will be in __results___files/
14462.6s 1302 [NbConvertApp] Making directory __results___files
14462.6s 1303 [NbConvertApp] Making directory __results___files
14462.6s 1304 [NbConvertApp] Making directory __results___files
14462.6s 1305 [NbConvertApp] Making directory __results___files
14462.6s 1306 [NbConvertApp] Making directory __results___files
14462.6s 1307 [NbConvertApp] Writing 9505116 bytes to __results__.html