17.8s 1 Collecting torchdiffeq
17.9s 2 Downloading torchdiffeq-0.2.4-py3-none-any.whl.metadata (440 bytes)
17.9s 3 Requirement already satisfied: torch>=1.5.0 in /opt/conda/lib/python3.10/site-packages (from torchdiffeq) (2.4.0)
17.9s 4 Requirement already satisfied: scipy>=1.4.0 in /opt/conda/lib/python3.10/site-packages (from torchdiffeq) (1.14.0)
17.9s 5 Requirement already satisfied: numpy<2.3,>=1.23.5 in /opt/conda/lib/python3.10/site-packages (from scipy>=1.4.0->torchdiffeq) (1.26.4)
17.9s 6 Requirement already satisfied: filelock in /opt/conda/lib/python3.10/site-packages (from torch>=1.5.0->torchdiffeq) (3.15.1)
18.0s 7 Requirement already satisfied: typing-extensions>=4.8.0 in /opt/conda/lib/python3.10/site-packages (from torch>=1.5.0->torchdiffeq) (4.12.2)
18.0s 8 Requirement already satisfied: sympy in /opt/conda/lib/python3.10/site-packages (from torch>=1.5.0->torchdiffeq) (1.13.2)
18.0s 9 Requirement already satisfied: networkx in /opt/conda/lib/python3.10/site-packages (from torch>=1.5.0->torchdiffeq) (3.3)
18.0s 10 Requirement already satisfied: jinja2 in /opt/conda/lib/python3.10/site-packages (from torch>=1.5.0->torchdiffeq) (3.1.4)
18.0s 11 Requirement already satisfied: fsspec in /opt/conda/lib/python3.10/site-packages (from torch>=1.5.0->torchdiffeq) (2024.6.1)
18.1s 12 Requirement already satisfied: MarkupSafe>=2.0 in /opt/conda/lib/python3.10/site-packages (from jinja2->torch>=1.5.0->torchdiffeq) (2.1.5)
18.1s 13 Requirement already satisfied: mpmath<1.4,>=1.1.0 in /opt/conda/lib/python3.10/site-packages (from sympy->torch>=1.5.0->torchdiffeq) (1.3.0)
18.2s 14 Downloading torchdiffeq-0.2.4-py3-none-any.whl (32 kB)
28.4s 15 Installing collected packages: torchdiffeq
28.6s 16 Successfully installed torchdiffeq-0.2.4
31.0s 17 Collecting TorchDiffEqPack
31.0s 18 Downloading TorchDiffEqPack-1.0.1-py3-none-any.whl.metadata (718 bytes)
31.1s 19 Requirement already satisfied: torch in /opt/conda/lib/python3.10/site-packages (from TorchDiffEqPack) (2.4.0)
31.1s 20 Requirement already satisfied: filelock in /opt/conda/lib/python3.10/site-packages (from torch->TorchDiffEqPack) (3.15.1)
31.1s 21 Requirement already satisfied: typing-extensions>=4.8.0 in /opt/conda/lib/python3.10/site-packages (from torch->TorchDiffEqPack) (4.12.2)
31.1s 22 Requirement already satisfied: sympy in /opt/conda/lib/python3.10/site-packages (from torch->TorchDiffEqPack) (1.13.2)
31.1s 23 Requirement already satisfied: networkx in /opt/conda/lib/python3.10/site-packages (from torch->TorchDiffEqPack) (3.3)
31.1s 24 Requirement already satisfied: jinja2 in /opt/conda/lib/python3.10/site-packages (from torch->TorchDiffEqPack) (3.1.4)
31.1s 25 Requirement already satisfied: fsspec in /opt/conda/lib/python3.10/site-packages (from torch->TorchDiffEqPack) (2024.6.1)
31.2s 26 Requirement already satisfied: MarkupSafe>=2.0 in /opt/conda/lib/python3.10/site-packages (from jinja2->torch->TorchDiffEqPack) (2.1.5)
31.3s 27 Requirement already satisfied: mpmath<1.4,>=1.1.0 in /opt/conda/lib/python3.10/site-packages (from sympy->torch->TorchDiffEqPack) (1.3.0)
31.3s 28 Downloading TorchDiffEqPack-1.0.1-py3-none-any.whl (33 kB)
41.5s 29 Installing collected packages: TorchDiffEqPack
41.7s 30 Successfully installed TorchDiffEqPack-1.0.1
42.2s 31 /kaggle/input/amp-c-train/Amp_C_train.txt
42.8s 32 CUDA is available!
42.8s 33 Device name: Tesla P100-PCIE-16GB
42.8s 34 CUDA capability: (6, 0)
42.8s 35 Driver version: 12.3
42.8s 36 Device count: 1
42.8s 37 Current device: 0
45.2s 38 Model architecture: NeuralODEModel(
45.2s 39 (input_layer): Linear(in_features=2, out_features=256, bias=True)
45.2s 40 (hidden_layers): ModuleList(
45.2s 41 (0): Linear(in_features=256, out_features=1024, bias=True)
45.2s 42 (1): Linear(in_features=1024, out_features=2048, bias=True)
45.2s 43 (2): Linear(in_features=2048, out_features=2048, bias=True)
45.2s 44 (3): Linear(in_features=2048, out_features=256, bias=True)
45.2s 45 (4): Linear(in_features=256, out_features=64, bias=True)
45.2s 46 )
45.2s 47 (residual_connections): ModuleList(
45.2s 48 (0): Linear(in_features=256, out_features=1024, bias=True)
45.2s 49 (1): Linear(in_features=1024, out_features=2048, bias=True)
45.2s 50 (2): Identity()
45.2s 51 (3): Linear(in_features=2048, out_features=256, bias=True)
45.2s 52 (4): Linear(in_features=256, out_features=64, bias=True)
45.2s 53 )
45.2s 54 (ode_func): ODEFunc(
45.2s 55 (fc1): Linear(in_features=64, out_features=64, bias=True)
45.2s 56 (fc2): Linear(in_features=64, out_features=64, bias=True)
45.2s 57 (relu): ReLU()
45.2s 58 (norm): LayerNorm((64,), eps=1e-05, elementwise_affine=True)
45.2s 59 )
45.2s 60 (output_layer): Linear(in_features=64, out_features=2, bias=True)
45.2s 61 (dropout): Dropout(p=0.5, inplace=False)
45.2s 62 )
45.2s 63 --------------------------------------------------
45.2s 64 Parameter name: input_layer.weight
45.2s 65 Parameter shape: torch.Size([256, 2])
45.2s 66 Parameter count: 512
45.2s 67 ------------------------------
45.2s 68 Parameter name: input_layer.bias
45.2s 69 Parameter shape: torch.Size([256])
45.2s 70 Parameter count: 256
45.2s 71 ------------------------------
45.2s 72 Parameter name: hidden_layers.0.weight
45.2s 73 Parameter shape: torch.Size([1024, 256])
45.2s 74 Parameter count: 262144
45.2s 75 ------------------------------
45.2s 76 Parameter name: hidden_layers.0.bias
45.2s 77 Parameter shape: torch.Size([1024])
45.2s 78 Parameter count: 1024
45.2s 79 ------------------------------
45.2s 80 Parameter name: hidden_layers.1.weight
45.2s 81 Parameter shape: torch.Size([2048, 1024])
45.2s 82 Parameter count: 2097152
45.2s 83 ------------------------------
45.2s 84 Parameter name: hidden_layers.1.bias
45.2s 85 Parameter shape: torch.Size([2048])
45.2s 86 Parameter count: 2048
45.2s 87 ------------------------------
45.2s 88 Parameter name: hidden_layers.2.weight
45.2s 89 Parameter shape: torch.Size([2048, 2048])
45.2s 90 Parameter count: 4194304
45.2s 91 ------------------------------
45.2s 92 Parameter name: hidden_layers.2.bias
45.2s 93 Parameter shape: torch.Size([2048])
45.2s 94 Parameter count: 2048
45.2s 95 ------------------------------
45.2s 96 Parameter name: hidden_layers.3.weight
45.2s 97 Parameter shape: torch.Size([256, 2048])
45.2s 98 Parameter count: 524288
45.2s 99 ------------------------------
45.2s 100 Parameter name: hidden_layers.3.bias
45.2s 101 Parameter shape: torch.Size([256])
45.2s 102 Parameter count: 256
45.2s 103 ------------------------------
45.2s 104 Parameter name: hidden_layers.4.weight
45.2s 105 Parameter shape: torch.Size([64, 256])
45.2s 106 Parameter count: 16384
45.2s 107 ------------------------------
45.2s 108 Parameter name: hidden_layers.4.bias
45.2s 109 Parameter shape: torch.Size([64])
45.2s 110 Parameter count: 64
45.2s 111 ------------------------------
45.2s 112 Parameter name: residual_connections.0.weight
45.2s 113 Parameter shape: torch.Size([1024, 256])
45.2s 114 Parameter count: 262144
45.2s 115 ------------------------------
45.2s 116 Parameter name: residual_connections.0.bias
45.2s 117 Parameter shape: torch.Size([1024])
45.2s 118 Parameter count: 1024
45.2s 119 ------------------------------
45.2s 120 Parameter name: residual_connections.1.weight
45.2s 121 Parameter shape: torch.Size([2048, 1024])
45.2s 122 Parameter count: 2097152
45.2s 123 ------------------------------
45.2s 124 Parameter name: residual_connections.1.bias
45.2s 125 Parameter shape: torch.Size([2048])
45.2s 126 Parameter count: 2048
45.2s 127 ------------------------------
45.2s 128 Parameter name: residual_connections.3.weight
45.2s 129 Parameter shape: torch.Size([256, 2048])
45.2s 130 Parameter count: 524288
45.2s 131 ------------------------------
45.2s 132 Parameter name: residual_connections.3.bias
45.2s 133 Parameter shape: torch.Size([256])
45.2s 134 Parameter count: 256
45.2s 135 ------------------------------
45.2s 136 Parameter name: residual_connections.4.weight
45.2s 137 Parameter shape: torch.Size([64, 256])
45.2s 138 Parameter count: 16384
45.2s 139 ------------------------------
45.2s 140 Parameter name: residual_connections.4.bias
45.2s 141 Parameter shape: torch.Size([64])
45.2s 142 Parameter count: 64
45.2s 143 ------------------------------
45.2s 144 Parameter name: ode_func.fc1.weight
45.2s 145 Parameter shape: torch.Size([64, 64])
45.2s 146 Parameter count: 4096
45.2s 147 ------------------------------
45.2s 148 Parameter name: ode_func.fc1.bias
45.2s 149 Parameter shape: torch.Size([64])
45.2s 150 Parameter count: 64
45.2s 151 ------------------------------
45.2s 152 Parameter name: ode_func.fc2.weight
45.2s 153 Parameter shape: torch.Size([64, 64])
45.2s 154 Parameter count: 4096
45.2s 155 ------------------------------
45.2s 156 Parameter name: ode_func.fc2.bias
45.2s 157 Parameter shape: torch.Size([64])
45.2s 158 Parameter count: 64
45.2s 159 ------------------------------
45.2s 160 Parameter name: ode_func.norm.weight
45.2s 161 Parameter shape: torch.Size([64])
45.2s 162 Parameter count: 64
45.2s 163 ------------------------------
45.2s 164 Parameter name: ode_func.norm.bias
45.2s 165 Parameter shape: torch.Size([64])
45.2s 166 Parameter count: 64
45.2s 167 ------------------------------
45.2s 168 Parameter name: output_layer.weight
45.2s 169 Parameter shape: torch.Size([2, 64])
45.2s 170 Parameter count: 128
45.2s 171 ------------------------------
45.2s 172 Parameter name: output_layer.bias
45.2s 173 Parameter shape: torch.Size([2])
45.2s 174 Parameter count: 2
45.2s 175 ------------------------------
45.2s 176 Total trainable parameters: 10012418
45.2s 177 ==================================================
51.6s 178 Epoch 1/1000 completed with RMSE: 1.503925
57.3s 179 Epoch 2/1000 completed with RMSE: 0.688216
62.8s 180 Epoch 3/1000 completed with RMSE: 0.576462
68.6s 181 Epoch 4/1000 completed with RMSE: 0.475353
74.0s 182 Epoch 5/1000 completed with RMSE: 0.386040
79.7s 183 Epoch 6/1000 completed with RMSE: 0.330312
85.2s 184 Epoch 7/1000 completed with RMSE: 0.297811
90.8s 185 Epoch 8/1000 completed with RMSE: 0.272894
96.4s 186 Epoch 9/1000 completed with RMSE: 0.252783
101.8s 187 Epoch 10/1000 completed with RMSE: 0.236403
107.3s 188 Epoch 11/1000 completed with RMSE: 0.222686
112.7s 189 Epoch 12/1000 completed with RMSE: 0.212515
118.6s 190 Epoch 13/1000 completed with RMSE: 0.204255
124.0s 191 Epoch 14/1000 completed with RMSE: 0.197218
129.5s 192 Epoch 15/1000 completed with RMSE: 0.191931
134.9s 193 Epoch 16/1000 completed with RMSE: 0.187426
140.5s 194 Epoch 17/1000 completed with RMSE: 0.183654
146.1s 195 Epoch 18/1000 completed with RMSE: 0.180116
151.5s 196 Epoch 19/1000 completed with RMSE: 0.176878
157.2s 197 Epoch 20/1000 completed with RMSE: 0.174220
162.6s 198 Epoch 21/1000 completed with RMSE: 0.171750
168.3s 199 Epoch 22/1000 completed with RMSE: 0.169150
173.8s 200 Epoch 23/1000 completed with RMSE: 0.167351
179.4s 201 Epoch 24/1000 completed with RMSE: 0.165723
185.0s 202 Epoch 25/1000 completed with RMSE: 0.163949
190.6s 203 Epoch 26/1000 completed with RMSE: 0.162422
196.3s 204 Epoch 27/1000 completed with RMSE: 0.161154
201.8s 205 Epoch 28/1000 completed with RMSE: 0.159396
207.4s 206 Epoch 29/1000 completed with RMSE: 0.158549
212.8s 207 Epoch 30/1000 completed with RMSE: 0.157349
218.4s 208 Epoch 31/1000 completed with RMSE: 0.155991
223.8s 209 Epoch 32/1000 completed with RMSE: 0.155298
229.4s 210 Epoch 33/1000 completed with RMSE: 0.153854
234.7s 211 Epoch 34/1000 completed with RMSE: 0.153708
240.3s 212 Epoch 35/1000 completed with RMSE: 0.152358
246.0s 213 Epoch 36/1000 completed with RMSE: 0.151907
251.3s 214 Epoch 37/1000 completed with RMSE: 0.150668
256.9s 215 Epoch 38/1000 completed with RMSE: 0.150259
262.2s 216 Epoch 39/1000 completed with RMSE: 0.149393
267.8s 217 Epoch 40/1000 completed with RMSE: 0.148820
273.3s 218 Epoch 41/1000 completed with RMSE: 0.148184
279.0s 219 Epoch 42/1000 completed with RMSE: 0.147711
284.4s 220 Epoch 43/1000 completed with RMSE: 0.147499
290.1s 221 Epoch 44/1000 completed with RMSE: 0.146672
295.5s 222 Epoch 45/1000 completed with RMSE: 0.146276
301.2s 223 Epoch 46/1000 completed with RMSE: 0.145653
306.8s 224 Epoch 47/1000 completed with RMSE: 0.145328
312.4s 225 Epoch 48/1000 completed with RMSE: 0.144767
318.1s 226 Epoch 49/1000 completed with RMSE: 0.144421
323.5s 227 Epoch 50/1000 completed with RMSE: 0.143974
329.1s 228 Epoch 51/1000 completed with RMSE: 0.143551
334.4s 229 Epoch 52/1000 completed with RMSE: 0.143260
340.1s 230 Epoch 53/1000 completed with RMSE: 0.142786
345.5s 231 Epoch 54/1000 completed with RMSE: 0.142584
351.1s 232 Epoch 55/1000 completed with RMSE: 0.142299
356.3s 233 Epoch 56/1000 completed with RMSE: 0.141696
362.1s 234 Epoch 57/1000 completed with RMSE: 0.141332
367.4s 235 Epoch 58/1000 completed with RMSE: 0.141508
372.9s 236 Epoch 59/1000 completed with RMSE: 0.140818
378.4s 237 Epoch 60/1000 completed with RMSE: 0.140511
383.9s 238 Epoch 61/1000 completed with RMSE: 0.140265
389.6s 239 Epoch 62/1000 completed with RMSE: 0.139991
395.1s 240 Epoch 63/1000 completed with RMSE: 0.139615
400.8s 241 Epoch 64/1000 completed with RMSE: 0.139644
406.2s 242 Epoch 65/1000 completed with RMSE: 0.139281
411.9s 243 Epoch 66/1000 completed with RMSE: 0.139037
417.4s 244 Epoch 67/1000 completed with RMSE: 0.138871
423.1s 245 Epoch 68/1000 completed with RMSE: 0.138804
428.5s 246 Epoch 69/1000 completed with RMSE: 0.138422
434.3s 247 Epoch 70/1000 completed with RMSE: 0.138013
439.7s 248 Epoch 71/1000 completed with RMSE: 0.137915
445.4s 249 Epoch 72/1000 completed with RMSE: 0.137760
450.8s 250 Epoch 73/1000 completed with RMSE: 0.137558
456.4s 251 Epoch 74/1000 completed with RMSE: 0.137174
462.0s 252 Epoch 75/1000 completed with RMSE: 0.137040
467.5s 253 Epoch 76/1000 completed with RMSE: 0.137000
473.1s 254 Epoch 77/1000 completed with RMSE: 0.136734
478.5s 255 Epoch 78/1000 completed with RMSE: 0.136684
484.1s 256 Epoch 79/1000 completed with RMSE: 0.136467
489.5s 257 Epoch 80/1000 completed with RMSE: 0.136193
495.2s 258 Epoch 81/1000 completed with RMSE: 0.136102
500.7s 259 Epoch 82/1000 completed with RMSE: 0.136003
506.3s 260 Epoch 83/1000 completed with RMSE: 0.135908
511.8s 261 Epoch 84/1000 completed with RMSE: 0.135739
517.5s 262 Epoch 85/1000 completed with RMSE: 0.135348
523.0s 263 Epoch 86/1000 completed with RMSE: 0.135167
528.7s 264 Epoch 87/1000 completed with RMSE: 0.135056
534.3s 265 Epoch 88/1000 completed with RMSE: 0.134998
539.7s 266 Epoch 89/1000 completed with RMSE: 0.134847
545.5s 267 Epoch 90/1000 completed with RMSE: 0.134649
550.9s 268 Epoch 91/1000 completed with RMSE: 0.134655
556.7s 269 Epoch 92/1000 completed with RMSE: 0.134622
562.1s 270 Epoch 93/1000 completed with RMSE: 0.134156
567.8s 271 Epoch 94/1000 completed with RMSE: 0.134163
573.2s 272 Epoch 95/1000 completed with RMSE: 0.134041
578.8s 273 Epoch 96/1000 completed with RMSE: 0.133991
584.2s 274 Epoch 97/1000 completed with RMSE: 0.133770
589.7s 275 Epoch 98/1000 completed with RMSE: 0.133716
595.3s 276 Epoch 99/1000 completed with RMSE: 0.133419
600.7s 277 Epoch 100/1000 completed with RMSE: 0.133511
606.2s 278 Epoch 101/1000 completed with RMSE: 0.133370
611.9s 279 Epoch 102/1000 completed with RMSE: 0.133258
617.4s 280 Epoch 103/1000 completed with RMSE: 0.133039
623.1s 281 Epoch 104/1000 completed with RMSE: 0.132828
628.7s 282 Epoch 105/1000 completed with RMSE: 0.132924
634.2s 283 Epoch 106/1000 completed with RMSE: 0.132763
639.9s 284 Epoch 107/1000 completed with RMSE: 0.132779
645.5s 285 Epoch 108/1000 completed with RMSE: 0.132480
651.3s 286 Epoch 109/1000 completed with RMSE: 0.132508
656.8s 287 Epoch 110/1000 completed with RMSE: 0.132414
662.6s 288 Epoch 111/1000 completed with RMSE: 0.132277
668.2s 289 Epoch 112/1000 completed with RMSE: 0.132267
673.7s 290 Epoch 113/1000 completed with RMSE: 0.132040
679.2s 291 Epoch 114/1000 completed with RMSE: 0.131947
685.0s 292 Epoch 115/1000 completed with RMSE: 0.131968
690.6s 293 Epoch 116/1000 completed with RMSE: 0.131850
696.3s 294 Epoch 117/1000 completed with RMSE: 0.131778
701.9s 295 Epoch 118/1000 completed with RMSE: 0.131633
707.4s 296 Epoch 119/1000 completed with RMSE: 0.131693
713.3s 297 Epoch 120/1000 completed with RMSE: 0.131463
718.8s 298 Epoch 121/1000 completed with RMSE: 0.131337
724.4s 299 Epoch 122/1000 completed with RMSE: 0.131343
730.1s 300 Epoch 123/1000 completed with RMSE: 0.131427
735.6s 301 Epoch 124/1000 completed with RMSE: 0.131193
741.1s 302 Epoch 125/1000 completed with RMSE: 0.131132
746.9s 303 Epoch 126/1000 completed with RMSE: 0.130940
752.5s 304 Epoch 127/1000 completed with RMSE: 0.131085
758.2s 305 Epoch 128/1000 completed with RMSE: 0.130935
763.8s 306 Epoch 129/1000 completed with RMSE: 0.130740
769.3s 307 Epoch 130/1000 completed with RMSE: 0.130428
774.9s 308 Epoch 131/1000 completed with RMSE: 0.130622
780.8s 309 Epoch 132/1000 completed with RMSE: 0.130452
786.3s 310 Epoch 133/1000 completed with RMSE: 0.130411
792.0s 311 Epoch 134/1000 completed with RMSE: 0.130351
797.5s 312 Epoch 135/1000 completed with RMSE: 0.130412
802.9s 313 Epoch 136/1000 completed with RMSE: 0.130324
808.6s 314 Epoch 137/1000 completed with RMSE: 0.130298
814.0s 315 Epoch 138/1000 completed with RMSE: 0.130154
819.5s 316 Epoch 139/1000 completed with RMSE: 0.130016
824.9s 317 Epoch 140/1000 completed with RMSE: 0.130122
830.6s 318 Epoch 141/1000 completed with RMSE: 0.130017
835.8s 319 Epoch 142/1000 completed with RMSE: 0.129860
841.5s 320 Epoch 143/1000 completed with RMSE: 0.129971
847.0s 321 Epoch 144/1000 completed with RMSE: 0.129915
852.7s 322 Epoch 145/1000 completed with RMSE: 0.130068
858.0s 323 Epoch 146/1000 completed with RMSE: 0.129619
863.7s 324 Epoch 147/1000 completed with RMSE: 0.129562
869.2s 325 Epoch 148/1000 completed with RMSE: 0.129628
875.0s 326 Epoch 149/1000 completed with RMSE: 0.129620
880.5s 327 Epoch 150/1000 completed with RMSE: 0.129569
886.1s 328 Epoch 151/1000 completed with RMSE: 0.129411
891.7s 329 Epoch 152/1000 completed with RMSE: 0.129256
897.4s 330 Epoch 153/1000 completed with RMSE: 0.129174
903.0s 331 Epoch 154/1000 completed with RMSE: 0.129176
908.5s 332 Epoch 155/1000 completed with RMSE: 0.129242
914.2s 333 Epoch 156/1000 completed with RMSE: 0.129121
919.6s 334 Epoch 157/1000 completed with RMSE: 0.129262
925.1s 335 Epoch 158/1000 completed with RMSE: 0.128937
930.5s 336 Epoch 159/1000 completed with RMSE: 0.128975
936.3s 337 Epoch 160/1000 completed with RMSE: 0.128955
941.7s 338 Epoch 161/1000 completed with RMSE: 0.129025
947.2s 339 Epoch 162/1000 completed with RMSE: 0.129001
952.6s 340 Epoch 163/1000 completed with RMSE: 0.128784
958.3s 341 Epoch 164/1000 completed with RMSE: 0.128875
963.7s 342 Epoch 165/1000 completed with RMSE: 0.128765
969.3s 343 Epoch 166/1000 completed with RMSE: 0.128799
974.9s 344 Epoch 167/1000 completed with RMSE: 0.128774
980.6s 345 Epoch 168/1000 completed with RMSE: 0.128618
986.0s 346 Epoch 169/1000 completed with RMSE: 0.128505
991.7s 347 Epoch 170/1000 completed with RMSE: 0.128477
997.3s 348 Epoch 171/1000 completed with RMSE: 0.128750
1002.9s 349 Epoch 172/1000 completed with RMSE: 0.128607
1008.5s 350 Epoch 173/1000 completed with RMSE: 0.128431
1014.2s 351 Epoch 174/1000 completed with RMSE: 0.128439
1019.8s 352 Epoch 175/1000 completed with RMSE: 0.128405
1025.5s 353 Epoch 176/1000 completed with RMSE: 0.128522
1031.0s 354 Epoch 177/1000 completed with RMSE: 0.128375
1036.4s 355 Epoch 178/1000 completed with RMSE: 0.128177
1041.9s 356 Epoch 179/1000 completed with RMSE: 0.128207
1047.6s 357 Epoch 180/1000 completed with RMSE: 0.128197
1053.0s 358 Epoch 181/1000 completed with RMSE: 0.128282
1058.5s 359 Epoch 182/1000 completed with RMSE: 0.128153
1064.0s 360 Epoch 183/1000 completed with RMSE: 0.128071
1069.5s 361 Epoch 184/1000 completed with RMSE: 0.128053
1075.2s 362 Epoch 185/1000 completed with RMSE: 0.127987
1080.7s 363 Epoch 186/1000 completed with RMSE: 0.127853
1086.1s 364 Epoch 187/1000 completed with RMSE: 0.128077
1091.8s 365 Epoch 188/1000 completed with RMSE: 0.127857
1097.5s 366 Epoch 189/1000 completed with RMSE: 0.127806
1102.9s 367 Epoch 190/1000 completed with RMSE: 0.127823
1108.7s 368 Epoch 191/1000 completed with RMSE: 0.127721
1114.3s 369 Epoch 192/1000 completed with RMSE: 0.127776
1119.9s 370 Epoch 193/1000 completed with RMSE: 0.127772
1125.5s 371 Epoch 194/1000 completed with RMSE: 0.127731
1131.1s 372 Epoch 195/1000 completed with RMSE: 0.127684
1136.7s 373 Epoch 196/1000 completed with RMSE: 0.127701
1142.2s 374 Epoch 197/1000 completed with RMSE: 0.127691
1147.7s 375 Epoch 198/1000 completed with RMSE: 0.127679
1153.3s 376 Epoch 199/1000 completed with RMSE: 0.127593
1158.8s 377 Epoch 200/1000 completed with RMSE: 0.127619
1164.4s 378 Epoch 201/1000 completed with RMSE: 0.127480
1169.7s 379 Epoch 202/1000 completed with RMSE: 0.127524
1175.4s 380 Epoch 203/1000 completed with RMSE: 0.127500
1180.7s 381 Epoch 204/1000 completed with RMSE: 0.127302
1186.5s 382 Epoch 205/1000 completed with RMSE: 0.127431
1192.0s 383 Epoch 206/1000 completed with RMSE: 0.127433
1197.7s 384 Epoch 207/1000 completed with RMSE: 0.127349
1202.9s 385 Epoch 208/1000 completed with RMSE: 0.127195
1208.7s 386 Epoch 209/1000 completed with RMSE: 0.127389
1214.3s 387 Epoch 210/1000 completed with RMSE: 0.127305
1219.9s 388 Epoch 211/1000 completed with RMSE: 0.127188
1225.5s 389 Epoch 212/1000 completed with RMSE: 0.127087
1231.3s 390 Epoch 213/1000 completed with RMSE: 0.127283
1236.9s 391 Epoch 214/1000 completed with RMSE: 0.127113
1242.5s 392 Epoch 215/1000 completed with RMSE: 0.127092
1248.1s 393 Epoch 216/1000 completed with RMSE: 0.127029
1253.7s 394 Epoch 217/1000 completed with RMSE: 0.127169
1259.3s 395 Epoch 218/1000 completed with RMSE: 0.127085
1265.0s 396 Epoch 219/1000 completed with RMSE: 0.127191
1270.5s 397 Epoch 220/1000 completed with RMSE: 0.127294
1276.0s 398 Epoch 221/1000 completed with RMSE: 0.127086
1281.6s 399 Epoch 222/1000 completed with RMSE: 0.127052
1287.1s 400 Epoch 223/1000 completed with RMSE: 0.127100
1292.6s 401 Epoch 224/1000 completed with RMSE: 0.127033
1298.1s 402 Epoch 225/1000 completed with RMSE: 0.127067
1303.6s 403 Epoch 226/1000 completed with RMSE: 0.127099
1309.2s 404 Epoch 227/1000 completed with RMSE: 0.126791
1314.8s 405 Epoch 228/1000 completed with RMSE: 0.126734
1320.3s 406 Epoch 229/1000 completed with RMSE: 0.126789
1325.9s 407 Epoch 230/1000 completed with RMSE: 0.126759
1331.6s 408 Epoch 231/1000 completed with RMSE: 0.126790
1337.3s 409 Epoch 232/1000 completed with RMSE: 0.126773
1342.8s 410 Epoch 233/1000 completed with RMSE: 0.126750
1348.6s 411 Epoch 234/1000 completed with RMSE: 0.126724
1354.2s 412 Epoch 235/1000 completed with RMSE: 0.126702
1359.8s 413 Epoch 236/1000 completed with RMSE: 0.126694
1365.4s 414 Epoch 237/1000 completed with RMSE: 0.126504
1371.0s 415 Epoch 238/1000 completed with RMSE: 0.126610
1376.6s 416 Epoch 239/1000 completed with RMSE: 0.126558
1382.2s 417 Epoch 240/1000 completed with RMSE: 0.126447
1387.6s 418 Epoch 241/1000 completed with RMSE: 0.126617
1393.2s 419 Epoch 242/1000 completed with RMSE: 0.126652
1398.7s 420 Epoch 243/1000 completed with RMSE: 0.126558
1404.4s 421 Epoch 244/1000 completed with RMSE: 0.126670
1409.9s 422 Epoch 245/1000 completed with RMSE: 0.126478
1415.5s 423 Epoch 246/1000 completed with RMSE: 0.126591
1421.1s 424 Epoch 247/1000 completed with RMSE: 0.126393
1426.7s 425 Epoch 248/1000 completed with RMSE: 0.126421
1432.2s 426 Epoch 249/1000 completed with RMSE: 0.126475
1437.8s 427 Epoch 250/1000 completed with RMSE: 0.126486
1443.5s 428 Epoch 251/1000 completed with RMSE: 0.126379
1449.1s 429 Epoch 252/1000 completed with RMSE: 0.126424
1454.7s 430 Epoch 253/1000 completed with RMSE: 0.126337
1460.4s 431 Epoch 254/1000 completed with RMSE: 0.126360
1466.0s 432 Epoch 255/1000 completed with RMSE: 0.126323
1471.7s 433 Epoch 256/1000 completed with RMSE: 0.126468
1477.3s 434 Epoch 257/1000 completed with RMSE: 0.126284
1482.9s 435 Epoch 258/1000 completed with RMSE: 0.126276
1488.6s 436 Epoch 259/1000 completed with RMSE: 0.126308
1494.2s 437 Epoch 260/1000 completed with RMSE: 0.126226
1499.8s 438 Epoch 261/1000 completed with RMSE: 0.126246
1505.4s 439 Epoch 262/1000 completed with RMSE: 0.126228
1511.0s 440 Epoch 263/1000 completed with RMSE: 0.126241
1516.5s 441 Epoch 264/1000 completed with RMSE: 0.126151
1522.2s 442 Epoch 265/1000 completed with RMSE: 0.126289
1527.8s 443 Epoch 266/1000 completed with RMSE: 0.126228
1533.5s 444 Epoch 267/1000 completed with RMSE: 0.126189
1539.0s 445 Epoch 268/1000 completed with RMSE: 0.126144
1544.6s 446 Epoch 269/1000 completed with RMSE: 0.126096
1550.2s 447 Epoch 270/1000 completed with RMSE: 0.126076
1555.9s 448 Epoch 271/1000 completed with RMSE: 0.125965
1561.7s 449 Epoch 272/1000 completed with RMSE: 0.126006
1567.3s 450 Epoch 273/1000 completed with RMSE: 0.126020
1573.0s 451 Epoch 274/1000 completed with RMSE: 0.126082
1578.6s 452 Epoch 275/1000 completed with RMSE: 0.126011
1584.3s 453 Epoch 276/1000 completed with RMSE: 0.126052
1590.0s 454 Epoch 277/1000 completed with RMSE: 0.126083
1595.7s 455 Epoch 278/1000 completed with RMSE: 0.126021
1601.3s 456 Epoch 279/1000 completed with RMSE: 0.126194
1607.0s 457 Epoch 280/1000 completed with RMSE: 0.126040
1612.6s 458 Epoch 281/1000 completed with RMSE: 0.126086
1618.2s 459 Epoch 282/1000 completed with RMSE: 0.125923
1623.9s 460 Epoch 283/1000 completed with RMSE: 0.125852
1629.5s 461 Epoch 284/1000 completed with RMSE: 0.125840
1635.1s 462 Epoch 285/1000 completed with RMSE: 0.125888
1640.7s 463 Epoch 286/1000 completed with RMSE: 0.125954
1646.3s 464 Epoch 287/1000 completed with RMSE: 0.125778
1651.9s 465 Epoch 288/1000 completed with RMSE: 0.125755
1657.3s 466 Epoch 289/1000 completed with RMSE: 0.125721
1662.9s 467 Epoch 290/1000 completed with RMSE: 0.125684
1668.4s 468 Epoch 291/1000 completed with RMSE: 0.125737
1674.0s 469 Epoch 292/1000 completed with RMSE: 0.125777
1679.7s 470 Epoch 293/1000 completed with RMSE: 0.125739
1685.4s 471 Epoch 294/1000 completed with RMSE: 0.125705
1691.1s 472 Epoch 295/1000 completed with RMSE: 0.125709
1696.8s 473 Epoch 296/1000 completed with RMSE: 0.125702
1702.4s 474 Epoch 297/1000 completed with RMSE: 0.125743
1708.1s 475 Epoch 298/1000 completed with RMSE: 0.125659
1713.8s 476 Epoch 299/1000 completed with RMSE: 0.125697
1719.4s 477 Epoch 300/1000 completed with RMSE: 0.125588
1725.1s 478 Epoch 301/1000 completed with RMSE: 0.125656
1730.7s 479 Epoch 302/1000 completed with RMSE: 0.125625
1736.3s 480 Epoch 303/1000 completed with RMSE: 0.125680
1741.9s 481 Epoch 304/1000 completed with RMSE: 0.125651
1747.5s 482 Epoch 305/1000 completed with RMSE: 0.125663
1753.1s 483 Epoch 306/1000 completed with RMSE: 0.125588
1758.8s 484 Epoch 307/1000 completed with RMSE: 0.125573
1764.4s 485 Epoch 308/1000 completed with RMSE: 0.125544
1770.0s 486 Epoch 309/1000 completed with RMSE: 0.125710
1775.5s 487 Epoch 310/1000 completed with RMSE: 0.125482
1781.2s 488 Epoch 311/1000 completed with RMSE: 0.125485
1786.7s 489 Epoch 312/1000 completed with RMSE: 0.125534
1792.3s 490 Epoch 313/1000 completed with RMSE: 0.125553
1797.9s 491 Epoch 314/1000 completed with RMSE: 0.125474
1803.6s 492 Epoch 315/1000 completed with RMSE: 0.125421
1809.2s 493 Epoch 316/1000 completed with RMSE: 0.125398
1814.9s 494 Epoch 317/1000 completed with RMSE: 0.125475
1820.4s 495 Epoch 318/1000 completed with RMSE: 0.125564
1826.0s 496 Epoch 319/1000 completed with RMSE: 0.125297
1831.7s 497 Epoch 320/1000 completed with RMSE: 0.125468
1837.3s 498 Epoch 321/1000 completed with RMSE: 0.125474
1843.0s 499 Epoch 322/1000 completed with RMSE: 0.125359
1848.6s 500 Epoch 323/1000 completed with RMSE: 0.125398
1854.2s 501 Epoch 324/1000 completed with RMSE: 0.125269
1859.7s 502 Epoch 325/1000 completed with RMSE: 0.125373
1865.3s 503 Epoch 326/1000 completed with RMSE: 0.125532
1870.8s 504 Epoch 327/1000 completed with RMSE: 0.125294
1876.5s 505 Epoch 328/1000 completed with RMSE: 0.125485
1882.0s 506 Epoch 329/1000 completed with RMSE: 0.125379
1887.6s 507 Epoch 330/1000 completed with RMSE: 0.125415
1893.1s 508 Epoch 331/1000 completed with RMSE: 0.125347
1898.7s 509 Epoch 332/1000 completed with RMSE: 0.125284
1904.2s 510 Epoch 333/1000 completed with RMSE: 0.125411
1909.9s 511 Epoch 334/1000 completed with RMSE: 0.125304
1915.6s 512 Epoch 335/1000 completed with RMSE: 0.125282
1921.3s 513 Epoch 336/1000 completed with RMSE: 0.125378
1926.9s 514 Epoch 337/1000 completed with RMSE: 0.125266
1932.6s 515 Epoch 338/1000 completed with RMSE: 0.125319
1938.4s 516 Epoch 339/1000 completed with RMSE: 0.125297
1943.8s 517 Epoch 340/1000 completed with RMSE: 0.125261
1949.7s 518 Epoch 341/1000 completed with RMSE: 0.125194
1955.2s 519 Epoch 342/1000 completed with RMSE: 0.125223
1960.8s 520 Epoch 343/1000 completed with RMSE: 0.125206
1966.4s 521 Epoch 344/1000 completed with RMSE: 0.125170
1972.1s 522 Epoch 345/1000 completed with RMSE: 0.125135
1977.6s 523 Epoch 346/1000 completed with RMSE: 0.125261
1983.2s 524 Epoch 347/1000 completed with RMSE: 0.125135
1988.7s 525 Epoch 348/1000 completed with RMSE: 0.125027
1994.3s 526 Epoch 349/1000 completed with RMSE: 0.125263
1999.9s 527 Epoch 350/1000 completed with RMSE: 0.125153
2005.5s 528 Epoch 351/1000 completed with RMSE: 0.125187
2011.1s 529 Epoch 352/1000 completed with RMSE: 0.125095
2016.7s 530 Epoch 353/1000 completed with RMSE: 0.125118
2022.0s 531 Epoch 354/1000 completed with RMSE: 0.125093
2027.8s 532 Epoch 355/1000 completed with RMSE: 0.124986
2033.3s 533 Epoch 356/1000 completed with RMSE: 0.125165
2039.2s 534 Epoch 357/1000 completed with RMSE: 0.125109
2044.7s 535 Epoch 358/1000 completed with RMSE: 0.125052
2050.6s 536 Epoch 359/1000 completed with RMSE: 0.125054
2056.0s 537 Epoch 360/1000 completed with RMSE: 0.125162
2061.9s 538 Epoch 361/1000 completed with RMSE: 0.125063
2067.4s 539 Epoch 362/1000 completed with RMSE: 0.125062
2073.3s 540 Epoch 363/1000 completed with RMSE: 0.125126
2078.7s 541 Epoch 364/1000 completed with RMSE: 0.124939
2084.5s 542 Epoch 365/1000 completed with RMSE: 0.124979
2089.9s 543 Epoch 366/1000 completed with RMSE: 0.124952
2095.7s 544 Epoch 367/1000 completed with RMSE: 0.124907
2101.1s 545 Epoch 368/1000 completed with RMSE: 0.125116
2106.9s 546 Epoch 369/1000 completed with RMSE: 0.124958
2112.3s 547 Epoch 370/1000 completed with RMSE: 0.125017
2118.0s 548 Epoch 371/1000 completed with RMSE: 0.124858
2123.6s 549 Epoch 372/1000 completed with RMSE: 0.124985
2129.3s 550 Epoch 373/1000 completed with RMSE: 0.124873
2134.9s 551 Epoch 374/1000 completed with RMSE: 0.124903
2140.5s 552 Epoch 375/1000 completed with RMSE: 0.124860
2146.0s 553 Epoch 376/1000 completed with RMSE: 0.124906
2151.9s 554 Epoch 377/1000 completed with RMSE: 0.124931
2157.5s 555 Epoch 378/1000 completed with RMSE: 0.124900
2163.3s 556 Epoch 379/1000 completed with RMSE: 0.124949
2168.7s 557 Epoch 380/1000 completed with RMSE: 0.124906
2174.5s 558 Epoch 381/1000 completed with RMSE: 0.124878
2180.2s 559 Epoch 382/1000 completed with RMSE: 0.124826
2185.9s 560 Epoch 383/1000 completed with RMSE: 0.125103
2191.5s 561 Epoch 384/1000 completed with RMSE: 0.124907
2197.1s 562 Epoch 385/1000 completed with RMSE: 0.124800
2202.7s 563 Epoch 386/1000 completed with RMSE: 0.124809
2208.3s 564 Epoch 387/1000 completed with RMSE: 0.124849
2213.9s 565 Epoch 388/1000 completed with RMSE: 0.124947
2219.7s 566 Epoch 389/1000 completed with RMSE: 0.125018
2225.4s 567 Epoch 390/1000 completed with RMSE: 0.124938
2231.0s 568 Epoch 391/1000 completed with RMSE: 0.124900
2236.4s 569 Epoch 392/1000 completed with RMSE: 0.124723
2242.1s 570 Epoch 393/1000 completed with RMSE: 0.124810
2247.8s 571 Epoch 394/1000 completed with RMSE: 0.124769
2253.6s 572 Epoch 395/1000 completed with RMSE: 0.124964
2259.2s 573 Epoch 396/1000 completed with RMSE: 0.124797
2265.0s 574 Epoch 397/1000 completed with RMSE: 0.124810
2270.8s 575 Epoch 398/1000 completed with RMSE: 0.124768
2276.3s 576 Epoch 399/1000 completed with RMSE: 0.124583
2282.2s 577 Epoch 400/1000 completed with RMSE: 0.124740
2288.0s 578 Epoch 401/1000 completed with RMSE: 0.124718
2293.8s 579 Epoch 402/1000 completed with RMSE: 0.124680
2299.6s 580 Epoch 403/1000 completed with RMSE: 0.124819
2305.3s 581 Epoch 404/1000 completed with RMSE: 0.124797
2310.8s 582 Epoch 405/1000 completed with RMSE: 0.124812
2316.8s 583 Epoch 406/1000 completed with RMSE: 0.124642
2322.2s 584 Epoch 407/1000 completed with RMSE: 0.124700
2328.1s 585 Epoch 408/1000 completed with RMSE: 0.124636
2333.4s 586 Epoch 409/1000 completed with RMSE: 0.124553
2338.9s 587 Epoch 410/1000 completed with RMSE: 0.124669
2344.5s 588 Epoch 411/1000 completed with RMSE: 0.124791
2350.1s 589 Epoch 412/1000 completed with RMSE: 0.124718
2355.4s 590 Epoch 413/1000 completed with RMSE: 0.124681
2361.2s 591 Epoch 414/1000 completed with RMSE: 0.124569
2366.6s 592 Epoch 415/1000 completed with RMSE: 0.124679
2372.2s 593 Epoch 416/1000 completed with RMSE: 0.124685
2377.6s 594 Epoch 417/1000 completed with RMSE: 0.124701
2383.2s 595 Epoch 418/1000 completed with RMSE: 0.124541
2388.7s 596 Epoch 419/1000 completed with RMSE: 0.124571
2394.1s 597 Epoch 420/1000 completed with RMSE: 0.124666
2399.6s 598 Epoch 421/1000 completed with RMSE: 0.124502
2405.3s 599 Epoch 422/1000 completed with RMSE: 0.124611
2410.9s 600 Epoch 423/1000 completed with RMSE: 0.124601
2416.3s 601 Epoch 424/1000 completed with RMSE: 0.124607
2421.9s 602 Epoch 425/1000 completed with RMSE: 0.124588
2427.5s 603 Epoch 426/1000 completed with RMSE: 0.124526
2433.2s 604 Epoch 427/1000 completed with RMSE: 0.124680
2438.7s 605 Epoch 428/1000 completed with RMSE: 0.124426
2444.4s 606 Epoch 429/1000 completed with RMSE: 0.124570
2450.2s 607 Epoch 430/1000 completed with RMSE: 0.124646
2455.9s 608 Epoch 431/1000 completed with RMSE: 0.124409
2461.3s 609 Epoch 432/1000 completed with RMSE: 0.124514
2467.2s 610 Epoch 433/1000 completed with RMSE: 0.124478
2472.7s 611 Epoch 434/1000 completed with RMSE: 0.124393
2478.4s 612 Epoch 435/1000 completed with RMSE: 0.124474
2483.9s 613 Epoch 436/1000 completed with RMSE: 0.124573
2489.5s 614 Epoch 437/1000 completed with RMSE: 0.124478
2494.9s 615 Epoch 438/1000 completed with RMSE: 0.124579
2500.6s 616 Epoch 439/1000 completed with RMSE: 0.124698
2506.4s 617 Epoch 440/1000 completed with RMSE: 0.124441
2512.2s 618 Epoch 441/1000 completed with RMSE: 0.124393
2517.9s 619 Epoch 442/1000 completed with RMSE: 0.124303
2523.5s 620 Epoch 443/1000 completed with RMSE: 0.124717
2528.9s 621 Epoch 444/1000 completed with RMSE: 0.124452
2534.5s 622 Epoch 445/1000 completed with RMSE: 0.124416
2540.0s 623 Epoch 446/1000 completed with RMSE: 0.124446
2545.4s 624 Epoch 447/1000 completed with RMSE: 0.124343
2551.0s 625 Epoch 448/1000 completed with RMSE: 0.124602
2556.8s 626 Epoch 449/1000 completed with RMSE: 0.124517
2562.6s 627 Epoch 450/1000 completed with RMSE: 0.124465
2568.0s 628 Epoch 451/1000 completed with RMSE: 0.124483
2573.6s 629 Epoch 452/1000 completed with RMSE: 0.124423
2579.2s 630 Epoch 453/1000 completed with RMSE: 0.124611
2584.8s 631 Epoch 454/1000 completed with RMSE: 0.124343
2590.2s 632 Epoch 455/1000 completed with RMSE: 0.124317
2596.2s 633 Epoch 456/1000 completed with RMSE: 0.124414
2601.7s 634 Epoch 457/1000 completed with RMSE: 0.124377
2607.4s 635 Epoch 458/1000 completed with RMSE: 0.124331
2612.9s 636 Epoch 459/1000 completed with RMSE: 0.124325
2618.5s 637 Epoch 460/1000 completed with RMSE: 0.124317
2624.1s 638 Epoch 461/1000 completed with RMSE: 0.124290
2629.5s 639 Epoch 462/1000 completed with RMSE: 0.124478
2635.0s 640 Epoch 463/1000 completed with RMSE: 0.124318
2640.6s 641 Epoch 464/1000 completed with RMSE: 0.124381
2645.9s 642 Epoch 465/1000 completed with RMSE: 0.124398
2651.5s 643 Epoch 466/1000 completed with RMSE: 0.124299
2657.2s 644 Epoch 467/1000 completed with RMSE: 0.124257
2662.8s 645 Epoch 468/1000 completed with RMSE: 0.124361
2668.4s 646 Epoch 469/1000 completed with RMSE: 0.124426
2674.0s 647 Epoch 470/1000 completed with RMSE: 0.124323
2679.6s 648 Epoch 471/1000 completed with RMSE: 0.124208
2684.9s 649 Epoch 472/1000 completed with RMSE: 0.124300
2690.6s 650 Epoch 473/1000 completed with RMSE: 0.124261
2696.0s 651 Epoch 474/1000 completed with RMSE: 0.124219
2701.8s 652 Epoch 475/1000 completed with RMSE: 0.124381
2707.1s 653 Epoch 476/1000 completed with RMSE: 0.124200
2712.6s 654 Epoch 477/1000 completed with RMSE: 0.124462
2717.9s 655 Epoch 478/1000 completed with RMSE: 0.124370
2723.6s 656 Epoch 479/1000 completed with RMSE: 0.124282
2728.9s 657 Epoch 480/1000 completed with RMSE: 0.124229
2734.6s 658 Epoch 481/1000 completed with RMSE: 0.124173
2740.2s 659 Epoch 482/1000 completed with RMSE: 0.124310
2745.5s 660 Epoch 483/1000 completed with RMSE: 0.124223
2751.1s 661 Epoch 484/1000 completed with RMSE: 0.124264
2756.5s 662 Epoch 485/1000 completed with RMSE: 0.124449
2762.1s 663 Epoch 486/1000 completed with RMSE: 0.124287
2767.7s 664 Epoch 487/1000 completed with RMSE: 0.124176
2773.2s 665 Epoch 488/1000 completed with RMSE: 0.124212
2778.6s 666 Epoch 489/1000 completed with RMSE: 0.124273
2784.2s 667 Epoch 490/1000 completed with RMSE: 0.124263
2789.5s 668 Epoch 491/1000 completed with RMSE: 0.124170
2795.3s 669 Epoch 492/1000 completed with RMSE: 0.124171
2800.6s 670 Epoch 493/1000 completed with RMSE: 0.124331
2806.2s 671 Epoch 494/1000 completed with RMSE: 0.124237
2811.5s 672 Epoch 495/1000 completed with RMSE: 0.124223
2817.1s 673 Epoch 496/1000 completed with RMSE: 0.124259
2822.4s 674 Epoch 497/1000 completed with RMSE: 0.124106
2828.0s 675 Epoch 498/1000 completed with RMSE: 0.124021
2833.6s 676 Epoch 499/1000 completed with RMSE: 0.124255
2838.9s 677 Epoch 500/1000 completed with RMSE: 0.124353
2844.5s 678 Epoch 501/1000 completed with RMSE: 0.124182
2850.0s 679 Epoch 502/1000 completed with RMSE: 0.124207
2855.7s 680 Epoch 503/1000 completed with RMSE: 0.124149
2861.3s 681 Epoch 504/1000 completed with RMSE: 0.124193
2866.8s 682 Epoch 505/1000 completed with RMSE: 0.124142
2872.4s 683 Epoch 506/1000 completed with RMSE: 0.124173
2878.0s 684 Epoch 507/1000 completed with RMSE: 0.124167
2883.5s 685 Epoch 508/1000 completed with RMSE: 0.124188
2889.0s 686 Epoch 509/1000 completed with RMSE: 0.124231
2894.3s 687 Epoch 510/1000 completed with RMSE: 0.124158
2899.9s 688 Epoch 511/1000 completed with RMSE: 0.124091
2905.2s 689 Epoch 512/1000 completed with RMSE: 0.124232
2910.8s 690 Epoch 513/1000 completed with RMSE: 0.124157
2916.3s 691 Epoch 514/1000 completed with RMSE: 0.124258
2921.7s 692 Epoch 515/1000 completed with RMSE: 0.124034
2927.2s 693 Epoch 516/1000 completed with RMSE: 0.124128
2932.6s 694 Epoch 517/1000 completed with RMSE: 0.124141
2938.2s 695 Epoch 518/1000 completed with RMSE: 0.124151
2943.9s 696 Epoch 519/1000 completed with RMSE: 0.124174
2949.5s 697 Epoch 520/1000 completed with RMSE: 0.124052
2955.2s 698 Epoch 521/1000 completed with RMSE: 0.124116
2960.8s 699 Epoch 522/1000 completed with RMSE: 0.124131
2966.3s 700 Epoch 523/1000 completed with RMSE: 0.123972
2972.1s 701 Epoch 524/1000 completed with RMSE: 0.124141
2977.9s 702 Epoch 525/1000 completed with RMSE: 0.124018
2983.5s 703 Epoch 526/1000 completed with RMSE: 0.124049
2988.8s 704 Epoch 527/1000 completed with RMSE: 0.123934
2994.3s 705 Epoch 528/1000 completed with RMSE: 0.124077
2999.9s 706 Epoch 529/1000 completed with RMSE: 0.124105
3005.4s 707 Epoch 530/1000 completed with RMSE: 0.124008
3011.1s 708 Epoch 531/1000 completed with RMSE: 0.124208
3016.5s 709 Epoch 532/1000 completed with RMSE: 0.124070
3022.1s 710 Epoch 533/1000 completed with RMSE: 0.124010
3027.4s 711 Epoch 534/1000 completed with RMSE: 0.124011
3033.0s 712 Epoch 535/1000 completed with RMSE: 0.124025
3038.8s 713 Epoch 536/1000 completed with RMSE: 0.123974
3044.5s 714 Epoch 537/1000 completed with RMSE: 0.123935
3050.0s 715 Epoch 538/1000 completed with RMSE: 0.123990
3055.7s 716 Epoch 539/1000 completed with RMSE: 0.124136
3061.3s 717 Epoch 540/1000 completed with RMSE: 0.124037
3066.9s 718 Epoch 541/1000 completed with RMSE: 0.123944
3072.4s 719 Epoch 542/1000 completed with RMSE: 0.123975
3078.0s 720 Epoch 543/1000 completed with RMSE: 0.123997
3083.4s 721 Epoch 544/1000 completed with RMSE: 0.123963
3089.0s 722 Epoch 545/1000 completed with RMSE: 0.124137
3094.5s 723 Epoch 546/1000 completed with RMSE: 0.123988
3100.2s 724 Epoch 547/1000 completed with RMSE: 0.123885
3105.9s 725 Epoch 548/1000 completed with RMSE: 0.123975
3111.4s 726 Epoch 549/1000 completed with RMSE: 0.123987
3117.1s 727 Epoch 550/1000 completed with RMSE: 0.123807
3122.7s 728 Epoch 551/1000 completed with RMSE: 0.123985
3128.4s 729 Epoch 552/1000 completed with RMSE: 0.124115
3134.0s 730 Epoch 553/1000 completed with RMSE: 0.124011
3139.7s 731 Epoch 554/1000 completed with RMSE: 0.123905
3145.1s 732 Epoch 555/1000 completed with RMSE: 0.123968
3150.9s 733 Epoch 556/1000 completed with RMSE: 0.124020
3156.4s 734 Epoch 557/1000 completed with RMSE: 0.124036
3162.2s 735 Epoch 558/1000 completed with RMSE: 0.124011
3167.6s 736 Epoch 559/1000 completed with RMSE: 0.124146
3173.3s 737 Epoch 560/1000 completed with RMSE: 0.123968
3179.0s 738 Epoch 561/1000 completed with RMSE: 0.123872
3184.5s 739 Epoch 562/1000 completed with RMSE: 0.124072
3190.3s 740 Epoch 563/1000 completed with RMSE: 0.123783
3195.8s 741 Epoch 564/1000 completed with RMSE: 0.123998
3201.6s 742 Epoch 565/1000 completed with RMSE: 0.123880
3207.0s 743 Epoch 566/1000 completed with RMSE: 0.123846
3212.7s 744 Epoch 567/1000 completed with RMSE: 0.123815
3218.1s 745 Epoch 568/1000 completed with RMSE: 0.123869
3223.8s 746 Epoch 569/1000 completed with RMSE: 0.123854
3229.3s 747 Epoch 570/1000 completed with RMSE: 0.123924
3235.0s 748 Epoch 571/1000 completed with RMSE: 0.123891
3240.4s 749 Epoch 572/1000 completed with RMSE: 0.123970
3245.8s 750 Epoch 573/1000 completed with RMSE: 0.123873
3251.6s 751 Epoch 574/1000 completed with RMSE: 0.123988
3257.3s 752 Epoch 575/1000 completed with RMSE: 0.123768
3263.3s 753 Epoch 576/1000 completed with RMSE: 0.123829
3268.8s 754 Epoch 577/1000 completed with RMSE: 0.123833
3274.3s 755 Epoch 578/1000 completed with RMSE: 0.123788
3279.8s 756 Epoch 579/1000 completed with RMSE: 0.123854
3285.5s 757 Epoch 580/1000 completed with RMSE: 0.123785
3291.1s 758 Epoch 581/1000 completed with RMSE: 0.123729
3296.8s 759 Epoch 582/1000 completed with RMSE: 0.123803
3302.4s 760 Epoch 583/1000 completed with RMSE: 0.123948
3308.2s 761 Epoch 584/1000 completed with RMSE: 0.123806
3313.8s 762 Epoch 585/1000 completed with RMSE: 0.123956
3319.6s 763 Epoch 586/1000 completed with RMSE: 0.123789
3325.3s 764 Epoch 587/1000 completed with RMSE: 0.123880
3330.8s 765 Epoch 588/1000 completed with RMSE: 0.123851
3336.5s 766 Epoch 589/1000 completed with RMSE: 0.123731
3341.9s 767 Epoch 590/1000 completed with RMSE: 0.123794
3347.5s 768 Epoch 591/1000 completed with RMSE: 0.123662
3353.4s 769 Epoch 592/1000 completed with RMSE: 0.123730
3358.9s 770 Epoch 593/1000 completed with RMSE: 0.123744
3364.7s 771 Epoch 594/1000 completed with RMSE: 0.123707
3370.3s 772 Epoch 595/1000 completed with RMSE: 0.123857
3376.0s 773 Epoch 596/1000 completed with RMSE: 0.123797
3381.6s 774 Epoch 597/1000 completed with RMSE: 0.123766
3387.3s 775 Epoch 598/1000 completed with RMSE: 0.123792
3392.7s 776 Epoch 599/1000 completed with RMSE: 0.123782
3398.4s 777 Epoch 600/1000 completed with RMSE: 0.123756
3403.8s 778 Epoch 601/1000 completed with RMSE: 0.123869
3409.5s 779 Epoch 602/1000 completed with RMSE: 0.123717
3415.0s 780 Epoch 603/1000 completed with RMSE: 0.123763
3420.4s 781 Epoch 604/1000 completed with RMSE: 0.123802
3426.1s 782 Epoch 605/1000 completed with RMSE: 0.123783
3431.5s 783 Epoch 606/1000 completed with RMSE: 0.123698
3437.2s 784 Epoch 607/1000 completed with RMSE: 0.123696
3442.6s 785 Epoch 608/1000 completed with RMSE: 0.123755
3448.3s 786 Epoch 609/1000 completed with RMSE: 0.123824
3453.8s 787 Epoch 610/1000 completed with RMSE: 0.123670
3459.5s 788 Epoch 611/1000 completed with RMSE: 0.123815
3464.9s 789 Epoch 612/1000 completed with RMSE: 0.123744
3470.6s 790 Epoch 613/1000 completed with RMSE: 0.123771
3476.0s 791 Epoch 614/1000 completed with RMSE: 0.123967
3481.5s 792 Epoch 615/1000 completed with RMSE: 0.123775
3487.2s 793 Epoch 616/1000 completed with RMSE: 0.123670
3492.6s 794 Epoch 617/1000 completed with RMSE: 0.123688
3498.4s 795 Epoch 618/1000 completed with RMSE: 0.123685
3503.8s 796 Epoch 619/1000 completed with RMSE: 0.123662
3509.6s 797 Epoch 620/1000 completed with RMSE: 0.123780
3515.0s 798 Epoch 621/1000 completed with RMSE: 0.123721
3520.7s 799 Epoch 622/1000 completed with RMSE: 0.123634
3526.1s 800 Epoch 623/1000 completed with RMSE: 0.123700
3531.6s 801 Epoch 624/1000 completed with RMSE: 0.123829
3537.3s 802 Epoch 625/1000 completed with RMSE: 0.123669
3542.9s 803 Epoch 626/1000 completed with RMSE: 0.123731
3548.3s 804 Epoch 627/1000 completed with RMSE: 0.123725
3554.0s 805 Epoch 628/1000 completed with RMSE: 0.123653
3559.7s 806 Epoch 629/1000 completed with RMSE: 0.123702
3565.1s 807 Epoch 630/1000 completed with RMSE: 0.123637
3570.9s 808 Epoch 631/1000 completed with RMSE: 0.123701
3576.4s 809 Epoch 632/1000 completed with RMSE: 0.123821
3582.1s 810 Epoch 633/1000 completed with RMSE: 0.123598
3587.5s 811 Epoch 634/1000 completed with RMSE: 0.123753
3592.9s 812 Epoch 635/1000 completed with RMSE: 0.123750
3598.3s 813 Epoch 636/1000 completed with RMSE: 0.123749
3604.2s 814 Epoch 637/1000 completed with RMSE: 0.123584
3609.6s 815 Epoch 638/1000 completed with RMSE: 0.123643
3615.3s 816 Epoch 639/1000 completed with RMSE: 0.123641
3620.8s 817 Epoch 640/1000 completed with RMSE: 0.123770
3626.5s 818 Epoch 641/1000 completed with RMSE: 0.123796
3632.0s 819 Epoch 642/1000 completed with RMSE: 0.123684
3637.5s 820 Epoch 643/1000 completed with RMSE: 0.123788
3643.3s 821 Epoch 644/1000 completed with RMSE: 0.123639
3648.7s 822 Epoch 645/1000 completed with RMSE: 0.123542
3654.2s 823 Epoch 646/1000 completed with RMSE: 0.123806
3659.9s 824 Epoch 647/1000 completed with RMSE: 0.123635
3665.4s 825 Epoch 648/1000 completed with RMSE: 0.123469
3671.1s 826 Epoch 649/1000 completed with RMSE: 0.123747
3676.5s 827 Epoch 650/1000 completed with RMSE: 0.123636
3682.3s 828 Epoch 651/1000 completed with RMSE: 0.123672
3687.7s 829 Epoch 652/1000 completed with RMSE: 0.123540
3693.4s 830 Epoch 653/1000 completed with RMSE: 0.123619
3698.9s 831 Epoch 654/1000 completed with RMSE: 0.123674
3704.4s 832 Epoch 655/1000 completed with RMSE: 0.123580
3709.8s 833 Epoch 656/1000 completed with RMSE: 0.123671
3715.6s 834 Epoch 657/1000 completed with RMSE: 0.123692
3721.1s 835 Epoch 658/1000 completed with RMSE: 0.123590
3726.6s 836 Epoch 659/1000 completed with RMSE: 0.123638
3732.3s 837 Epoch 660/1000 completed with RMSE: 0.123565
3737.8s 838 Epoch 661/1000 completed with RMSE: 0.123577
3743.5s 839 Epoch 662/1000 completed with RMSE: 0.123586
3749.0s 840 Epoch 663/1000 completed with RMSE: 0.123520
3754.5s 841 Epoch 664/1000 completed with RMSE: 0.123582
3760.0s 842 Epoch 665/1000 completed with RMSE: 0.123543
3765.7s 843 Epoch 666/1000 completed with RMSE: 0.123563
3771.2s 844 Epoch 667/1000 completed with RMSE: 0.123585
3776.6s 845 Epoch 668/1000 completed with RMSE: 0.123577
3782.3s 846 Epoch 669/1000 completed with RMSE: 0.123594
3787.8s 847 Epoch 670/1000 completed with RMSE: 0.123486
3793.7s 848 Epoch 671/1000 completed with RMSE: 0.123464
3799.2s 849 Epoch 672/1000 completed with RMSE: 0.123500
3804.7s 850 Epoch 673/1000 completed with RMSE: 0.123642
3810.2s 851 Epoch 674/1000 completed with RMSE: 0.123602
3816.0s 852 Epoch 675/1000 completed with RMSE: 0.123566
3821.4s 853 Epoch 676/1000 completed with RMSE: 0.123439
3826.9s 854 Epoch 677/1000 completed with RMSE: 0.123414
3832.6s 855 Epoch 678/1000 completed with RMSE: 0.123547
3838.1s 856 Epoch 679/1000 completed with RMSE: 0.123467
3843.8s 857 Epoch 680/1000 completed with RMSE: 0.123403
3849.3s 858 Epoch 681/1000 completed with RMSE: 0.123515
3854.8s 859 Epoch 682/1000 completed with RMSE: 0.123693
3860.3s 860 Epoch 683/1000 completed with RMSE: 0.123629
3866.0s 861 Epoch 684/1000 completed with RMSE: 0.123529
3871.5s 862 Epoch 685/1000 completed with RMSE: 0.123501
3877.0s 863 Epoch 686/1000 completed with RMSE: 0.123489
3882.7s 864 Epoch 687/1000 completed with RMSE: 0.123505
3888.2s 865 Epoch 688/1000 completed with RMSE: 0.123582
3893.9s 866 Epoch 689/1000 completed with RMSE: 0.123499
3899.4s 867 Epoch 690/1000 completed with RMSE: 0.123702
3904.9s 868 Epoch 691/1000 completed with RMSE: 0.123649
3910.3s 869 Epoch 692/1000 completed with RMSE: 0.123418
3916.2s 870 Epoch 693/1000 completed with RMSE: 0.123502
3921.6s 871 Epoch 694/1000 completed with RMSE: 0.123400
3927.1s 872 Epoch 695/1000 completed with RMSE: 0.123455
3932.8s 873 Epoch 696/1000 completed with RMSE: 0.123551
3938.3s 874 Epoch 697/1000 completed with RMSE: 0.123360
3944.0s 875 Epoch 698/1000 completed with RMSE: 0.123477
3949.6s 876 Epoch 699/1000 completed with RMSE: 0.123419
3955.1s 877 Epoch 700/1000 completed with RMSE: 0.123523
3960.5s 878 Epoch 701/1000 completed with RMSE: 0.123493
3966.3s 879 Epoch 702/1000 completed with RMSE: 0.123377
3971.7s 880 Epoch 703/1000 completed with RMSE: 0.123616
3977.3s 881 Epoch 704/1000 completed with RMSE: 0.123573
3983.1s 882 Epoch 705/1000 completed with RMSE: 0.123532
3988.5s 883 Epoch 706/1000 completed with RMSE: 0.123417
3994.3s 884 Epoch 707/1000 completed with RMSE: 0.123465
3999.5s 885 Epoch 708/1000 completed with RMSE: 0.123341
4005.2s 886 Epoch 709/1000 completed with RMSE: 0.123253
4010.8s 887 Epoch 710/1000 completed with RMSE: 0.123418
4016.3s 888 Epoch 711/1000 completed with RMSE: 0.123459
4022.0s 889 Epoch 712/1000 completed with RMSE: 0.123472
4027.5s 890 Epoch 713/1000 completed with RMSE: 0.123456
4033.0s 891 Epoch 714/1000 completed with RMSE: 0.123634
4038.4s 892 Epoch 715/1000 completed with RMSE: 0.123468
4044.2s 893 Epoch 716/1000 completed with RMSE: 0.123438
4049.7s 894 Epoch 717/1000 completed with RMSE: 0.123537
4055.2s 895 Epoch 718/1000 completed with RMSE: 0.123426
4060.7s 896 Epoch 719/1000 completed with RMSE: 0.123298
4066.4s 897 Epoch 720/1000 completed with RMSE: 0.123467
4072.0s 898 Epoch 721/1000 completed with RMSE: 0.123399
4077.4s 899 Epoch 722/1000 completed with RMSE: 0.123406
4083.2s 900 Epoch 723/1000 completed with RMSE: 0.123381
4088.7s 901 Epoch 724/1000 completed with RMSE: 0.123437
4094.2s 902 Epoch 725/1000 completed with RMSE: 0.123514
4099.6s 903 Epoch 726/1000 completed with RMSE: 0.123248
4105.5s 904 Epoch 727/1000 completed with RMSE: 0.123487
4111.0s 905 Epoch 728/1000 completed with RMSE: 0.123480
4116.5s 906 Epoch 729/1000 completed with RMSE: 0.123416
4122.3s 907 Epoch 730/1000 completed with RMSE: 0.123410
4127.8s 908 Epoch 731/1000 completed with RMSE: 0.123480
4133.4s 909 Epoch 732/1000 completed with RMSE: 0.123477
4138.9s 910 Epoch 733/1000 completed with RMSE: 0.123374
4144.4s 911 Epoch 734/1000 completed with RMSE: 0.123557
4150.1s 912 Epoch 735/1000 completed with RMSE: 0.123447
4155.6s 913 Epoch 736/1000 completed with RMSE: 0.123320
4161.2s 914 Epoch 737/1000 completed with RMSE: 0.123379
4166.9s 915 Epoch 738/1000 completed with RMSE: 0.123367
4172.5s 916 Epoch 739/1000 completed with RMSE: 0.123401
4177.9s 917 Epoch 740/1000 completed with RMSE: 0.123537
4183.7s 918 Epoch 741/1000 completed with RMSE: 0.123586
4189.2s 919 Epoch 742/1000 completed with RMSE: 0.123460
4194.7s 920 Epoch 743/1000 completed with RMSE: 0.123509
4200.2s 921 Epoch 744/1000 completed with RMSE: 0.123168
4205.7s 922 Epoch 745/1000 completed with RMSE: 0.123340
4211.5s 923 Epoch 746/1000 completed with RMSE: 0.123289
4217.0s 924 Epoch 747/1000 completed with RMSE: 0.123389
4222.5s 925 Epoch 748/1000 completed with RMSE: 0.123490
4228.0s 926 Epoch 749/1000 completed with RMSE: 0.123378
4233.9s 927 Epoch 750/1000 completed with RMSE: 0.123429
4239.7s 928 Epoch 751/1000 completed with RMSE: 0.123472
4245.0s 929 Epoch 752/1000 completed with RMSE: 0.123398
4250.5s 930 Epoch 753/1000 completed with RMSE: 0.123499
4256.0s 931 Epoch 754/1000 completed with RMSE: 0.123463
4261.8s 932 Epoch 755/1000 completed with RMSE: 0.123378
4267.3s 933 Epoch 756/1000 completed with RMSE: 0.123532
4272.8s 934 Epoch 757/1000 completed with RMSE: 0.123398
4278.3s 935 Epoch 758/1000 completed with RMSE: 0.123285
4284.1s 936 Epoch 759/1000 completed with RMSE: 0.123442
4289.6s 937 Epoch 760/1000 completed with RMSE: 0.123398
4295.2s 938 Epoch 761/1000 completed with RMSE: 0.123340
4300.9s 939 Epoch 762/1000 completed with RMSE: 0.123432
4306.4s 940 Epoch 763/1000 completed with RMSE: 0.123439
4311.9s 941 Epoch 764/1000 completed with RMSE: 0.123542
4317.4s 942 Epoch 765/1000 completed with RMSE: 0.123452
4323.0s 943 Epoch 766/1000 completed with RMSE: 0.123304
4328.4s 944 Epoch 767/1000 completed with RMSE: 0.123451
4333.9s 945 Epoch 768/1000 completed with RMSE: 0.123254
4339.6s 946 Epoch 769/1000 completed with RMSE: 0.123315
4345.2s 947 Epoch 770/1000 completed with RMSE: 0.123373
4351.1s 948 Epoch 771/1000 completed with RMSE: 0.123501
4356.4s 949 Epoch 772/1000 completed with RMSE: 0.123296
4362.3s 950 Epoch 773/1000 completed with RMSE: 0.123174
4367.8s 951 Epoch 774/1000 completed with RMSE: 0.123415
4373.4s 952 Epoch 775/1000 completed with RMSE: 0.123325
4379.0s 953 Epoch 776/1000 completed with RMSE: 0.123240
4384.6s 954 Epoch 777/1000 completed with RMSE: 0.123307
4390.5s 955 Epoch 778/1000 completed with RMSE: 0.123338
4396.1s 956 Epoch 779/1000 completed with RMSE: 0.123301
4401.6s 957 Epoch 780/1000 completed with RMSE: 0.123325
4407.1s 958 Epoch 781/1000 completed with RMSE: 0.123238
4412.7s 959 Epoch 782/1000 completed with RMSE: 0.123236
4418.6s 960 Epoch 783/1000 completed with RMSE: 0.123337
4424.1s 961 Epoch 784/1000 completed with RMSE: 0.123225
4429.8s 962 Epoch 785/1000 completed with RMSE: 0.123276
4435.3s 963 Epoch 786/1000 completed with RMSE: 0.123413
4441.2s 964 Epoch 787/1000 completed with RMSE: 0.123290
4446.7s 965 Epoch 788/1000 completed with RMSE: 0.123330
4452.4s 966 Epoch 789/1000 completed with RMSE: 0.123303
4458.0s 967 Epoch 790/1000 completed with RMSE: 0.123236
4463.6s 968 Epoch 791/1000 completed with RMSE: 0.123294
4469.3s 969 Epoch 792/1000 completed with RMSE: 0.123209
4474.8s 970 Epoch 793/1000 completed with RMSE: 0.123258
4480.4s 971 Epoch 794/1000 completed with RMSE: 0.123311
4485.9s 972 Epoch 795/1000 completed with RMSE: 0.123171
4491.4s 973 Epoch 796/1000 completed with RMSE: 0.123392
4496.9s 974 Epoch 797/1000 completed with RMSE: 0.123238
4502.5s 975 Epoch 798/1000 completed with RMSE: 0.123343
4508.2s 976 Epoch 799/1000 completed with RMSE: 0.123300
4513.8s 977 Epoch 800/1000 completed with RMSE: 0.123256
4519.3s 978 Epoch 801/1000 completed with RMSE: 0.123258
4524.8s 979 Epoch 802/1000 completed with RMSE: 0.123219
4530.4s 980 Epoch 803/1000 completed with RMSE: 0.123230
4535.9s 981 Epoch 804/1000 completed with RMSE: 0.123230
4541.5s 982 Epoch 805/1000 completed with RMSE: 0.123272
4547.2s 983 Epoch 806/1000 completed with RMSE: 0.123248
4552.7s 984 Epoch 807/1000 completed with RMSE: 0.123323
4558.2s 985 Epoch 808/1000 completed with RMSE: 0.123191
4563.8s 986 Epoch 809/1000 completed with RMSE: 0.123404
4569.3s 987 Epoch 810/1000 completed with RMSE: 0.123251
4574.9s 988 Epoch 811/1000 completed with RMSE: 0.123420
4580.3s 989 Epoch 812/1000 completed with RMSE: 0.123270
4586.1s 990 Epoch 813/1000 completed with RMSE: 0.123222
4591.6s 991 Epoch 814/1000 completed with RMSE: 0.123220
4597.1s 992 Epoch 815/1000 completed with RMSE: 0.123304
4602.9s 993 Epoch 816/1000 completed with RMSE: 0.123287
4608.3s 994 Epoch 817/1000 completed with RMSE: 0.123384
4613.8s 995 Epoch 818/1000 completed with RMSE: 0.123256
4619.6s 996 Epoch 819/1000 completed with RMSE: 0.123187
4625.1s 997 Epoch 820/1000 completed with RMSE: 0.123331
4630.6s 998 Epoch 821/1000 completed with RMSE: 0.123281
4636.3s 999 Epoch 822/1000 completed with RMSE: 0.123304
4641.9s 1000 Epoch 823/1000 completed with RMSE: 0.123284
4647.4s 1001 Epoch 824/1000 completed with RMSE: 0.123188
4652.9s 1002 Epoch 825/1000 completed with RMSE: 0.123175
4658.7s 1003 Epoch 826/1000 completed with RMSE: 0.123294
4664.2s 1004 Epoch 827/1000 completed with RMSE: 0.123366
4669.8s 1005 Epoch 828/1000 completed with RMSE: 0.123327
4675.4s 1006 Epoch 829/1000 completed with RMSE: 0.123287
4680.9s 1007 Epoch 830/1000 completed with RMSE: 0.123284
4686.4s 1008 Epoch 831/1000 completed with RMSE: 0.123118
4692.0s 1009 Epoch 832/1000 completed with RMSE: 0.123255
4697.8s 1010 Epoch 833/1000 completed with RMSE: 0.123377
4703.5s 1011 Epoch 834/1000 completed with RMSE: 0.123281
4709.1s 1012 Epoch 835/1000 completed with RMSE: 0.123161
4714.7s 1013 Epoch 836/1000 completed with RMSE: 0.123161
4720.2s 1014 Epoch 837/1000 completed with RMSE: 0.123136
4725.7s 1015 Epoch 838/1000 completed with RMSE: 0.123130
4731.3s 1016 Epoch 839/1000 completed with RMSE: 0.123142
4737.1s 1017 Epoch 840/1000 completed with RMSE: 0.123264
4742.7s 1018 Epoch 841/1000 completed with RMSE: 0.123268
4748.3s 1019 Epoch 842/1000 completed with RMSE: 0.123212
4753.8s 1020 Epoch 843/1000 completed with RMSE: 0.123330
4759.3s 1021 Epoch 844/1000 completed with RMSE: 0.123165
4764.9s 1022 Epoch 845/1000 completed with RMSE: 0.123192
4770.4s 1023 Epoch 846/1000 completed with RMSE: 0.123298
4776.3s 1024 Epoch 847/1000 completed with RMSE: 0.123439
4781.9s 1025 Epoch 848/1000 completed with RMSE: 0.123204
4787.4s 1026 Epoch 849/1000 completed with RMSE: 0.123151
4793.0s 1027 Epoch 850/1000 completed with RMSE: 0.123266
4798.6s 1028 Epoch 851/1000 completed with RMSE: 0.123133
4804.1s 1029 Epoch 852/1000 completed with RMSE: 0.123234
4809.7s 1030 Epoch 853/1000 completed with RMSE: 0.123269
4815.2s 1031 Epoch 854/1000 completed with RMSE: 0.123113
4821.0s 1032 Epoch 855/1000 completed with RMSE: 0.123159
4826.6s 1033 Epoch 856/1000 completed with RMSE: 0.123193
4832.2s 1034 Epoch 857/1000 completed with RMSE: 0.123171
4837.8s 1035 Epoch 858/1000 completed with RMSE: 0.123328
4843.4s 1036 Epoch 859/1000 completed with RMSE: 0.123329
4849.0s 1037 Epoch 860/1000 completed with RMSE: 0.123328
4854.6s 1038 Epoch 861/1000 completed with RMSE: 0.123273
4860.6s 1039 Epoch 862/1000 completed with RMSE: 0.123183
4866.1s 1040 Epoch 863/1000 completed with RMSE: 0.123059
4871.6s 1041 Epoch 864/1000 completed with RMSE: 0.123331
4877.1s 1042 Epoch 865/1000 completed with RMSE: 0.123259
4882.7s 1043 Epoch 866/1000 completed with RMSE: 0.123314
4888.4s 1044 Epoch 867/1000 completed with RMSE: 0.123172
4894.1s 1045 Epoch 868/1000 completed with RMSE: 0.123101
4899.7s 1046 Epoch 869/1000 completed with RMSE: 0.123301
4905.4s 1047 Epoch 870/1000 completed with RMSE: 0.123150
4911.0s 1048 Epoch 871/1000 completed with RMSE: 0.123100
4916.5s 1049 Epoch 872/1000 completed with RMSE: 0.123287
4922.1s 1050 Epoch 873/1000 completed with RMSE: 0.123293
4927.8s 1051 Epoch 874/1000 completed with RMSE: 0.123247
4933.4s 1052 Epoch 875/1000 completed with RMSE: 0.123213
4939.2s 1053 Epoch 876/1000 completed with RMSE: 0.123115
4944.6s 1054 Epoch 877/1000 completed with RMSE: 0.123187
4950.4s 1055 Epoch 878/1000 completed with RMSE: 0.123092
4956.0s 1056 Epoch 879/1000 completed with RMSE: 0.123076
4961.3s 1057 Epoch 880/1000 completed with RMSE: 0.123178
4967.3s 1058 Epoch 881/1000 completed with RMSE: 0.123070
4973.0s 1059 Epoch 882/1000 completed with RMSE: 0.123168
4978.8s 1060 Epoch 883/1000 completed with RMSE: 0.123124
4984.6s 1061 Epoch 884/1000 completed with RMSE: 0.123168
4990.3s 1062 Epoch 885/1000 completed with RMSE: 0.123178
4996.0s 1063 Epoch 886/1000 completed with RMSE: 0.123151
5001.7s 1064 Epoch 887/1000 completed with RMSE: 0.123100
5007.4s 1065 Epoch 888/1000 completed with RMSE: 0.123289
5013.0s 1066 Epoch 889/1000 completed with RMSE: 0.123212
5018.6s 1067 Epoch 890/1000 completed with RMSE: 0.123243
5024.2s 1068 Epoch 891/1000 completed with RMSE: 0.123129
5029.8s 1069 Epoch 892/1000 completed with RMSE: 0.123203
5035.5s 1070 Epoch 893/1000 completed with RMSE: 0.123219
5041.1s 1071 Epoch 894/1000 completed with RMSE: 0.123119
5047.1s 1072 Epoch 895/1000 completed with RMSE: 0.123161
5052.5s 1073 Epoch 896/1000 completed with RMSE: 0.123181
5058.2s 1074 Epoch 897/1000 completed with RMSE: 0.123042
5063.9s 1075 Epoch 898/1000 completed with RMSE: 0.123145
5069.5s 1076 Epoch 899/1000 completed with RMSE: 0.123020
5075.4s 1077 Epoch 900/1000 completed with RMSE: 0.123083
5080.8s 1078 Epoch 901/1000 completed with RMSE: 0.123199
5086.7s 1079 Epoch 902/1000 completed with RMSE: 0.123197
5092.0s 1080 Epoch 903/1000 completed with RMSE: 0.123043
5097.6s 1081 Epoch 904/1000 completed with RMSE: 0.123098
5103.5s 1082 Epoch 905/1000 completed with RMSE: 0.123146
5108.9s 1083 Epoch 906/1000 completed with RMSE: 0.123006
5114.7s 1084 Epoch 907/1000 completed with RMSE: 0.123259
5120.0s 1085 Epoch 908/1000 completed with RMSE: 0.123084
5125.9s 1086 Epoch 909/1000 completed with RMSE: 0.122962
5131.5s 1087 Epoch 910/1000 completed with RMSE: 0.123145
5136.8s 1088 Epoch 911/1000 completed with RMSE: 0.123085
5142.7s 1089 Epoch 912/1000 completed with RMSE: 0.123114
5148.3s 1090 Epoch 913/1000 completed with RMSE: 0.123090
5153.8s 1091 Epoch 914/1000 completed with RMSE: 0.123121
5159.4s 1092 Epoch 915/1000 completed with RMSE: 0.123165
5165.0s 1093 Epoch 916/1000 completed with RMSE: 0.123190
5170.7s 1094 Epoch 917/1000 completed with RMSE: 0.123034
5176.2s 1095 Epoch 918/1000 completed with RMSE: 0.123027
5181.8s 1096 Epoch 919/1000 completed with RMSE: 0.123057
5187.4s 1097 Epoch 920/1000 completed with RMSE: 0.123107
5193.1s 1098 Epoch 921/1000 completed with RMSE: 0.123126
5198.6s 1099 Epoch 922/1000 completed with RMSE: 0.123071
5204.3s 1100 Epoch 923/1000 completed with RMSE: 0.123047
5209.8s 1101 Epoch 924/1000 completed with RMSE: 0.123035
5215.4s 1102 Epoch 925/1000 completed with RMSE: 0.123039
5221.0s 1103 Epoch 926/1000 completed with RMSE: 0.123305
5226.5s 1104 Epoch 927/1000 completed with RMSE: 0.123091
5232.2s 1105 Epoch 928/1000 completed with RMSE: 0.123178
5237.8s 1106 Epoch 929/1000 completed with RMSE: 0.123030
5243.3s 1107 Epoch 930/1000 completed with RMSE: 0.123026
5248.9s 1108 Epoch 931/1000 completed with RMSE: 0.123109
5254.6s 1109 Epoch 932/1000 completed with RMSE: 0.123089
5260.3s 1110 Epoch 933/1000 completed with RMSE: 0.123185
5266.0s 1111 Epoch 934/1000 completed with RMSE: 0.123087
5272.0s 1112 Epoch 935/1000 completed with RMSE: 0.123109
5277.6s 1113 Epoch 936/1000 completed with RMSE: 0.123159
5283.3s 1114 Epoch 937/1000 completed with RMSE: 0.123151
5289.0s 1115 Epoch 938/1000 completed with RMSE: 0.123106
5294.8s 1116 Epoch 939/1000 completed with RMSE: 0.123035
5300.4s 1117 Epoch 940/1000 completed with RMSE: 0.123044
5306.1s 1118 Epoch 941/1000 completed with RMSE: 0.123140
5311.9s 1119 Epoch 942/1000 completed with RMSE: 0.123101
5317.6s 1120 Epoch 943/1000 completed with RMSE: 0.123159
5323.3s 1121 Epoch 944/1000 completed with RMSE: 0.123075
5329.0s 1122 Epoch 945/1000 completed with RMSE: 0.123142
5334.7s 1123 Epoch 946/1000 completed with RMSE: 0.123058
5340.3s 1124 Epoch 947/1000 completed with RMSE: 0.123081
5346.0s 1125 Epoch 948/1000 completed with RMSE: 0.123078
5351.7s 1126 Epoch 949/1000 completed with RMSE: 0.122992
5357.5s 1127 Epoch 950/1000 completed with RMSE: 0.123112
5363.3s 1128 Epoch 951/1000 completed with RMSE: 0.122956
5369.0s 1129 Epoch 952/1000 completed with RMSE: 0.123076
5374.8s 1130 Epoch 953/1000 completed with RMSE: 0.123142
5380.4s 1131 Epoch 954/1000 completed with RMSE: 0.122986
5386.0s 1132 Epoch 955/1000 completed with RMSE: 0.122972
5391.8s 1133 Epoch 956/1000 completed with RMSE: 0.123143
5397.7s 1134 Epoch 957/1000 completed with RMSE: 0.123064
5403.6s 1135 Epoch 958/1000 completed with RMSE: 0.123097
5409.1s 1136 Epoch 959/1000 completed with RMSE: 0.122985
5415.3s 1137 Epoch 960/1000 completed with RMSE: 0.123014
5420.8s 1138 Epoch 961/1000 completed with RMSE: 0.123040
5427.0s 1139 Epoch 962/1000 completed with RMSE: 0.123187
5432.6s 1140 Epoch 963/1000 completed with RMSE: 0.123151
5438.3s 1141 Epoch 964/1000 completed with RMSE: 0.123103
5444.4s 1142 Epoch 965/1000 completed with RMSE: 0.122995
5449.8s 1143 Epoch 966/1000 completed with RMSE: 0.123183
5456.0s 1144 Epoch 967/1000 completed with RMSE: 0.123121
5461.5s 1145 Epoch 968/1000 completed with RMSE: 0.123037
5467.2s 1146 Epoch 969/1000 completed with RMSE: 0.123096
5473.0s 1147 Epoch 970/1000 completed with RMSE: 0.123035
5478.8s 1148 Epoch 971/1000 completed with RMSE: 0.123032
5484.7s 1149 Epoch 972/1000 completed with RMSE: 0.123089
5490.5s 1150 Epoch 973/1000 completed with RMSE: 0.122987
5496.3s 1151 Epoch 974/1000 completed with RMSE: 0.122972
5502.1s 1152 Epoch 975/1000 completed with RMSE: 0.123047
5507.9s 1153 Epoch 976/1000 completed with RMSE: 0.123057
5513.7s 1154 Epoch 977/1000 completed with RMSE: 0.123154
5519.4s 1155 Epoch 978/1000 completed with RMSE: 0.123102
5525.0s 1156 Epoch 979/1000 completed with RMSE: 0.122964
5530.3s 1157 Epoch 980/1000 completed with RMSE: 0.123186
5536.0s 1158 Epoch 981/1000 completed with RMSE: 0.123034
5541.6s 1159 Epoch 982/1000 completed with RMSE: 0.123020
5547.2s 1160 Epoch 983/1000 completed with RMSE: 0.123152
5552.8s 1161 Epoch 984/1000 completed with RMSE: 0.123084
5558.4s 1162 Epoch 985/1000 completed with RMSE: 0.122988
5564.0s 1163 Epoch 986/1000 completed with RMSE: 0.123074
5569.5s 1164 Epoch 987/1000 completed with RMSE: 0.123136
5575.1s 1165 Epoch 988/1000 completed with RMSE: 0.122991
5580.8s 1166 Epoch 989/1000 completed with RMSE: 0.123092
5586.3s 1167 Epoch 990/1000 completed with RMSE: 0.123073
5591.9s 1168 Epoch 991/1000 completed with RMSE: 0.123109
5597.5s 1169 Epoch 992/1000 completed with RMSE: 0.122994
5602.8s 1170 Epoch 993/1000 completed with RMSE: 0.123034
5608.7s 1171 Epoch 994/1000 completed with RMSE: 0.123116
5614.0s 1172 Epoch 995/1000 completed with RMSE: 0.122948
5619.6s 1173 Epoch 996/1000 completed with RMSE: 0.122944
5625.2s 1174 Epoch 997/1000 completed with RMSE: 0.123003
5630.8s 1175 Epoch 998/1000 completed with RMSE: 0.122900
5636.4s 1176 Epoch 999/1000 completed with RMSE: 0.123052
5642.0s 1177 Epoch 1000/1000 completed with RMSE: 0.122928
5642.0s 1178 Training completed!
5642.0s 1179 Training history saved to history/training_history_20241012_101202_670a4faa-6a3d-46e1-b982-8814554f0953.csv
5642.0s 1180 CPU times: user 1h 38min 43s, sys: 38.4 s, total: 1h 39min 22s
5642.0s 1181 Wall time: 1h 33min 16s
5649.0s 1182 Training history saved to history/predictions_20241012_101209_670a4faa-6a3d-46e1-b982-8814554f0953.csv
5649.0s 1183 Evaluation RMSE (Real): 0.122394
5649.0s 1184 Evaluation RMSE (Imaginary): 0.124054
5649.0s 1185 CPU times: user 5.12 s, sys: 59.1 ms, total: 5.18 s
5649.0s 1186 Wall time: 4.78 s
5650.6s 1187 CPU times: user 791 ms, sys: 261 ms, total: 1.05 s
5650.6s 1188 Wall time: 606 ms
5651.8s 1189 CPU times: user 822 ms, sys: 304 ms, total: 1.13 s
5651.8s 1190 Wall time: 656 ms
5653.0s 1191 CPU times: user 811 ms, sys: 285 ms, total: 1.1 s
5653.0s 1192 Wall time: 637 ms
5654.2s 1193 CPU times: user 808 ms, sys: 281 ms, total: 1.09 s
5654.2s 1194 Wall time: 621 ms
5664.5s 1195 [NbConvertApp] Converting notebook __notebook__.ipynb to notebook
5671.9s 1196 [NbConvertApp] Writing 12340737 bytes to __notebook__.ipynb
5673.5s 1197 [NbConvertApp] Converting notebook __notebook__.ipynb to html
5679.4s 1198 [NbConvertApp] Support files will be in __results___files/
5679.4s 1199 [NbConvertApp] Making directory __results___files
5679.4s 1200 [NbConvertApp] Making directory __results___files
5679.4s 1201 [NbConvertApp] Making directory __results___files
5679.4s 1202 [NbConvertApp] Making directory __results___files
5679.4s 1203 [NbConvertApp] Making directory __results___files
5679.4s 1204 [NbConvertApp] Writing 9500813 bytes to __results__.html